<?xml version="1.0" encoding="UTF-8"?>
<testsuites name="Owner2" time="116.657" tests="8" failures="0" errors="0">
   <testsuite name="Owner2" tests="8" failures="0" errors="0" time="116.657" skipped="0" timestamp="2021-09-20 16:05:32" hostname="mousejarrett - localhost" id="Test Suites/Owner2">
      <properties>
         <property name="deviceName" value=""/>
         <property name="devicePlatform" value=""/>
         <property name="logFolder" value="/Users/mousejarrett/Desktop/SE 2/Managing/ManagingTests/Reports/20210920_160529/Owner2/20210920_160530"/>
         <property name="logFiles" value="/Users/mousejarrett/Desktop/SE 2/Managing/ManagingTests/Reports/20210920_160529/Owner2/20210920_160530/execution0.log"/>
         <property name="attachments" value=""/>
         <property name="hostName" value="mousejarrett - localhost"/>
         <property name="os" value="Mac OS X 64bit"/>
         <property name="katalonVersion" value="8.1.0.208"/>
         <property name="browser" value="Chrome 93.0.4577.82"/>
         <property name="hostAddress" value="127.0.0.1"/>
         <property name="sessionId" value="4c0740235e8a59593a71764408c25e2c"/>
         <property name="seleniumVersion" value="3.141.59"/>
         <property name="proxyInformation" value="ProxyInformation { proxyOption=NO_PROXY, proxyServerType=HTTP, username=, password=********, proxyServerAddress=, proxyServerPort=0, executionList=&quot;&quot;, isApplyToDesiredCapabilities=true }"/>
         <property name="platform" value="Mac OS X"/>
      </properties>
      <testcase name="Test Cases/Owner/Mark Rent as Paid" time="14.357" classname="Test Cases/Owner/Mark Rent as Paid" status="PASSED">
         <system-out><![CDATA[2021-09-20 16:05:32 - [TEST_CASE][PASSED] - Test Cases/Owner/Mark Rent as Paid: Test Cases/Owner/Mark Rent as Paid

2021-09-20 16:05:33 - [TEST_STEP][PASSED] - openBrowser(""): Browser is opened with url: ''

2021-09-20 16:05:33 - [MESSAGE][INFO] - Starting 'Chrome' driver

2021-09-20 16:05:33 - [MESSAGE][INFO] - Action delay is set to 0 milliseconds

2021-09-20 16:05:35 - [MESSAGE][PASSED] - Browser is opened with url: ''

2021-09-20 16:05:35 - [TEST_STEP][PASSED] - navigateToUrl("https://managing-made-easier.web.app/"): Navigate to 'https://managing-made-easier.web.app/' successfully

2021-09-20 16:05:36 - [MESSAGE][PASSED] - Navigate to 'https://managing-made-easier.web.app/' successfully

2021-09-20 16:05:36 - [TEST_STEP][PASSED] - click(findTestObject("Object Repository/Page_Home/a_Sign-In")): Object: 'Object Repository/Page_Home/a_Sign-In' is clicked on

2021-09-20 16:05:40 - [MESSAGE][PASSED] - Object: 'Object Repository/Page_Home/a_Sign-In' is clicked on

2021-09-20 16:05:40 - [TEST_STEP][PASSED] - setText(findTestObject("Object Repository/Page_Sign-In/input__txtEmail"), "owner@radford.edu"): Text 'owner@radford.edu' is set on object 'Object Repository/Page_Sign-In/input__txtEmail'

2021-09-20 16:05:41 - [MESSAGE][PASSED] - Text 'owner@radford.edu' is set on object 'Object Repository/Page_Sign-In/input__txtEmail'

2021-09-20 16:05:41 - [TEST_STEP][PASSED] - setEncryptedText(findTestObject("Object Repository/Page_Sign-In/input__txtPassword"), "8SQVv/p9jVScEs4/2CZsLw=="): Text ****** has been set on object 'Object Repository/Page_Sign-In/input__txtPassword'

2021-09-20 16:05:42 - [MESSAGE][PASSED] - Text ****** has been set on object 'Object Repository/Page_Sign-In/input__txtPassword'

2021-09-20 16:05:42 - [TEST_STEP][PASSED] - click(findTestObject("Object Repository/Page_Sign-In/button_Sign-In")): Object: 'Object Repository/Page_Sign-In/button_Sign-In' is clicked on

2021-09-20 16:05:42 - [MESSAGE][PASSED] - Object: 'Object Repository/Page_Sign-In/button_Sign-In' is clicked on

2021-09-20 16:05:42 - [TEST_STEP][PASSED] - click(findTestObject("Object Repository/Page_Home/a_Portal")): Object: 'Object Repository/Page_Home/a_Portal' is clicked on

2021-09-20 16:05:43 - [MESSAGE][PASSED] - Object: 'Object Repository/Page_Home/a_Portal' is clicked on

2021-09-20 16:05:43 - [TEST_STEP][PASSED] - click(findTestObject("Object Repository/Page_Owner Portal/h4_Mark Rent as Paid")): Object: 'Object Repository/Page_Owner Portal/h4_Mark Rent as Paid' is clicked on

2021-09-20 16:05:45 - [MESSAGE][PASSED] - Object: 'Object Repository/Page_Owner Portal/h4_Mark Rent as Paid' is clicked on

2021-09-20 16:05:45 - [TEST_STEP][PASSED] - click(findTestObject("Object Repository/Page_Mark Rent as Paid/input_Mark Rent as Paid_fees")): Object: 'Object Repository/Page_Mark Rent as Paid/input_Mark Rent as Paid_fees' is clicked on

2021-09-20 16:05:46 - [MESSAGE][PASSED] - Object: 'Object Repository/Page_Mark Rent as Paid/input_Mark Rent as Paid_fees' is clicked on

2021-09-20 16:05:46 - [TEST_STEP][PASSED] - click(findTestObject("Object Repository/Page_Mark Rent as Paid/input_Mark Rent as Paid_fees")): Object: 'Object Repository/Page_Mark Rent as Paid/input_Mark Rent as Paid_fees' is clicked on

2021-09-20 16:05:46 - [MESSAGE][PASSED] - Object: 'Object Repository/Page_Mark Rent as Paid/input_Mark Rent as Paid_fees' is clicked on

2021-09-20 16:05:46 - [TEST_STEP][PASSED] - click(findTestObject("Object Repository/Page_Mark Rent as Paid/button_Mark Rent as Paid")): Object: 'Object Repository/Page_Mark Rent as Paid/button_Mark Rent as Paid' is clicked on

2021-09-20 16:05:47 - [MESSAGE][PASSED] - Object: 'Object Repository/Page_Mark Rent as Paid/button_Mark Rent as Paid' is clicked on

2021-09-20 16:05:47 - [TEST_STEP][PASSED] - closeBrowser(): Browser is closed

2021-09-20 16:05:47 - [MESSAGE][PASSED] - Browser is closed]]></system-out>
         <system-err><![CDATA[]]></system-err>
      </testcase>
      <testcase name="Test Cases/Owner/Owner Portal" time="12.107" classname="Test Cases/Owner/Owner Portal" status="PASSED">
         <system-out><![CDATA[2021-09-20 16:05:47 - [TEST_CASE][PASSED] - Test Cases/Owner/Owner Portal: Test Cases/Owner/Owner Portal

2021-09-20 16:05:47 - [TEST_STEP][PASSED] - openBrowser(""): Browser is opened with url: ''

2021-09-20 16:05:47 - [MESSAGE][INFO] - Starting 'Chrome' driver

2021-09-20 16:05:47 - [MESSAGE][INFO] - Action delay is set to 0 milliseconds

2021-09-20 16:05:48 - [MESSAGE][PASSED] - Browser is opened with url: ''

2021-09-20 16:05:48 - [TEST_STEP][PASSED] - navigateToUrl("https://managing-made-easier.web.app/"): Navigate to 'https://managing-made-easier.web.app/' successfully

2021-09-20 16:05:55 - [MESSAGE][PASSED] - Navigate to 'https://managing-made-easier.web.app/' successfully

2021-09-20 16:05:55 - [TEST_STEP][PASSED] - click(findTestObject("Object Repository/Page_Home/a_Sign-In")): Object: 'Object Repository/Page_Home/a_Sign-In' is clicked on

2021-09-20 16:05:55 - [MESSAGE][PASSED] - Object: 'Object Repository/Page_Home/a_Sign-In' is clicked on

2021-09-20 16:05:55 - [TEST_STEP][PASSED] - setText(findTestObject("Object Repository/Page_Sign-In/input__txtEmail"), "owner@radford.edu"): Text 'owner@radford.edu' is set on object 'Object Repository/Page_Sign-In/input__txtEmail'

2021-09-20 16:05:56 - [MESSAGE][PASSED] - Text 'owner@radford.edu' is set on object 'Object Repository/Page_Sign-In/input__txtEmail'

2021-09-20 16:05:56 - [TEST_STEP][PASSED] - setEncryptedText(findTestObject("Object Repository/Page_Sign-In/input__txtPassword"), "8SQVv/p9jVScEs4/2CZsLw=="): Text ****** has been set on object 'Object Repository/Page_Sign-In/input__txtPassword'

2021-09-20 16:05:57 - [MESSAGE][PASSED] - Text ****** has been set on object 'Object Repository/Page_Sign-In/input__txtPassword'

2021-09-20 16:05:57 - [TEST_STEP][PASSED] - click(findTestObject("Object Repository/Page_Sign-In/button_Sign-In")): Object: 'Object Repository/Page_Sign-In/button_Sign-In' is clicked on

2021-09-20 16:05:57 - [MESSAGE][PASSED] - Object: 'Object Repository/Page_Sign-In/button_Sign-In' is clicked on

2021-09-20 16:05:57 - [TEST_STEP][PASSED] - click(findTestObject("Object Repository/Page_Sign-In/div_Sign-in Successful You will be redirect_b31683")): Object: 'Object Repository/Page_Sign-In/div_Sign-in Successful You will be redirect_b31683' is clicked on

2021-09-20 16:05:58 - [MESSAGE][PASSED] - Object: 'Object Repository/Page_Sign-In/div_Sign-in Successful You will be redirect_b31683' is clicked on

2021-09-20 16:05:58 - [TEST_STEP][PASSED] - click(findTestObject("Object Repository/Page_Home/a_Portal")): Object: 'Object Repository/Page_Home/a_Portal' is clicked on

2021-09-20 16:05:59 - [MESSAGE][PASSED] - Object: 'Object Repository/Page_Home/a_Portal' is clicked on

2021-09-20 16:05:59 - [TEST_STEP][PASSED] - closeBrowser(): Browser is closed

2021-09-20 16:05:59 - [MESSAGE][PASSED] - Browser is closed]]></system-out>
         <system-err><![CDATA[]]></system-err>
      </testcase>
      <testcase name="Test Cases/Owner/Rent log" time="16.359" classname="Test Cases/Owner/Rent log" status="PASSED">
         <system-out><![CDATA[2021-09-20 16:05:59 - [TEST_CASE][PASSED] - Test Cases/Owner/Rent log: Test Cases/Owner/Rent log

2021-09-20 16:05:59 - [TEST_STEP][PASSED] - openBrowser(""): Browser is opened with url: ''

2021-09-20 16:05:59 - [MESSAGE][INFO] - Starting 'Chrome' driver

2021-09-20 16:05:59 - [MESSAGE][INFO] - Action delay is set to 0 milliseconds

2021-09-20 16:06:00 - [MESSAGE][PASSED] - Browser is opened with url: ''

2021-09-20 16:06:00 - [TEST_STEP][PASSED] - navigateToUrl("https://managing-made-easier.web.app/"): Navigate to 'https://managing-made-easier.web.app/' successfully

2021-09-20 16:06:08 - [MESSAGE][PASSED] - Navigate to 'https://managing-made-easier.web.app/' successfully

2021-09-20 16:06:08 - [TEST_STEP][PASSED] - click(findTestObject("Object Repository/Page_Home/a_Sign-In")): Object: 'Object Repository/Page_Home/a_Sign-In' is clicked on

2021-09-20 16:06:08 - [MESSAGE][PASSED] - Object: 'Object Repository/Page_Home/a_Sign-In' is clicked on

2021-09-20 16:06:08 - [TEST_STEP][PASSED] - setText(findTestObject("Object Repository/Page_Sign-In/input__txtEmail"), "owner@radford.edu"): Text 'owner@radford.edu' is set on object 'Object Repository/Page_Sign-In/input__txtEmail'

2021-09-20 16:06:09 - [MESSAGE][PASSED] - Text 'owner@radford.edu' is set on object 'Object Repository/Page_Sign-In/input__txtEmail'

2021-09-20 16:06:09 - [TEST_STEP][PASSED] - setEncryptedText(findTestObject("Object Repository/Page_Sign-In/input__txtPassword"), "8SQVv/p9jVScEs4/2CZsLw=="): Text ****** has been set on object 'Object Repository/Page_Sign-In/input__txtPassword'

2021-09-20 16:06:09 - [MESSAGE][PASSED] - Text ****** has been set on object 'Object Repository/Page_Sign-In/input__txtPassword'

2021-09-20 16:06:09 - [TEST_STEP][PASSED] - sendKeys(findTestObject("Object Repository/Page_Sign-In/input__txtPassword"), Keys.chord(ENTER)): Keys 'ENTER + ' sent to object: 'Object Repository/Page_Sign-In/input__txtPassword'

2021-09-20 16:06:10 - [MESSAGE][PASSED] - Keys 'ENTER + ' sent to object: 'Object Repository/Page_Sign-In/input__txtPassword'

2021-09-20 16:06:10 - [TEST_STEP][PASSED] - click(findTestObject("Object Repository/Page_Home/a_Portal")): Object: 'Object Repository/Page_Home/a_Portal' is clicked on

2021-09-20 16:06:11 - [MESSAGE][PASSED] - Object: 'Object Repository/Page_Home/a_Portal' is clicked on

2021-09-20 16:06:11 - [TEST_STEP][PASSED] - click(findTestObject("Object Repository/Page_Owner Portal/h4_Rent Log")): Object: 'Object Repository/Page_Owner Portal/h4_Rent Log' is clicked on

2021-09-20 16:06:13 - [MESSAGE][PASSED] - Object: 'Object Repository/Page_Owner Portal/h4_Rent Log' is clicked on

2021-09-20 16:06:13 - [TEST_STEP][PASSED] - click(findTestObject("Object Repository/Page_Payment History/div_Payment History")): Object: 'Object Repository/Page_Payment History/div_Payment History' is clicked on

2021-09-20 16:06:14 - [MESSAGE][PASSED] - Object: 'Object Repository/Page_Payment History/div_Payment History' is clicked on

2021-09-20 16:06:14 - [TEST_STEP][PASSED] - click(findTestObject("Object Repository/Page_Payment History/h2_nstoryradford.edu")): Object: 'Object Repository/Page_Payment History/h2_nstoryradford.edu' is clicked on

2021-09-20 16:06:15 - [MESSAGE][PASSED] - Object: 'Object Repository/Page_Payment History/h2_nstoryradford.edu' is clicked on

2021-09-20 16:06:15 - [TEST_STEP][PASSED] - click(findTestObject("Object Repository/Page_Payment History/div_nstoryradford.eduThu Mar 18 2021Method _7d05a2")): Object: 'Object Repository/Page_Payment History/div_nstoryradford.eduThu Mar 18 2021Method _7d05a2' is clicked on

2021-09-20 16:06:15 - [MESSAGE][PASSED] - Object: 'Object Repository/Page_Payment History/div_nstoryradford.eduThu Mar 18 2021Method _7d05a2' is clicked on

2021-09-20 16:06:15 - [TEST_STEP][PASSED] - click(findTestObject("Object Repository/Page_Payment History/button_Thu Mar 18 2021")): Object: 'Object Repository/Page_Payment History/button_Thu Mar 18 2021' is clicked on

2021-09-20 16:06:15 - [MESSAGE][PASSED] - Object: 'Object Repository/Page_Payment History/button_Thu Mar 18 2021' is clicked on

2021-09-20 16:06:15 - [TEST_STEP][PASSED] - closeBrowser(): Browser is closed

2021-09-20 16:06:15 - [MESSAGE][PASSED] - Browser is closed]]></system-out>
         <system-err><![CDATA[]]></system-err>
      </testcase>
      <testcase name="Test Cases/Owner/Testing Delete (but not removing)" time="9.322" classname="Test Cases/Owner/Testing Delete (but not removing)" status="PASSED">
         <system-out><![CDATA[2021-09-20 16:06:15 - [TEST_CASE][PASSED] - Test Cases/Owner/Testing Delete (but not removing): Test Cases/Owner/Testing Delete (but not removing)

2021-09-20 16:06:15 - [TEST_STEP][PASSED] - openBrowser(""): Browser is opened with url: ''

2021-09-20 16:06:15 - [MESSAGE][INFO] - Starting 'Chrome' driver

2021-09-20 16:06:15 - [MESSAGE][INFO] - Action delay is set to 0 milliseconds

2021-09-20 16:06:16 - [MESSAGE][PASSED] - Browser is opened with url: ''

2021-09-20 16:06:16 - [TEST_STEP][PASSED] - navigateToUrl("https://managing-made-easier.web.app/"): Navigate to 'https://managing-made-easier.web.app/' successfully

2021-09-20 16:06:18 - [MESSAGE][PASSED] - Navigate to 'https://managing-made-easier.web.app/' successfully

2021-09-20 16:06:18 - [TEST_STEP][PASSED] - click(findTestObject("Object Repository/Page_Home/a_Sign-In")): Object: 'Object Repository/Page_Home/a_Sign-In' is clicked on

2021-09-20 16:06:19 - [MESSAGE][PASSED] - Object: 'Object Repository/Page_Home/a_Sign-In' is clicked on

2021-09-20 16:06:19 - [TEST_STEP][PASSED] - setText(findTestObject("Object Repository/Page_Sign-In/input__txtEmail"), "owner@radford.edu"): Text 'owner@radford.edu' is set on object 'Object Repository/Page_Sign-In/input__txtEmail'

2021-09-20 16:06:20 - [MESSAGE][PASSED] - Text 'owner@radford.edu' is set on object 'Object Repository/Page_Sign-In/input__txtEmail'

2021-09-20 16:06:20 - [TEST_STEP][PASSED] - setEncryptedText(findTestObject("Object Repository/Page_Sign-In/input__txtPassword"), "8SQVv/p9jVScEs4/2CZsLw=="): Text ****** has been set on object 'Object Repository/Page_Sign-In/input__txtPassword'

2021-09-20 16:06:20 - [MESSAGE][PASSED] - Text ****** has been set on object 'Object Repository/Page_Sign-In/input__txtPassword'

2021-09-20 16:06:20 - [TEST_STEP][PASSED] - click(findTestObject("Object Repository/Page_Sign-In/button_Sign-In")): Object: 'Object Repository/Page_Sign-In/button_Sign-In' is clicked on

2021-09-20 16:06:20 - [MESSAGE][PASSED] - Object: 'Object Repository/Page_Sign-In/button_Sign-In' is clicked on

2021-09-20 16:06:20 - [TEST_STEP][PASSED] - click(findTestObject("Object Repository/Page_Sign-In/div_Sign-in Successful You will be redirect_b31683")): Object: 'Object Repository/Page_Sign-In/div_Sign-in Successful You will be redirect_b31683' is clicked on

2021-09-20 16:06:22 - [MESSAGE][PASSED] - Object: 'Object Repository/Page_Sign-In/div_Sign-in Successful You will be redirect_b31683' is clicked on

2021-09-20 16:06:22 - [TEST_STEP][PASSED] - click(findTestObject("Object Repository/Page_Home/a_Portal")): Object: 'Object Repository/Page_Home/a_Portal' is clicked on

2021-09-20 16:06:22 - [MESSAGE][PASSED] - Object: 'Object Repository/Page_Home/a_Portal' is clicked on

2021-09-20 16:06:22 - [TEST_STEP][PASSED] - click(findTestObject("Object Repository/Page_Owner Portal/h4_Delete a Listing")): Object: 'Object Repository/Page_Owner Portal/h4_Delete a Listing' is clicked on

2021-09-20 16:06:23 - [MESSAGE][PASSED] - Object: 'Object Repository/Page_Owner Portal/h4_Delete a Listing' is clicked on

2021-09-20 16:06:23 - [TEST_STEP][PASSED] - click(findTestObject("Object Repository/Page_Delete Listings/div_image container test")): Object: 'Object Repository/Page_Delete Listings/div_image container test' is clicked on

2021-09-20 16:06:24 - [MESSAGE][PASSED] - Object: 'Object Repository/Page_Delete Listings/div_image container test' is clicked on

2021-09-20 16:06:24 - [TEST_STEP][PASSED] - closeBrowser(): Browser is closed

2021-09-20 16:06:25 - [MESSAGE][PASSED] - Browser is closed]]></system-out>
         <system-err><![CDATA[]]></system-err>
      </testcase>
      <testcase name="Test Cases/Owner/Update Listing" time="21.912" classname="Test Cases/Owner/Update Listing" status="PASSED">
         <system-out><![CDATA[2021-09-20 16:06:25 - [TEST_CASE][PASSED] - Test Cases/Owner/Update Listing: Test Cases/Owner/Update Listing

2021-09-20 16:06:25 - [TEST_STEP][PASSED] - openBrowser(""): Browser is opened with url: ''

2021-09-20 16:06:25 - [MESSAGE][INFO] - Starting 'Chrome' driver

2021-09-20 16:06:25 - [MESSAGE][INFO] - Action delay is set to 0 milliseconds

2021-09-20 16:06:26 - [MESSAGE][PASSED] - Browser is opened with url: ''

2021-09-20 16:06:26 - [TEST_STEP][PASSED] - navigateToUrl("https://managing-made-easier.web.app/"): Navigate to 'https://managing-made-easier.web.app/' successfully

2021-09-20 16:06:31 - [MESSAGE][PASSED] - Navigate to 'https://managing-made-easier.web.app/' successfully

2021-09-20 16:06:31 - [TEST_STEP][PASSED] - click(findTestObject("Object Repository/Page_Home/a_Sign-In")): Object: 'Object Repository/Page_Home/a_Sign-In' is clicked on

2021-09-20 16:06:32 - [MESSAGE][PASSED] - Object: 'Object Repository/Page_Home/a_Sign-In' is clicked on

2021-09-20 16:06:32 - [TEST_STEP][PASSED] - setText(findTestObject("Object Repository/Page_Sign-In/input__txtEmail"), "owner@radford.edu"): Text 'owner@radford.edu' is set on object 'Object Repository/Page_Sign-In/input__txtEmail'

2021-09-20 16:06:32 - [MESSAGE][PASSED] - Text 'owner@radford.edu' is set on object 'Object Repository/Page_Sign-In/input__txtEmail'

2021-09-20 16:06:32 - [TEST_STEP][PASSED] - setEncryptedText(findTestObject("Object Repository/Page_Sign-In/input__txtPassword"), "8SQVv/p9jVScEs4/2CZsLw=="): Text ****** has been set on object 'Object Repository/Page_Sign-In/input__txtPassword'

2021-09-20 16:06:33 - [MESSAGE][PASSED] - Text ****** has been set on object 'Object Repository/Page_Sign-In/input__txtPassword'

2021-09-20 16:06:33 - [TEST_STEP][PASSED] - click(findTestObject("Object Repository/Page_Sign-In/button_Sign-In")): Object: 'Object Repository/Page_Sign-In/button_Sign-In' is clicked on

2021-09-20 16:06:33 - [MESSAGE][PASSED] - Object: 'Object Repository/Page_Sign-In/button_Sign-In' is clicked on

2021-09-20 16:06:33 - [TEST_STEP][PASSED] - click(findTestObject("Object Repository/Page_Sign-In/div_Sign-in Successful You will be redirect_b31683")): Object: 'Object Repository/Page_Sign-In/div_Sign-in Successful You will be redirect_b31683' is clicked on

2021-09-20 16:06:34 - [MESSAGE][PASSED] - Object: 'Object Repository/Page_Sign-In/div_Sign-in Successful You will be redirect_b31683' is clicked on

2021-09-20 16:06:34 - [TEST_STEP][PASSED] - click(findTestObject("Object Repository/Page_Home/a_Portal")): Object: 'Object Repository/Page_Home/a_Portal' is clicked on

2021-09-20 16:06:35 - [MESSAGE][PASSED] - Object: 'Object Repository/Page_Home/a_Portal' is clicked on

2021-09-20 16:06:35 - [TEST_STEP][PASSED] - click(findTestObject("Object Repository/Page_Owner Portal/h4_Update a Listing")): Object: 'Object Repository/Page_Owner Portal/h4_Update a Listing' is clicked on

2021-09-20 16:06:36 - [MESSAGE][PASSED] - Object: 'Object Repository/Page_Owner Portal/h4_Update a Listing' is clicked on

2021-09-20 16:06:36 - [TEST_STEP][PASSED] - click(findTestObject("Object Repository/Page_Update Listings/div_Katalon Test")): Object: 'Object Repository/Page_Update Listings/div_Katalon Test' is clicked on

2021-09-20 16:06:38 - [MESSAGE][PASSED] - Object: 'Object Repository/Page_Update Listings/div_Katalon Test' is clicked on

2021-09-20 16:06:38 - [TEST_STEP][PASSED] - setText(findTestObject("Object Repository/Page_Update Listing/input_Apartment_rent"), "600"): Text '600' is set on object 'Object Repository/Page_Update Listing/input_Apartment_rent'

2021-09-20 16:06:40 - [MESSAGE][PASSED] - Text '600' is set on object 'Object Repository/Page_Update Listing/input_Apartment_rent'

2021-09-20 16:06:40 - [TEST_STEP][PASSED] - click(findTestObject("Object Repository/Page_Update Listing/button_Update Listing")): Object: 'Object Repository/Page_Update Listing/button_Update Listing' is clicked on

2021-09-20 16:06:41 - [MESSAGE][PASSED] - Object: 'Object Repository/Page_Update Listing/button_Update Listing' is clicked on

2021-09-20 16:06:41 - [TEST_STEP][PASSED] - click(findTestObject("Object Repository/Page_View Listing/h5_600")): Object: 'Object Repository/Page_View Listing/h5_600' is clicked on

2021-09-20 16:06:46 - [MESSAGE][PASSED] - Object: 'Object Repository/Page_View Listing/h5_600' is clicked on

2021-09-20 16:06:46 - [TEST_STEP][PASSED] - click(findTestObject("Object Repository/Page_View Listing/h5_600")): Object: 'Object Repository/Page_View Listing/h5_600' is clicked on

2021-09-20 16:06:46 - [MESSAGE][PASSED] - Object: 'Object Repository/Page_View Listing/h5_600' is clicked on

2021-09-20 16:06:46 - [TEST_STEP][PASSED] - click(findTestObject("Object Repository/Page_View Listing/h5_600")): Object: 'Object Repository/Page_View Listing/h5_600' is clicked on

2021-09-20 16:06:46 - [MESSAGE][PASSED] - Object: 'Object Repository/Page_View Listing/h5_600' is clicked on

2021-09-20 16:06:46 - [TEST_STEP][PASSED] - closeBrowser(): Browser is closed

2021-09-20 16:06:46 - [MESSAGE][PASSED] - Browser is closed]]></system-out>
         <system-err><![CDATA[]]></system-err>
      </testcase>
      <testcase name="Test Cases/Owner/View Announcements" time="15.775" classname="Test Cases/Owner/View Announcements" status="PASSED">
         <system-out><![CDATA[2021-09-20 16:06:46 - [TEST_CASE][PASSED] - Test Cases/Owner/View Announcements: Test Cases/Owner/View Announcements

2021-09-20 16:06:47 - [TEST_STEP][PASSED] - openBrowser(""): Browser is opened with url: ''

2021-09-20 16:06:47 - [MESSAGE][INFO] - Starting 'Chrome' driver

2021-09-20 16:06:47 - [MESSAGE][INFO] - Action delay is set to 0 milliseconds

2021-09-20 16:06:48 - [MESSAGE][PASSED] - Browser is opened with url: ''

2021-09-20 16:06:48 - [TEST_STEP][PASSED] - navigateToUrl("https://managing-made-easier.web.app/"): Navigate to 'https://managing-made-easier.web.app/' successfully

2021-09-20 16:06:54 - [MESSAGE][PASSED] - Navigate to 'https://managing-made-easier.web.app/' successfully

2021-09-20 16:06:54 - [TEST_STEP][PASSED] - click(findTestObject("Object Repository/Page_Home/a_Sign-In")): Object: 'Object Repository/Page_Home/a_Sign-In' is clicked on

2021-09-20 16:06:54 - [MESSAGE][PASSED] - Object: 'Object Repository/Page_Home/a_Sign-In' is clicked on

2021-09-20 16:06:54 - [TEST_STEP][PASSED] - setText(findTestObject("Object Repository/Page_Sign-In/input__txtEmail"), "owner@radford.edu"): Text 'owner@radford.edu' is set on object 'Object Repository/Page_Sign-In/input__txtEmail'

2021-09-20 16:06:55 - [MESSAGE][PASSED] - Text 'owner@radford.edu' is set on object 'Object Repository/Page_Sign-In/input__txtEmail'

2021-09-20 16:06:55 - [TEST_STEP][PASSED] - setEncryptedText(findTestObject("Object Repository/Page_Sign-In/input__txtPassword"), "8SQVv/p9jVScEs4/2CZsLw=="): Text ****** has been set on object 'Object Repository/Page_Sign-In/input__txtPassword'

2021-09-20 16:06:55 - [MESSAGE][PASSED] - Text ****** has been set on object 'Object Repository/Page_Sign-In/input__txtPassword'

2021-09-20 16:06:55 - [TEST_STEP][PASSED] - sendKeys(findTestObject("Object Repository/Page_Sign-In/input__txtPassword"), Keys.chord(ENTER)): Keys 'ENTER + ' sent to object: 'Object Repository/Page_Sign-In/input__txtPassword'

2021-09-20 16:06:56 - [MESSAGE][PASSED] - Keys 'ENTER + ' sent to object: 'Object Repository/Page_Sign-In/input__txtPassword'

2021-09-20 16:06:56 - [TEST_STEP][PASSED] - click(findTestObject("Object Repository/Page_Sign-In/div_Sign-in Successful You will be redirect_b31683")): Object: 'Object Repository/Page_Sign-In/div_Sign-in Successful You will be redirect_b31683' is clicked on

2021-09-20 16:06:57 - [MESSAGE][PASSED] - Object: 'Object Repository/Page_Sign-In/div_Sign-in Successful You will be redirect_b31683' is clicked on

2021-09-20 16:06:57 - [TEST_STEP][PASSED] - click(findTestObject("Object Repository/Page_Home/a_Portal")): Object: 'Object Repository/Page_Home/a_Portal' is clicked on

2021-09-20 16:06:58 - [MESSAGE][PASSED] - Object: 'Object Repository/Page_Home/a_Portal' is clicked on

2021-09-20 16:06:58 - [TEST_STEP][PASSED] - click(findTestObject("Object Repository/Page_Owner Portal/h4_View Announcements")): Object: 'Object Repository/Page_Owner Portal/h4_View Announcements' is clicked on

2021-09-20 16:07:01 - [MESSAGE][PASSED] - Object: 'Object Repository/Page_Owner Portal/h4_View Announcements' is clicked on

2021-09-20 16:07:01 - [TEST_STEP][PASSED] - click(findTestObject("Object Repository/Page_Announcements/button_3")): Object: 'Object Repository/Page_Announcements/button_3' is clicked on

2021-09-20 16:07:02 - [MESSAGE][PASSED] - Object: 'Object Repository/Page_Announcements/button_3' is clicked on

2021-09-20 16:07:02 - [TEST_STEP][PASSED] - click(findTestObject("Object Repository/Page_Announcements/button_Katalon Test")): Object: 'Object Repository/Page_Announcements/button_Katalon Test' is clicked on

2021-09-20 16:07:02 - [MESSAGE][PASSED] - Object: 'Object Repository/Page_Announcements/button_Katalon Test' is clicked on

2021-09-20 16:07:02 - [TEST_STEP][PASSED] - closeBrowser(): Browser is closed

2021-09-20 16:07:02 - [MESSAGE][PASSED] - Browser is closed]]></system-out>
         <system-err><![CDATA[]]></system-err>
      </testcase>
      <testcase name="Test Cases/Owner/View Fees" time="13.759" classname="Test Cases/Owner/View Fees" status="PASSED">
         <system-out><![CDATA[2021-09-20 16:07:02 - [TEST_CASE][PASSED] - Test Cases/Owner/View Fees: Test Cases/Owner/View Fees

2021-09-20 16:07:02 - [TEST_STEP][PASSED] - openBrowser(""): Browser is opened with url: ''

2021-09-20 16:07:02 - [MESSAGE][INFO] - Starting 'Chrome' driver

2021-09-20 16:07:02 - [MESSAGE][INFO] - Action delay is set to 0 milliseconds

2021-09-20 16:07:03 - [MESSAGE][PASSED] - Browser is opened with url: ''

2021-09-20 16:07:03 - [TEST_STEP][PASSED] - navigateToUrl("https://managing-made-easier.web.app/"): Navigate to 'https://managing-made-easier.web.app/' successfully

2021-09-20 16:07:08 - [MESSAGE][PASSED] - Navigate to 'https://managing-made-easier.web.app/' successfully

2021-09-20 16:07:08 - [TEST_STEP][PASSED] - click(findTestObject("Object Repository/Page_Home/a_Sign-In")): Object: 'Object Repository/Page_Home/a_Sign-In' is clicked on

2021-09-20 16:07:08 - [MESSAGE][PASSED] - Object: 'Object Repository/Page_Home/a_Sign-In' is clicked on

2021-09-20 16:07:08 - [TEST_STEP][PASSED] - setText(findTestObject("Object Repository/Page_Sign-In/input__txtEmail"), "owner@radford.edu"): Text 'owner@radford.edu' is set on object 'Object Repository/Page_Sign-In/input__txtEmail'

2021-09-20 16:07:09 - [MESSAGE][PASSED] - Text 'owner@radford.edu' is set on object 'Object Repository/Page_Sign-In/input__txtEmail'

2021-09-20 16:07:09 - [TEST_STEP][PASSED] - setEncryptedText(findTestObject("Object Repository/Page_Sign-In/input__txtPassword"), "8SQVv/p9jVScEs4/2CZsLw=="): Text ****** has been set on object 'Object Repository/Page_Sign-In/input__txtPassword'

2021-09-20 16:07:10 - [MESSAGE][PASSED] - Text ****** has been set on object 'Object Repository/Page_Sign-In/input__txtPassword'

2021-09-20 16:07:10 - [TEST_STEP][PASSED] - click(findTestObject("Object Repository/Page_Sign-In/button_Sign-In")): Object: 'Object Repository/Page_Sign-In/button_Sign-In' is clicked on

2021-09-20 16:07:10 - [MESSAGE][PASSED] - Object: 'Object Repository/Page_Sign-In/button_Sign-In' is clicked on

2021-09-20 16:07:10 - [TEST_STEP][PASSED] - click(findTestObject("Object Repository/Page_Home/a_Portal")): Object: 'Object Repository/Page_Home/a_Portal' is clicked on

2021-09-20 16:07:11 - [MESSAGE][PASSED] - Object: 'Object Repository/Page_Home/a_Portal' is clicked on

2021-09-20 16:07:11 - [TEST_STEP][PASSED] - click(findTestObject("Object Repository/Page_Owner Portal/h4_ViewDelete Fees")): Object: 'Object Repository/Page_Owner Portal/h4_ViewDelete Fees' is clicked on

2021-09-20 16:07:14 - [MESSAGE][PASSED] - Object: 'Object Repository/Page_Owner Portal/h4_ViewDelete Fees' is clicked on

2021-09-20 16:07:14 - [TEST_STEP][PASSED] - click(findTestObject("Object Repository/Page_ViewDelete Fees/h2_nstoryradford.edu")): Object: 'Object Repository/Page_ViewDelete Fees/h2_nstoryradford.edu' is clicked on

2021-09-20 16:07:15 - [MESSAGE][PASSED] - Object: 'Object Repository/Page_ViewDelete Fees/h2_nstoryradford.edu' is clicked on

2021-09-20 16:07:15 - [TEST_STEP][PASSED] - click(findTestObject("Object Repository/Page_ViewDelete Fees/div_nstoryradford.edu100  DamageDate Added _76da0f")): Object: 'Object Repository/Page_ViewDelete Fees/div_nstoryradford.edu100  DamageDate Added _76da0f' is clicked on

2021-09-20 16:07:15 - [MESSAGE][PASSED] - Object: 'Object Repository/Page_ViewDelete Fees/div_nstoryradford.edu100  DamageDate Added _76da0f' is clicked on

2021-09-20 16:07:15 - [TEST_STEP][PASSED] - click(findTestObject("Object Repository/Page_ViewDelete Fees/button_100  Damage")): Object: 'Object Repository/Page_ViewDelete Fees/button_100  Damage' is clicked on

2021-09-20 16:07:16 - [MESSAGE][PASSED] - Object: 'Object Repository/Page_ViewDelete Fees/button_100  Damage' is clicked on

2021-09-20 16:07:16 - [TEST_STEP][PASSED] - click(findTestObject("Object Repository/Page_ViewDelete Fees/div_Date Added Thu Mar 18 2021Date Paid Thu_83a304")): Object: 'Object Repository/Page_ViewDelete Fees/div_Date Added Thu Mar 18 2021Date Paid Thu_83a304' is clicked on

2021-09-20 16:07:16 - [MESSAGE][PASSED] - Object: 'Object Repository/Page_ViewDelete Fees/div_Date Added Thu Mar 18 2021Date Paid Thu_83a304' is clicked on

2021-09-20 16:07:16 - [TEST_STEP][PASSED] - closeBrowser(): Browser is closed

2021-09-20 16:07:16 - [MESSAGE][PASSED] - Browser is closed]]></system-out>
         <system-err><![CDATA[]]></system-err>
      </testcase>
      <testcase name="Test Cases/Owner/ContactTenantPage" time="12.328" classname="Test Cases/Owner/ContactTenantPage" status="PASSED">
         <system-out><![CDATA[2021-09-20 16:07:16 - [TEST_CASE][PASSED] - Test Cases/Owner/ContactTenantPage: Test Cases/Owner/ContactTenantPage

2021-09-20 16:07:16 - [TEST_STEP][PASSED] - openBrowser(""): Browser is opened with url: ''

2021-09-20 16:07:16 - [MESSAGE][INFO] - Starting 'Chrome' driver

2021-09-20 16:07:16 - [MESSAGE][INFO] - Action delay is set to 0 milliseconds

2021-09-20 16:07:17 - [MESSAGE][PASSED] - Browser is opened with url: ''

2021-09-20 16:07:17 - [TEST_STEP][PASSED] - navigateToUrl("https://managing-made-easier.web.app/"): Navigate to 'https://managing-made-easier.web.app/' successfully

2021-09-20 16:07:21 - [MESSAGE][PASSED] - Navigate to 'https://managing-made-easier.web.app/' successfully

2021-09-20 16:07:21 - [TEST_STEP][PASSED] - click(findTestObject("Object Repository/Page_Home/a_Sign-In")): Object: 'Object Repository/Page_Home/a_Sign-In' is clicked on

2021-09-20 16:07:22 - [MESSAGE][PASSED] - Object: 'Object Repository/Page_Home/a_Sign-In' is clicked on

2021-09-20 16:07:22 - [TEST_STEP][PASSED] - setText(findTestObject("Object Repository/Page_Sign-In/input__txtEmail"), "owner@radford.edu"): Text 'owner@radford.edu' is set on object 'Object Repository/Page_Sign-In/input__txtEmail'

2021-09-20 16:07:23 - [MESSAGE][PASSED] - Text 'owner@radford.edu' is set on object 'Object Repository/Page_Sign-In/input__txtEmail'

2021-09-20 16:07:23 - [TEST_STEP][PASSED] - setEncryptedText(findTestObject("Object Repository/Page_Sign-In/input__txtPassword"), "8SQVv/p9jVScEs4/2CZsLw=="): Text ****** has been set on object 'Object Repository/Page_Sign-In/input__txtPassword'

2021-09-20 16:07:23 - [MESSAGE][PASSED] - Text ****** has been set on object 'Object Repository/Page_Sign-In/input__txtPassword'

2021-09-20 16:07:23 - [TEST_STEP][PASSED] - click(findTestObject("Object Repository/Page_Sign-In/button_Sign-In")): Object: 'Object Repository/Page_Sign-In/button_Sign-In' is clicked on

2021-09-20 16:07:23 - [MESSAGE][PASSED] - Object: 'Object Repository/Page_Sign-In/button_Sign-In' is clicked on

2021-09-20 16:07:23 - [TEST_STEP][PASSED] - click(findTestObject("Object Repository/Page_Home/a_Portal")): Object: 'Object Repository/Page_Home/a_Portal' is clicked on

2021-09-20 16:07:25 - [MESSAGE][PASSED] - Object: 'Object Repository/Page_Home/a_Portal' is clicked on

2021-09-20 16:07:25 - [TEST_STEP][PASSED] - click(findTestObject("Page_Owner Portal/h4_View Walkthrough Calendar")): Object: 'Object Repository/Page_Owner Portal/h4_View Walkthrough Calendar' is clicked on

2021-09-20 16:07:26 - [MESSAGE][PASSED] - Object: 'Object Repository/Page_Owner Portal/h4_View Walkthrough Calendar' is clicked on

2021-09-20 16:07:26 - [TEST_STEP][PASSED] - click(findTestObject("Object Repository/Page_Contact Tenants/button_231 Allen Ave")): Object: 'Object Repository/Page_Contact Tenants/button_231 Allen Ave' is clicked on

2021-09-20 16:07:28 - [MESSAGE][PASSED] - Object: 'Object Repository/Page_Contact Tenants/button_231 Allen Ave' is clicked on

2021-09-20 16:07:28 - [TEST_STEP][PASSED] - click(findTestObject("Object Repository/Page_Contact Tenants/p_Tenant nstoryradford.edu")): Object: 'Object Repository/Page_Contact Tenants/p_Tenant nstoryradford.edu' is clicked on

2021-09-20 16:07:28 - [MESSAGE][PASSED] - Object: 'Object Repository/Page_Contact Tenants/p_Tenant nstoryradford.edu' is clicked on

2021-09-20 16:07:28 - [TEST_STEP][PASSED] - closeBrowser(): Browser is closed

2021-09-20 16:07:28 - [MESSAGE][PASSED] - Browser is closed]]></system-out>
         <system-err><![CDATA[]]></system-err>
      </testcase>
      <system-out><![CDATA[2021-09-20 16:05:32 - [TEST_SUITE][PASSED] - Owner2: Test Cases/Owner/ContactTenantPage]]></system-out>
      <system-err><![CDATA[]]></system-err>
   </testsuite>
</testsuites>
