<?xml version="1.0" encoding="UTF-8"?>
<testsuites name="Tenant with Property" time="93.258" tests="8" failures="0" errors="0">
   <testsuite name="Tenant with Property" tests="8" failures="0" errors="0" time="93.258" skipped="0" timestamp="2021-10-18 14:10:12" hostname="mousejarrett - 192.168.1.16" id="Test Suites/Tenant with Property">
      <properties>
         <property name="deviceName" value=""/>
         <property name="devicePlatform" value=""/>
         <property name="logFolder" value="/Users/mousejarrett/Desktop/SE 2/Managing/ManagingTests/Reports/20211018_141009/Tenant with Property/20211018_141010"/>
         <property name="logFiles" value="/Users/mousejarrett/Desktop/SE 2/Managing/ManagingTests/Reports/20211018_141009/Tenant with Property/20211018_141010/execution0.log"/>
         <property name="attachments" value=""/>
         <property name="hostName" value="mousejarrett - 192.168.1.16"/>
         <property name="os" value="Mac OS X 64bit"/>
         <property name="katalonVersion" value="8.1.0.208"/>
         <property name="browser" value="Chrome 94.0.4606.81"/>
         <property name="hostAddress" value="192.168.1.16"/>
         <property name="sessionId" value="094c29ca9b28f15dd493c6cb211c68d1"/>
         <property name="seleniumVersion" value="3.141.59"/>
         <property name="proxyInformation" value="ProxyInformation { proxyOption=NO_PROXY, proxyServerType=HTTP, username=, password=********, proxyServerAddress=, proxyServerPort=0, executionList=&quot;&quot;, isApplyToDesiredCapabilities=true }"/>
         <property name="platform" value="Mac OS X"/>
      </properties>
      <testcase name="Test Cases/Sign in" time="10.193" classname="Test Cases/Sign in" status="PASSED">
         <system-out><![CDATA[2021-10-18 14:10:13 - [TEST_CASE][PASSED] - Test Cases/Sign in: Test Cases/Sign in

2021-10-18 14:10:13 - [TEST_STEP][PASSED] - openBrowser(""): Browser is opened with url: ''

2021-10-18 14:10:13 - [MESSAGE][INFO] - Starting 'Chrome' driver

2021-10-18 14:10:13 - [MESSAGE][INFO] - Action delay is set to 0 milliseconds

2021-10-18 14:10:15 - [MESSAGE][PASSED] - Browser is opened with url: ''

2021-10-18 14:10:15 - [TEST_STEP][PASSED] - navigateToUrl("https://managing-made-easier.web.app/"): Navigate to 'https://managing-made-easier.web.app/' successfully

2021-10-18 14:10:19 - [MESSAGE][PASSED] - Navigate to 'https://managing-made-easier.web.app/' successfully

2021-10-18 14:10:19 - [TEST_STEP][PASSED] - click(findTestObject("Object Repository/Page_Home/a_Sign-In")): Object: 'Object Repository/Page_Home/a_Sign-In' is clicked on

2021-10-18 14:10:20 - [MESSAGE][PASSED] - Object: 'Object Repository/Page_Home/a_Sign-In' is clicked on

2021-10-18 14:10:20 - [TEST_STEP][PASSED] - setText(findTestObject("Object Repository/Page_Sign-In/input__txtEmail"), "test123@radford.edu"): Text 'test123@radford.edu' is set on object 'Object Repository/Page_Sign-In/input__txtEmail'

2021-10-18 14:10:21 - [MESSAGE][PASSED] - Text 'test123@radford.edu' is set on object 'Object Repository/Page_Sign-In/input__txtEmail'

2021-10-18 14:10:21 - [TEST_STEP][PASSED] - setEncryptedText(findTestObject("Object Repository/Page_Sign-In/input__txtPassword"), "8SQVv/p9jVScEs4/2CZsLw=="): Text ****** has been set on object 'Object Repository/Page_Sign-In/input__txtPassword'

2021-10-18 14:10:21 - [MESSAGE][PASSED] - Text ****** has been set on object 'Object Repository/Page_Sign-In/input__txtPassword'

2021-10-18 14:10:21 - [TEST_STEP][PASSED] - click(findTestObject("Object Repository/Page_Sign-In/button_Sign-In")): Object: 'Object Repository/Page_Sign-In/button_Sign-In' is clicked on

2021-10-18 14:10:22 - [MESSAGE][PASSED] - Object: 'Object Repository/Page_Sign-In/button_Sign-In' is clicked on

2021-10-18 14:10:22 - [TEST_STEP][PASSED] - verifyElementPresent(findTestObject("Object Repository/Page_Sign-In/div_Sign-in Successful You will be redirect_b31683"), 0): Object 'Object Repository/Page_Sign-In/div_Sign-in Successful You will be redirect_b31683' is present

2021-10-18 14:10:22 - [MESSAGE][WARNING] - Timeout '0' is invalid. Using default page load timeout: '30'

2021-10-18 14:10:23 - [MESSAGE][PASSED] - Object 'Object Repository/Page_Sign-In/div_Sign-in Successful You will be redirect_b31683' is present

2021-10-18 14:10:23 - [TEST_STEP][PASSED] - closeBrowser(): Browser is closed

2021-10-18 14:10:23 - [MESSAGE][PASSED] - Browser is closed]]></system-out>
         <system-err><![CDATA[]]></system-err>
      </testcase>
      <testcase name="Test Cases/Tenant/View Tenant Portal (Renting)" time="10.704" classname="Test Cases/Tenant/View Tenant Portal (Renting)" status="PASSED">
         <system-out><![CDATA[2021-10-18 14:10:23 - [TEST_CASE][PASSED] - Test Cases/Tenant/View Tenant Portal (Renting): Test Cases/Tenant/View Tenant Portal (Renting)

2021-10-18 14:10:24 - [TEST_STEP][PASSED] - openBrowser(""): Browser is opened with url: ''

2021-10-18 14:10:24 - [MESSAGE][INFO] - Starting 'Chrome' driver

2021-10-18 14:10:24 - [MESSAGE][INFO] - Action delay is set to 0 milliseconds

2021-10-18 14:10:25 - [MESSAGE][PASSED] - Browser is opened with url: ''

2021-10-18 14:10:25 - [TEST_STEP][PASSED] - navigateToUrl("https://managing-made-easier.web.app/"): Navigate to 'https://managing-made-easier.web.app/' successfully

2021-10-18 14:10:27 - [MESSAGE][PASSED] - Navigate to 'https://managing-made-easier.web.app/' successfully

2021-10-18 14:10:27 - [TEST_STEP][PASSED] - click(findTestObject("Object Repository/Page_Home/a_Sign-In")): Object: 'Object Repository/Page_Home/a_Sign-In' is clicked on

2021-10-18 14:10:28 - [MESSAGE][PASSED] - Object: 'Object Repository/Page_Home/a_Sign-In' is clicked on

2021-10-18 14:10:28 - [TEST_STEP][PASSED] - setText(findTestObject("Object Repository/Page_Sign-In/input__txtEmail"), "test321@gmail.com"): Text 'test321@gmail.com' is set on object 'Object Repository/Page_Sign-In/input__txtEmail'

2021-10-18 14:10:29 - [MESSAGE][PASSED] - Text 'test321@gmail.com' is set on object 'Object Repository/Page_Sign-In/input__txtEmail'

2021-10-18 14:10:29 - [TEST_STEP][PASSED] - setEncryptedText(findTestObject("Object Repository/Page_Sign-In/input__txtPassword"), "8SQVv/p9jVScEs4/2CZsLw=="): Text ****** has been set on object 'Object Repository/Page_Sign-In/input__txtPassword'

2021-10-18 14:10:29 - [MESSAGE][PASSED] - Text ****** has been set on object 'Object Repository/Page_Sign-In/input__txtPassword'

2021-10-18 14:10:29 - [TEST_STEP][PASSED] - click(findTestObject("Object Repository/Page_Sign-In/button_Sign-In")): Object: 'Object Repository/Page_Sign-In/button_Sign-In' is clicked on

2021-10-18 14:10:30 - [MESSAGE][PASSED] - Object: 'Object Repository/Page_Sign-In/button_Sign-In' is clicked on

2021-10-18 14:10:30 - [TEST_STEP][PASSED] - click(findTestObject("Page_Home/a_Portal")): Object: 'Object Repository/Page_Home/a_Portal' is clicked on

2021-10-18 14:10:31 - [MESSAGE][PASSED] - Object: 'Object Repository/Page_Home/a_Portal' is clicked on

2021-10-18 14:10:31 - [TEST_STEP][PASSED] - click(findTestObject("Page_Home/a_Portal")): Object: 'Object Repository/Page_Home/a_Portal' is clicked on

2021-10-18 14:10:32 - [MESSAGE][PASSED] - Object: 'Object Repository/Page_Home/a_Portal' is clicked on

2021-10-18 14:10:32 - [TEST_STEP][PASSED] - verifyElementPresent(findTestObject("Page_Tenant Portal/h4_Announcements"), 0): Object 'Object Repository/Page_Tenant Portal/h4_Announcements' is present

2021-10-18 14:10:32 - [MESSAGE][WARNING] - Timeout '0' is invalid. Using default page load timeout: '30'

2021-10-18 14:10:33 - [MESSAGE][PASSED] - Object 'Object Repository/Page_Tenant Portal/h4_Announcements' is present

2021-10-18 14:10:33 - [TEST_STEP][PASSED] - verifyElementPresent(findTestObject("Page_Tenant Portal/h4_Request Maintenance"), 0): Object 'Object Repository/Page_Tenant Portal/h4_Request Maintenance' is present

2021-10-18 14:10:33 - [MESSAGE][WARNING] - Timeout '0' is invalid. Using default page load timeout: '30'

2021-10-18 14:10:33 - [MESSAGE][PASSED] - Object 'Object Repository/Page_Tenant Portal/h4_Request Maintenance' is present

2021-10-18 14:10:33 - [TEST_STEP][PASSED] - verifyElementPresent(findTestObject("Page_Tenant Portal/h4_View Payment History"), 0): Object 'Object Repository/Page_Tenant Portal/h4_View Payment History' is present

2021-10-18 14:10:33 - [MESSAGE][WARNING] - Timeout '0' is invalid. Using default page load timeout: '30'

2021-10-18 14:10:34 - [MESSAGE][PASSED] - Object 'Object Repository/Page_Tenant Portal/h4_View Payment History' is present

2021-10-18 14:10:34 - [TEST_STEP][PASSED] - closeBrowser(): Browser is closed

2021-10-18 14:10:34 - [MESSAGE][PASSED] - Browser is closed]]></system-out>
         <system-err><![CDATA[]]></system-err>
      </testcase>
      <testcase name="Test Cases/Tenant/Tenant View Announcements" time="14.065" classname="Test Cases/Tenant/Tenant View Announcements" status="PASSED">
         <system-out><![CDATA[2021-10-18 14:10:34 - [TEST_CASE][PASSED] - Test Cases/Tenant/Tenant View Announcements: Test Cases/Tenant/Tenant View Announcements

2021-10-18 14:10:34 - [TEST_STEP][PASSED] - openBrowser(""): Browser is opened with url: ''

2021-10-18 14:10:34 - [MESSAGE][INFO] - Starting 'Chrome' driver

2021-10-18 14:10:34 - [MESSAGE][INFO] - Action delay is set to 0 milliseconds

2021-10-18 14:10:35 - [MESSAGE][PASSED] - Browser is opened with url: ''

2021-10-18 14:10:35 - [TEST_STEP][PASSED] - navigateToUrl("https://managing-made-easier.web.app/"): Navigate to 'https://managing-made-easier.web.app/' successfully

2021-10-18 14:10:40 - [MESSAGE][PASSED] - Navigate to 'https://managing-made-easier.web.app/' successfully

2021-10-18 14:10:40 - [TEST_STEP][PASSED] - click(findTestObject("Object Repository/Page_Home/a_Sign-In")): Object: 'Object Repository/Page_Home/a_Sign-In' is clicked on

2021-10-18 14:10:41 - [MESSAGE][PASSED] - Object: 'Object Repository/Page_Home/a_Sign-In' is clicked on

2021-10-18 14:10:41 - [TEST_STEP][PASSED] - setText(findTestObject("Object Repository/Page_Sign-In/input__txtEmail"), "test321@gmail.com"): Text 'test321@gmail.com' is set on object 'Object Repository/Page_Sign-In/input__txtEmail'

2021-10-18 14:10:42 - [MESSAGE][PASSED] - Text 'test321@gmail.com' is set on object 'Object Repository/Page_Sign-In/input__txtEmail'

2021-10-18 14:10:42 - [TEST_STEP][PASSED] - setEncryptedText(findTestObject("Object Repository/Page_Sign-In/input__txtPassword"), "8SQVv/p9jVScEs4/2CZsLw=="): Text ****** has been set on object 'Object Repository/Page_Sign-In/input__txtPassword'

2021-10-18 14:10:42 - [MESSAGE][PASSED] - Text ****** has been set on object 'Object Repository/Page_Sign-In/input__txtPassword'

2021-10-18 14:10:42 - [TEST_STEP][PASSED] - click(findTestObject("Object Repository/Page_Sign-In/button_Sign-In")): Object: 'Object Repository/Page_Sign-In/button_Sign-In' is clicked on

2021-10-18 14:10:42 - [MESSAGE][PASSED] - Object: 'Object Repository/Page_Sign-In/button_Sign-In' is clicked on

2021-10-18 14:10:42 - [TEST_STEP][PASSED] - click(findTestObject("Object Repository/Page_Home/a_Portal")): Object: 'Object Repository/Page_Home/a_Portal' is clicked on

2021-10-18 14:10:45 - [MESSAGE][PASSED] - Object: 'Object Repository/Page_Home/a_Portal' is clicked on

2021-10-18 14:10:45 - [TEST_STEP][PASSED] - click(findTestObject("Object Repository/Page_Home/a_Portal")): Object: 'Object Repository/Page_Home/a_Portal' is clicked on

2021-10-18 14:10:46 - [MESSAGE][PASSED] - Object: 'Object Repository/Page_Home/a_Portal' is clicked on

2021-10-18 14:10:46 - [TEST_STEP][PASSED] - click(findTestObject("Page_Tenant Portal/div_Announcements")): Object: 'Object Repository/Page_Tenant Portal/div_Announcements' is clicked on

2021-10-18 14:10:47 - [MESSAGE][PASSED] - Object: 'Object Repository/Page_Tenant Portal/div_Announcements' is clicked on

2021-10-18 14:10:47 - [TEST_STEP][PASSED] - click(findTestObject("Object Repository/Page_Announcements/button_3")): Object: 'Object Repository/Page_Announcements/button_3' is clicked on

2021-10-18 14:10:47 - [MESSAGE][PASSED] - Object: 'Object Repository/Page_Announcements/button_3' is clicked on

2021-10-18 14:10:47 - [TEST_STEP][PASSED] - click(findTestObject("Object Repository/Page_Announcements/button_3")): Object: 'Object Repository/Page_Announcements/button_3' is clicked on

2021-10-18 14:10:48 - [MESSAGE][PASSED] - Object: 'Object Repository/Page_Announcements/button_3' is clicked on

2021-10-18 14:10:48 - [TEST_STEP][PASSED] - closeBrowser(): Browser is closed

2021-10-18 14:10:48 - [MESSAGE][PASSED] - Browser is closed]]></system-out>
         <system-err><![CDATA[]]></system-err>
      </testcase>
      <testcase name="Test Cases/Tenant/Request Maintenance" time="10.349" classname="Test Cases/Tenant/Request Maintenance" status="PASSED">
         <system-out><![CDATA[2021-10-18 14:10:48 - [TEST_CASE][PASSED] - Test Cases/Tenant/Request Maintenance: Test Cases/Tenant/Request Maintenance

2021-10-18 14:10:48 - [TEST_STEP][PASSED] - openBrowser(""): Browser is opened with url: ''

2021-10-18 14:10:48 - [MESSAGE][INFO] - Starting 'Chrome' driver

2021-10-18 14:10:48 - [MESSAGE][INFO] - Action delay is set to 0 milliseconds

2021-10-18 14:10:49 - [MESSAGE][PASSED] - Browser is opened with url: ''

2021-10-18 14:10:49 - [TEST_STEP][PASSED] - navigateToUrl("https://managing-made-easier.web.app/"): Navigate to 'https://managing-made-easier.web.app/' successfully

2021-10-18 14:10:51 - [MESSAGE][PASSED] - Navigate to 'https://managing-made-easier.web.app/' successfully

2021-10-18 14:10:51 - [TEST_STEP][PASSED] - click(findTestObject("Object Repository/Page_Home/a_Sign-In")): Object: 'Object Repository/Page_Home/a_Sign-In' is clicked on

2021-10-18 14:10:52 - [MESSAGE][PASSED] - Object: 'Object Repository/Page_Home/a_Sign-In' is clicked on

2021-10-18 14:10:52 - [TEST_STEP][PASSED] - setText(findTestObject("Object Repository/Page_Sign-In/input__txtEmail"), "test321@gmail.com"): Text 'test321@gmail.com' is set on object 'Object Repository/Page_Sign-In/input__txtEmail'

2021-10-18 14:10:53 - [MESSAGE][PASSED] - Text 'test321@gmail.com' is set on object 'Object Repository/Page_Sign-In/input__txtEmail'

2021-10-18 14:10:53 - [TEST_STEP][PASSED] - setEncryptedText(findTestObject("Object Repository/Page_Sign-In/input__txtPassword"), "8SQVv/p9jVScEs4/2CZsLw=="): Text ****** has been set on object 'Object Repository/Page_Sign-In/input__txtPassword'

2021-10-18 14:10:53 - [MESSAGE][PASSED] - Text ****** has been set on object 'Object Repository/Page_Sign-In/input__txtPassword'

2021-10-18 14:10:53 - [TEST_STEP][PASSED] - click(findTestObject("Object Repository/Page_Sign-In/button_Sign-In")): Object: 'Object Repository/Page_Sign-In/button_Sign-In' is clicked on

2021-10-18 14:10:53 - [MESSAGE][PASSED] - Object: 'Object Repository/Page_Sign-In/button_Sign-In' is clicked on

2021-10-18 14:10:53 - [TEST_STEP][PASSED] - click(findTestObject("Object Repository/Page_Home/a_Portal")): Object: 'Object Repository/Page_Home/a_Portal' is clicked on

2021-10-18 14:10:55 - [MESSAGE][PASSED] - Object: 'Object Repository/Page_Home/a_Portal' is clicked on

2021-10-18 14:10:55 - [TEST_STEP][PASSED] - click(findTestObject("Object Repository/Page_Tenant Portal/h4_Request Maintenance")): Object: 'Object Repository/Page_Tenant Portal/h4_Request Maintenance' is clicked on

2021-10-18 14:10:56 - [MESSAGE][PASSED] - Object: 'Object Repository/Page_Tenant Portal/h4_Request Maintenance' is clicked on

2021-10-18 14:10:56 - [TEST_STEP][PASSED] - click(findTestObject("Object Repository/Page_Request Maintenance/div_Emergency Call")): Object: 'Object Repository/Page_Request Maintenance/div_Emergency Call' is clicked on

2021-10-18 14:10:57 - [MESSAGE][PASSED] - Object: 'Object Repository/Page_Request Maintenance/div_Emergency Call' is clicked on

2021-10-18 14:10:57 - [TEST_STEP][PASSED] - click(findTestObject("Object Repository/Page_Request Maintenance/div_Send an SMS")): Object: 'Object Repository/Page_Request Maintenance/div_Send an SMS' is clicked on

2021-10-18 14:10:57 - [MESSAGE][PASSED] - Object: 'Object Repository/Page_Request Maintenance/div_Send an SMS' is clicked on

2021-10-18 14:10:57 - [TEST_STEP][PASSED] - click(findTestObject("Object Repository/Page_Request Maintenance/h4_Send an SMS")): Object: 'Object Repository/Page_Request Maintenance/h4_Send an SMS' is clicked on

2021-10-18 14:10:58 - [MESSAGE][PASSED] - Object: 'Object Repository/Page_Request Maintenance/h4_Send an SMS' is clicked on

2021-10-18 14:10:58 - [TEST_STEP][PASSED] - click(findTestObject("Object Repository/Page_Request Maintenance/h4_Emergency Call")): Object: 'Object Repository/Page_Request Maintenance/h4_Emergency Call' is clicked on

2021-10-18 14:10:58 - [MESSAGE][PASSED] - Object: 'Object Repository/Page_Request Maintenance/h4_Emergency Call' is clicked on

2021-10-18 14:10:58 - [TEST_STEP][PASSED] - closeBrowser(): Browser is closed

2021-10-18 14:10:58 - [MESSAGE][PASSED] - Browser is closed]]></system-out>
         <system-err><![CDATA[]]></system-err>
      </testcase>
      <testcase name="Test Cases/Tenant/Payment History" time="12.796" classname="Test Cases/Tenant/Payment History" status="PASSED">
         <system-out><![CDATA[2021-10-18 14:10:58 - [TEST_CASE][PASSED] - Test Cases/Tenant/Payment History: Test Cases/Tenant/Payment History

2021-10-18 14:10:58 - [TEST_STEP][PASSED] - openBrowser(""): Browser is opened with url: ''

2021-10-18 14:10:58 - [MESSAGE][INFO] - Starting 'Chrome' driver

2021-10-18 14:10:58 - [MESSAGE][INFO] - Action delay is set to 0 milliseconds

2021-10-18 14:10:59 - [MESSAGE][PASSED] - Browser is opened with url: ''

2021-10-18 14:10:59 - [TEST_STEP][PASSED] - navigateToUrl("https://managing-made-easier.web.app/"): Navigate to 'https://managing-made-easier.web.app/' successfully

2021-10-18 14:11:03 - [MESSAGE][PASSED] - Navigate to 'https://managing-made-easier.web.app/' successfully

2021-10-18 14:11:03 - [TEST_STEP][PASSED] - click(findTestObject("Object Repository/Page_Home/a_Sign-In")): Object: 'Object Repository/Page_Home/a_Sign-In' is clicked on

2021-10-18 14:11:04 - [MESSAGE][PASSED] - Object: 'Object Repository/Page_Home/a_Sign-In' is clicked on

2021-10-18 14:11:04 - [TEST_STEP][PASSED] - setText(findTestObject("Object Repository/Page_Sign-In/input__txtEmail"), "test321@gmail.com"): Text 'test321@gmail.com' is set on object 'Object Repository/Page_Sign-In/input__txtEmail'

2021-10-18 14:11:05 - [MESSAGE][PASSED] - Text 'test321@gmail.com' is set on object 'Object Repository/Page_Sign-In/input__txtEmail'

2021-10-18 14:11:05 - [TEST_STEP][PASSED] - setEncryptedText(findTestObject("Object Repository/Page_Sign-In/input__txtPassword"), "8SQVv/p9jVScEs4/2CZsLw=="): Text ****** has been set on object 'Object Repository/Page_Sign-In/input__txtPassword'

2021-10-18 14:11:05 - [MESSAGE][PASSED] - Text ****** has been set on object 'Object Repository/Page_Sign-In/input__txtPassword'

2021-10-18 14:11:05 - [TEST_STEP][PASSED] - sendKeys(findTestObject("Object Repository/Page_Sign-In/input__txtPassword"), Keys.chord(ENTER)): Keys 'ENTER + ' sent to object: 'Object Repository/Page_Sign-In/input__txtPassword'

2021-10-18 14:11:06 - [MESSAGE][PASSED] - Keys 'ENTER + ' sent to object: 'Object Repository/Page_Sign-In/input__txtPassword'

2021-10-18 14:11:06 - [TEST_STEP][PASSED] - click(findTestObject("Object Repository/Page_Home/a_Portal")): Object: 'Object Repository/Page_Home/a_Portal' is clicked on

2021-10-18 14:11:07 - [MESSAGE][PASSED] - Object: 'Object Repository/Page_Home/a_Portal' is clicked on

2021-10-18 14:11:07 - [TEST_STEP][PASSED] - click(findTestObject("Object Repository/Page_Home/a_Portal")): Object: 'Object Repository/Page_Home/a_Portal' is clicked on

2021-10-18 14:11:08 - [MESSAGE][PASSED] - Object: 'Object Repository/Page_Home/a_Portal' is clicked on

2021-10-18 14:11:08 - [TEST_STEP][PASSED] - click(findTestObject("Object Repository/Page_Tenant Portal/h4_View Payment History")): Object: 'Object Repository/Page_Tenant Portal/h4_View Payment History' is clicked on

2021-10-18 14:11:09 - [MESSAGE][PASSED] - Object: 'Object Repository/Page_Tenant Portal/h4_View Payment History' is clicked on

2021-10-18 14:11:09 - [TEST_STEP][PASSED] - click(findTestObject("Object Repository/Page_Payment History/h1_Payment History")): Object: 'Object Repository/Page_Payment History/h1_Payment History' is clicked on

2021-10-18 14:11:10 - [MESSAGE][PASSED] - Object: 'Object Repository/Page_Payment History/h1_Payment History' is clicked on

2021-10-18 14:11:10 - [TEST_STEP][PASSED] - click(findTestObject("Object Repository/Page_Payment History/div_Thu Apr 08 2021Method Manually EnteredT_81d260")): Object: 'Object Repository/Page_Payment History/div_Thu Apr 08 2021Method Manually EnteredT_81d260' is clicked on

2021-10-18 14:11:10 - [MESSAGE][PASSED] - Object: 'Object Repository/Page_Payment History/div_Thu Apr 08 2021Method Manually EnteredT_81d260' is clicked on

2021-10-18 14:11:10 - [TEST_STEP][PASSED] - click(findTestObject("Object Repository/Page_Payment History/button_Thu Apr 08 2021")): Object: 'Object Repository/Page_Payment History/button_Thu Apr 08 2021' is clicked on

2021-10-18 14:11:11 - [MESSAGE][PASSED] - Object: 'Object Repository/Page_Payment History/button_Thu Apr 08 2021' is clicked on

2021-10-18 14:11:11 - [TEST_STEP][PASSED] - closeBrowser(): Browser is closed

2021-10-18 14:11:11 - [MESSAGE][PASSED] - Browser is closed]]></system-out>
         <system-err><![CDATA[]]></system-err>
      </testcase>
      <testcase name="Test Cases/Tenant/View Payment History" time="11.399" classname="Test Cases/Tenant/View Payment History" status="PASSED">
         <system-out><![CDATA[2021-10-18 14:11:11 - [TEST_CASE][PASSED] - Test Cases/Tenant/View Payment History: Test Cases/Tenant/View Payment History

2021-10-18 14:11:11 - [TEST_STEP][PASSED] - openBrowser(""): Browser is opened with url: ''

2021-10-18 14:11:11 - [MESSAGE][INFO] - Starting 'Chrome' driver

2021-10-18 14:11:11 - [MESSAGE][INFO] - Action delay is set to 0 milliseconds

2021-10-18 14:11:12 - [MESSAGE][PASSED] - Browser is opened with url: ''

2021-10-18 14:11:12 - [TEST_STEP][PASSED] - navigateToUrl("https://managing-made-easier.web.app/"): Navigate to 'https://managing-made-easier.web.app/' successfully

2021-10-18 14:11:16 - [MESSAGE][PASSED] - Navigate to 'https://managing-made-easier.web.app/' successfully

2021-10-18 14:11:16 - [TEST_STEP][PASSED] - click(findTestObject("Object Repository/Page_Home/a_Sign-In")): Object: 'Object Repository/Page_Home/a_Sign-In' is clicked on

2021-10-18 14:11:16 - [MESSAGE][PASSED] - Object: 'Object Repository/Page_Home/a_Sign-In' is clicked on

2021-10-18 14:11:16 - [TEST_STEP][PASSED] - setText(findTestObject("Object Repository/Page_Sign-In/input__txtEmail"), "test321@gmail.com"): Text 'test321@gmail.com' is set on object 'Object Repository/Page_Sign-In/input__txtEmail'

2021-10-18 14:11:17 - [MESSAGE][PASSED] - Text 'test321@gmail.com' is set on object 'Object Repository/Page_Sign-In/input__txtEmail'

2021-10-18 14:11:17 - [TEST_STEP][PASSED] - setEncryptedText(findTestObject("Object Repository/Page_Sign-In/input__txtPassword"), "PDoKm2HePM0="): Text ****** has been set on object 'Object Repository/Page_Sign-In/input__txtPassword'

2021-10-18 14:11:18 - [MESSAGE][PASSED] - Text ****** has been set on object 'Object Repository/Page_Sign-In/input__txtPassword'

2021-10-18 14:11:18 - [TEST_STEP][PASSED] - sendKeys(findTestObject("Object Repository/Page_Sign-In/input__txtPassword"), Keys.chord(ENTER)): Keys 'ENTER + ' sent to object: 'Object Repository/Page_Sign-In/input__txtPassword'

2021-10-18 14:11:18 - [MESSAGE][PASSED] - Keys 'ENTER + ' sent to object: 'Object Repository/Page_Sign-In/input__txtPassword'

2021-10-18 14:11:18 - [TEST_STEP][PASSED] - setEncryptedText(findTestObject("Object Repository/Page_Sign-In/input__txtPassword"), "8SQVv/p9jVScEs4/2CZsLw=="): Text ****** has been set on object 'Object Repository/Page_Sign-In/input__txtPassword'

2021-10-18 14:11:19 - [MESSAGE][PASSED] - Text ****** has been set on object 'Object Repository/Page_Sign-In/input__txtPassword'

2021-10-18 14:11:19 - [TEST_STEP][PASSED] - click(findTestObject("Object Repository/Page_Sign-In/button_Sign-In")): Object: 'Object Repository/Page_Sign-In/button_Sign-In' is clicked on

2021-10-18 14:11:19 - [MESSAGE][PASSED] - Object: 'Object Repository/Page_Sign-In/button_Sign-In' is clicked on

2021-10-18 14:11:19 - [TEST_STEP][PASSED] - click(findTestObject("Object Repository/Page_Home/a_Portal")): Object: 'Object Repository/Page_Home/a_Portal' is clicked on

2021-10-18 14:11:21 - [MESSAGE][PASSED] - Object: 'Object Repository/Page_Home/a_Portal' is clicked on

2021-10-18 14:11:21 - [TEST_STEP][PASSED] - click(findTestObject("Page_Tenant Portal/h4_View Payment History")): Object: 'Object Repository/Page_Tenant Portal/h4_View Payment History' is clicked on

2021-10-18 14:11:22 - [MESSAGE][PASSED] - Object: 'Object Repository/Page_Tenant Portal/h4_View Payment History' is clicked on

2021-10-18 14:11:22 - [TEST_STEP][PASSED] - click(findTestObject("Object Repository/Page_Payment History/div_Payment History")): Object: 'Object Repository/Page_Payment History/div_Payment History' is clicked on

2021-10-18 14:11:22 - [MESSAGE][PASSED] - Object: 'Object Repository/Page_Payment History/div_Payment History' is clicked on

2021-10-18 14:11:22 - [TEST_STEP][PASSED] - closeBrowser(): Browser is closed

2021-10-18 14:11:22 - [MESSAGE][PASSED] - Browser is closed]]></system-out>
         <system-err><![CDATA[]]></system-err>
      </testcase>
      <testcase name="Test Cases/Tenant/View Fees" time="9.587" classname="Test Cases/Tenant/View Fees" status="PASSED">
         <system-out><![CDATA[2021-10-18 14:11:22 - [TEST_CASE][PASSED] - Test Cases/Tenant/View Fees: Test Cases/Tenant/View Fees

2021-10-18 14:11:22 - [TEST_STEP][PASSED] - openBrowser(""): Browser is opened with url: ''

2021-10-18 14:11:22 - [MESSAGE][INFO] - Starting 'Chrome' driver

2021-10-18 14:11:22 - [MESSAGE][INFO] - Action delay is set to 0 milliseconds

2021-10-18 14:11:24 - [MESSAGE][PASSED] - Browser is opened with url: ''

2021-10-18 14:11:24 - [TEST_STEP][PASSED] - navigateToUrl("https://managing-made-easier.web.app/"): Navigate to 'https://managing-made-easier.web.app/' successfully

2021-10-18 14:11:25 - [MESSAGE][PASSED] - Navigate to 'https://managing-made-easier.web.app/' successfully

2021-10-18 14:11:25 - [TEST_STEP][PASSED] - click(findTestObject("Object Repository/Page_Home/a_Sign-In")): Object: 'Object Repository/Page_Home/a_Sign-In' is clicked on

2021-10-18 14:11:27 - [MESSAGE][PASSED] - Object: 'Object Repository/Page_Home/a_Sign-In' is clicked on

2021-10-18 14:11:27 - [TEST_STEP][PASSED] - setText(findTestObject("Object Repository/Page_Sign-In/input__txtEmail"), "test321@gmail.com"): Text 'test321@gmail.com' is set on object 'Object Repository/Page_Sign-In/input__txtEmail'

2021-10-18 14:11:27 - [MESSAGE][PASSED] - Text 'test321@gmail.com' is set on object 'Object Repository/Page_Sign-In/input__txtEmail'

2021-10-18 14:11:27 - [TEST_STEP][PASSED] - setEncryptedText(findTestObject("Object Repository/Page_Sign-In/input__txtPassword"), "8SQVv/p9jVScEs4/2CZsLw=="): Text ****** has been set on object 'Object Repository/Page_Sign-In/input__txtPassword'

2021-10-18 14:11:28 - [MESSAGE][PASSED] - Text ****** has been set on object 'Object Repository/Page_Sign-In/input__txtPassword'

2021-10-18 14:11:28 - [TEST_STEP][PASSED] - click(findTestObject("Object Repository/Page_Sign-In/button_Sign-In")): Object: 'Object Repository/Page_Sign-In/button_Sign-In' is clicked on

2021-10-18 14:11:28 - [MESSAGE][PASSED] - Object: 'Object Repository/Page_Sign-In/button_Sign-In' is clicked on

2021-10-18 14:11:28 - [TEST_STEP][PASSED] - click(findTestObject("Object Repository/Page_Home/a_Portal")): Object: 'Object Repository/Page_Home/a_Portal' is clicked on

2021-10-18 14:11:30 - [MESSAGE][PASSED] - Object: 'Object Repository/Page_Home/a_Portal' is clicked on

2021-10-18 14:11:30 - [TEST_STEP][PASSED] - click(findTestObject("Object Repository/Page_Tenant Portal/h4_View Fees")): Object: 'Object Repository/Page_Tenant Portal/h4_View Fees' is clicked on

2021-10-18 14:11:31 - [MESSAGE][PASSED] - Object: 'Object Repository/Page_Tenant Portal/h4_View Fees' is clicked on

2021-10-18 14:11:31 - [TEST_STEP][PASSED] - click(findTestObject("Object Repository/Page_View Fees/div_View Fees")): Object: 'Object Repository/Page_View Fees/div_View Fees' is clicked on

2021-10-18 14:11:32 - [MESSAGE][PASSED] - Object: 'Object Repository/Page_View Fees/div_View Fees' is clicked on

2021-10-18 14:11:32 - [TEST_STEP][PASSED] - closeBrowser(): Browser is closed

2021-10-18 14:11:32 - [MESSAGE][PASSED] - Browser is closed]]></system-out>
         <system-err><![CDATA[]]></system-err>
      </testcase>
      <testcase name="Test Cases/Tenant/Tenant View Announcements" time="13.465" classname="Test Cases/Tenant/Tenant View Announcements" status="PASSED">
         <system-out><![CDATA[2021-10-18 14:11:32 - [TEST_CASE][PASSED] - Test Cases/Tenant/Tenant View Announcements: Test Cases/Tenant/Tenant View Announcements

2021-10-18 14:11:32 - [TEST_STEP][PASSED] - openBrowser(""): Browser is opened with url: ''

2021-10-18 14:11:32 - [MESSAGE][INFO] - Starting 'Chrome' driver

2021-10-18 14:11:32 - [MESSAGE][INFO] - Action delay is set to 0 milliseconds

2021-10-18 14:11:33 - [MESSAGE][PASSED] - Browser is opened with url: ''

2021-10-18 14:11:33 - [TEST_STEP][PASSED] - navigateToUrl("https://managing-made-easier.web.app/"): Navigate to 'https://managing-made-easier.web.app/' successfully

2021-10-18 14:11:38 - [MESSAGE][PASSED] - Navigate to 'https://managing-made-easier.web.app/' successfully

2021-10-18 14:11:38 - [TEST_STEP][PASSED] - click(findTestObject("Object Repository/Page_Home/a_Sign-In")): Object: 'Object Repository/Page_Home/a_Sign-In' is clicked on

2021-10-18 14:11:39 - [MESSAGE][PASSED] - Object: 'Object Repository/Page_Home/a_Sign-In' is clicked on

2021-10-18 14:11:39 - [TEST_STEP][PASSED] - setText(findTestObject("Object Repository/Page_Sign-In/input__txtEmail"), "test321@gmail.com"): Text 'test321@gmail.com' is set on object 'Object Repository/Page_Sign-In/input__txtEmail'

2021-10-18 14:11:40 - [MESSAGE][PASSED] - Text 'test321@gmail.com' is set on object 'Object Repository/Page_Sign-In/input__txtEmail'

2021-10-18 14:11:40 - [TEST_STEP][PASSED] - setEncryptedText(findTestObject("Object Repository/Page_Sign-In/input__txtPassword"), "8SQVv/p9jVScEs4/2CZsLw=="): Text ****** has been set on object 'Object Repository/Page_Sign-In/input__txtPassword'

2021-10-18 14:11:40 - [MESSAGE][PASSED] - Text ****** has been set on object 'Object Repository/Page_Sign-In/input__txtPassword'

2021-10-18 14:11:40 - [TEST_STEP][PASSED] - click(findTestObject("Object Repository/Page_Sign-In/button_Sign-In")): Object: 'Object Repository/Page_Sign-In/button_Sign-In' is clicked on

2021-10-18 14:11:41 - [MESSAGE][PASSED] - Object: 'Object Repository/Page_Sign-In/button_Sign-In' is clicked on

2021-10-18 14:11:41 - [TEST_STEP][PASSED] - click(findTestObject("Object Repository/Page_Home/a_Portal")): Object: 'Object Repository/Page_Home/a_Portal' is clicked on

2021-10-18 14:11:42 - [MESSAGE][PASSED] - Object: 'Object Repository/Page_Home/a_Portal' is clicked on

2021-10-18 14:11:42 - [TEST_STEP][PASSED] - click(findTestObject("Object Repository/Page_Home/a_Portal")): Object: 'Object Repository/Page_Home/a_Portal' is clicked on

2021-10-18 14:11:43 - [MESSAGE][PASSED] - Object: 'Object Repository/Page_Home/a_Portal' is clicked on

2021-10-18 14:11:43 - [TEST_STEP][PASSED] - click(findTestObject("Page_Tenant Portal/div_Announcements")): Object: 'Object Repository/Page_Tenant Portal/div_Announcements' is clicked on

2021-10-18 14:11:44 - [MESSAGE][PASSED] - Object: 'Object Repository/Page_Tenant Portal/div_Announcements' is clicked on

2021-10-18 14:11:44 - [TEST_STEP][PASSED] - click(findTestObject("Object Repository/Page_Announcements/button_3")): Object: 'Object Repository/Page_Announcements/button_3' is clicked on

2021-10-18 14:11:45 - [MESSAGE][PASSED] - Object: 'Object Repository/Page_Announcements/button_3' is clicked on

2021-10-18 14:11:45 - [TEST_STEP][PASSED] - click(findTestObject("Object Repository/Page_Announcements/button_3")): Object: 'Object Repository/Page_Announcements/button_3' is clicked on

2021-10-18 14:11:45 - [MESSAGE][PASSED] - Object: 'Object Repository/Page_Announcements/button_3' is clicked on

2021-10-18 14:11:45 - [TEST_STEP][PASSED] - closeBrowser(): Browser is closed

2021-10-18 14:11:45 - [MESSAGE][PASSED] - Browser is closed]]></system-out>
         <system-err><![CDATA[]]></system-err>
      </testcase>
      <system-out><![CDATA[2021-10-18 14:10:12 - [TEST_SUITE][PASSED] - Tenant with Property: Test Cases/Tenant/Tenant View Announcements]]></system-out>
      <system-err><![CDATA[]]></system-err>
   </testsuite>
</testsuites>
