<?xml version="1.0" encoding="UTF-8"?>
<testsuites name="Tenant without Property" time="58.125" tests="3" failures="0" skips="0" errors="0">
   <testsuite name="Tenant without Property" tests="3" failures="0" errors="0" time="58.125" skips="0" timestamp="2021-03-14 00:39:28" hostname="mousejarrett - 192.168.1.16" id="Test Suites/Tenant without Property">
      <properties>
         <property name="deviceName" value=""/>
         <property name="devicePlatform" value=""/>
         <property name="logFolder" value="/Users/mousejarrett/Desktop/SE/Managing/ManagingTests/Reports/20210314_003926/Tenant without Property/20210314_003926"/>
         <property name="logFiles" value="/Users/mousejarrett/Desktop/SE/Managing/ManagingTests/Reports/20210314_003926/Tenant without Property/20210314_003926/execution0.log"/>
         <property name="attachments" value=""/>
         <property name="hostName" value="mousejarrett - 192.168.1.16"/>
         <property name="os" value="Mac OS X 64bit"/>
         <property name="katalonVersion" value="7.9.1.208"/>
         <property name="browser" value="Chrome 89.0.4389.82"/>
         <property name="hostAddress" value="192.168.1.16"/>
         <property name="sessionId" value="fb6bd63890dabc33fae19b8c09e2124a"/>
         <property name="seleniumVersion" value="3.141.59"/>
         <property name="proxyInformation" value="ProxyInformation { proxyOption=NO_PROXY, proxyServerType=HTTP, username=, password=********, proxyServerAddress=, proxyServerPort=0, executionList=&quot;&quot;, isApplyToDesiredCapabilities=true }"/>
         <property name="platform" value="Mac OS X"/>
      </properties>
      <testcase name="Test Cases/Sign in" time="25.889" classname="Test Cases/Sign in" status="PASSED">
         <system-out><![CDATA[2021-03-14 00:39:28 - [TEST_CASE][PASSED] - Test Cases/Sign in: Test Cases/Sign in

2021-03-14 00:39:29 - [TEST_STEP][PASSED] - openBrowser(""): Browser is opened with url: ''

2021-03-14 00:39:29 - [MESSAGE][INFO] - Starting 'Chrome' driver

2021-03-14 00:39:29 - [MESSAGE][INFO] - Action delay is set to 0 milliseconds

2021-03-14 00:39:31 - [MESSAGE][PASSED] - Browser is opened with url: ''

2021-03-14 00:39:31 - [TEST_STEP][PASSED] - navigateToUrl("https://managing-made-easier.web.app/"): Navigate to 'https://managing-made-easier.web.app/' successfully

2021-03-14 00:39:49 - [MESSAGE][PASSED] - Navigate to 'https://managing-made-easier.web.app/' successfully

2021-03-14 00:39:49 - [TEST_STEP][PASSED] - click(findTestObject("Object Repository/Page_Home/a_Sign-In")): Object: 'Object Repository/Page_Home/a_Sign-In' is clicked on

2021-03-14 00:39:50 - [MESSAGE][PASSED] - Object: 'Object Repository/Page_Home/a_Sign-In' is clicked on

2021-03-14 00:39:50 - [TEST_STEP][PASSED] - setText(findTestObject("Object Repository/Page_Sign-In/input__txtEmail"), "test123@radford.edu"): Text 'test123@radford.edu' is set on object 'Object Repository/Page_Sign-In/input__txtEmail'

2021-03-14 00:39:51 - [MESSAGE][PASSED] - Text 'test123@radford.edu' is set on object 'Object Repository/Page_Sign-In/input__txtEmail'

2021-03-14 00:39:51 - [TEST_STEP][PASSED] - setEncryptedText(findTestObject("Object Repository/Page_Sign-In/input__txtPassword"), "8SQVv/p9jVScEs4/2CZsLw=="): Text ****** has been set on object 'Object Repository/Page_Sign-In/input__txtPassword'

2021-03-14 00:39:51 - [MESSAGE][PASSED] - Text ****** has been set on object 'Object Repository/Page_Sign-In/input__txtPassword'

2021-03-14 00:39:51 - [TEST_STEP][PASSED] - click(findTestObject("Object Repository/Page_Sign-In/button_Sign-In")): Object: 'Object Repository/Page_Sign-In/button_Sign-In' is clicked on

2021-03-14 00:39:52 - [MESSAGE][PASSED] - Object: 'Object Repository/Page_Sign-In/button_Sign-In' is clicked on

2021-03-14 00:39:52 - [TEST_STEP][PASSED] - verifyElementPresent(findTestObject("Object Repository/Page_Sign-In/div_Sign-in Successful You will be redirect_b31683"), 0): Object 'Object Repository/Page_Sign-In/div_Sign-in Successful You will be redirect_b31683' is present

2021-03-14 00:39:52 - [MESSAGE][WARNING] - Timeout '0' is invalid. Using default page load timeout: '30'

2021-03-14 00:39:54 - [MESSAGE][PASSED] - Object 'Object Repository/Page_Sign-In/div_Sign-in Successful You will be redirect_b31683' is present

2021-03-14 00:39:54 - [TEST_STEP][PASSED] - closeBrowser(): Browser is closed

2021-03-14 00:39:54 - [MESSAGE][PASSED] - Browser is closed]]></system-out>
         <system-err><![CDATA[]]></system-err>
      </testcase>
      <testcase name="Test Cases/Tenant/View Tenant Portal (Not Renting)" time="16.822" classname="Test Cases/Tenant/View Tenant Portal (Not Renting)" status="PASSED">
         <system-out><![CDATA[2021-03-14 00:39:54 - [TEST_CASE][PASSED] - Test Cases/Tenant/View Tenant Portal (Not Renting): Test Cases/Tenant/View Tenant Portal (Not Renting)

2021-03-14 00:39:54 - [TEST_STEP][PASSED] - openBrowser(""): Browser is opened with url: ''

2021-03-14 00:39:54 - [MESSAGE][INFO] - Starting 'Chrome' driver

2021-03-14 00:39:54 - [MESSAGE][INFO] - Action delay is set to 0 milliseconds

2021-03-14 00:39:55 - [MESSAGE][PASSED] - Browser is opened with url: ''

2021-03-14 00:39:55 - [TEST_STEP][PASSED] - navigateToUrl("https://managing-made-easier.web.app/"): Navigate to 'https://managing-made-easier.web.app/' successfully

2021-03-14 00:40:04 - [MESSAGE][PASSED] - Navigate to 'https://managing-made-easier.web.app/' successfully

2021-03-14 00:40:04 - [TEST_STEP][PASSED] - click(findTestObject("Object Repository/Page_Home/a_Sign-In"), STOP_ON_FAILURE): Object: 'Object Repository/Page_Home/a_Sign-In' is clicked on

2021-03-14 00:40:06 - [MESSAGE][PASSED] - Object: 'Object Repository/Page_Home/a_Sign-In' is clicked on

2021-03-14 00:40:06 - [TEST_STEP][PASSED] - setText(findTestObject("Object Repository/Page_Sign-In/input__txtEmail"), "test123@radford.edu"): Text 'test123@radford.edu' is set on object 'Object Repository/Page_Sign-In/input__txtEmail'

2021-03-14 00:40:07 - [MESSAGE][PASSED] - Text 'test123@radford.edu' is set on object 'Object Repository/Page_Sign-In/input__txtEmail'

2021-03-14 00:40:07 - [TEST_STEP][PASSED] - setEncryptedText(findTestObject("Object Repository/Page_Sign-In/input__txtPassword"), "8SQVv/p9jVScEs4/2CZsLw=="): Text ****** has been set on object 'Object Repository/Page_Sign-In/input__txtPassword'

2021-03-14 00:40:07 - [MESSAGE][PASSED] - Text ****** has been set on object 'Object Repository/Page_Sign-In/input__txtPassword'

2021-03-14 00:40:07 - [TEST_STEP][PASSED] - click(findTestObject("Object Repository/Page_Sign-In/button_Sign-In")): Object: 'Object Repository/Page_Sign-In/button_Sign-In' is clicked on

2021-03-14 00:40:08 - [MESSAGE][PASSED] - Object: 'Object Repository/Page_Sign-In/button_Sign-In' is clicked on

2021-03-14 00:40:08 - [TEST_STEP][PASSED] - verifyElementPresent(findTestObject("Object Repository/Page_Sign-In/div_Sign-in Successful You will be redirect_b31683"), 0): Object 'Object Repository/Page_Sign-In/div_Sign-in Successful You will be redirect_b31683' is present

2021-03-14 00:40:08 - [MESSAGE][WARNING] - Timeout '0' is invalid. Using default page load timeout: '30'

2021-03-14 00:40:09 - [MESSAGE][PASSED] - Object 'Object Repository/Page_Sign-In/div_Sign-in Successful You will be redirect_b31683' is present

2021-03-14 00:40:09 - [TEST_STEP][PASSED] - click(findTestObject("Object Repository/Page_Home/a_Portal")): Object: 'Object Repository/Page_Home/a_Portal' is clicked on

2021-03-14 00:40:09 - [MESSAGE][PASSED] - Object: 'Object Repository/Page_Home/a_Portal' is clicked on

2021-03-14 00:40:09 - [TEST_STEP][PASSED] - verifyElementPresent(findTestObject("Object Repository/Page_Tenant Portal/div_Announcements"), 0): Object 'Object Repository/Page_Tenant Portal/div_Announcements' is present

2021-03-14 00:40:09 - [MESSAGE][WARNING] - Timeout '0' is invalid. Using default page load timeout: '30'

2021-03-14 00:40:10 - [MESSAGE][PASSED] - Object 'Object Repository/Page_Tenant Portal/div_Announcements' is present

2021-03-14 00:40:10 - [TEST_STEP][PASSED] - verifyElementPresent(findTestObject("Object Repository/Page_Tenant Portal/div_Schedule Walkthrough"), 0): Object 'Object Repository/Page_Tenant Portal/div_Schedule Walkthrough' is present

2021-03-14 00:40:10 - [MESSAGE][WARNING] - Timeout '0' is invalid. Using default page load timeout: '30'

2021-03-14 00:40:11 - [MESSAGE][PASSED] - Object 'Object Repository/Page_Tenant Portal/div_Schedule Walkthrough' is present

2021-03-14 00:40:11 - [TEST_STEP][PASSED] - verifyElementPresent(findTestObject("Object Repository/Page_Tenant Portal/div_Apply to Rent"), 0): Object 'Object Repository/Page_Tenant Portal/div_Apply to Rent' is present

2021-03-14 00:40:11 - [MESSAGE][WARNING] - Timeout '0' is invalid. Using default page load timeout: '30'

2021-03-14 00:40:11 - [MESSAGE][PASSED] - Object 'Object Repository/Page_Tenant Portal/div_Apply to Rent' is present

2021-03-14 00:40:11 - [TEST_STEP][PASSED] - closeBrowser(): Browser is closed

2021-03-14 00:40:11 - [MESSAGE][PASSED] - Browser is closed]]></system-out>
         <system-err><![CDATA[]]></system-err>
      </testcase>
      <testcase name="Test Cases/Tenant/Tenant View Announcements" time="14.586" classname="Test Cases/Tenant/Tenant View Announcements" status="PASSED">
         <system-out><![CDATA[2021-03-14 00:40:11 - [TEST_CASE][PASSED] - Test Cases/Tenant/Tenant View Announcements: Test Cases/Tenant/Tenant View Announcements

2021-03-14 00:40:11 - [TEST_STEP][PASSED] - openBrowser(""): Browser is opened with url: ''

2021-03-14 00:40:11 - [MESSAGE][INFO] - Starting 'Chrome' driver

2021-03-14 00:40:11 - [MESSAGE][INFO] - Action delay is set to 0 milliseconds

2021-03-14 00:40:12 - [MESSAGE][PASSED] - Browser is opened with url: ''

2021-03-14 00:40:12 - [TEST_STEP][PASSED] - navigateToUrl("https://managing-made-easier.web.app/"): Navigate to 'https://managing-made-easier.web.app/' successfully

2021-03-14 00:40:18 - [MESSAGE][PASSED] - Navigate to 'https://managing-made-easier.web.app/' successfully

2021-03-14 00:40:18 - [TEST_STEP][PASSED] - click(findTestObject("Object Repository/Page_Home/a_Sign-In")): Object: 'Object Repository/Page_Home/a_Sign-In' is clicked on

2021-03-14 00:40:18 - [MESSAGE][PASSED] - Object: 'Object Repository/Page_Home/a_Sign-In' is clicked on

2021-03-14 00:40:18 - [TEST_STEP][PASSED] - setText(findTestObject("Object Repository/Page_Sign-In/input__txtEmail"), "test321@gmail.com"): Text 'test321@gmail.com' is set on object 'Object Repository/Page_Sign-In/input__txtEmail'

2021-03-14 00:40:19 - [MESSAGE][PASSED] - Text 'test321@gmail.com' is set on object 'Object Repository/Page_Sign-In/input__txtEmail'

2021-03-14 00:40:19 - [TEST_STEP][PASSED] - setEncryptedText(findTestObject("Object Repository/Page_Sign-In/input__txtPassword"), "8SQVv/p9jVScEs4/2CZsLw=="): Text ****** has been set on object 'Object Repository/Page_Sign-In/input__txtPassword'

2021-03-14 00:40:20 - [MESSAGE][PASSED] - Text ****** has been set on object 'Object Repository/Page_Sign-In/input__txtPassword'

2021-03-14 00:40:20 - [TEST_STEP][PASSED] - click(findTestObject("Object Repository/Page_Sign-In/button_Sign-In")): Object: 'Object Repository/Page_Sign-In/button_Sign-In' is clicked on

2021-03-14 00:40:20 - [MESSAGE][PASSED] - Object: 'Object Repository/Page_Sign-In/button_Sign-In' is clicked on

2021-03-14 00:40:20 - [TEST_STEP][PASSED] - click(findTestObject("Object Repository/Page_Home/a_Portal")): Object: 'Object Repository/Page_Home/a_Portal' is clicked on

2021-03-14 00:40:22 - [MESSAGE][PASSED] - Object: 'Object Repository/Page_Home/a_Portal' is clicked on

2021-03-14 00:40:22 - [TEST_STEP][PASSED] - click(findTestObject("Page_Tenant Portal/div_Announcements")): Object: 'Object Repository/Page_Tenant Portal/div_Announcements' is clicked on

2021-03-14 00:40:24 - [MESSAGE][PASSED] - Object: 'Object Repository/Page_Tenant Portal/div_Announcements' is clicked on

2021-03-14 00:40:24 - [TEST_STEP][PASSED] - click(findTestObject("Object Repository/Page_Announcements/button_3")): Object: 'Object Repository/Page_Announcements/button_3' is clicked on

2021-03-14 00:40:25 - [MESSAGE][PASSED] - Object: 'Object Repository/Page_Announcements/button_3' is clicked on

2021-03-14 00:40:25 - [TEST_STEP][PASSED] - click(findTestObject("Object Repository/Page_Announcements/button_3")): Object: 'Object Repository/Page_Announcements/button_3' is clicked on

2021-03-14 00:40:25 - [MESSAGE][PASSED] - Object: 'Object Repository/Page_Announcements/button_3' is clicked on

2021-03-14 00:40:25 - [TEST_STEP][PASSED] - closeBrowser(): Browser is closed

2021-03-14 00:40:26 - [MESSAGE][PASSED] - Browser is closed]]></system-out>
         <system-err><![CDATA[]]></system-err>
      </testcase>
      <system-out><![CDATA[2021-03-14 00:39:28 - [TEST_SUITE][PASSED] - Tenant without Property: Test Cases/Tenant/Tenant View Announcements]]></system-out>
      <system-err><![CDATA[]]></system-err>
   </testsuite>
</testsuites>
