<?xml version="1.0" encoding="UTF-8"?>
<testsuites name="Tenant without Property" time="56.264" tests="5" failures="0" errors="0">
   <testsuite name="Tenant without Property" tests="5" failures="0" errors="0" time="56.264" skipped="0" timestamp="2021-09-27 19:02:54" hostname="mousejarrett - localhost" id="Test Suites/Tenant without Property">
      <properties>
         <property name="deviceName" value=""/>
         <property name="devicePlatform" value=""/>
         <property name="logFolder" value="/Users/mousejarrett/Desktop/SE 2/Managing/ManagingTests/Reports/20210927_190252/Tenant without Property/20210927_190252"/>
         <property name="logFiles" value="/Users/mousejarrett/Desktop/SE 2/Managing/ManagingTests/Reports/20210927_190252/Tenant without Property/20210927_190252/execution0.log"/>
         <property name="attachments" value=""/>
         <property name="hostName" value="mousejarrett - localhost"/>
         <property name="os" value="Mac OS X 64bit"/>
         <property name="katalonVersion" value="8.1.0.208"/>
         <property name="browser" value="Chrome 93.0.4577.82"/>
         <property name="hostAddress" value="127.0.0.1"/>
         <property name="sessionId" value="20ec7ce56da711c309c800dc695b6286"/>
         <property name="seleniumVersion" value="3.141.59"/>
         <property name="proxyInformation" value="ProxyInformation { proxyOption=NO_PROXY, proxyServerType=HTTP, username=, password=********, proxyServerAddress=, proxyServerPort=0, executionList=&quot;&quot;, isApplyToDesiredCapabilities=true }"/>
         <property name="platform" value="Mac OS X"/>
      </properties>
      <testcase name="Test Cases/Tenant/View Tenant Portal (Not Renting)" time="12.671" classname="Test Cases/Tenant/View Tenant Portal (Not Renting)" status="PASSED">
         <system-out><![CDATA[2021-09-27 19:02:54 - [TEST_CASE][PASSED] - Test Cases/Tenant/View Tenant Portal (Not Renting): Test Cases/Tenant/View Tenant Portal (Not Renting)

2021-09-27 19:02:54 - [TEST_STEP][PASSED] - openBrowser(""): Browser is opened with url: ''

2021-09-27 19:02:55 - [MESSAGE][INFO] - Starting 'Chrome' driver

2021-09-27 19:02:55 - [MESSAGE][INFO] - Action delay is set to 0 milliseconds

2021-09-27 19:02:56 - [MESSAGE][PASSED] - Browser is opened with url: ''

2021-09-27 19:02:56 - [TEST_STEP][PASSED] - navigateToUrl("https://managing-made-easier.web.app/"): Navigate to 'https://managing-made-easier.web.app/' successfully

2021-09-27 19:03:01 - [MESSAGE][PASSED] - Navigate to 'https://managing-made-easier.web.app/' successfully

2021-09-27 19:03:01 - [TEST_STEP][PASSED] - click(findTestObject("Object Repository/Page_Home/a_Sign-In"), STOP_ON_FAILURE): Object: 'Object Repository/Page_Home/a_Sign-In' is clicked on

2021-09-27 19:03:02 - [MESSAGE][PASSED] - Object: 'Object Repository/Page_Home/a_Sign-In' is clicked on

2021-09-27 19:03:02 - [TEST_STEP][PASSED] - setText(findTestObject("Object Repository/Page_Sign-In/input__txtEmail"), "test123@radford.edu"): Text 'test123@radford.edu' is set on object 'Object Repository/Page_Sign-In/input__txtEmail'

2021-09-27 19:03:03 - [MESSAGE][PASSED] - Text 'test123@radford.edu' is set on object 'Object Repository/Page_Sign-In/input__txtEmail'

2021-09-27 19:03:03 - [TEST_STEP][PASSED] - setEncryptedText(findTestObject("Object Repository/Page_Sign-In/input__txtPassword"), "8SQVv/p9jVScEs4/2CZsLw=="): Text ****** has been set on object 'Object Repository/Page_Sign-In/input__txtPassword'

2021-09-27 19:03:03 - [MESSAGE][PASSED] - Text ****** has been set on object 'Object Repository/Page_Sign-In/input__txtPassword'

2021-09-27 19:03:03 - [TEST_STEP][PASSED] - click(findTestObject("Object Repository/Page_Sign-In/button_Sign-In")): Object: 'Object Repository/Page_Sign-In/button_Sign-In' is clicked on

2021-09-27 19:03:04 - [MESSAGE][PASSED] - Object: 'Object Repository/Page_Sign-In/button_Sign-In' is clicked on

2021-09-27 19:03:04 - [TEST_STEP][PASSED] - verifyElementPresent(findTestObject("Object Repository/Page_Sign-In/div_Sign-in Successful You will be redirect_b31683"), 0): Object 'Object Repository/Page_Sign-In/div_Sign-in Successful You will be redirect_b31683' is present

2021-09-27 19:03:04 - [MESSAGE][WARNING] - Timeout '0' is invalid. Using default page load timeout: '30'

2021-09-27 19:03:05 - [MESSAGE][PASSED] - Object 'Object Repository/Page_Sign-In/div_Sign-in Successful You will be redirect_b31683' is present

2021-09-27 19:03:05 - [TEST_STEP][PASSED] - click(findTestObject("Object Repository/Page_Home/a_Portal")): Object: 'Object Repository/Page_Home/a_Portal' is clicked on

2021-09-27 19:03:05 - [MESSAGE][PASSED] - Object: 'Object Repository/Page_Home/a_Portal' is clicked on

2021-09-27 19:03:05 - [TEST_STEP][PASSED] - verifyElementPresent(findTestObject("Object Repository/Page_Tenant Portal/div_Announcements"), 0): Object 'Object Repository/Page_Tenant Portal/div_Announcements' is present

2021-09-27 19:03:05 - [MESSAGE][WARNING] - Timeout '0' is invalid. Using default page load timeout: '30'

2021-09-27 19:03:06 - [MESSAGE][PASSED] - Object 'Object Repository/Page_Tenant Portal/div_Announcements' is present

2021-09-27 19:03:06 - [TEST_STEP][PASSED] - verifyElementPresent(findTestObject("Object Repository/Page_Tenant Portal/div_Schedule Walkthrough"), 0): Object 'Object Repository/Page_Tenant Portal/div_Schedule Walkthrough' is present

2021-09-27 19:03:06 - [MESSAGE][WARNING] - Timeout '0' is invalid. Using default page load timeout: '30'

2021-09-27 19:03:06 - [MESSAGE][PASSED] - Object 'Object Repository/Page_Tenant Portal/div_Schedule Walkthrough' is present

2021-09-27 19:03:06 - [TEST_STEP][PASSED] - verifyElementPresent(findTestObject("Object Repository/Page_Tenant Portal/div_Apply to Rent"), 0): Object 'Object Repository/Page_Tenant Portal/div_Apply to Rent' is present

2021-09-27 19:03:06 - [MESSAGE][WARNING] - Timeout '0' is invalid. Using default page load timeout: '30'

2021-09-27 19:03:07 - [MESSAGE][PASSED] - Object 'Object Repository/Page_Tenant Portal/div_Apply to Rent' is present

2021-09-27 19:03:07 - [TEST_STEP][PASSED] - closeBrowser(): Browser is closed

2021-09-27 19:03:07 - [MESSAGE][PASSED] - Browser is closed]]></system-out>
         <system-err><![CDATA[]]></system-err>
      </testcase>
      <testcase name="Test Cases/Tenant/Tenant View Announcements" time="13.494" classname="Test Cases/Tenant/Tenant View Announcements" status="PASSED">
         <system-out><![CDATA[2021-09-27 19:03:07 - [TEST_CASE][PASSED] - Test Cases/Tenant/Tenant View Announcements: Test Cases/Tenant/Tenant View Announcements

2021-09-27 19:03:07 - [TEST_STEP][PASSED] - openBrowser(""): Browser is opened with url: ''

2021-09-27 19:03:07 - [MESSAGE][INFO] - Starting 'Chrome' driver

2021-09-27 19:03:07 - [MESSAGE][INFO] - Action delay is set to 0 milliseconds

2021-09-27 19:03:08 - [MESSAGE][PASSED] - Browser is opened with url: ''

2021-09-27 19:03:08 - [TEST_STEP][PASSED] - navigateToUrl("https://managing-made-easier.web.app/"): Navigate to 'https://managing-made-easier.web.app/' successfully

2021-09-27 19:03:13 - [MESSAGE][PASSED] - Navigate to 'https://managing-made-easier.web.app/' successfully

2021-09-27 19:03:13 - [TEST_STEP][PASSED] - click(findTestObject("Object Repository/Page_Home/a_Sign-In")): Object: 'Object Repository/Page_Home/a_Sign-In' is clicked on

2021-09-27 19:03:14 - [MESSAGE][PASSED] - Object: 'Object Repository/Page_Home/a_Sign-In' is clicked on

2021-09-27 19:03:14 - [TEST_STEP][PASSED] - setText(findTestObject("Object Repository/Page_Sign-In/input__txtEmail"), "test321@gmail.com"): Text 'test321@gmail.com' is set on object 'Object Repository/Page_Sign-In/input__txtEmail'

2021-09-27 19:03:15 - [MESSAGE][PASSED] - Text 'test321@gmail.com' is set on object 'Object Repository/Page_Sign-In/input__txtEmail'

2021-09-27 19:03:15 - [TEST_STEP][PASSED] - setEncryptedText(findTestObject("Object Repository/Page_Sign-In/input__txtPassword"), "8SQVv/p9jVScEs4/2CZsLw=="): Text ****** has been set on object 'Object Repository/Page_Sign-In/input__txtPassword'

2021-09-27 19:03:15 - [MESSAGE][PASSED] - Text ****** has been set on object 'Object Repository/Page_Sign-In/input__txtPassword'

2021-09-27 19:03:15 - [TEST_STEP][PASSED] - click(findTestObject("Object Repository/Page_Sign-In/button_Sign-In")): Object: 'Object Repository/Page_Sign-In/button_Sign-In' is clicked on

2021-09-27 19:03:15 - [MESSAGE][PASSED] - Object: 'Object Repository/Page_Sign-In/button_Sign-In' is clicked on

2021-09-27 19:03:15 - [TEST_STEP][PASSED] - click(findTestObject("Object Repository/Page_Home/a_Portal")): Object: 'Object Repository/Page_Home/a_Portal' is clicked on

2021-09-27 19:03:17 - [MESSAGE][PASSED] - Object: 'Object Repository/Page_Home/a_Portal' is clicked on

2021-09-27 19:03:17 - [TEST_STEP][PASSED] - click(findTestObject("Object Repository/Page_Home/a_Portal")): Object: 'Object Repository/Page_Home/a_Portal' is clicked on

2021-09-27 19:03:18 - [MESSAGE][PASSED] - Object: 'Object Repository/Page_Home/a_Portal' is clicked on

2021-09-27 19:03:18 - [TEST_STEP][PASSED] - click(findTestObject("Page_Tenant Portal/div_Announcements")): Object: 'Object Repository/Page_Tenant Portal/div_Announcements' is clicked on

2021-09-27 19:03:19 - [MESSAGE][PASSED] - Object: 'Object Repository/Page_Tenant Portal/div_Announcements' is clicked on

2021-09-27 19:03:19 - [TEST_STEP][PASSED] - click(findTestObject("Object Repository/Page_Announcements/button_3")): Object: 'Object Repository/Page_Announcements/button_3' is clicked on

2021-09-27 19:03:20 - [MESSAGE][PASSED] - Object: 'Object Repository/Page_Announcements/button_3' is clicked on

2021-09-27 19:03:20 - [TEST_STEP][PASSED] - click(findTestObject("Object Repository/Page_Announcements/button_3")): Object: 'Object Repository/Page_Announcements/button_3' is clicked on

2021-09-27 19:03:20 - [MESSAGE][PASSED] - Object: 'Object Repository/Page_Announcements/button_3' is clicked on

2021-09-27 19:03:20 - [TEST_STEP][PASSED] - closeBrowser(): Browser is closed

2021-09-27 19:03:20 - [MESSAGE][PASSED] - Browser is closed]]></system-out>
         <system-err><![CDATA[]]></system-err>
      </testcase>
      <testcase name="Test Cases/Sign in" time="8.978" classname="Test Cases/Sign in" status="PASSED">
         <system-out><![CDATA[2021-09-27 19:03:20 - [TEST_CASE][PASSED] - Test Cases/Sign in: Test Cases/Sign in

2021-09-27 19:03:20 - [TEST_STEP][PASSED] - openBrowser(""): Browser is opened with url: ''

2021-09-27 19:03:20 - [MESSAGE][INFO] - Starting 'Chrome' driver

2021-09-27 19:03:20 - [MESSAGE][INFO] - Action delay is set to 0 milliseconds

2021-09-27 19:03:21 - [MESSAGE][PASSED] - Browser is opened with url: ''

2021-09-27 19:03:21 - [TEST_STEP][PASSED] - navigateToUrl("https://managing-made-easier.web.app/"): Navigate to 'https://managing-made-easier.web.app/' successfully

2021-09-27 19:03:26 - [MESSAGE][PASSED] - Navigate to 'https://managing-made-easier.web.app/' successfully

2021-09-27 19:03:26 - [TEST_STEP][PASSED] - click(findTestObject("Object Repository/Page_Home/a_Sign-In")): Object: 'Object Repository/Page_Home/a_Sign-In' is clicked on

2021-09-27 19:03:26 - [MESSAGE][PASSED] - Object: 'Object Repository/Page_Home/a_Sign-In' is clicked on

2021-09-27 19:03:26 - [TEST_STEP][PASSED] - setText(findTestObject("Object Repository/Page_Sign-In/input__txtEmail"), "test123@radford.edu"): Text 'test123@radford.edu' is set on object 'Object Repository/Page_Sign-In/input__txtEmail'

2021-09-27 19:03:27 - [MESSAGE][PASSED] - Text 'test123@radford.edu' is set on object 'Object Repository/Page_Sign-In/input__txtEmail'

2021-09-27 19:03:27 - [TEST_STEP][PASSED] - setEncryptedText(findTestObject("Object Repository/Page_Sign-In/input__txtPassword"), "8SQVv/p9jVScEs4/2CZsLw=="): Text ****** has been set on object 'Object Repository/Page_Sign-In/input__txtPassword'

2021-09-27 19:03:28 - [MESSAGE][PASSED] - Text ****** has been set on object 'Object Repository/Page_Sign-In/input__txtPassword'

2021-09-27 19:03:28 - [TEST_STEP][PASSED] - click(findTestObject("Object Repository/Page_Sign-In/button_Sign-In")): Object: 'Object Repository/Page_Sign-In/button_Sign-In' is clicked on

2021-09-27 19:03:28 - [MESSAGE][PASSED] - Object: 'Object Repository/Page_Sign-In/button_Sign-In' is clicked on

2021-09-27 19:03:28 - [TEST_STEP][PASSED] - verifyElementPresent(findTestObject("Object Repository/Page_Sign-In/div_Sign-in Successful You will be redirect_b31683"), 0): Object 'Object Repository/Page_Sign-In/div_Sign-in Successful You will be redirect_b31683' is present

2021-09-27 19:03:28 - [MESSAGE][WARNING] - Timeout '0' is invalid. Using default page load timeout: '30'

2021-09-27 19:03:29 - [MESSAGE][PASSED] - Object 'Object Repository/Page_Sign-In/div_Sign-in Successful You will be redirect_b31683' is present

2021-09-27 19:03:29 - [TEST_STEP][PASSED] - closeBrowser(): Browser is closed

2021-09-27 19:03:29 - [MESSAGE][PASSED] - Browser is closed]]></system-out>
         <system-err><![CDATA[]]></system-err>
      </testcase>
      <testcase name="Test Cases/Tenant/Apply" time="14.082" classname="Test Cases/Tenant/Apply" status="PASSED">
         <system-out><![CDATA[2021-09-27 19:03:29 - [TEST_CASE][PASSED] - Test Cases/Tenant/Apply: Test Cases/Tenant/Apply

2021-09-27 19:03:29 - [TEST_STEP][PASSED] - openBrowser(""): Browser is opened with url: ''

2021-09-27 19:03:29 - [MESSAGE][INFO] - Starting 'Chrome' driver

2021-09-27 19:03:29 - [MESSAGE][INFO] - Action delay is set to 0 milliseconds

2021-09-27 19:03:30 - [MESSAGE][PASSED] - Browser is opened with url: ''

2021-09-27 19:03:30 - [TEST_STEP][PASSED] - navigateToUrl("https://managing-made-easier.web.app/"): Navigate to 'https://managing-made-easier.web.app/' successfully

2021-09-27 19:03:35 - [MESSAGE][PASSED] - Navigate to 'https://managing-made-easier.web.app/' successfully

2021-09-27 19:03:35 - [TEST_STEP][PASSED] - click(findTestObject("Object Repository/Page_Home/a_Sign-In")): Object: 'Object Repository/Page_Home/a_Sign-In' is clicked on

2021-09-27 19:03:38 - [MESSAGE][PASSED] - Object: 'Object Repository/Page_Home/a_Sign-In' is clicked on

2021-09-27 19:03:38 - [TEST_STEP][PASSED] - click(findTestObject("Object Repository/Page_Sign-In/div_Email Password Sign-InForgot password")): Object: 'Object Repository/Page_Sign-In/div_Email Password Sign-InForgot password' is clicked on

2021-09-27 19:03:38 - [MESSAGE][PASSED] - Object: 'Object Repository/Page_Sign-In/div_Email Password Sign-InForgot password' is clicked on

2021-09-27 19:03:38 - [TEST_STEP][PASSED] - setText(findTestObject("Object Repository/Page_Sign-In/input__txtEmail"), "test123@radford.edu"): Text 'test123@radford.edu' is set on object 'Object Repository/Page_Sign-In/input__txtEmail'

2021-09-27 19:03:39 - [MESSAGE][PASSED] - Text 'test123@radford.edu' is set on object 'Object Repository/Page_Sign-In/input__txtEmail'

2021-09-27 19:03:39 - [TEST_STEP][PASSED] - setEncryptedText(findTestObject("Object Repository/Page_Sign-In/input__txtPassword"), "8SQVv/p9jVScEs4/2CZsLw=="): Text ****** has been set on object 'Object Repository/Page_Sign-In/input__txtPassword'

2021-09-27 19:03:39 - [MESSAGE][PASSED] - Text ****** has been set on object 'Object Repository/Page_Sign-In/input__txtPassword'

2021-09-27 19:03:39 - [TEST_STEP][PASSED] - sendKeys(findTestObject("Object Repository/Page_Sign-In/input__txtPassword"), Keys.chord(ENTER)): Keys 'ENTER + ' sent to object: 'Object Repository/Page_Sign-In/input__txtPassword'

2021-09-27 19:03:39 - [MESSAGE][PASSED] - Keys 'ENTER + ' sent to object: 'Object Repository/Page_Sign-In/input__txtPassword'

2021-09-27 19:03:39 - [TEST_STEP][PASSED] - click(findTestObject("Object Repository/Page_Home/a_Portal")): Object: 'Object Repository/Page_Home/a_Portal' is clicked on

2021-09-27 19:03:41 - [MESSAGE][PASSED] - Object: 'Object Repository/Page_Home/a_Portal' is clicked on

2021-09-27 19:03:41 - [TEST_STEP][PASSED] - click(findTestObject("Page_Tenant Portal/h4_Apply to Rent")): Object: 'Object Repository/Page_Tenant Portal/h4_Apply to Rent' is clicked on

2021-09-27 19:03:42 - [MESSAGE][PASSED] - Object: 'Object Repository/Page_Tenant Portal/h4_Apply to Rent' is clicked on

2021-09-27 19:03:42 - [TEST_STEP][PASSED] - click(findTestObject("Object Repository/Page_Apply/p_Please download and fully complete the Re_86c454")): Object: 'Object Repository/Page_Apply/p_Please download and fully complete the Re_86c454' is clicked on

2021-09-27 19:03:43 - [MESSAGE][PASSED] - Object: 'Object Repository/Page_Apply/p_Please download and fully complete the Re_86c454' is clicked on

2021-09-27 19:03:43 - [TEST_STEP][PASSED] - click(findTestObject("Object Repository/Page_Apply/h4_Tips for adding Application to email")): Object: 'Object Repository/Page_Apply/h4_Tips for adding Application to email' is clicked on

2021-09-27 19:03:43 - [MESSAGE][PASSED] - Object: 'Object Repository/Page_Apply/h4_Tips for adding Application to email' is clicked on

2021-09-27 19:03:43 - [TEST_STEP][PASSED] - click(findTestObject("Object Repository/Page_Apply/h3_Once you have completed the application,_820c59")): Object: 'Object Repository/Page_Apply/h3_Once you have completed the application,_820c59' is clicked on

2021-09-27 19:03:43 - [MESSAGE][PASSED] - Object: 'Object Repository/Page_Apply/h3_Once you have completed the application,_820c59' is clicked on

2021-09-27 19:03:43 - [TEST_STEP][PASSED] - closeBrowser(): Browser is closed

2021-09-27 19:03:43 - [MESSAGE][PASSED] - Browser is closed]]></system-out>
         <system-err><![CDATA[]]></system-err>
      </testcase>
      <testcase name="Test Cases/Contact" time="6.45" classname="Test Cases/Contact" status="PASSED">
         <system-out><![CDATA[2021-09-27 19:03:43 - [TEST_CASE][PASSED] - Test Cases/Contact: Test Cases/Contact

2021-09-27 19:03:44 - [TEST_STEP][PASSED] - openBrowser(""): Browser is opened with url: ''

2021-09-27 19:03:44 - [MESSAGE][INFO] - Starting 'Chrome' driver

2021-09-27 19:03:44 - [MESSAGE][INFO] - Action delay is set to 0 milliseconds

2021-09-27 19:03:45 - [MESSAGE][PASSED] - Browser is opened with url: ''

2021-09-27 19:03:45 - [TEST_STEP][PASSED] - navigateToUrl("https://managing-made-easier.web.app/"): Navigate to 'https://managing-made-easier.web.app/' successfully

2021-09-27 19:03:48 - [MESSAGE][PASSED] - Navigate to 'https://managing-made-easier.web.app/' successfully

2021-09-27 19:03:48 - [TEST_STEP][PASSED] - click(findTestObject("Object Repository/Page_Home/a_Contact")): Object: 'Object Repository/Page_Home/a_Contact' is clicked on

2021-09-27 19:03:48 - [MESSAGE][PASSED] - Object: 'Object Repository/Page_Home/a_Contact' is clicked on

2021-09-27 19:03:48 - [TEST_STEP][PASSED] - click(findTestObject("Object Repository/Page_Contact Us/h2_Email us")): Object: 'Object Repository/Page_Contact Us/h2_Email us' is clicked on

2021-09-27 19:03:49 - [MESSAGE][PASSED] - Object: 'Object Repository/Page_Contact Us/h2_Email us' is clicked on

2021-09-27 19:03:49 - [TEST_STEP][PASSED] - click(findTestObject("Object Repository/Page_Contact Us/h4_Call or Text 123-456-7890")): Object: 'Object Repository/Page_Contact Us/h4_Call or Text 123-456-7890' is clicked on

2021-09-27 19:03:49 - [MESSAGE][PASSED] - Object: 'Object Repository/Page_Contact Us/h4_Call or Text 123-456-7890' is clicked on

2021-09-27 19:03:49 - [TEST_STEP][PASSED] - click(findTestObject("Object Repository/Page_Contact Us/h4_Send us a Facebook Message")): Object: 'Object Repository/Page_Contact Us/h4_Send us a Facebook Message' is clicked on

2021-09-27 19:03:50 - [MESSAGE][PASSED] - Object: 'Object Repository/Page_Contact Us/h4_Send us a Facebook Message' is clicked on

2021-09-27 19:03:50 - [TEST_STEP][PASSED] - closeBrowser(): Browser is closed

2021-09-27 19:03:50 - [MESSAGE][PASSED] - Browser is closed]]></system-out>
         <system-err><![CDATA[]]></system-err>
      </testcase>
      <system-out><![CDATA[2021-09-27 19:02:54 - [TEST_SUITE][PASSED] - Tenant without Property: Test Cases/Contact]]></system-out>
      <system-err><![CDATA[]]></system-err>
   </testsuite>
</testsuites>
