<?xml version="1.0" encoding="UTF-8"?>
<testsuites name="Unregistered User" time="33.21" tests="3" failures="0" skips="0" errors="0">
   <testsuite name="Unregistered User" tests="3" failures="0" errors="0" time="33.21" skips="0" timestamp="2021-04-10 10:36:09" hostname="mousejarrett - localhost" id="Test Suites/Unregistered User">
      <properties>
         <property name="deviceName" value=""/>
         <property name="devicePlatform" value=""/>
         <property name="logFolder" value="/Users/mousejarrett/Desktop/SE/Managing/ManagingTests/Reports/20210410_103607/Unregistered User/20210410_103607"/>
         <property name="logFiles" value="/Users/mousejarrett/Desktop/SE/Managing/ManagingTests/Reports/20210410_103607/Unregistered User/20210410_103607/execution0.log"/>
         <property name="attachments" value=""/>
         <property name="hostName" value="mousejarrett - localhost"/>
         <property name="os" value="Mac OS X 64bit"/>
         <property name="katalonVersion" value="7.9.1.208"/>
         <property name="browser" value="Chrome 89.0.4389.114"/>
         <property name="hostAddress" value="127.0.0.1"/>
         <property name="sessionId" value="13accbea2f1f034e58baafba375d00f6"/>
         <property name="seleniumVersion" value="3.141.59"/>
         <property name="proxyInformation" value="ProxyInformation { proxyOption=NO_PROXY, proxyServerType=HTTP, username=, password=********, proxyServerAddress=, proxyServerPort=0, executionList=&quot;&quot;, isApplyToDesiredCapabilities=true }"/>
         <property name="platform" value="Mac OS X"/>
      </properties>
      <testcase name="Test Cases/Unregistered user CANNOT sign in" time="14.858" classname="Test Cases/Unregistered user CANNOT sign in" status="PASSED">
         <system-out><![CDATA[2021-04-10 10:36:10 - [TEST_CASE][PASSED] - Test Cases/Unregistered user CANNOT sign in: Test Cases/Unregistered user CANNOT sign in

2021-04-10 10:36:10 - [TEST_STEP][PASSED] - openBrowser(""): Browser is opened with url: ''

2021-04-10 10:36:10 - [MESSAGE][INFO] - Starting 'Chrome' driver

2021-04-10 10:36:10 - [MESSAGE][INFO] - Action delay is set to 0 milliseconds

2021-04-10 10:36:12 - [MESSAGE][PASSED] - Browser is opened with url: ''

2021-04-10 10:36:12 - [TEST_STEP][PASSED] - navigateToUrl("https://managing-made-easier.web.app/"): Navigate to 'https://managing-made-easier.web.app/' successfully

2021-04-10 10:36:15 - [MESSAGE][PASSED] - Navigate to 'https://managing-made-easier.web.app/' successfully

2021-04-10 10:36:15 - [TEST_STEP][PASSED] - click(findTestObject("Object Repository/Page_Home/a_Sign-In")): Object: 'Object Repository/Page_Home/a_Sign-In' is clicked on

2021-04-10 10:36:19 - [MESSAGE][PASSED] - Object: 'Object Repository/Page_Home/a_Sign-In' is clicked on

2021-04-10 10:36:19 - [TEST_STEP][PASSED] - setText(findTestObject("Object Repository/Page_Sign-In/input__txtEmail"), "test"): Text 'test' is set on object 'Object Repository/Page_Sign-In/input__txtEmail'

2021-04-10 10:36:20 - [MESSAGE][PASSED] - Text 'test' is set on object 'Object Repository/Page_Sign-In/input__txtEmail'

2021-04-10 10:36:20 - [TEST_STEP][PASSED] - setEncryptedText(findTestObject("Object Repository/Page_Sign-In/input__txtPassword"), "P9ET2sDE0SE="): Text ****** has been set on object 'Object Repository/Page_Sign-In/input__txtPassword'

2021-04-10 10:36:21 - [MESSAGE][PASSED] - Text ****** has been set on object 'Object Repository/Page_Sign-In/input__txtPassword'

2021-04-10 10:36:21 - [TEST_STEP][PASSED] - click(findTestObject("Object Repository/Page_Sign-In/button_Sign-In")): Object: 'Object Repository/Page_Sign-In/button_Sign-In' is clicked on

2021-04-10 10:36:21 - [MESSAGE][PASSED] - Object: 'Object Repository/Page_Sign-In/button_Sign-In' is clicked on

2021-04-10 10:36:21 - [TEST_STEP][PASSED] - verifyElementPresent(findTestObject("Object Repository/Page_Sign-In/div_The email address is badly formatted"), 0): Object 'Object Repository/Page_Sign-In/div_The email address is badly formatted' is present

2021-04-10 10:36:21 - [MESSAGE][WARNING] - Timeout '0' is invalid. Using default page load timeout: '30'

2021-04-10 10:36:22 - [MESSAGE][PASSED] - Object 'Object Repository/Page_Sign-In/div_The email address is badly formatted' is present

2021-04-10 10:36:22 - [TEST_STEP][PASSED] - setEncryptedText(findTestObject("Object Repository/Page_Sign-In/input__txtPassword"), "YsxTccsmuDoDBwXzvpNmKQ=="): Text ****** has been set on object 'Object Repository/Page_Sign-In/input__txtPassword'

2021-04-10 10:36:22 - [MESSAGE][PASSED] - Text ****** has been set on object 'Object Repository/Page_Sign-In/input__txtPassword'

2021-04-10 10:36:22 - [TEST_STEP][PASSED] - click(findTestObject("Object Repository/Page_Sign-In/button_Sign-In")): Object: 'Object Repository/Page_Sign-In/button_Sign-In' is clicked on

2021-04-10 10:36:22 - [MESSAGE][PASSED] - Object: 'Object Repository/Page_Sign-In/button_Sign-In' is clicked on

2021-04-10 10:36:22 - [TEST_STEP][PASSED] - setText(findTestObject("Object Repository/Page_Sign-In/input__txtEmail"), "test@gmail.com"): Text 'test@gmail.com' is set on object 'Object Repository/Page_Sign-In/input__txtEmail'

2021-04-10 10:36:23 - [MESSAGE][PASSED] - Text 'test@gmail.com' is set on object 'Object Repository/Page_Sign-In/input__txtEmail'

2021-04-10 10:36:23 - [TEST_STEP][PASSED] - click(findTestObject("Object Repository/Page_Sign-In/button_Sign-In")): Object: 'Object Repository/Page_Sign-In/button_Sign-In' is clicked on

2021-04-10 10:36:24 - [MESSAGE][PASSED] - Object: 'Object Repository/Page_Sign-In/button_Sign-In' is clicked on

2021-04-10 10:36:24 - [TEST_STEP][PASSED] - verifyElementPresent(findTestObject("Object Repository/Page_Sign-In/div_There is no user record corresponding t_0b1d2f"), 0): Object 'Object Repository/Page_Sign-In/div_There is no user record corresponding t_0b1d2f' is present

2021-04-10 10:36:24 - [MESSAGE][WARNING] - Timeout '0' is invalid. Using default page load timeout: '30'

2021-04-10 10:36:24 - [MESSAGE][PASSED] - Object 'Object Repository/Page_Sign-In/div_There is no user record corresponding t_0b1d2f' is present

2021-04-10 10:36:24 - [TEST_STEP][PASSED] - closeBrowser(): Browser is closed

2021-04-10 10:36:25 - [MESSAGE][PASSED] - Browser is closed]]></system-out>
         <system-err><![CDATA[]]></system-err>
      </testcase>
      <testcase name="Test Cases/View Listing NOT Signed in" time="9.125" classname="Test Cases/View Listing NOT Signed in" status="PASSED">
         <system-out><![CDATA[2021-04-10 10:36:25 - [TEST_CASE][PASSED] - Test Cases/View Listing NOT Signed in: Test Cases/View Listing NOT Signed in

2021-04-10 10:36:25 - [TEST_STEP][PASSED] - openBrowser(""): Browser is opened with url: ''

2021-04-10 10:36:25 - [MESSAGE][INFO] - Starting 'Chrome' driver

2021-04-10 10:36:25 - [MESSAGE][INFO] - Action delay is set to 0 milliseconds

2021-04-10 10:36:26 - [MESSAGE][PASSED] - Browser is opened with url: ''

2021-04-10 10:36:26 - [TEST_STEP][PASSED] - navigateToUrl("https://managing-made-easier.web.app/"): Navigate to 'https://managing-made-easier.web.app/' successfully

2021-04-10 10:36:32 - [MESSAGE][PASSED] - Navigate to 'https://managing-made-easier.web.app/' successfully

2021-04-10 10:36:32 - [TEST_STEP][PASSED] - click(findTestObject("Object Repository/Page_Home/a_Listings")): Object: 'Object Repository/Page_Home/a_Listings' is clicked on

2021-04-10 10:36:33 - [MESSAGE][PASSED] - Object: 'Object Repository/Page_Home/a_Listings' is clicked on

2021-04-10 10:36:33 - [TEST_STEP][PASSED] - click(findTestObject("Object Repository/Page_Search/div_Search Listings")): Object: 'Object Repository/Page_Search/div_Search Listings' is clicked on

2021-04-10 10:36:34 - [MESSAGE][PASSED] - Object: 'Object Repository/Page_Search/div_Search Listings' is clicked on

2021-04-10 10:36:34 - [TEST_STEP][PASSED] - closeBrowser(): Browser is closed

2021-04-10 10:36:34 - [MESSAGE][PASSED] - Browser is closed]]></system-out>
         <system-err><![CDATA[]]></system-err>
      </testcase>
      <testcase name="Test Cases/View listing Main page" time="8.282" classname="Test Cases/View listing Main page" status="PASSED">
         <system-out><![CDATA[2021-04-10 10:36:34 - [TEST_CASE][PASSED] - Test Cases/View listing Main page: Test Cases/View listing Main page

2021-04-10 10:36:34 - [TEST_STEP][PASSED] - openBrowser(""): Browser is opened with url: ''

2021-04-10 10:36:34 - [MESSAGE][INFO] - Starting 'Chrome' driver

2021-04-10 10:36:34 - [MESSAGE][INFO] - Action delay is set to 0 milliseconds

2021-04-10 10:36:35 - [MESSAGE][PASSED] - Browser is opened with url: ''

2021-04-10 10:36:35 - [TEST_STEP][PASSED] - navigateToUrl("https://managing-made-easier.web.app/"): Navigate to 'https://managing-made-easier.web.app/' successfully

2021-04-10 10:36:37 - [MESSAGE][PASSED] - Navigate to 'https://managing-made-easier.web.app/' successfully

2021-04-10 10:36:37 - [TEST_STEP][PASSED] - click(findTestObject("Object Repository/Page_Home/div_5 New River Dr915")): Object: 'Object Repository/Page_Home/div_5 New River Dr915' is clicked on

2021-04-10 10:36:40 - [MESSAGE][PASSED] - Object: 'Object Repository/Page_Home/div_5 New River Dr915' is clicked on

2021-04-10 10:36:40 - [TEST_STEP][PASSED] - click(findTestObject("Object Repository/Page_View Listing/div_The Best off-campus living option in Ra_9574c9")): Object: 'Object Repository/Page_View Listing/div_The Best off-campus living option in Ra_9574c9' is clicked on

2021-04-10 10:36:41 - [MESSAGE][PASSED] - Object: 'Object Repository/Page_View Listing/div_The Best off-campus living option in Ra_9574c9' is clicked on

2021-04-10 10:36:41 - [TEST_STEP][PASSED] - click(findTestObject("Object Repository/Page_View Listing/div_HouseMonthly Rent 915Date of Availabili_1384a2")): Object: 'Object Repository/Page_View Listing/div_HouseMonthly Rent 915Date of Availabili_1384a2' is clicked on

2021-04-10 10:36:41 - [MESSAGE][PASSED] - Object: 'Object Repository/Page_View Listing/div_HouseMonthly Rent 915Date of Availabili_1384a2' is clicked on

2021-04-10 10:36:41 - [TEST_STEP][PASSED] - click(findTestObject("Object Repository/Page_View Listing/div")): Object: 'Object Repository/Page_View Listing/div' is clicked on

2021-04-10 10:36:42 - [MESSAGE][PASSED] - Object: 'Object Repository/Page_View Listing/div' is clicked on

2021-04-10 10:36:42 - [TEST_STEP][PASSED] - closeBrowser(): Browser is closed

2021-04-10 10:36:42 - [MESSAGE][PASSED] - Browser is closed]]></system-out>
         <system-err><![CDATA[]]></system-err>
      </testcase>
      <system-out><![CDATA[2021-04-10 10:36:09 - [TEST_SUITE][PASSED] - Unregistered User: Test Cases/View listing Main page]]></system-out>
      <system-err><![CDATA[]]></system-err>
   </testsuite>
</testsuites>
