<?xml version="1.0" encoding="UTF-8"?>
<testsuites name="Unregistered User" time="148.75" tests="6" failures="0" skips="0" errors="0">
   <testsuite name="Unregistered User" tests="6" failures="0" errors="0" time="148.75" skips="0" timestamp="2021-04-13 19:49:19" hostname="mousejarrett - localhost" id="Test Suites/Unregistered User">
      <properties>
         <property name="deviceName" value=""/>
         <property name="devicePlatform" value=""/>
         <property name="logFolder" value="/Users/mousejarrett/Desktop/SE/Managing/ManagingTests/Reports/20210413_194917/Unregistered User/20210413_194917"/>
         <property name="logFiles" value="/Users/mousejarrett/Desktop/SE/Managing/ManagingTests/Reports/20210413_194917/Unregistered User/20210413_194917/execution0.log"/>
         <property name="attachments" value=""/>
         <property name="hostName" value="mousejarrett - localhost"/>
         <property name="os" value="Mac OS X 64bit"/>
         <property name="katalonVersion" value="7.9.1.208"/>
         <property name="browser" value="Chrome 89.0.4389.114"/>
         <property name="hostAddress" value="127.0.0.1"/>
         <property name="sessionId" value="2f68959cd91cc242b7665d103afdd013"/>
         <property name="seleniumVersion" value="3.141.59"/>
         <property name="proxyInformation" value="ProxyInformation { proxyOption=NO_PROXY, proxyServerType=HTTP, username=, password=********, proxyServerAddress=, proxyServerPort=0, executionList=&quot;&quot;, isApplyToDesiredCapabilities=true }"/>
         <property name="platform" value="Mac OS X"/>
      </properties>
      <testcase name="Test Cases/Unregistered user CANNOT sign in" time="14.712" classname="Test Cases/Unregistered user CANNOT sign in" status="PASSED">
         <system-out><![CDATA[2021-04-13 19:49:20 - [TEST_CASE][PASSED] - Test Cases/Unregistered user CANNOT sign in: Test Cases/Unregistered user CANNOT sign in

2021-04-13 19:49:20 - [TEST_STEP][PASSED] - openBrowser(""): Browser is opened with url: ''

2021-04-13 19:49:20 - [MESSAGE][INFO] - Starting 'Chrome' driver

2021-04-13 19:49:20 - [MESSAGE][INFO] - Action delay is set to 0 milliseconds

2021-04-13 19:49:23 - [MESSAGE][PASSED] - Browser is opened with url: ''

2021-04-13 19:49:23 - [TEST_STEP][PASSED] - navigateToUrl("https://managing-made-easier.web.app/"): Navigate to 'https://managing-made-easier.web.app/' successfully

2021-04-13 19:49:27 - [MESSAGE][PASSED] - Navigate to 'https://managing-made-easier.web.app/' successfully

2021-04-13 19:49:27 - [TEST_STEP][PASSED] - click(findTestObject("Object Repository/Page_Home/a_Sign-In")): Object: 'Object Repository/Page_Home/a_Sign-In' is clicked on

2021-04-13 19:49:30 - [MESSAGE][PASSED] - Object: 'Object Repository/Page_Home/a_Sign-In' is clicked on

2021-04-13 19:49:30 - [TEST_STEP][PASSED] - setText(findTestObject("Object Repository/Page_Sign-In/input__txtEmail"), "test"): Text 'test' is set on object 'Object Repository/Page_Sign-In/input__txtEmail'

2021-04-13 19:49:31 - [MESSAGE][PASSED] - Text 'test' is set on object 'Object Repository/Page_Sign-In/input__txtEmail'

2021-04-13 19:49:31 - [TEST_STEP][PASSED] - setEncryptedText(findTestObject("Object Repository/Page_Sign-In/input__txtPassword"), "P9ET2sDE0SE="): Text ****** has been set on object 'Object Repository/Page_Sign-In/input__txtPassword'

2021-04-13 19:49:31 - [MESSAGE][PASSED] - Text ****** has been set on object 'Object Repository/Page_Sign-In/input__txtPassword'

2021-04-13 19:49:31 - [TEST_STEP][PASSED] - click(findTestObject("Object Repository/Page_Sign-In/button_Sign-In")): Object: 'Object Repository/Page_Sign-In/button_Sign-In' is clicked on

2021-04-13 19:49:32 - [MESSAGE][PASSED] - Object: 'Object Repository/Page_Sign-In/button_Sign-In' is clicked on

2021-04-13 19:49:32 - [TEST_STEP][PASSED] - verifyElementPresent(findTestObject("Object Repository/Page_Sign-In/div_The email address is badly formatted"), 0): Object 'Object Repository/Page_Sign-In/div_The email address is badly formatted' is present

2021-04-13 19:49:32 - [MESSAGE][WARNING] - Timeout '0' is invalid. Using default page load timeout: '30'

2021-04-13 19:49:32 - [MESSAGE][PASSED] - Object 'Object Repository/Page_Sign-In/div_The email address is badly formatted' is present

2021-04-13 19:49:32 - [TEST_STEP][PASSED] - setEncryptedText(findTestObject("Object Repository/Page_Sign-In/input__txtPassword"), "YsxTccsmuDoDBwXzvpNmKQ=="): Text ****** has been set on object 'Object Repository/Page_Sign-In/input__txtPassword'

2021-04-13 19:49:32 - [MESSAGE][PASSED] - Text ****** has been set on object 'Object Repository/Page_Sign-In/input__txtPassword'

2021-04-13 19:49:32 - [TEST_STEP][PASSED] - click(findTestObject("Object Repository/Page_Sign-In/button_Sign-In")): Object: 'Object Repository/Page_Sign-In/button_Sign-In' is clicked on

2021-04-13 19:49:33 - [MESSAGE][PASSED] - Object: 'Object Repository/Page_Sign-In/button_Sign-In' is clicked on

2021-04-13 19:49:33 - [TEST_STEP][PASSED] - setText(findTestObject("Object Repository/Page_Sign-In/input__txtEmail"), "test@gmail.com"): Text 'test@gmail.com' is set on object 'Object Repository/Page_Sign-In/input__txtEmail'

2021-04-13 19:49:34 - [MESSAGE][PASSED] - Text 'test@gmail.com' is set on object 'Object Repository/Page_Sign-In/input__txtEmail'

2021-04-13 19:49:34 - [TEST_STEP][PASSED] - click(findTestObject("Object Repository/Page_Sign-In/button_Sign-In")): Object: 'Object Repository/Page_Sign-In/button_Sign-In' is clicked on

2021-04-13 19:49:34 - [MESSAGE][PASSED] - Object: 'Object Repository/Page_Sign-In/button_Sign-In' is clicked on

2021-04-13 19:49:34 - [TEST_STEP][PASSED] - verifyElementPresent(findTestObject("Object Repository/Page_Sign-In/div_There is no user record corresponding t_0b1d2f"), 0): Object 'Object Repository/Page_Sign-In/div_There is no user record corresponding t_0b1d2f' is present

2021-04-13 19:49:34 - [MESSAGE][WARNING] - Timeout '0' is invalid. Using default page load timeout: '30'

2021-04-13 19:49:34 - [MESSAGE][PASSED] - Object 'Object Repository/Page_Sign-In/div_There is no user record corresponding t_0b1d2f' is present

2021-04-13 19:49:34 - [TEST_STEP][PASSED] - closeBrowser(): Browser is closed

2021-04-13 19:49:35 - [MESSAGE][PASSED] - Browser is closed]]></system-out>
         <system-err><![CDATA[]]></system-err>
      </testcase>
      <testcase name="Test Cases/View Listing NOT Signed in" time="19.245" classname="Test Cases/View Listing NOT Signed in" status="PASSED">
         <system-out><![CDATA[2021-04-13 19:49:35 - [TEST_CASE][PASSED] - Test Cases/View Listing NOT Signed in: Test Cases/View Listing NOT Signed in

2021-04-13 19:49:35 - [TEST_STEP][PASSED] - openBrowser(""): Browser is opened with url: ''

2021-04-13 19:49:35 - [MESSAGE][INFO] - Starting 'Chrome' driver

2021-04-13 19:49:35 - [MESSAGE][INFO] - Action delay is set to 0 milliseconds

2021-04-13 19:49:36 - [MESSAGE][PASSED] - Browser is opened with url: ''

2021-04-13 19:49:36 - [TEST_STEP][PASSED] - navigateToUrl("https://managing-made-easier.web.app/"): Navigate to 'https://managing-made-easier.web.app/' successfully

2021-04-13 19:49:52 - [MESSAGE][PASSED] - Navigate to 'https://managing-made-easier.web.app/' successfully

2021-04-13 19:49:52 - [TEST_STEP][PASSED] - click(findTestObject("Object Repository/Page_Home/a_Listings")): Object: 'Object Repository/Page_Home/a_Listings' is clicked on

2021-04-13 19:49:53 - [MESSAGE][PASSED] - Object: 'Object Repository/Page_Home/a_Listings' is clicked on

2021-04-13 19:49:53 - [TEST_STEP][PASSED] - click(findTestObject("Object Repository/Page_Search/div_Search Listings")): Object: 'Object Repository/Page_Search/div_Search Listings' is clicked on

2021-04-13 19:49:54 - [MESSAGE][PASSED] - Object: 'Object Repository/Page_Search/div_Search Listings' is clicked on

2021-04-13 19:49:54 - [TEST_STEP][PASSED] - closeBrowser(): Browser is closed

2021-04-13 19:49:54 - [MESSAGE][PASSED] - Browser is closed]]></system-out>
         <system-err><![CDATA[]]></system-err>
      </testcase>
      <testcase name="Test Cases/View listing Main page" time="13.438" classname="Test Cases/View listing Main page" status="PASSED">
         <system-out><![CDATA[2021-04-13 19:49:54 - [TEST_CASE][PASSED] - Test Cases/View listing Main page: Test Cases/View listing Main page

2021-04-13 19:49:54 - [TEST_STEP][PASSED] - openBrowser(""): Browser is opened with url: ''

2021-04-13 19:49:54 - [MESSAGE][INFO] - Starting 'Chrome' driver

2021-04-13 19:49:54 - [MESSAGE][INFO] - Action delay is set to 0 milliseconds

2021-04-13 19:49:55 - [MESSAGE][PASSED] - Browser is opened with url: ''

2021-04-13 19:49:55 - [TEST_STEP][PASSED] - navigateToUrl("https://managing-made-easier.web.app/"): Navigate to 'https://managing-made-easier.web.app/' successfully

2021-04-13 19:50:01 - [MESSAGE][PASSED] - Navigate to 'https://managing-made-easier.web.app/' successfully

2021-04-13 19:50:01 - [TEST_STEP][PASSED] - click(findTestObject("Object Repository/Page_Home/div_5 New River Dr915")): Object: 'Object Repository/Page_Home/div_5 New River Dr915' is clicked on

2021-04-13 19:50:06 - [MESSAGE][PASSED] - Object: 'Object Repository/Page_Home/div_5 New River Dr915' is clicked on

2021-04-13 19:50:06 - [TEST_STEP][PASSED] - click(findTestObject("Object Repository/Page_View Listing/div_The Best off-campus living option in Ra_9574c9")): Object: 'Object Repository/Page_View Listing/div_The Best off-campus living option in Ra_9574c9' is clicked on

2021-04-13 19:50:06 - [MESSAGE][PASSED] - Object: 'Object Repository/Page_View Listing/div_The Best off-campus living option in Ra_9574c9' is clicked on

2021-04-13 19:50:06 - [TEST_STEP][PASSED] - click(findTestObject("Object Repository/Page_View Listing/div_HouseMonthly Rent 915Date of Availabili_1384a2")): Object: 'Object Repository/Page_View Listing/div_HouseMonthly Rent 915Date of Availabili_1384a2' is clicked on

2021-04-13 19:50:07 - [MESSAGE][PASSED] - Object: 'Object Repository/Page_View Listing/div_HouseMonthly Rent 915Date of Availabili_1384a2' is clicked on

2021-04-13 19:50:07 - [TEST_STEP][PASSED] - click(findTestObject("Object Repository/Page_View Listing/div")): Object: 'Object Repository/Page_View Listing/div' is clicked on

2021-04-13 19:50:07 - [MESSAGE][PASSED] - Object: 'Object Repository/Page_View Listing/div' is clicked on

2021-04-13 19:50:07 - [TEST_STEP][PASSED] - closeBrowser(): Browser is closed

2021-04-13 19:50:07 - [MESSAGE][PASSED] - Browser is closed]]></system-out>
         <system-err><![CDATA[]]></system-err>
      </testcase>
      <testcase name="Test Cases/Access Facebook" time="17.916" classname="Test Cases/Access Facebook" status="PASSED">
         <system-out><![CDATA[2021-04-13 19:50:07 - [TEST_CASE][PASSED] - Test Cases/Access Facebook: Test Cases/Access Facebook

2021-04-13 19:50:07 - [TEST_STEP][PASSED] - openBrowser(""): Browser is opened with url: ''

2021-04-13 19:50:07 - [MESSAGE][INFO] - Starting 'Chrome' driver

2021-04-13 19:50:07 - [MESSAGE][INFO] - Action delay is set to 0 milliseconds

2021-04-13 19:50:08 - [MESSAGE][PASSED] - Browser is opened with url: ''

2021-04-13 19:50:08 - [TEST_STEP][PASSED] - navigateToUrl("https://managing-made-easier.web.app/"): Navigate to 'https://managing-made-easier.web.app/' successfully

2021-04-13 19:50:18 - [MESSAGE][PASSED] - Navigate to 'https://managing-made-easier.web.app/' successfully

2021-04-13 19:50:18 - [TEST_STEP][PASSED] - click(findTestObject("Object Repository/Page_Home/div_Welcome To Jarrett Properties")): Object: 'Object Repository/Page_Home/div_Welcome To Jarrett Properties' is clicked on

2021-04-13 19:50:19 - [MESSAGE][PASSED] - Object: 'Object Repository/Page_Home/div_Welcome To Jarrett Properties' is clicked on

2021-04-13 19:50:19 - [TEST_STEP][PASSED] - click(findTestObject("Page_Home/path")): Object: 'Object Repository/Page_Home/path' is clicked on

2021-04-13 19:50:25 - [MESSAGE][PASSED] - Object: 'Object Repository/Page_Home/path' is clicked on

2021-04-13 19:50:25 - [TEST_STEP][PASSED] - closeBrowser(): Browser is closed

2021-04-13 19:50:25 - [MESSAGE][PASSED] - Browser is closed]]></system-out>
         <system-err><![CDATA[]]></system-err>
      </testcase>
      <testcase name="Test Cases/Realtor Button" time="43.903" classname="Test Cases/Realtor Button" status="PASSED">
         <system-out><![CDATA[2021-04-13 19:50:25 - [TEST_CASE][PASSED] - Test Cases/Realtor Button: Test Cases/Realtor Button

2021-04-13 19:50:25 - [TEST_STEP][PASSED] - openBrowser(""): Browser is opened with url: ''

2021-04-13 19:50:25 - [MESSAGE][INFO] - Starting 'Chrome' driver

2021-04-13 19:50:25 - [MESSAGE][INFO] - Action delay is set to 0 milliseconds

2021-04-13 19:50:26 - [MESSAGE][PASSED] - Browser is opened with url: ''

2021-04-13 19:50:26 - [TEST_STEP][PASSED] - navigateToUrl("https://managing-made-easier.web.app/"): Navigate to 'https://managing-made-easier.web.app/' successfully

2021-04-13 19:50:32 - [MESSAGE][PASSED] - Navigate to 'https://managing-made-easier.web.app/' successfully

2021-04-13 19:50:32 - [TEST_STEP][PASSED] - click(findTestObject("Object Repository/Page_Home/h1_Welcome To Jarrett Properties")): Object: 'Object Repository/Page_Home/h1_Welcome To Jarrett Properties' is clicked on

2021-04-13 19:50:33 - [MESSAGE][PASSED] - Object: 'Object Repository/Page_Home/h1_Welcome To Jarrett Properties' is clicked on

2021-04-13 19:50:33 - [TEST_STEP][PASSED] - click(findTestObject("Object Repository/Page_Home/img")): Object: 'Object Repository/Page_Home/img' is clicked on

2021-04-13 19:51:09 - [MESSAGE][PASSED] - Object: 'Object Repository/Page_Home/img' is clicked on

2021-04-13 19:51:09 - [TEST_STEP][PASSED] - closeBrowser(): Browser is closed

2021-04-13 19:51:09 - [MESSAGE][PASSED] - Browser is closed]]></system-out>
         <system-err><![CDATA[]]></system-err>
      </testcase>
      <testcase name="Test Cases/Equal Housing Button" time="38.68" classname="Test Cases/Equal Housing Button" status="PASSED">
         <system-out><![CDATA[2021-04-13 19:51:09 - [TEST_CASE][PASSED] - Test Cases/Equal Housing Button: Test Cases/Equal Housing Button

2021-04-13 19:51:09 - [TEST_STEP][PASSED] - openBrowser(""): Browser is opened with url: ''

2021-04-13 19:51:09 - [MESSAGE][INFO] - Starting 'Chrome' driver

2021-04-13 19:51:09 - [MESSAGE][INFO] - Action delay is set to 0 milliseconds

2021-04-13 19:51:10 - [MESSAGE][PASSED] - Browser is opened with url: ''

2021-04-13 19:51:10 - [TEST_STEP][PASSED] - navigateToUrl("https://managing-made-easier.web.app/"): Navigate to 'https://managing-made-easier.web.app/' successfully

2021-04-13 19:51:15 - [MESSAGE][PASSED] - Navigate to 'https://managing-made-easier.web.app/' successfully

2021-04-13 19:51:15 - [TEST_STEP][PASSED] - click(findTestObject("Object Repository/Page_Home/h1_Welcome To Jarrett Properties")): Object: 'Object Repository/Page_Home/h1_Welcome To Jarrett Properties' is clicked on

2021-04-13 19:51:16 - [MESSAGE][PASSED] - Object: 'Object Repository/Page_Home/h1_Welcome To Jarrett Properties' is clicked on

2021-04-13 19:51:16 - [TEST_STEP][PASSED] - click(findTestObject("Object Repository/Page_Home/img")): Object: 'Object Repository/Page_Home/img' is clicked on

2021-04-13 19:51:48 - [MESSAGE][PASSED] - Object: 'Object Repository/Page_Home/img' is clicked on

2021-04-13 19:51:48 - [TEST_STEP][PASSED] - closeBrowser(): Browser is closed

2021-04-13 19:51:48 - [MESSAGE][PASSED] - Browser is closed]]></system-out>
         <system-err><![CDATA[]]></system-err>
      </testcase>
      <system-out><![CDATA[2021-04-13 19:49:19 - [TEST_SUITE][PASSED] - Unregistered User: Test Cases/Equal Housing Button]]></system-out>
      <system-err><![CDATA[]]></system-err>
   </testsuite>
</testsuites>
