<?xml version="1.0" encoding="UTF-8"?>
<testsuites name="Unregistered User" time="94.628" tests="7" failures="0" errors="0">
   <testsuite name="Unregistered User" tests="7" failures="0" errors="0" time="94.628" skipped="0" timestamp="2021-11-02 09:24:09" hostname="mousejarrett - localhost" id="Test Suites/Unregistered User">
      <properties>
         <property name="deviceName" value=""/>
         <property name="devicePlatform" value=""/>
         <property name="logFolder" value="/Users/mousejarrett/Desktop/SE 2/Managing/ManagingTests/Reports/20211102_092407/Unregistered User/20211102_092407"/>
         <property name="logFiles" value="/Users/mousejarrett/Desktop/SE 2/Managing/ManagingTests/Reports/20211102_092407/Unregistered User/20211102_092407/execution0.log"/>
         <property name="attachments" value=""/>
         <property name="hostName" value="mousejarrett - localhost"/>
         <property name="os" value="Mac OS X 64bit"/>
         <property name="katalonVersion" value="8.1.0.208"/>
         <property name="browser" value="Chrome 95.0.4638.54"/>
         <property name="hostAddress" value="127.0.0.1"/>
         <property name="sessionId" value="3f59bd3249082ef74f3a23c62f11383e"/>
         <property name="seleniumVersion" value="3.141.59"/>
         <property name="proxyInformation" value="ProxyInformation { proxyOption=NO_PROXY, proxyServerType=HTTP, username=, password=********, proxyServerAddress=, proxyServerPort=0, executionList=&quot;&quot;, isApplyToDesiredCapabilities=true }"/>
         <property name="platform" value="Mac OS X"/>
      </properties>
      <testcase name="Test Cases/Unregistered user CANNOT sign in" time="13.186" classname="Test Cases/Unregistered user CANNOT sign in" status="PASSED">
         <system-out><![CDATA[2021-11-02 09:24:09 - [TEST_CASE][PASSED] - Test Cases/Unregistered user CANNOT sign in: Test Cases/Unregistered user CANNOT sign in

2021-11-02 09:24:10 - [TEST_STEP][PASSED] - openBrowser(""): Browser is opened with url: ''

2021-11-02 09:24:10 - [MESSAGE][INFO] - Starting 'Chrome' driver

2021-11-02 09:24:10 - [MESSAGE][INFO] - Action delay is set to 0 milliseconds

2021-11-02 09:24:12 - [MESSAGE][PASSED] - Browser is opened with url: ''

2021-11-02 09:24:12 - [TEST_STEP][PASSED] - navigateToUrl("https://managing-made-easier.web.app/"): Navigate to 'https://managing-made-easier.web.app/' successfully

2021-11-02 09:24:16 - [MESSAGE][PASSED] - Navigate to 'https://managing-made-easier.web.app/' successfully

2021-11-02 09:24:16 - [TEST_STEP][PASSED] - click(findTestObject("Object Repository/Page_Home/a_Sign-In")): Object: 'Object Repository/Page_Home/a_Sign-In' is clicked on

2021-11-02 09:24:18 - [MESSAGE][PASSED] - Object: 'Object Repository/Page_Home/a_Sign-In' is clicked on

2021-11-02 09:24:18 - [TEST_STEP][PASSED] - setText(findTestObject("Object Repository/Page_Sign-In/input__txtEmail"), "test"): Text 'test' is set on object 'Object Repository/Page_Sign-In/input__txtEmail'

2021-11-02 09:24:18 - [MESSAGE][PASSED] - Text 'test' is set on object 'Object Repository/Page_Sign-In/input__txtEmail'

2021-11-02 09:24:18 - [TEST_STEP][PASSED] - setEncryptedText(findTestObject("Object Repository/Page_Sign-In/input__txtPassword"), "P9ET2sDE0SE="): Text ****** has been set on object 'Object Repository/Page_Sign-In/input__txtPassword'

2021-11-02 09:24:19 - [MESSAGE][PASSED] - Text ****** has been set on object 'Object Repository/Page_Sign-In/input__txtPassword'

2021-11-02 09:24:19 - [TEST_STEP][PASSED] - click(findTestObject("Object Repository/Page_Sign-In/button_Sign-In")): Object: 'Object Repository/Page_Sign-In/button_Sign-In' is clicked on

2021-11-02 09:24:19 - [MESSAGE][PASSED] - Object: 'Object Repository/Page_Sign-In/button_Sign-In' is clicked on

2021-11-02 09:24:19 - [TEST_STEP][PASSED] - verifyElementPresent(findTestObject("Object Repository/Page_Sign-In/div_The email address is badly formatted"), 0): Object 'Object Repository/Page_Sign-In/div_The email address is badly formatted' is present

2021-11-02 09:24:19 - [MESSAGE][WARNING] - Timeout '0' is invalid. Using default page load timeout: '30'

2021-11-02 09:24:20 - [MESSAGE][PASSED] - Object 'Object Repository/Page_Sign-In/div_The email address is badly formatted' is present

2021-11-02 09:24:20 - [TEST_STEP][PASSED] - setEncryptedText(findTestObject("Object Repository/Page_Sign-In/input__txtPassword"), "YsxTccsmuDoDBwXzvpNmKQ=="): Text ****** has been set on object 'Object Repository/Page_Sign-In/input__txtPassword'

2021-11-02 09:24:20 - [MESSAGE][PASSED] - Text ****** has been set on object 'Object Repository/Page_Sign-In/input__txtPassword'

2021-11-02 09:24:20 - [TEST_STEP][PASSED] - click(findTestObject("Object Repository/Page_Sign-In/button_Sign-In")): Object: 'Object Repository/Page_Sign-In/button_Sign-In' is clicked on

2021-11-02 09:24:20 - [MESSAGE][PASSED] - Object: 'Object Repository/Page_Sign-In/button_Sign-In' is clicked on

2021-11-02 09:24:20 - [TEST_STEP][PASSED] - setText(findTestObject("Object Repository/Page_Sign-In/input__txtEmail"), "test@gmail.com"): Text 'test@gmail.com' is set on object 'Object Repository/Page_Sign-In/input__txtEmail'

2021-11-02 09:24:21 - [MESSAGE][PASSED] - Text 'test@gmail.com' is set on object 'Object Repository/Page_Sign-In/input__txtEmail'

2021-11-02 09:24:21 - [TEST_STEP][PASSED] - click(findTestObject("Object Repository/Page_Sign-In/button_Sign-In")): Object: 'Object Repository/Page_Sign-In/button_Sign-In' is clicked on

2021-11-02 09:24:22 - [MESSAGE][PASSED] - Object: 'Object Repository/Page_Sign-In/button_Sign-In' is clicked on

2021-11-02 09:24:22 - [TEST_STEP][PASSED] - verifyElementPresent(findTestObject("Object Repository/Page_Sign-In/div_There is no user record corresponding t_0b1d2f"), 0): Object 'Object Repository/Page_Sign-In/div_There is no user record corresponding t_0b1d2f' is present

2021-11-02 09:24:22 - [MESSAGE][WARNING] - Timeout '0' is invalid. Using default page load timeout: '30'

2021-11-02 09:24:22 - [MESSAGE][PASSED] - Object 'Object Repository/Page_Sign-In/div_There is no user record corresponding t_0b1d2f' is present

2021-11-02 09:24:22 - [TEST_STEP][PASSED] - closeBrowser(): Browser is closed

2021-11-02 09:24:23 - [MESSAGE][PASSED] - Browser is closed]]></system-out>
         <system-err><![CDATA[]]></system-err>
      </testcase>
      <testcase name="Test Cases/View Listing NOT Signed in" time="5.653" classname="Test Cases/View Listing NOT Signed in" status="PASSED">
         <system-out><![CDATA[2021-11-02 09:24:23 - [TEST_CASE][PASSED] - Test Cases/View Listing NOT Signed in: Test Cases/View Listing NOT Signed in

2021-11-02 09:24:23 - [TEST_STEP][PASSED] - openBrowser(""): Browser is opened with url: ''

2021-11-02 09:24:23 - [MESSAGE][INFO] - Starting 'Chrome' driver

2021-11-02 09:24:23 - [MESSAGE][INFO] - Action delay is set to 0 milliseconds

2021-11-02 09:24:24 - [MESSAGE][PASSED] - Browser is opened with url: ''

2021-11-02 09:24:24 - [TEST_STEP][PASSED] - navigateToUrl("https://managing-made-easier.web.app/"): Navigate to 'https://managing-made-easier.web.app/' successfully

2021-11-02 09:24:26 - [MESSAGE][PASSED] - Navigate to 'https://managing-made-easier.web.app/' successfully

2021-11-02 09:24:26 - [TEST_STEP][PASSED] - click(findTestObject("Object Repository/Page_Home/a_Listings")): Object: 'Object Repository/Page_Home/a_Listings' is clicked on

2021-11-02 09:24:27 - [MESSAGE][PASSED] - Object: 'Object Repository/Page_Home/a_Listings' is clicked on

2021-11-02 09:24:27 - [TEST_STEP][PASSED] - click(findTestObject("Object Repository/Page_Search/div_Search Listings")): Object: 'Object Repository/Page_Search/div_Search Listings' is clicked on

2021-11-02 09:24:28 - [MESSAGE][PASSED] - Object: 'Object Repository/Page_Search/div_Search Listings' is clicked on

2021-11-02 09:24:28 - [TEST_STEP][PASSED] - closeBrowser(): Browser is closed

2021-11-02 09:24:28 - [MESSAGE][PASSED] - Browser is closed]]></system-out>
         <system-err><![CDATA[]]></system-err>
      </testcase>
      <testcase name="Test Cases/View listing Main page" time="5.284" classname="Test Cases/View listing Main page" status="PASSED">
         <system-out><![CDATA[2021-11-02 09:24:28 - [TEST_CASE][PASSED] - Test Cases/View listing Main page: Test Cases/View listing Main page

2021-11-02 09:24:28 - [TEST_STEP][PASSED] - openBrowser(""): Browser is opened with url: ''

2021-11-02 09:24:28 - [MESSAGE][INFO] - Starting 'Chrome' driver

2021-11-02 09:24:28 - [MESSAGE][INFO] - Action delay is set to 0 milliseconds

2021-11-02 09:24:29 - [MESSAGE][PASSED] - Browser is opened with url: ''

2021-11-02 09:24:29 - [TEST_STEP][PASSED] - navigateToUrl("https://managing-made-easier.web.app/"): Navigate to 'https://managing-made-easier.web.app/' successfully

2021-11-02 09:24:31 - [MESSAGE][PASSED] - Navigate to 'https://managing-made-easier.web.app/' successfully

2021-11-02 09:24:31 - [TEST_STEP][PASSED] - click(findTestObject("Object Repository/Page_Home/div_WelcomeJarrett Properties only include _01c0fd")): Object: 'Object Repository/Page_Home/div_WelcomeJarrett Properties only include _01c0fd' is clicked on

2021-11-02 09:24:32 - [MESSAGE][PASSED] - Object: 'Object Repository/Page_Home/div_WelcomeJarrett Properties only include _01c0fd' is clicked on

2021-11-02 09:24:32 - [TEST_STEP][PASSED] - click(findTestObject("Object Repository/Page_Home/div_Katalon Test Deactivate600")): Object: 'Object Repository/Page_Home/div_Katalon Test Deactivate600' is clicked on

2021-11-02 09:24:33 - [MESSAGE][PASSED] - Object: 'Object Repository/Page_Home/div_Katalon Test Deactivate600' is clicked on

2021-11-02 09:24:33 - [TEST_STEP][PASSED] - closeBrowser(): Browser is closed

2021-11-02 09:24:33 - [MESSAGE][PASSED] - Browser is closed]]></system-out>
         <system-err><![CDATA[]]></system-err>
      </testcase>
      <testcase name="Test Cases/Access Facebook" time="10.957" classname="Test Cases/Access Facebook" status="PASSED">
         <system-out><![CDATA[2021-11-02 09:24:33 - [TEST_CASE][PASSED] - Test Cases/Access Facebook: Test Cases/Access Facebook

2021-11-02 09:24:34 - [TEST_STEP][PASSED] - openBrowser(""): Browser is opened with url: ''

2021-11-02 09:24:34 - [MESSAGE][INFO] - Starting 'Chrome' driver

2021-11-02 09:24:34 - [MESSAGE][INFO] - Action delay is set to 0 milliseconds

2021-11-02 09:24:35 - [MESSAGE][PASSED] - Browser is opened with url: ''

2021-11-02 09:24:35 - [TEST_STEP][PASSED] - navigateToUrl("https://managing-made-easier.web.app/"): Navigate to 'https://managing-made-easier.web.app/' successfully

2021-11-02 09:24:36 - [MESSAGE][PASSED] - Navigate to 'https://managing-made-easier.web.app/' successfully

2021-11-02 09:24:36 - [TEST_STEP][PASSED] - click(findTestObject("Object Repository/Page_Home/div_Welcome To Jarrett Properties")): Object: 'Object Repository/Page_Home/div_Welcome To Jarrett Properties' is clicked on

2021-11-02 09:24:38 - [MESSAGE][PASSED] - Object: 'Object Repository/Page_Home/div_Welcome To Jarrett Properties' is clicked on

2021-11-02 09:24:38 - [TEST_STEP][PASSED] - click(findTestObject("Page_Home/path")): Object: 'Object Repository/Page_Home/path' is clicked on

2021-11-02 09:24:44 - [MESSAGE][PASSED] - Object: 'Object Repository/Page_Home/path' is clicked on

2021-11-02 09:24:44 - [TEST_STEP][PASSED] - closeBrowser(): Browser is closed

2021-11-02 09:24:44 - [MESSAGE][PASSED] - Browser is closed]]></system-out>
         <system-err><![CDATA[]]></system-err>
      </testcase>
      <testcase name="Test Cases/Realtor Button" time="26.149" classname="Test Cases/Realtor Button" status="PASSED">
         <system-out><![CDATA[2021-11-02 09:24:44 - [TEST_CASE][PASSED] - Test Cases/Realtor Button: Test Cases/Realtor Button

2021-11-02 09:24:45 - [TEST_STEP][PASSED] - openBrowser(""): Browser is opened with url: ''

2021-11-02 09:24:45 - [MESSAGE][INFO] - Starting 'Chrome' driver

2021-11-02 09:24:45 - [MESSAGE][INFO] - Action delay is set to 0 milliseconds

2021-11-02 09:24:45 - [MESSAGE][PASSED] - Browser is opened with url: ''

2021-11-02 09:24:45 - [TEST_STEP][PASSED] - navigateToUrl("https://managing-made-easier.web.app/"): Navigate to 'https://managing-made-easier.web.app/' successfully

2021-11-02 09:24:47 - [MESSAGE][PASSED] - Navigate to 'https://managing-made-easier.web.app/' successfully

2021-11-02 09:24:47 - [TEST_STEP][PASSED] - click(findTestObject("Object Repository/Page_Home/h1_Welcome To Jarrett Properties")): Object: 'Object Repository/Page_Home/h1_Welcome To Jarrett Properties' is clicked on

2021-11-02 09:24:48 - [MESSAGE][PASSED] - Object: 'Object Repository/Page_Home/h1_Welcome To Jarrett Properties' is clicked on

2021-11-02 09:24:48 - [TEST_STEP][PASSED] - click(findTestObject("Object Repository/Page_Home/img")): Object: 'Object Repository/Page_Home/img' is clicked on

2021-11-02 09:25:10 - [MESSAGE][PASSED] - Object: 'Object Repository/Page_Home/img' is clicked on

2021-11-02 09:25:10 - [TEST_STEP][PASSED] - closeBrowser(): Browser is closed

2021-11-02 09:25:11 - [MESSAGE][PASSED] - Browser is closed]]></system-out>
         <system-err><![CDATA[]]></system-err>
      </testcase>
      <testcase name="Test Cases/Equal Housing Button" time="24.619" classname="Test Cases/Equal Housing Button" status="PASSED">
         <system-out><![CDATA[2021-11-02 09:25:11 - [TEST_CASE][PASSED] - Test Cases/Equal Housing Button: Test Cases/Equal Housing Button

2021-11-02 09:25:11 - [TEST_STEP][PASSED] - openBrowser(""): Browser is opened with url: ''

2021-11-02 09:25:11 - [MESSAGE][INFO] - Starting 'Chrome' driver

2021-11-02 09:25:11 - [MESSAGE][INFO] - Action delay is set to 0 milliseconds

2021-11-02 09:25:12 - [MESSAGE][PASSED] - Browser is opened with url: ''

2021-11-02 09:25:12 - [TEST_STEP][PASSED] - navigateToUrl("https://managing-made-easier.web.app/"): Navigate to 'https://managing-made-easier.web.app/' successfully

2021-11-02 09:25:14 - [MESSAGE][PASSED] - Navigate to 'https://managing-made-easier.web.app/' successfully

2021-11-02 09:25:14 - [TEST_STEP][PASSED] - click(findTestObject("Object Repository/Page_Home/h1_Welcome To Jarrett Properties")): Object: 'Object Repository/Page_Home/h1_Welcome To Jarrett Properties' is clicked on

2021-11-02 09:25:14 - [MESSAGE][PASSED] - Object: 'Object Repository/Page_Home/h1_Welcome To Jarrett Properties' is clicked on

2021-11-02 09:25:14 - [TEST_STEP][PASSED] - click(findTestObject("Object Repository/Page_Home/img")): Object: 'Object Repository/Page_Home/img' is clicked on

2021-11-02 09:25:35 - [MESSAGE][PASSED] - Object: 'Object Repository/Page_Home/img' is clicked on

2021-11-02 09:25:35 - [TEST_STEP][PASSED] - closeBrowser(): Browser is closed

2021-11-02 09:25:35 - [MESSAGE][PASSED] - Browser is closed]]></system-out>
         <system-err><![CDATA[]]></system-err>
      </testcase>
      <testcase name="Test Cases/Contact" time="8.205" classname="Test Cases/Contact" status="PASSED">
         <system-out><![CDATA[2021-11-02 09:25:35 - [TEST_CASE][PASSED] - Test Cases/Contact: Test Cases/Contact

2021-11-02 09:25:35 - [TEST_STEP][PASSED] - openBrowser(""): Browser is opened with url: ''

2021-11-02 09:25:35 - [MESSAGE][INFO] - Starting 'Chrome' driver

2021-11-02 09:25:35 - [MESSAGE][INFO] - Action delay is set to 0 milliseconds

2021-11-02 09:25:36 - [MESSAGE][PASSED] - Browser is opened with url: ''

2021-11-02 09:25:36 - [TEST_STEP][PASSED] - navigateToUrl("https://managing-made-easier.web.app/"): Navigate to 'https://managing-made-easier.web.app/' successfully

2021-11-02 09:25:41 - [MESSAGE][PASSED] - Navigate to 'https://managing-made-easier.web.app/' successfully

2021-11-02 09:25:41 - [TEST_STEP][PASSED] - click(findTestObject("Object Repository/Page_Home/a_Contact")): Object: 'Object Repository/Page_Home/a_Contact' is clicked on

2021-11-02 09:25:42 - [MESSAGE][PASSED] - Object: 'Object Repository/Page_Home/a_Contact' is clicked on

2021-11-02 09:25:42 - [TEST_STEP][PASSED] - click(findTestObject("Object Repository/Page_Contact Us/h2_Email us")): Object: 'Object Repository/Page_Contact Us/h2_Email us' is clicked on

2021-11-02 09:25:43 - [MESSAGE][PASSED] - Object: 'Object Repository/Page_Contact Us/h2_Email us' is clicked on

2021-11-02 09:25:43 - [TEST_STEP][PASSED] - click(findTestObject("Object Repository/Page_Contact Us/h4_Call or Text 123-456-7890")): Object: 'Object Repository/Page_Contact Us/h4_Call or Text 123-456-7890' is clicked on

2021-11-02 09:25:43 - [MESSAGE][PASSED] - Object: 'Object Repository/Page_Contact Us/h4_Call or Text 123-456-7890' is clicked on

2021-11-02 09:25:43 - [TEST_STEP][PASSED] - click(findTestObject("Object Repository/Page_Contact Us/h4_Send us a Facebook Message")): Object: 'Object Repository/Page_Contact Us/h4_Send us a Facebook Message' is clicked on

2021-11-02 09:25:43 - [MESSAGE][PASSED] - Object: 'Object Repository/Page_Contact Us/h4_Send us a Facebook Message' is clicked on

2021-11-02 09:25:43 - [TEST_STEP][PASSED] - closeBrowser(): Browser is closed

2021-11-02 09:25:43 - [MESSAGE][PASSED] - Browser is closed]]></system-out>
         <system-err><![CDATA[]]></system-err>
      </testcase>
      <system-out><![CDATA[2021-11-02 09:24:09 - [TEST_SUITE][PASSED] - Unregistered User: Test Cases/Contact]]></system-out>
      <system-err><![CDATA[]]></system-err>
   </testsuite>
</testsuites>
