<?xml version="1.0" encoding="UTF-8"?>
<testsuites name="Unregistered User" time="98.525" tests="7" failures="0" errors="0">
   <testsuite name="Unregistered User" tests="7" failures="0" errors="0" time="98.525" skipped="0" timestamp="2021-08-30 19:31:40" hostname="mousejarrett - localhost" id="Test Suites/Unregistered User">
      <properties>
         <property name="deviceName" value=""/>
         <property name="devicePlatform" value=""/>
         <property name="logFolder" value="/Users/mousejarrett/Desktop/SE 2/Managing/ManagingTests/Reports/20210830_193138/Unregistered User/20210830_193138"/>
         <property name="logFiles" value="/Users/mousejarrett/Desktop/SE 2/Managing/ManagingTests/Reports/20210830_193138/Unregistered User/20210830_193138/execution0.log"/>
         <property name="attachments" value=""/>
         <property name="hostName" value="mousejarrett - localhost"/>
         <property name="os" value="Mac OS X 64bit"/>
         <property name="katalonVersion" value="8.1.0.208"/>
         <property name="browser" value="Chrome 92.0.4515.159"/>
         <property name="hostAddress" value="127.0.0.1"/>
         <property name="sessionId" value="700db161c7be97bcccebd41fb1713f08"/>
         <property name="seleniumVersion" value="3.141.59"/>
         <property name="proxyInformation" value="ProxyInformation { proxyOption=NO_PROXY, proxyServerType=HTTP, username=, password=********, proxyServerAddress=, proxyServerPort=0, executionList=&quot;&quot;, isApplyToDesiredCapabilities=true }"/>
         <property name="platform" value="Mac OS X"/>
      </properties>
      <testcase name="Test Cases/Unregistered user CANNOT sign in" time="15.018" classname="Test Cases/Unregistered user CANNOT sign in" status="PASSED">
         <system-out><![CDATA[2021-08-30 19:31:40 - [TEST_CASE][PASSED] - Test Cases/Unregistered user CANNOT sign in: Test Cases/Unregistered user CANNOT sign in

2021-08-30 19:31:40 - [TEST_STEP][PASSED] - openBrowser(""): Browser is opened with url: ''

2021-08-30 19:31:40 - [MESSAGE][INFO] - Starting 'Chrome' driver

2021-08-30 19:31:40 - [MESSAGE][INFO] - Action delay is set to 0 milliseconds

2021-08-30 19:31:42 - [MESSAGE][PASSED] - Browser is opened with url: ''

2021-08-30 19:31:42 - [TEST_STEP][PASSED] - navigateToUrl("https://managing-made-easier.web.app/"): Navigate to 'https://managing-made-easier.web.app/' successfully

2021-08-30 19:31:49 - [MESSAGE][PASSED] - Navigate to 'https://managing-made-easier.web.app/' successfully

2021-08-30 19:31:49 - [TEST_STEP][PASSED] - click(findTestObject("Object Repository/Page_Home/a_Sign-In")): Object: 'Object Repository/Page_Home/a_Sign-In' is clicked on

2021-08-30 19:31:50 - [MESSAGE][PASSED] - Object: 'Object Repository/Page_Home/a_Sign-In' is clicked on

2021-08-30 19:31:50 - [TEST_STEP][PASSED] - setText(findTestObject("Object Repository/Page_Sign-In/input__txtEmail"), "test"): Text 'test' is set on object 'Object Repository/Page_Sign-In/input__txtEmail'

2021-08-30 19:31:51 - [MESSAGE][PASSED] - Text 'test' is set on object 'Object Repository/Page_Sign-In/input__txtEmail'

2021-08-30 19:31:51 - [TEST_STEP][PASSED] - setEncryptedText(findTestObject("Object Repository/Page_Sign-In/input__txtPassword"), "P9ET2sDE0SE="): Text ****** has been set on object 'Object Repository/Page_Sign-In/input__txtPassword'

2021-08-30 19:31:51 - [MESSAGE][PASSED] - Text ****** has been set on object 'Object Repository/Page_Sign-In/input__txtPassword'

2021-08-30 19:31:51 - [TEST_STEP][PASSED] - click(findTestObject("Object Repository/Page_Sign-In/button_Sign-In")): Object: 'Object Repository/Page_Sign-In/button_Sign-In' is clicked on

2021-08-30 19:31:52 - [MESSAGE][PASSED] - Object: 'Object Repository/Page_Sign-In/button_Sign-In' is clicked on

2021-08-30 19:31:52 - [TEST_STEP][PASSED] - verifyElementPresent(findTestObject("Object Repository/Page_Sign-In/div_The email address is badly formatted"), 0): Object 'Object Repository/Page_Sign-In/div_The email address is badly formatted' is present

2021-08-30 19:31:52 - [MESSAGE][WARNING] - Timeout '0' is invalid. Using default page load timeout: '30'

2021-08-30 19:31:52 - [MESSAGE][PASSED] - Object 'Object Repository/Page_Sign-In/div_The email address is badly formatted' is present

2021-08-30 19:31:52 - [TEST_STEP][PASSED] - setEncryptedText(findTestObject("Object Repository/Page_Sign-In/input__txtPassword"), "YsxTccsmuDoDBwXzvpNmKQ=="): Text ****** has been set on object 'Object Repository/Page_Sign-In/input__txtPassword'

2021-08-30 19:31:53 - [MESSAGE][PASSED] - Text ****** has been set on object 'Object Repository/Page_Sign-In/input__txtPassword'

2021-08-30 19:31:53 - [TEST_STEP][PASSED] - click(findTestObject("Object Repository/Page_Sign-In/button_Sign-In")): Object: 'Object Repository/Page_Sign-In/button_Sign-In' is clicked on

2021-08-30 19:31:53 - [MESSAGE][PASSED] - Object: 'Object Repository/Page_Sign-In/button_Sign-In' is clicked on

2021-08-30 19:31:53 - [TEST_STEP][PASSED] - setText(findTestObject("Object Repository/Page_Sign-In/input__txtEmail"), "test@gmail.com"): Text 'test@gmail.com' is set on object 'Object Repository/Page_Sign-In/input__txtEmail'

2021-08-30 19:31:54 - [MESSAGE][PASSED] - Text 'test@gmail.com' is set on object 'Object Repository/Page_Sign-In/input__txtEmail'

2021-08-30 19:31:54 - [TEST_STEP][PASSED] - click(findTestObject("Object Repository/Page_Sign-In/button_Sign-In")): Object: 'Object Repository/Page_Sign-In/button_Sign-In' is clicked on

2021-08-30 19:31:54 - [MESSAGE][PASSED] - Object: 'Object Repository/Page_Sign-In/button_Sign-In' is clicked on

2021-08-30 19:31:54 - [TEST_STEP][PASSED] - verifyElementPresent(findTestObject("Object Repository/Page_Sign-In/div_There is no user record corresponding t_0b1d2f"), 0): Object 'Object Repository/Page_Sign-In/div_There is no user record corresponding t_0b1d2f' is present

2021-08-30 19:31:54 - [MESSAGE][WARNING] - Timeout '0' is invalid. Using default page load timeout: '30'

2021-08-30 19:31:55 - [MESSAGE][PASSED] - Object 'Object Repository/Page_Sign-In/div_There is no user record corresponding t_0b1d2f' is present

2021-08-30 19:31:55 - [TEST_STEP][PASSED] - closeBrowser(): Browser is closed

2021-08-30 19:31:55 - [MESSAGE][PASSED] - Browser is closed]]></system-out>
         <system-err><![CDATA[]]></system-err>
      </testcase>
      <testcase name="Test Cases/View Listing NOT Signed in" time="12.016" classname="Test Cases/View Listing NOT Signed in" status="PASSED">
         <system-out><![CDATA[2021-08-30 19:31:55 - [TEST_CASE][PASSED] - Test Cases/View Listing NOT Signed in: Test Cases/View Listing NOT Signed in

2021-08-30 19:31:55 - [TEST_STEP][PASSED] - openBrowser(""): Browser is opened with url: ''

2021-08-30 19:31:55 - [MESSAGE][INFO] - Starting 'Chrome' driver

2021-08-30 19:31:55 - [MESSAGE][INFO] - Action delay is set to 0 milliseconds

2021-08-30 19:31:56 - [MESSAGE][PASSED] - Browser is opened with url: ''

2021-08-30 19:31:56 - [TEST_STEP][PASSED] - navigateToUrl("https://managing-made-easier.web.app/"): Navigate to 'https://managing-made-easier.web.app/' successfully

2021-08-30 19:32:06 - [MESSAGE][PASSED] - Navigate to 'https://managing-made-easier.web.app/' successfully

2021-08-30 19:32:06 - [TEST_STEP][PASSED] - click(findTestObject("Object Repository/Page_Home/a_Listings")): Object: 'Object Repository/Page_Home/a_Listings' is clicked on

2021-08-30 19:32:06 - [MESSAGE][PASSED] - Object: 'Object Repository/Page_Home/a_Listings' is clicked on

2021-08-30 19:32:06 - [TEST_STEP][PASSED] - click(findTestObject("Object Repository/Page_Search/div_Search Listings")): Object: 'Object Repository/Page_Search/div_Search Listings' is clicked on

2021-08-30 19:32:07 - [MESSAGE][PASSED] - Object: 'Object Repository/Page_Search/div_Search Listings' is clicked on

2021-08-30 19:32:07 - [TEST_STEP][PASSED] - closeBrowser(): Browser is closed

2021-08-30 19:32:07 - [MESSAGE][PASSED] - Browser is closed]]></system-out>
         <system-err><![CDATA[]]></system-err>
      </testcase>
      <testcase name="Test Cases/View listing Main page" time="9.703" classname="Test Cases/View listing Main page" status="PASSED">
         <system-out><![CDATA[2021-08-30 19:32:07 - [TEST_CASE][PASSED] - Test Cases/View listing Main page: Test Cases/View listing Main page

2021-08-30 19:32:07 - [TEST_STEP][PASSED] - openBrowser(""): Browser is opened with url: ''

2021-08-30 19:32:07 - [MESSAGE][INFO] - Starting 'Chrome' driver

2021-08-30 19:32:07 - [MESSAGE][INFO] - Action delay is set to 0 milliseconds

2021-08-30 19:32:08 - [MESSAGE][PASSED] - Browser is opened with url: ''

2021-08-30 19:32:08 - [TEST_STEP][PASSED] - navigateToUrl("https://managing-made-easier.web.app/"): Navigate to 'https://managing-made-easier.web.app/' successfully

2021-08-30 19:32:11 - [MESSAGE][PASSED] - Navigate to 'https://managing-made-easier.web.app/' successfully

2021-08-30 19:32:11 - [TEST_STEP][PASSED] - click(findTestObject("Object Repository/Page_Home/div_5 New River Dr915")): Object: 'Object Repository/Page_Home/div_5 New River Dr915' is clicked on

2021-08-30 19:32:15 - [MESSAGE][PASSED] - Object: 'Object Repository/Page_Home/div_5 New River Dr915' is clicked on

2021-08-30 19:32:15 - [TEST_STEP][PASSED] - click(findTestObject("Object Repository/Page_View Listing/div_The Best off-campus living option in Ra_9574c9")): Object: 'Object Repository/Page_View Listing/div_The Best off-campus living option in Ra_9574c9' is clicked on

2021-08-30 19:32:16 - [MESSAGE][PASSED] - Object: 'Object Repository/Page_View Listing/div_The Best off-campus living option in Ra_9574c9' is clicked on

2021-08-30 19:32:16 - [TEST_STEP][PASSED] - click(findTestObject("Object Repository/Page_View Listing/div_HouseMonthly Rent 915Date of Availabili_1384a2")): Object: 'Object Repository/Page_View Listing/div_HouseMonthly Rent 915Date of Availabili_1384a2' is clicked on

2021-08-30 19:32:16 - [MESSAGE][PASSED] - Object: 'Object Repository/Page_View Listing/div_HouseMonthly Rent 915Date of Availabili_1384a2' is clicked on

2021-08-30 19:32:16 - [TEST_STEP][PASSED] - click(findTestObject("Object Repository/Page_View Listing/div")): Object: 'Object Repository/Page_View Listing/div' is clicked on

2021-08-30 19:32:16 - [MESSAGE][PASSED] - Object: 'Object Repository/Page_View Listing/div' is clicked on

2021-08-30 19:32:16 - [TEST_STEP][PASSED] - closeBrowser(): Browser is closed

2021-08-30 19:32:17 - [MESSAGE][PASSED] - Browser is closed]]></system-out>
         <system-err><![CDATA[]]></system-err>
      </testcase>
      <testcase name="Test Cases/Access Facebook" time="10.261" classname="Test Cases/Access Facebook" status="PASSED">
         <system-out><![CDATA[2021-08-30 19:32:17 - [TEST_CASE][PASSED] - Test Cases/Access Facebook: Test Cases/Access Facebook

2021-08-30 19:32:17 - [TEST_STEP][PASSED] - openBrowser(""): Browser is opened with url: ''

2021-08-30 19:32:17 - [MESSAGE][INFO] - Starting 'Chrome' driver

2021-08-30 19:32:17 - [MESSAGE][INFO] - Action delay is set to 0 milliseconds

2021-08-30 19:32:18 - [MESSAGE][PASSED] - Browser is opened with url: ''

2021-08-30 19:32:18 - [TEST_STEP][PASSED] - navigateToUrl("https://managing-made-easier.web.app/"): Navigate to 'https://managing-made-easier.web.app/' successfully

2021-08-30 19:32:23 - [MESSAGE][PASSED] - Navigate to 'https://managing-made-easier.web.app/' successfully

2021-08-30 19:32:23 - [TEST_STEP][PASSED] - click(findTestObject("Object Repository/Page_Home/div_Welcome To Jarrett Properties")): Object: 'Object Repository/Page_Home/div_Welcome To Jarrett Properties' is clicked on

2021-08-30 19:32:24 - [MESSAGE][PASSED] - Object: 'Object Repository/Page_Home/div_Welcome To Jarrett Properties' is clicked on

2021-08-30 19:32:24 - [TEST_STEP][PASSED] - click(findTestObject("Page_Home/path")): Object: 'Object Repository/Page_Home/path' is clicked on

2021-08-30 19:32:27 - [MESSAGE][PASSED] - Object: 'Object Repository/Page_Home/path' is clicked on

2021-08-30 19:32:27 - [TEST_STEP][PASSED] - closeBrowser(): Browser is closed

2021-08-30 19:32:27 - [MESSAGE][PASSED] - Browser is closed]]></system-out>
         <system-err><![CDATA[]]></system-err>
      </testcase>
      <testcase name="Test Cases/Realtor Button" time="17.726" classname="Test Cases/Realtor Button" status="PASSED">
         <system-out><![CDATA[2021-08-30 19:32:27 - [TEST_CASE][PASSED] - Test Cases/Realtor Button: Test Cases/Realtor Button

2021-08-30 19:32:27 - [TEST_STEP][PASSED] - openBrowser(""): Browser is opened with url: ''

2021-08-30 19:32:27 - [MESSAGE][INFO] - Starting 'Chrome' driver

2021-08-30 19:32:27 - [MESSAGE][INFO] - Action delay is set to 0 milliseconds

2021-08-30 19:32:28 - [MESSAGE][PASSED] - Browser is opened with url: ''

2021-08-30 19:32:28 - [TEST_STEP][PASSED] - navigateToUrl("https://managing-made-easier.web.app/"): Navigate to 'https://managing-made-easier.web.app/' successfully

2021-08-30 19:32:33 - [MESSAGE][PASSED] - Navigate to 'https://managing-made-easier.web.app/' successfully

2021-08-30 19:32:33 - [TEST_STEP][PASSED] - click(findTestObject("Object Repository/Page_Home/h1_Welcome To Jarrett Properties")): Object: 'Object Repository/Page_Home/h1_Welcome To Jarrett Properties' is clicked on

2021-08-30 19:32:33 - [MESSAGE][PASSED] - Object: 'Object Repository/Page_Home/h1_Welcome To Jarrett Properties' is clicked on

2021-08-30 19:32:33 - [TEST_STEP][PASSED] - click(findTestObject("Object Repository/Page_Home/img")): Object: 'Object Repository/Page_Home/img' is clicked on

2021-08-30 19:32:44 - [MESSAGE][PASSED] - Object: 'Object Repository/Page_Home/img' is clicked on

2021-08-30 19:32:44 - [TEST_STEP][PASSED] - closeBrowser(): Browser is closed

2021-08-30 19:32:45 - [MESSAGE][PASSED] - Browser is closed]]></system-out>
         <system-err><![CDATA[]]></system-err>
      </testcase>
      <testcase name="Test Cases/Equal Housing Button" time="17.643" classname="Test Cases/Equal Housing Button" status="PASSED">
         <system-out><![CDATA[2021-08-30 19:32:45 - [TEST_CASE][PASSED] - Test Cases/Equal Housing Button: Test Cases/Equal Housing Button

2021-08-30 19:32:45 - [TEST_STEP][PASSED] - openBrowser(""): Browser is opened with url: ''

2021-08-30 19:32:45 - [MESSAGE][INFO] - Starting 'Chrome' driver

2021-08-30 19:32:45 - [MESSAGE][INFO] - Action delay is set to 0 milliseconds

2021-08-30 19:32:46 - [MESSAGE][PASSED] - Browser is opened with url: ''

2021-08-30 19:32:46 - [TEST_STEP][PASSED] - navigateToUrl("https://managing-made-easier.web.app/"): Navigate to 'https://managing-made-easier.web.app/' successfully

2021-08-30 19:32:49 - [MESSAGE][PASSED] - Navigate to 'https://managing-made-easier.web.app/' successfully

2021-08-30 19:32:49 - [TEST_STEP][PASSED] - click(findTestObject("Object Repository/Page_Home/h1_Welcome To Jarrett Properties")): Object: 'Object Repository/Page_Home/h1_Welcome To Jarrett Properties' is clicked on

2021-08-30 19:32:50 - [MESSAGE][PASSED] - Object: 'Object Repository/Page_Home/h1_Welcome To Jarrett Properties' is clicked on

2021-08-30 19:32:50 - [TEST_STEP][PASSED] - click(findTestObject("Object Repository/Page_Home/img")): Object: 'Object Repository/Page_Home/img' is clicked on

2021-08-30 19:33:02 - [MESSAGE][PASSED] - Object: 'Object Repository/Page_Home/img' is clicked on

2021-08-30 19:33:02 - [TEST_STEP][PASSED] - closeBrowser(): Browser is closed

2021-08-30 19:33:02 - [MESSAGE][PASSED] - Browser is closed]]></system-out>
         <system-err><![CDATA[]]></system-err>
      </testcase>
      <testcase name="Test Cases/Contact" time="15.621" classname="Test Cases/Contact" status="PASSED">
         <system-out><![CDATA[2021-08-30 19:33:02 - [TEST_CASE][PASSED] - Test Cases/Contact: Test Cases/Contact

2021-08-30 19:33:02 - [TEST_STEP][PASSED] - openBrowser(""): Browser is opened with url: ''

2021-08-30 19:33:02 - [MESSAGE][INFO] - Starting 'Chrome' driver

2021-08-30 19:33:02 - [MESSAGE][INFO] - Action delay is set to 0 milliseconds

2021-08-30 19:33:03 - [MESSAGE][PASSED] - Browser is opened with url: ''

2021-08-30 19:33:03 - [TEST_STEP][PASSED] - navigateToUrl("https://managing-made-easier.web.app/"): Navigate to 'https://managing-made-easier.web.app/' successfully

2021-08-30 19:33:16 - [MESSAGE][PASSED] - Navigate to 'https://managing-made-easier.web.app/' successfully

2021-08-30 19:33:16 - [TEST_STEP][PASSED] - click(findTestObject("Object Repository/Page_Home/a_Contact")): Object: 'Object Repository/Page_Home/a_Contact' is clicked on

2021-08-30 19:33:16 - [MESSAGE][PASSED] - Object: 'Object Repository/Page_Home/a_Contact' is clicked on

2021-08-30 19:33:16 - [TEST_STEP][PASSED] - click(findTestObject("Object Repository/Page_Contact Us/h2_Email us")): Object: 'Object Repository/Page_Contact Us/h2_Email us' is clicked on

2021-08-30 19:33:17 - [MESSAGE][PASSED] - Object: 'Object Repository/Page_Contact Us/h2_Email us' is clicked on

2021-08-30 19:33:17 - [TEST_STEP][PASSED] - click(findTestObject("Object Repository/Page_Contact Us/h4_Call or Text 123-456-7890")): Object: 'Object Repository/Page_Contact Us/h4_Call or Text 123-456-7890' is clicked on

2021-08-30 19:33:17 - [MESSAGE][PASSED] - Object: 'Object Repository/Page_Contact Us/h4_Call or Text 123-456-7890' is clicked on

2021-08-30 19:33:17 - [TEST_STEP][PASSED] - click(findTestObject("Object Repository/Page_Contact Us/h4_Send us a Facebook Message")): Object: 'Object Repository/Page_Contact Us/h4_Send us a Facebook Message' is clicked on

2021-08-30 19:33:18 - [MESSAGE][PASSED] - Object: 'Object Repository/Page_Contact Us/h4_Send us a Facebook Message' is clicked on

2021-08-30 19:33:18 - [TEST_STEP][PASSED] - closeBrowser(): Browser is closed

2021-08-30 19:33:18 - [MESSAGE][PASSED] - Browser is closed]]></system-out>
         <system-err><![CDATA[]]></system-err>
      </testcase>
      <system-out><![CDATA[2021-08-30 19:31:40 - [TEST_SUITE][PASSED] - Unregistered User: Test Cases/Contact]]></system-out>
      <system-err><![CDATA[]]></system-err>
   </testsuite>
</testsuites>
