<?xml version="1.0" encoding="UTF-8"?>
<testsuites name="Unregistered User" time="76.327" tests="7" failures="0" errors="0">
   <testsuite name="Unregistered User" tests="7" failures="0" errors="0" time="76.327" skipped="0" timestamp="2021-09-20 14:54:16" hostname="mousejarrett - 192.168.1.16" id="Test Suites/Unregistered User">
      <properties>
         <property name="deviceName" value=""/>
         <property name="devicePlatform" value=""/>
         <property name="logFolder" value="/Users/mousejarrett/Desktop/SE 2/Managing/ManagingTests/Reports/20210920_145414/Unregistered User/20210920_145414"/>
         <property name="logFiles" value="/Users/mousejarrett/Desktop/SE 2/Managing/ManagingTests/Reports/20210920_145414/Unregistered User/20210920_145414/execution0.log"/>
         <property name="attachments" value=""/>
         <property name="hostName" value="mousejarrett - 192.168.1.16"/>
         <property name="os" value="Mac OS X 64bit"/>
         <property name="katalonVersion" value="8.1.0.208"/>
         <property name="browser" value="Chrome 93.0.4577.82"/>
         <property name="hostAddress" value="192.168.1.16"/>
         <property name="sessionId" value="0139b908ed5ce188b3b1599a9892f104"/>
         <property name="seleniumVersion" value="3.141.59"/>
         <property name="proxyInformation" value="ProxyInformation { proxyOption=NO_PROXY, proxyServerType=HTTP, username=, password=********, proxyServerAddress=, proxyServerPort=0, executionList=&quot;&quot;, isApplyToDesiredCapabilities=true }"/>
         <property name="platform" value="Mac OS X"/>
      </properties>
      <testcase name="Test Cases/Unregistered user CANNOT sign in" time="10.501" classname="Test Cases/Unregistered user CANNOT sign in" status="PASSED">
         <system-out><![CDATA[2021-09-20 14:54:16 - [TEST_CASE][PASSED] - Test Cases/Unregistered user CANNOT sign in: Test Cases/Unregistered user CANNOT sign in

2021-09-20 14:54:16 - [TEST_STEP][PASSED] - openBrowser(""): Browser is opened with url: ''

2021-09-20 14:54:16 - [MESSAGE][INFO] - Starting 'Chrome' driver

2021-09-20 14:54:16 - [MESSAGE][INFO] - Action delay is set to 0 milliseconds

2021-09-20 14:54:18 - [MESSAGE][PASSED] - Browser is opened with url: ''

2021-09-20 14:54:18 - [TEST_STEP][PASSED] - navigateToUrl("https://managing-made-easier.web.app/"): Navigate to 'https://managing-made-easier.web.app/' successfully

2021-09-20 14:54:20 - [MESSAGE][PASSED] - Navigate to 'https://managing-made-easier.web.app/' successfully

2021-09-20 14:54:20 - [TEST_STEP][PASSED] - click(findTestObject("Object Repository/Page_Home/a_Sign-In")): Object: 'Object Repository/Page_Home/a_Sign-In' is clicked on

2021-09-20 14:54:22 - [MESSAGE][PASSED] - Object: 'Object Repository/Page_Home/a_Sign-In' is clicked on

2021-09-20 14:54:22 - [TEST_STEP][PASSED] - setText(findTestObject("Object Repository/Page_Sign-In/input__txtEmail"), "test"): Text 'test' is set on object 'Object Repository/Page_Sign-In/input__txtEmail'

2021-09-20 14:54:23 - [MESSAGE][PASSED] - Text 'test' is set on object 'Object Repository/Page_Sign-In/input__txtEmail'

2021-09-20 14:54:23 - [TEST_STEP][PASSED] - setEncryptedText(findTestObject("Object Repository/Page_Sign-In/input__txtPassword"), "P9ET2sDE0SE="): Text ****** has been set on object 'Object Repository/Page_Sign-In/input__txtPassword'

2021-09-20 14:54:23 - [MESSAGE][PASSED] - Text ****** has been set on object 'Object Repository/Page_Sign-In/input__txtPassword'

2021-09-20 14:54:23 - [TEST_STEP][PASSED] - click(findTestObject("Object Repository/Page_Sign-In/button_Sign-In")): Object: 'Object Repository/Page_Sign-In/button_Sign-In' is clicked on

2021-09-20 14:54:23 - [MESSAGE][PASSED] - Object: 'Object Repository/Page_Sign-In/button_Sign-In' is clicked on

2021-09-20 14:54:23 - [TEST_STEP][PASSED] - verifyElementPresent(findTestObject("Object Repository/Page_Sign-In/div_The email address is badly formatted"), 0): Object 'Object Repository/Page_Sign-In/div_The email address is badly formatted' is present

2021-09-20 14:54:23 - [MESSAGE][WARNING] - Timeout '0' is invalid. Using default page load timeout: '30'

2021-09-20 14:54:24 - [MESSAGE][PASSED] - Object 'Object Repository/Page_Sign-In/div_The email address is badly formatted' is present

2021-09-20 14:54:24 - [TEST_STEP][PASSED] - setEncryptedText(findTestObject("Object Repository/Page_Sign-In/input__txtPassword"), "YsxTccsmuDoDBwXzvpNmKQ=="): Text ****** has been set on object 'Object Repository/Page_Sign-In/input__txtPassword'

2021-09-20 14:54:24 - [MESSAGE][PASSED] - Text ****** has been set on object 'Object Repository/Page_Sign-In/input__txtPassword'

2021-09-20 14:54:24 - [TEST_STEP][PASSED] - click(findTestObject("Object Repository/Page_Sign-In/button_Sign-In")): Object: 'Object Repository/Page_Sign-In/button_Sign-In' is clicked on

2021-09-20 14:54:25 - [MESSAGE][PASSED] - Object: 'Object Repository/Page_Sign-In/button_Sign-In' is clicked on

2021-09-20 14:54:25 - [TEST_STEP][PASSED] - setText(findTestObject("Object Repository/Page_Sign-In/input__txtEmail"), "test@gmail.com"): Text 'test@gmail.com' is set on object 'Object Repository/Page_Sign-In/input__txtEmail'

2021-09-20 14:54:25 - [MESSAGE][PASSED] - Text 'test@gmail.com' is set on object 'Object Repository/Page_Sign-In/input__txtEmail'

2021-09-20 14:54:25 - [TEST_STEP][PASSED] - click(findTestObject("Object Repository/Page_Sign-In/button_Sign-In")): Object: 'Object Repository/Page_Sign-In/button_Sign-In' is clicked on

2021-09-20 14:54:26 - [MESSAGE][PASSED] - Object: 'Object Repository/Page_Sign-In/button_Sign-In' is clicked on

2021-09-20 14:54:26 - [TEST_STEP][PASSED] - verifyElementPresent(findTestObject("Object Repository/Page_Sign-In/div_There is no user record corresponding t_0b1d2f"), 0): Object 'Object Repository/Page_Sign-In/div_There is no user record corresponding t_0b1d2f' is present

2021-09-20 14:54:26 - [MESSAGE][WARNING] - Timeout '0' is invalid. Using default page load timeout: '30'

2021-09-20 14:54:26 - [MESSAGE][PASSED] - Object 'Object Repository/Page_Sign-In/div_There is no user record corresponding t_0b1d2f' is present

2021-09-20 14:54:26 - [TEST_STEP][PASSED] - closeBrowser(): Browser is closed

2021-09-20 14:54:26 - [MESSAGE][PASSED] - Browser is closed]]></system-out>
         <system-err><![CDATA[]]></system-err>
      </testcase>
      <testcase name="Test Cases/View Listing NOT Signed in" time="12.693" classname="Test Cases/View Listing NOT Signed in" status="PASSED">
         <system-out><![CDATA[2021-09-20 14:54:26 - [TEST_CASE][PASSED] - Test Cases/View Listing NOT Signed in: Test Cases/View Listing NOT Signed in

2021-09-20 14:54:27 - [TEST_STEP][PASSED] - openBrowser(""): Browser is opened with url: ''

2021-09-20 14:54:27 - [MESSAGE][INFO] - Starting 'Chrome' driver

2021-09-20 14:54:27 - [MESSAGE][INFO] - Action delay is set to 0 milliseconds

2021-09-20 14:54:28 - [MESSAGE][PASSED] - Browser is opened with url: ''

2021-09-20 14:54:28 - [TEST_STEP][PASSED] - navigateToUrl("https://managing-made-easier.web.app/"): Navigate to 'https://managing-made-easier.web.app/' successfully

2021-09-20 14:54:37 - [MESSAGE][PASSED] - Navigate to 'https://managing-made-easier.web.app/' successfully

2021-09-20 14:54:37 - [TEST_STEP][PASSED] - click(findTestObject("Object Repository/Page_Home/a_Listings")): Object: 'Object Repository/Page_Home/a_Listings' is clicked on

2021-09-20 14:54:38 - [MESSAGE][PASSED] - Object: 'Object Repository/Page_Home/a_Listings' is clicked on

2021-09-20 14:54:38 - [TEST_STEP][PASSED] - click(findTestObject("Object Repository/Page_Search/div_Search Listings")): Object: 'Object Repository/Page_Search/div_Search Listings' is clicked on

2021-09-20 14:54:39 - [MESSAGE][PASSED] - Object: 'Object Repository/Page_Search/div_Search Listings' is clicked on

2021-09-20 14:54:39 - [TEST_STEP][PASSED] - closeBrowser(): Browser is closed

2021-09-20 14:54:39 - [MESSAGE][PASSED] - Browser is closed]]></system-out>
         <system-err><![CDATA[]]></system-err>
      </testcase>
      <testcase name="Test Cases/View listing Main page" time="8.501" classname="Test Cases/View listing Main page" status="PASSED">
         <system-out><![CDATA[2021-09-20 14:54:39 - [TEST_CASE][PASSED] - Test Cases/View listing Main page: Test Cases/View listing Main page

2021-09-20 14:54:39 - [TEST_STEP][PASSED] - openBrowser(""): Browser is opened with url: ''

2021-09-20 14:54:39 - [MESSAGE][INFO] - Starting 'Chrome' driver

2021-09-20 14:54:39 - [MESSAGE][INFO] - Action delay is set to 0 milliseconds

2021-09-20 14:54:40 - [MESSAGE][PASSED] - Browser is opened with url: ''

2021-09-20 14:54:40 - [TEST_STEP][PASSED] - navigateToUrl("https://managing-made-easier.web.app/"): Navigate to 'https://managing-made-easier.web.app/' successfully

2021-09-20 14:54:44 - [MESSAGE][PASSED] - Navigate to 'https://managing-made-easier.web.app/' successfully

2021-09-20 14:54:44 - [TEST_STEP][PASSED] - click(findTestObject("Object Repository/Page_Home/div_5 New River Dr915")): Object: 'Object Repository/Page_Home/div_5 New River Dr915' is clicked on

2021-09-20 14:54:47 - [MESSAGE][PASSED] - Object: 'Object Repository/Page_Home/div_5 New River Dr915' is clicked on

2021-09-20 14:54:47 - [TEST_STEP][PASSED] - click(findTestObject("Object Repository/Page_View Listing/div_The Best off-campus living option in Ra_9574c9")): Object: 'Object Repository/Page_View Listing/div_The Best off-campus living option in Ra_9574c9' is clicked on

2021-09-20 14:54:47 - [MESSAGE][PASSED] - Object: 'Object Repository/Page_View Listing/div_The Best off-campus living option in Ra_9574c9' is clicked on

2021-09-20 14:54:47 - [TEST_STEP][PASSED] - click(findTestObject("Object Repository/Page_View Listing/div_HouseMonthly Rent 915Date of Availabili_1384a2")): Object: 'Object Repository/Page_View Listing/div_HouseMonthly Rent 915Date of Availabili_1384a2' is clicked on

2021-09-20 14:54:48 - [MESSAGE][PASSED] - Object: 'Object Repository/Page_View Listing/div_HouseMonthly Rent 915Date of Availabili_1384a2' is clicked on

2021-09-20 14:54:48 - [TEST_STEP][PASSED] - closeBrowser(): Browser is closed

2021-09-20 14:54:48 - [MESSAGE][PASSED] - Browser is closed]]></system-out>
         <system-err><![CDATA[]]></system-err>
      </testcase>
      <testcase name="Test Cases/Access Facebook" time="10.189" classname="Test Cases/Access Facebook" status="PASSED">
         <system-out><![CDATA[2021-09-20 14:54:48 - [TEST_CASE][PASSED] - Test Cases/Access Facebook: Test Cases/Access Facebook

2021-09-20 14:54:48 - [TEST_STEP][PASSED] - openBrowser(""): Browser is opened with url: ''

2021-09-20 14:54:48 - [MESSAGE][INFO] - Starting 'Chrome' driver

2021-09-20 14:54:48 - [MESSAGE][INFO] - Action delay is set to 0 milliseconds

2021-09-20 14:54:49 - [MESSAGE][PASSED] - Browser is opened with url: ''

2021-09-20 14:54:49 - [TEST_STEP][PASSED] - navigateToUrl("https://managing-made-easier.web.app/"): Navigate to 'https://managing-made-easier.web.app/' successfully

2021-09-20 14:54:54 - [MESSAGE][PASSED] - Navigate to 'https://managing-made-easier.web.app/' successfully

2021-09-20 14:54:54 - [TEST_STEP][PASSED] - click(findTestObject("Object Repository/Page_Home/div_Welcome To Jarrett Properties")): Object: 'Object Repository/Page_Home/div_Welcome To Jarrett Properties' is clicked on

2021-09-20 14:54:55 - [MESSAGE][PASSED] - Object: 'Object Repository/Page_Home/div_Welcome To Jarrett Properties' is clicked on

2021-09-20 14:54:55 - [TEST_STEP][PASSED] - click(findTestObject("Page_Home/path")): Object: 'Object Repository/Page_Home/path' is clicked on

2021-09-20 14:54:58 - [MESSAGE][PASSED] - Object: 'Object Repository/Page_Home/path' is clicked on

2021-09-20 14:54:58 - [TEST_STEP][PASSED] - closeBrowser(): Browser is closed

2021-09-20 14:54:58 - [MESSAGE][PASSED] - Browser is closed]]></system-out>
         <system-err><![CDATA[]]></system-err>
      </testcase>
      <testcase name="Test Cases/Realtor Button" time="14.155" classname="Test Cases/Realtor Button" status="PASSED">
         <system-out><![CDATA[2021-09-20 14:54:58 - [TEST_CASE][PASSED] - Test Cases/Realtor Button: Test Cases/Realtor Button

2021-09-20 14:54:58 - [TEST_STEP][PASSED] - openBrowser(""): Browser is opened with url: ''

2021-09-20 14:54:58 - [MESSAGE][INFO] - Starting 'Chrome' driver

2021-09-20 14:54:58 - [MESSAGE][INFO] - Action delay is set to 0 milliseconds

2021-09-20 14:54:59 - [MESSAGE][PASSED] - Browser is opened with url: ''

2021-09-20 14:54:59 - [TEST_STEP][PASSED] - navigateToUrl("https://managing-made-easier.web.app/"): Navigate to 'https://managing-made-easier.web.app/' successfully

2021-09-20 14:55:04 - [MESSAGE][PASSED] - Navigate to 'https://managing-made-easier.web.app/' successfully

2021-09-20 14:55:04 - [TEST_STEP][PASSED] - click(findTestObject("Object Repository/Page_Home/h1_Welcome To Jarrett Properties")): Object: 'Object Repository/Page_Home/h1_Welcome To Jarrett Properties' is clicked on

2021-09-20 14:55:04 - [MESSAGE][PASSED] - Object: 'Object Repository/Page_Home/h1_Welcome To Jarrett Properties' is clicked on

2021-09-20 14:55:04 - [TEST_STEP][PASSED] - click(findTestObject("Object Repository/Page_Home/img")): Object: 'Object Repository/Page_Home/img' is clicked on

2021-09-20 14:55:12 - [MESSAGE][PASSED] - Object: 'Object Repository/Page_Home/img' is clicked on

2021-09-20 14:55:12 - [TEST_STEP][PASSED] - closeBrowser(): Browser is closed

2021-09-20 14:55:12 - [MESSAGE][PASSED] - Browser is closed]]></system-out>
         <system-err><![CDATA[]]></system-err>
      </testcase>
      <testcase name="Test Cases/Equal Housing Button" time="14.254" classname="Test Cases/Equal Housing Button" status="PASSED">
         <system-out><![CDATA[2021-09-20 14:55:12 - [TEST_CASE][PASSED] - Test Cases/Equal Housing Button: Test Cases/Equal Housing Button

2021-09-20 14:55:12 - [TEST_STEP][PASSED] - openBrowser(""): Browser is opened with url: ''

2021-09-20 14:55:12 - [MESSAGE][INFO] - Starting 'Chrome' driver

2021-09-20 14:55:12 - [MESSAGE][INFO] - Action delay is set to 0 milliseconds

2021-09-20 14:55:13 - [MESSAGE][PASSED] - Browser is opened with url: ''

2021-09-20 14:55:13 - [TEST_STEP][PASSED] - navigateToUrl("https://managing-made-easier.web.app/"): Navigate to 'https://managing-made-easier.web.app/' successfully

2021-09-20 14:55:19 - [MESSAGE][PASSED] - Navigate to 'https://managing-made-easier.web.app/' successfully

2021-09-20 14:55:19 - [TEST_STEP][PASSED] - click(findTestObject("Object Repository/Page_Home/h1_Welcome To Jarrett Properties")): Object: 'Object Repository/Page_Home/h1_Welcome To Jarrett Properties' is clicked on

2021-09-20 14:55:19 - [MESSAGE][PASSED] - Object: 'Object Repository/Page_Home/h1_Welcome To Jarrett Properties' is clicked on

2021-09-20 14:55:19 - [TEST_STEP][PASSED] - click(findTestObject("Object Repository/Page_Home/img")): Object: 'Object Repository/Page_Home/img' is clicked on

2021-09-20 14:55:26 - [MESSAGE][PASSED] - Object: 'Object Repository/Page_Home/img' is clicked on

2021-09-20 14:55:26 - [TEST_STEP][PASSED] - closeBrowser(): Browser is closed

2021-09-20 14:55:26 - [MESSAGE][PASSED] - Browser is closed]]></system-out>
         <system-err><![CDATA[]]></system-err>
      </testcase>
      <testcase name="Test Cases/Contact" time="5.468" classname="Test Cases/Contact" status="PASSED">
         <system-out><![CDATA[2021-09-20 14:55:26 - [TEST_CASE][PASSED] - Test Cases/Contact: Test Cases/Contact

2021-09-20 14:55:26 - [TEST_STEP][PASSED] - openBrowser(""): Browser is opened with url: ''

2021-09-20 14:55:26 - [MESSAGE][INFO] - Starting 'Chrome' driver

2021-09-20 14:55:26 - [MESSAGE][INFO] - Action delay is set to 0 milliseconds

2021-09-20 14:55:27 - [MESSAGE][PASSED] - Browser is opened with url: ''

2021-09-20 14:55:27 - [TEST_STEP][PASSED] - navigateToUrl("https://managing-made-easier.web.app/"): Navigate to 'https://managing-made-easier.web.app/' successfully

2021-09-20 14:55:29 - [MESSAGE][PASSED] - Navigate to 'https://managing-made-easier.web.app/' successfully

2021-09-20 14:55:29 - [TEST_STEP][PASSED] - click(findTestObject("Object Repository/Page_Home/a_Contact")): Object: 'Object Repository/Page_Home/a_Contact' is clicked on

2021-09-20 14:55:30 - [MESSAGE][PASSED] - Object: 'Object Repository/Page_Home/a_Contact' is clicked on

2021-09-20 14:55:30 - [TEST_STEP][PASSED] - click(findTestObject("Object Repository/Page_Contact Us/h2_Email us")): Object: 'Object Repository/Page_Contact Us/h2_Email us' is clicked on

2021-09-20 14:55:31 - [MESSAGE][PASSED] - Object: 'Object Repository/Page_Contact Us/h2_Email us' is clicked on

2021-09-20 14:55:31 - [TEST_STEP][PASSED] - click(findTestObject("Object Repository/Page_Contact Us/h4_Call or Text 123-456-7890")): Object: 'Object Repository/Page_Contact Us/h4_Call or Text 123-456-7890' is clicked on

2021-09-20 14:55:31 - [MESSAGE][PASSED] - Object: 'Object Repository/Page_Contact Us/h4_Call or Text 123-456-7890' is clicked on

2021-09-20 14:55:31 - [TEST_STEP][PASSED] - click(findTestObject("Object Repository/Page_Contact Us/h4_Send us a Facebook Message")): Object: 'Object Repository/Page_Contact Us/h4_Send us a Facebook Message' is clicked on

2021-09-20 14:55:32 - [MESSAGE][PASSED] - Object: 'Object Repository/Page_Contact Us/h4_Send us a Facebook Message' is clicked on

2021-09-20 14:55:32 - [TEST_STEP][PASSED] - closeBrowser(): Browser is closed

2021-09-20 14:55:32 - [MESSAGE][PASSED] - Browser is closed]]></system-out>
         <system-err><![CDATA[]]></system-err>
      </testcase>
      <system-out><![CDATA[2021-09-20 14:54:16 - [TEST_SUITE][PASSED] - Unregistered User: Test Cases/Contact]]></system-out>
      <system-err><![CDATA[]]></system-err>
   </testsuite>
</testsuites>
