<?xml version="1.0" encoding="UTF-8"?>
<testsuites name="Owner1" time="135.029" tests="9" failures="0" errors="0">
   <testsuite name="Owner1" tests="9" failures="0" errors="0" time="135.029" skipped="0" timestamp="2021-08-23 15:07:16" hostname="mousejarrett - localhost" id="Test Suites/Owner1">
      <properties>
         <property name="deviceName" value=""/>
         <property name="devicePlatform" value=""/>
         <property name="logFolder" value="/Users/mousejarrett/Desktop/SE 2/Managing/ManagingTests/Reports/20210823_150713/Owner1/20210823_150713"/>
         <property name="logFiles" value="/Users/mousejarrett/Desktop/SE 2/Managing/ManagingTests/Reports/20210823_150713/Owner1/20210823_150713/execution0.log"/>
         <property name="attachments" value=""/>
         <property name="hostName" value="mousejarrett - localhost"/>
         <property name="os" value="Mac OS X 64bit"/>
         <property name="katalonVersion" value="8.1.0.208"/>
         <property name="browser" value="Chrome 92.0.4515.159"/>
         <property name="hostAddress" value="127.0.0.1"/>
         <property name="sessionId" value="8548d8ae74d718456d6a300dac7abac0"/>
         <property name="seleniumVersion" value="3.141.59"/>
         <property name="proxyInformation" value="ProxyInformation { proxyOption=NO_PROXY, proxyServerType=HTTP, username=, password=********, proxyServerAddress=, proxyServerPort=0, executionList=&quot;&quot;, isApplyToDesiredCapabilities=true }"/>
         <property name="platform" value="Mac OS X"/>
      </properties>
      <testcase name="Test Cases/Owner/Activate listing" time="14.201" classname="Test Cases/Owner/Activate listing" status="PASSED">
         <system-out><![CDATA[2021-08-23 15:07:16 - [TEST_CASE][PASSED] - Test Cases/Owner/Activate listing: Test Cases/Owner/Activate listing

2021-08-23 15:07:16 - [TEST_STEP][PASSED] - openBrowser(""): Browser is opened with url: ''

2021-08-23 15:07:17 - [MESSAGE][INFO] - Starting 'Chrome' driver

2021-08-23 15:07:17 - [MESSAGE][INFO] - Action delay is set to 0 milliseconds

2021-08-23 15:07:19 - [MESSAGE][PASSED] - Browser is opened with url: ''

2021-08-23 15:07:19 - [TEST_STEP][PASSED] - navigateToUrl("https://managing-made-easier.web.app/"): Navigate to 'https://managing-made-easier.web.app/' successfully

2021-08-23 15:07:20 - [MESSAGE][PASSED] - Navigate to 'https://managing-made-easier.web.app/' successfully

2021-08-23 15:07:20 - [TEST_STEP][PASSED] - click(findTestObject("Object Repository/Page_Home/a_Sign-In")): Object: 'Object Repository/Page_Home/a_Sign-In' is clicked on

2021-08-23 15:07:21 - [MESSAGE][PASSED] - Object: 'Object Repository/Page_Home/a_Sign-In' is clicked on

2021-08-23 15:07:21 - [TEST_STEP][PASSED] - setText(findTestObject("Object Repository/Page_Sign-In/input__txtEmail"), "owner@radford.edu"): Text 'owner@radford.edu' is set on object 'Object Repository/Page_Sign-In/input__txtEmail'

2021-08-23 15:07:22 - [MESSAGE][PASSED] - Text 'owner@radford.edu' is set on object 'Object Repository/Page_Sign-In/input__txtEmail'

2021-08-23 15:07:22 - [TEST_STEP][PASSED] - setEncryptedText(findTestObject("Object Repository/Page_Sign-In/input__txtPassword"), "8SQVv/p9jVScEs4/2CZsLw=="): Text ****** has been set on object 'Object Repository/Page_Sign-In/input__txtPassword'

2021-08-23 15:07:23 - [MESSAGE][PASSED] - Text ****** has been set on object 'Object Repository/Page_Sign-In/input__txtPassword'

2021-08-23 15:07:23 - [TEST_STEP][PASSED] - sendKeys(findTestObject("Object Repository/Page_Sign-In/input__txtPassword"), Keys.chord(ENTER)): Keys 'ENTER + ' sent to object: 'Object Repository/Page_Sign-In/input__txtPassword'

2021-08-23 15:07:23 - [MESSAGE][PASSED] - Keys 'ENTER + ' sent to object: 'Object Repository/Page_Sign-In/input__txtPassword'

2021-08-23 15:07:23 - [TEST_STEP][PASSED] - click(findTestObject("Object Repository/Page_Sign-In/div_Sign-in Successful You will be redirect_b31683")): Object: 'Object Repository/Page_Sign-In/div_Sign-in Successful You will be redirect_b31683' is clicked on

2021-08-23 15:07:24 - [MESSAGE][PASSED] - Object: 'Object Repository/Page_Sign-In/div_Sign-in Successful You will be redirect_b31683' is clicked on

2021-08-23 15:07:24 - [TEST_STEP][PASSED] - click(findTestObject("Object Repository/Page_Home/a_Portal")): Object: 'Object Repository/Page_Home/a_Portal' is clicked on

2021-08-23 15:07:25 - [MESSAGE][PASSED] - Object: 'Object Repository/Page_Home/a_Portal' is clicked on

2021-08-23 15:07:25 - [TEST_STEP][PASSED] - click(findTestObject("Object Repository/Page_Owner Portal/h4_ActivateDeactivate a Listing")): Object: 'Object Repository/Page_Owner Portal/h4_ActivateDeactivate a Listing' is clicked on

2021-08-23 15:07:26 - [MESSAGE][PASSED] - Object: 'Object Repository/Page_Owner Portal/h4_ActivateDeactivate a Listing' is clicked on

2021-08-23 15:07:26 - [TEST_STEP][PASSED] - click(findTestObject("Object Repository/Page_ActivateDeactivate Listings/div_Select a Listing to ActivateDeactivate__a64143")): Object: 'Object Repository/Page_ActivateDeactivate Listings/div_Select a Listing to ActivateDeactivate__a64143' is clicked on

2021-08-23 15:07:29 - [MESSAGE][PASSED] - Object: 'Object Repository/Page_ActivateDeactivate Listings/div_Select a Listing to ActivateDeactivate__a64143' is clicked on

2021-08-23 15:07:29 - [TEST_STEP][PASSED] - click(findTestObject("Object Repository/Page_ActivateDeactivate Listing/label_Deactivated")): Object: 'Object Repository/Page_ActivateDeactivate Listing/label_Deactivated' is clicked on

2021-08-23 15:07:30 - [MESSAGE][PASSED] - Object: 'Object Repository/Page_ActivateDeactivate Listing/label_Deactivated' is clicked on

2021-08-23 15:07:30 - [TEST_STEP][PASSED] - click(findTestObject("Object Repository/Page_ActivateDeactivate Listing/label_Activated")): Object: 'Object Repository/Page_ActivateDeactivate Listing/label_Activated' is clicked on

2021-08-23 15:07:30 - [MESSAGE][PASSED] - Object: 'Object Repository/Page_ActivateDeactivate Listing/label_Activated' is clicked on

2021-08-23 15:07:30 - [TEST_STEP][PASSED] - closeBrowser(): Browser is closed

2021-08-23 15:07:30 - [MESSAGE][PASSED] - Browser is closed]]></system-out>
         <system-err><![CDATA[]]></system-err>
      </testcase>
      <testcase name="Test Cases/Owner/Add Announcement" time="11.322" classname="Test Cases/Owner/Add Announcement" status="PASSED">
         <system-out><![CDATA[2021-08-23 15:07:30 - [TEST_CASE][PASSED] - Test Cases/Owner/Add Announcement: Test Cases/Owner/Add Announcement

2021-08-23 15:07:30 - [TEST_STEP][PASSED] - openBrowser(""): Browser is opened with url: ''

2021-08-23 15:07:30 - [MESSAGE][INFO] - Starting 'Chrome' driver

2021-08-23 15:07:30 - [MESSAGE][INFO] - Action delay is set to 0 milliseconds

2021-08-23 15:07:31 - [MESSAGE][PASSED] - Browser is opened with url: ''

2021-08-23 15:07:31 - [TEST_STEP][PASSED] - navigateToUrl("https://managing-made-easier.web.app/"): Navigate to 'https://managing-made-easier.web.app/' successfully

2021-08-23 15:07:34 - [MESSAGE][PASSED] - Navigate to 'https://managing-made-easier.web.app/' successfully

2021-08-23 15:07:34 - [TEST_STEP][PASSED] - click(findTestObject("Object Repository/Page_Home/a_Sign-In")): Object: 'Object Repository/Page_Home/a_Sign-In' is clicked on

2021-08-23 15:07:35 - [MESSAGE][PASSED] - Object: 'Object Repository/Page_Home/a_Sign-In' is clicked on

2021-08-23 15:07:35 - [TEST_STEP][PASSED] - setText(findTestObject("Object Repository/Page_Sign-In/input__txtEmail"), "owner@radford.edu"): Text 'owner@radford.edu' is set on object 'Object Repository/Page_Sign-In/input__txtEmail'

2021-08-23 15:07:36 - [MESSAGE][PASSED] - Text 'owner@radford.edu' is set on object 'Object Repository/Page_Sign-In/input__txtEmail'

2021-08-23 15:07:36 - [TEST_STEP][PASSED] - setEncryptedText(findTestObject("Object Repository/Page_Sign-In/input__txtPassword"), "8SQVv/p9jVScEs4/2CZsLw=="): Text ****** has been set on object 'Object Repository/Page_Sign-In/input__txtPassword'

2021-08-23 15:07:36 - [MESSAGE][PASSED] - Text ****** has been set on object 'Object Repository/Page_Sign-In/input__txtPassword'

2021-08-23 15:07:36 - [TEST_STEP][PASSED] - click(findTestObject("Object Repository/Page_Sign-In/button_Sign-In")): Object: 'Object Repository/Page_Sign-In/button_Sign-In' is clicked on

2021-08-23 15:07:37 - [MESSAGE][PASSED] - Object: 'Object Repository/Page_Sign-In/button_Sign-In' is clicked on

2021-08-23 15:07:37 - [TEST_STEP][PASSED] - click(findTestObject("Object Repository/Page_Home/a_Portal")): Object: 'Object Repository/Page_Home/a_Portal' is clicked on

2021-08-23 15:07:38 - [MESSAGE][PASSED] - Object: 'Object Repository/Page_Home/a_Portal' is clicked on

2021-08-23 15:07:38 - [TEST_STEP][PASSED] - click(findTestObject("Object Repository/Page_Owner Portal/h4_Add an Announcement")): Object: 'Object Repository/Page_Owner Portal/h4_Add an Announcement' is clicked on

2021-08-23 15:07:39 - [MESSAGE][PASSED] - Object: 'Object Repository/Page_Owner Portal/h4_Add an Announcement' is clicked on

2021-08-23 15:07:39 - [TEST_STEP][PASSED] - setText(findTestObject("Object Repository/Page_Add Announcement/input_Add an Announcement_title"), "Katalon test"): Text 'Katalon test' is set on object 'Object Repository/Page_Add Announcement/input_Add an Announcement_title'

2021-08-23 15:07:40 - [MESSAGE][PASSED] - Text 'Katalon test' is set on object 'Object Repository/Page_Add Announcement/input_Add an Announcement_title'

2021-08-23 15:07:40 - [TEST_STEP][PASSED] - setText(findTestObject("Object Repository/Page_Add Announcement/textarea_Add an Announcement_announcement"), "Katalon test"): Text 'Katalon test' is set on object 'Object Repository/Page_Add Announcement/textarea_Add an Announcement_announcement'

2021-08-23 15:07:41 - [MESSAGE][PASSED] - Text 'Katalon test' is set on object 'Object Repository/Page_Add Announcement/textarea_Add an Announcement_announcement'

2021-08-23 15:07:41 - [TEST_STEP][PASSED] - click(findTestObject("Object Repository/Page_Add Announcement/button_Add Announcement")): Object: 'Object Repository/Page_Add Announcement/button_Add Announcement' is clicked on

2021-08-23 15:07:41 - [MESSAGE][PASSED] - Object: 'Object Repository/Page_Add Announcement/button_Add Announcement' is clicked on

2021-08-23 15:07:41 - [TEST_STEP][PASSED] - closeBrowser(): Browser is closed

2021-08-23 15:07:41 - [MESSAGE][PASSED] - Browser is closed]]></system-out>
         <system-err><![CDATA[]]></system-err>
      </testcase>
      <testcase name="Test Cases/Owner/Add Fees" time="10.252" classname="Test Cases/Owner/Add Fees" status="PASSED">
         <system-out><![CDATA[2021-08-23 15:07:41 - [TEST_CASE][PASSED] - Test Cases/Owner/Add Fees: Test Cases/Owner/Add Fees

2021-08-23 15:07:42 - [TEST_STEP][PASSED] - openBrowser(""): Browser is opened with url: ''

2021-08-23 15:07:42 - [MESSAGE][INFO] - Starting 'Chrome' driver

2021-08-23 15:07:42 - [MESSAGE][INFO] - Action delay is set to 0 milliseconds

2021-08-23 15:07:43 - [MESSAGE][PASSED] - Browser is opened with url: ''

2021-08-23 15:07:43 - [TEST_STEP][PASSED] - navigateToUrl("https://managing-made-easier.web.app/"): Navigate to 'https://managing-made-easier.web.app/' successfully

2021-08-23 15:07:44 - [MESSAGE][PASSED] - Navigate to 'https://managing-made-easier.web.app/' successfully

2021-08-23 15:07:44 - [TEST_STEP][PASSED] - click(findTestObject("Object Repository/Page_Home/a_Sign-In")): Object: 'Object Repository/Page_Home/a_Sign-In' is clicked on

2021-08-23 15:07:45 - [MESSAGE][PASSED] - Object: 'Object Repository/Page_Home/a_Sign-In' is clicked on

2021-08-23 15:07:45 - [TEST_STEP][PASSED] - setText(findTestObject("Object Repository/Page_Sign-In/input__txtEmail"), "owner@radford.edu"): Text 'owner@radford.edu' is set on object 'Object Repository/Page_Sign-In/input__txtEmail'

2021-08-23 15:07:46 - [MESSAGE][PASSED] - Text 'owner@radford.edu' is set on object 'Object Repository/Page_Sign-In/input__txtEmail'

2021-08-23 15:07:46 - [TEST_STEP][PASSED] - setEncryptedText(findTestObject("Object Repository/Page_Sign-In/input__txtPassword"), "8SQVv/p9jVScEs4/2CZsLw=="): Text ****** has been set on object 'Object Repository/Page_Sign-In/input__txtPassword'

2021-08-23 15:07:47 - [MESSAGE][PASSED] - Text ****** has been set on object 'Object Repository/Page_Sign-In/input__txtPassword'

2021-08-23 15:07:47 - [TEST_STEP][PASSED] - sendKeys(findTestObject("Object Repository/Page_Sign-In/input__txtPassword"), Keys.chord(ENTER)): Keys 'ENTER + ' sent to object: 'Object Repository/Page_Sign-In/input__txtPassword'

2021-08-23 15:07:47 - [MESSAGE][PASSED] - Keys 'ENTER + ' sent to object: 'Object Repository/Page_Sign-In/input__txtPassword'

2021-08-23 15:07:47 - [TEST_STEP][PASSED] - click(findTestObject("Object Repository/Page_Home/a_Portal")): Object: 'Object Repository/Page_Home/a_Portal' is clicked on

2021-08-23 15:07:49 - [MESSAGE][PASSED] - Object: 'Object Repository/Page_Home/a_Portal' is clicked on

2021-08-23 15:07:49 - [TEST_STEP][PASSED] - click(findTestObject("Object Repository/Page_Owner Portal/h4_Add Fees")): Object: 'Object Repository/Page_Owner Portal/h4_Add Fees' is clicked on

2021-08-23 15:07:51 - [MESSAGE][PASSED] - Object: 'Object Repository/Page_Owner Portal/h4_Add Fees' is clicked on

2021-08-23 15:07:51 - [TEST_STEP][PASSED] - click(findTestObject("Object Repository/Page_Add Additional Fees/button_Add Fee")): Object: 'Object Repository/Page_Add Additional Fees/button_Add Fee' is clicked on

2021-08-23 15:07:52 - [MESSAGE][PASSED] - Object: 'Object Repository/Page_Add Additional Fees/button_Add Fee' is clicked on

2021-08-23 15:07:52 - [TEST_STEP][PASSED] - closeBrowser(): Browser is closed

2021-08-23 15:07:52 - [MESSAGE][PASSED] - Browser is closed]]></system-out>
         <system-err><![CDATA[]]></system-err>
      </testcase>
      <testcase name="Test Cases/Owner/Add listing" time="38.221" classname="Test Cases/Owner/Add listing" status="PASSED">
         <system-out><![CDATA[2021-08-23 15:07:52 - [TEST_CASE][PASSED] - Test Cases/Owner/Add listing: Test Cases/Owner/Add listing

2021-08-23 15:07:52 - [TEST_STEP][PASSED] - openBrowser(""): Browser is opened with url: ''

2021-08-23 15:07:52 - [MESSAGE][INFO] - Starting 'Chrome' driver

2021-08-23 15:07:52 - [MESSAGE][INFO] - Action delay is set to 0 milliseconds

2021-08-23 15:07:53 - [MESSAGE][PASSED] - Browser is opened with url: ''

2021-08-23 15:07:53 - [TEST_STEP][PASSED] - navigateToUrl("https://managing-made-easier.web.app/"): Navigate to 'https://managing-made-easier.web.app/' successfully

2021-08-23 15:07:54 - [MESSAGE][PASSED] - Navigate to 'https://managing-made-easier.web.app/' successfully

2021-08-23 15:07:54 - [TEST_STEP][PASSED] - click(findTestObject("Object Repository/Page_Home/a_Sign-In")): Object: 'Object Repository/Page_Home/a_Sign-In' is clicked on

2021-08-23 15:07:56 - [MESSAGE][PASSED] - Object: 'Object Repository/Page_Home/a_Sign-In' is clicked on

2021-08-23 15:07:56 - [TEST_STEP][PASSED] - setText(findTestObject("Object Repository/Page_Sign-In/input__txtEmail"), "owner@radford.edu"): Text 'owner@radford.edu' is set on object 'Object Repository/Page_Sign-In/input__txtEmail'

2021-08-23 15:07:56 - [MESSAGE][PASSED] - Text 'owner@radford.edu' is set on object 'Object Repository/Page_Sign-In/input__txtEmail'

2021-08-23 15:07:56 - [TEST_STEP][PASSED] - setEncryptedText(findTestObject("Object Repository/Page_Sign-In/input__txtPassword"), "p4y+y39Ir5MSxNs1t5lTZQ=="): Text ****** has been set on object 'Object Repository/Page_Sign-In/input__txtPassword'

2021-08-23 15:07:57 - [MESSAGE][PASSED] - Text ****** has been set on object 'Object Repository/Page_Sign-In/input__txtPassword'

2021-08-23 15:07:57 - [TEST_STEP][PASSED] - click(findTestObject("Object Repository/Page_Sign-In/button_Sign-In")): Object: 'Object Repository/Page_Sign-In/button_Sign-In' is clicked on

2021-08-23 15:07:57 - [MESSAGE][PASSED] - Object: 'Object Repository/Page_Sign-In/button_Sign-In' is clicked on

2021-08-23 15:07:57 - [TEST_STEP][PASSED] - click(findTestObject("Object Repository/Page_Sign-In/div_Email Password Sign-In Remember meForgo_94f557")): Object: 'Object Repository/Page_Sign-In/div_Email Password Sign-In Remember meForgo_94f557' is clicked on

2021-08-23 15:07:58 - [MESSAGE][PASSED] - Object: 'Object Repository/Page_Sign-In/div_Email Password Sign-In Remember meForgo_94f557' is clicked on

2021-08-23 15:07:58 - [TEST_STEP][PASSED] - setEncryptedText(findTestObject("Object Repository/Page_Sign-In/input__txtPassword"), "8SQVv/p9jVScEs4/2CZsLw=="): Text ****** has been set on object 'Object Repository/Page_Sign-In/input__txtPassword'

2021-08-23 15:07:58 - [MESSAGE][PASSED] - Text ****** has been set on object 'Object Repository/Page_Sign-In/input__txtPassword'

2021-08-23 15:07:58 - [TEST_STEP][PASSED] - click(findTestObject("Object Repository/Page_Sign-In/button_Sign-In")): Object: 'Object Repository/Page_Sign-In/button_Sign-In' is clicked on

2021-08-23 15:07:58 - [MESSAGE][PASSED] - Object: 'Object Repository/Page_Sign-In/button_Sign-In' is clicked on

2021-08-23 15:07:58 - [TEST_STEP][PASSED] - closeBrowser(): Browser is closed

2021-08-23 15:07:59 - [MESSAGE][PASSED] - Browser is closed

2021-08-23 15:07:59 - [TEST_STEP][PASSED] - openBrowser(""): Browser is opened with url: ''

2021-08-23 15:07:59 - [MESSAGE][INFO] - Starting 'Chrome' driver

2021-08-23 15:07:59 - [MESSAGE][INFO] - Action delay is set to 0 milliseconds

2021-08-23 15:08:00 - [MESSAGE][PASSED] - Browser is opened with url: ''

2021-08-23 15:08:00 - [TEST_STEP][PASSED] - navigateToUrl("https://managing-made-easier.web.app/"): Navigate to 'https://managing-made-easier.web.app/' successfully

2021-08-23 15:08:01 - [MESSAGE][PASSED] - Navigate to 'https://managing-made-easier.web.app/' successfully

2021-08-23 15:08:01 - [TEST_STEP][PASSED] - click(findTestObject("Object Repository/Page_Home/a_Sign-In")): Object: 'Object Repository/Page_Home/a_Sign-In' is clicked on

2021-08-23 15:08:02 - [MESSAGE][PASSED] - Object: 'Object Repository/Page_Home/a_Sign-In' is clicked on

2021-08-23 15:08:02 - [TEST_STEP][PASSED] - setText(findTestObject("Object Repository/Page_Sign-In/input__txtEmail"), "owner@radford.edu"): Text 'owner@radford.edu' is set on object 'Object Repository/Page_Sign-In/input__txtEmail'

2021-08-23 15:08:03 - [MESSAGE][PASSED] - Text 'owner@radford.edu' is set on object 'Object Repository/Page_Sign-In/input__txtEmail'

2021-08-23 15:08:03 - [TEST_STEP][PASSED] - setEncryptedText(findTestObject("Object Repository/Page_Sign-In/input__txtPassword"), "8SQVv/p9jVScEs4/2CZsLw=="): Text ****** has been set on object 'Object Repository/Page_Sign-In/input__txtPassword'

2021-08-23 15:08:04 - [MESSAGE][PASSED] - Text ****** has been set on object 'Object Repository/Page_Sign-In/input__txtPassword'

2021-08-23 15:08:04 - [TEST_STEP][PASSED] - sendKeys(findTestObject("Object Repository/Page_Sign-In/input__txtPassword"), Keys.chord(ENTER)): Keys 'ENTER + ' sent to object: 'Object Repository/Page_Sign-In/input__txtPassword'

2021-08-23 15:08:04 - [MESSAGE][PASSED] - Keys 'ENTER + ' sent to object: 'Object Repository/Page_Sign-In/input__txtPassword'

2021-08-23 15:08:04 - [TEST_STEP][PASSED] - click(findTestObject("Object Repository/Page_Home/a_Portal")): Object: 'Object Repository/Page_Home/a_Portal' is clicked on

2021-08-23 15:08:05 - [MESSAGE][PASSED] - Object: 'Object Repository/Page_Home/a_Portal' is clicked on

2021-08-23 15:08:05 - [TEST_STEP][PASSED] - click(findTestObject("Object Repository/Page_Owner Portal/h4_Add a Listing")): Object: 'Object Repository/Page_Owner Portal/h4_Add a Listing' is clicked on

2021-08-23 15:08:07 - [MESSAGE][PASSED] - Object: 'Object Repository/Page_Owner Portal/h4_Add a Listing' is clicked on

2021-08-23 15:08:07 - [TEST_STEP][PASSED] - setText(findTestObject("Object Repository/Page_Add Listing/input_Add a Listing_address"), "Katalon Test"): Text 'Katalon Test' is set on object 'Object Repository/Page_Add Listing/input_Add a Listing_address'

2021-08-23 15:08:11 - [MESSAGE][PASSED] - Text 'Katalon Test' is set on object 'Object Repository/Page_Add Listing/input_Add a Listing_address'

2021-08-23 15:08:11 - [TEST_STEP][PASSED] - click(findTestObject("Object Repository/Page_Add Listing/input_Add a Listing_type")): Object: 'Object Repository/Page_Add Listing/input_Add a Listing_type' is clicked on

2021-08-23 15:08:12 - [MESSAGE][PASSED] - Object: 'Object Repository/Page_Add Listing/input_Add a Listing_type' is clicked on

2021-08-23 15:08:12 - [TEST_STEP][PASSED] - setText(findTestObject("Object Repository/Page_Add Listing/input_Apartment_rent"), "500"): Text '500' is set on object 'Object Repository/Page_Add Listing/input_Apartment_rent'

2021-08-23 15:08:15 - [MESSAGE][PASSED] - Text '500' is set on object 'Object Repository/Page_Add Listing/input_Apartment_rent'

2021-08-23 15:08:15 - [TEST_STEP][PASSED] - setText(findTestObject("Object Repository/Page_Add Listing/input_Apartment_bedrooms"), "4"): Text '4' is set on object 'Object Repository/Page_Add Listing/input_Apartment_bedrooms'

2021-08-23 15:08:17 - [MESSAGE][PASSED] - Text '4' is set on object 'Object Repository/Page_Add Listing/input_Apartment_bedrooms'

2021-08-23 15:08:17 - [TEST_STEP][PASSED] - setText(findTestObject("Object Repository/Page_Add Listing/input_Apartment_damage"), "300"): Text '300' is set on object 'Object Repository/Page_Add Listing/input_Apartment_damage'

2021-08-23 15:08:17 - [MESSAGE][PASSED] - Text '300' is set on object 'Object Repository/Page_Add Listing/input_Apartment_damage'

2021-08-23 15:08:17 - [TEST_STEP][PASSED] - setText(findTestObject("Object Repository/Page_Add Listing/textarea_Apartment_utilities"), "test"): Text 'test' is set on object 'Object Repository/Page_Add Listing/textarea_Apartment_utilities'

2021-08-23 15:08:18 - [MESSAGE][PASSED] - Text 'test' is set on object 'Object Repository/Page_Add Listing/textarea_Apartment_utilities'

2021-08-23 15:08:18 - [TEST_STEP][PASSED] - setText(findTestObject("Object Repository/Page_Add Listing/textarea_Apartment_parking"), "test"): Text 'test' is set on object 'Object Repository/Page_Add Listing/textarea_Apartment_parking'

2021-08-23 15:08:22 - [MESSAGE][PASSED] - Text 'test' is set on object 'Object Repository/Page_Add Listing/textarea_Apartment_parking'

2021-08-23 15:08:22 - [TEST_STEP][PASSED] - setText(findTestObject("Object Repository/Page_Add Listing/textarea_Apartment_internet"), "test"): Text 'test' is set on object 'Object Repository/Page_Add Listing/textarea_Apartment_internet'

2021-08-23 15:08:26 - [MESSAGE][PASSED] - Text 'test' is set on object 'Object Repository/Page_Add Listing/textarea_Apartment_internet'

2021-08-23 15:08:26 - [TEST_STEP][PASSED] - setText(findTestObject("Object Repository/Page_Add Listing/textarea_Apartment_description"), "This is a katalon test, disregard the listing."): Text 'This is a katalon test, disregard the listing.' is set on object 'Object Repository/Page_Add Listing/textarea_Apartment_description'

2021-08-23 15:08:30 - [MESSAGE][PASSED] - Text 'This is a katalon test, disregard the listing.' is set on object 'Object Repository/Page_Add Listing/textarea_Apartment_description'

2021-08-23 15:08:30 - [TEST_STEP][PASSED] - closeBrowser(): Browser is closed

2021-08-23 15:08:30 - [MESSAGE][PASSED] - Browser is closed]]></system-out>
         <system-err><![CDATA[]]></system-err>
      </testcase>
      <testcase name="Test Cases/Owner/Change Password" time="12.182" classname="Test Cases/Owner/Change Password" status="PASSED">
         <system-out><![CDATA[2021-08-23 15:08:30 - [TEST_CASE][PASSED] - Test Cases/Owner/Change Password: Test Cases/Owner/Change Password

2021-08-23 15:08:30 - [TEST_STEP][PASSED] - openBrowser(""): Browser is opened with url: ''

2021-08-23 15:08:30 - [MESSAGE][INFO] - Starting 'Chrome' driver

2021-08-23 15:08:30 - [MESSAGE][INFO] - Action delay is set to 0 milliseconds

2021-08-23 15:08:31 - [MESSAGE][PASSED] - Browser is opened with url: ''

2021-08-23 15:08:31 - [TEST_STEP][PASSED] - navigateToUrl("https://managing-made-easier.web.app/"): Navigate to 'https://managing-made-easier.web.app/' successfully

2021-08-23 15:08:35 - [MESSAGE][PASSED] - Navigate to 'https://managing-made-easier.web.app/' successfully

2021-08-23 15:08:35 - [TEST_STEP][PASSED] - click(findTestObject("Object Repository/Page_Home/a_Sign-In")): Object: 'Object Repository/Page_Home/a_Sign-In' is clicked on

2021-08-23 15:08:36 - [MESSAGE][PASSED] - Object: 'Object Repository/Page_Home/a_Sign-In' is clicked on

2021-08-23 15:08:36 - [TEST_STEP][PASSED] - setText(findTestObject("Object Repository/Page_Sign-In/input__txtEmail"), "owner@radford.edu"): Text 'owner@radford.edu' is set on object 'Object Repository/Page_Sign-In/input__txtEmail'

2021-08-23 15:08:37 - [MESSAGE][PASSED] - Text 'owner@radford.edu' is set on object 'Object Repository/Page_Sign-In/input__txtEmail'

2021-08-23 15:08:37 - [TEST_STEP][PASSED] - setEncryptedText(findTestObject("Object Repository/Page_Sign-In/input__txtPassword"), "8SQVv/p9jVScEs4/2CZsLw=="): Text ****** has been set on object 'Object Repository/Page_Sign-In/input__txtPassword'

2021-08-23 15:08:37 - [MESSAGE][PASSED] - Text ****** has been set on object 'Object Repository/Page_Sign-In/input__txtPassword'

2021-08-23 15:08:37 - [TEST_STEP][PASSED] - sendKeys(findTestObject("Object Repository/Page_Sign-In/input__txtPassword"), Keys.chord(ENTER)): Keys 'ENTER + ' sent to object: 'Object Repository/Page_Sign-In/input__txtPassword'

2021-08-23 15:08:38 - [MESSAGE][PASSED] - Keys 'ENTER + ' sent to object: 'Object Repository/Page_Sign-In/input__txtPassword'

2021-08-23 15:08:38 - [TEST_STEP][PASSED] - click(findTestObject("Object Repository/Page_Sign-In/div_Sign-in Successful You will be redirect_4ef2c0")): Object: 'Object Repository/Page_Sign-In/div_Sign-in Successful You will be redirect_4ef2c0' is clicked on

2021-08-23 15:08:39 - [MESSAGE][PASSED] - Object: 'Object Repository/Page_Sign-In/div_Sign-in Successful You will be redirect_4ef2c0' is clicked on

2021-08-23 15:08:39 - [TEST_STEP][PASSED] - click(findTestObject("Object Repository/Page_Sign-In/div_Sign-in Successful You will be redirect_b31683")): Object: 'Object Repository/Page_Sign-In/div_Sign-in Successful You will be redirect_b31683' is clicked on

2021-08-23 15:08:39 - [MESSAGE][PASSED] - Object: 'Object Repository/Page_Sign-In/div_Sign-in Successful You will be redirect_b31683' is clicked on

2021-08-23 15:08:39 - [TEST_STEP][PASSED] - click(findTestObject("Object Repository/Page_Home/a_Portal")): Object: 'Object Repository/Page_Home/a_Portal' is clicked on

2021-08-23 15:08:40 - [MESSAGE][PASSED] - Object: 'Object Repository/Page_Home/a_Portal' is clicked on

2021-08-23 15:08:40 - [TEST_STEP][PASSED] - click(findTestObject("Object Repository/Page_Owner Portal/h4_Change Password")): Object: 'Object Repository/Page_Owner Portal/h4_Change Password' is clicked on

2021-08-23 15:08:41 - [MESSAGE][PASSED] - Object: 'Object Repository/Page_Owner Portal/h4_Change Password' is clicked on

2021-08-23 15:08:41 - [TEST_STEP][PASSED] - click(findTestObject("Object Repository/Page_Change Password/div_Current Password New Password New Passw_a1dd9a")): Object: 'Object Repository/Page_Change Password/div_Current Password New Password New Passw_a1dd9a' is clicked on

2021-08-23 15:08:42 - [MESSAGE][PASSED] - Object: 'Object Repository/Page_Change Password/div_Current Password New Password New Passw_a1dd9a' is clicked on

2021-08-23 15:08:42 - [TEST_STEP][PASSED] - closeBrowser(): Browser is closed

2021-08-23 15:08:42 - [MESSAGE][PASSED] - Browser is closed]]></system-out>
         <system-err><![CDATA[]]></system-err>
      </testcase>
      <testcase name="Test Cases/Owner/Delete Announcement" time="9.991" classname="Test Cases/Owner/Delete Announcement" status="PASSED">
         <system-out><![CDATA[2021-08-23 15:08:42 - [TEST_CASE][PASSED] - Test Cases/Owner/Delete Announcement: Test Cases/Owner/Delete Announcement

2021-08-23 15:08:42 - [TEST_STEP][PASSED] - openBrowser(""): Browser is opened with url: ''

2021-08-23 15:08:42 - [MESSAGE][INFO] - Starting 'Chrome' driver

2021-08-23 15:08:42 - [MESSAGE][INFO] - Action delay is set to 0 milliseconds

2021-08-23 15:08:43 - [MESSAGE][PASSED] - Browser is opened with url: ''

2021-08-23 15:08:43 - [TEST_STEP][PASSED] - navigateToUrl("https://managing-made-easier.web.app/"): Navigate to 'https://managing-made-easier.web.app/' successfully

2021-08-23 15:08:45 - [MESSAGE][PASSED] - Navigate to 'https://managing-made-easier.web.app/' successfully

2021-08-23 15:08:45 - [TEST_STEP][PASSED] - click(findTestObject("Object Repository/Page_Home/a_Sign-In")): Object: 'Object Repository/Page_Home/a_Sign-In' is clicked on

2021-08-23 15:08:46 - [MESSAGE][PASSED] - Object: 'Object Repository/Page_Home/a_Sign-In' is clicked on

2021-08-23 15:08:46 - [TEST_STEP][PASSED] - setText(findTestObject("Object Repository/Page_Sign-In/input__txtEmail"), "owner@radford.edu"): Text 'owner@radford.edu' is set on object 'Object Repository/Page_Sign-In/input__txtEmail'

2021-08-23 15:08:47 - [MESSAGE][PASSED] - Text 'owner@radford.edu' is set on object 'Object Repository/Page_Sign-In/input__txtEmail'

2021-08-23 15:08:47 - [TEST_STEP][PASSED] - setEncryptedText(findTestObject("Object Repository/Page_Sign-In/input__txtPassword"), "8SQVv/p9jVScEs4/2CZsLw=="): Text ****** has been set on object 'Object Repository/Page_Sign-In/input__txtPassword'

2021-08-23 15:08:47 - [MESSAGE][PASSED] - Text ****** has been set on object 'Object Repository/Page_Sign-In/input__txtPassword'

2021-08-23 15:08:47 - [TEST_STEP][PASSED] - click(findTestObject("Object Repository/Page_Sign-In/button_Sign-In")): Object: 'Object Repository/Page_Sign-In/button_Sign-In' is clicked on

2021-08-23 15:08:48 - [MESSAGE][PASSED] - Object: 'Object Repository/Page_Sign-In/button_Sign-In' is clicked on

2021-08-23 15:08:48 - [TEST_STEP][PASSED] - click(findTestObject("Object Repository/Page_Home/a_Portal")): Object: 'Object Repository/Page_Home/a_Portal' is clicked on

2021-08-23 15:08:49 - [MESSAGE][PASSED] - Object: 'Object Repository/Page_Home/a_Portal' is clicked on

2021-08-23 15:08:49 - [TEST_STEP][PASSED] - click(findTestObject("Object Repository/Page_Owner Portal/h4_Delete an Announcement")): Object: 'Object Repository/Page_Owner Portal/h4_Delete an Announcement' is clicked on

2021-08-23 15:08:51 - [MESSAGE][PASSED] - Object: 'Object Repository/Page_Owner Portal/h4_Delete an Announcement' is clicked on

2021-08-23 15:08:51 - [TEST_STEP][PASSED] - click(findTestObject("Page_Delete Announcements/DeleteTestElement")): Object: 'Object Repository/Page_Delete Announcements/DeleteTestElement' is clicked on

2021-08-23 15:08:52 - [MESSAGE][PASSED] - Object: 'Object Repository/Page_Delete Announcements/DeleteTestElement' is clicked on

2021-08-23 15:08:52 - [TEST_STEP][PASSED] - acceptAlert(): Alert accepted

2021-08-23 15:08:52 - [MESSAGE][PASSED] - Alert accepted

2021-08-23 15:08:52 - [TEST_STEP][PASSED] - closeBrowser(): Browser is closed

2021-08-23 15:08:52 - [MESSAGE][PASSED] - Browser is closed]]></system-out>
         <system-err><![CDATA[]]></system-err>
      </testcase>
      <testcase name="Test Cases/Owner/Edit Announcement" time="11.484" classname="Test Cases/Owner/Edit Announcement" status="PASSED">
         <system-out><![CDATA[2021-08-23 15:08:52 - [TEST_CASE][PASSED] - Test Cases/Owner/Edit Announcement: Test Cases/Owner/Edit Announcement

2021-08-23 15:08:52 - [TEST_STEP][PASSED] - openBrowser(""): Browser is opened with url: ''

2021-08-23 15:08:52 - [MESSAGE][INFO] - Starting 'Chrome' driver

2021-08-23 15:08:52 - [MESSAGE][INFO] - Action delay is set to 0 milliseconds

2021-08-23 15:08:53 - [MESSAGE][PASSED] - Browser is opened with url: ''

2021-08-23 15:08:53 - [TEST_STEP][PASSED] - navigateToUrl("https://managing-made-easier.web.app/"): Navigate to 'https://managing-made-easier.web.app/' successfully

2021-08-23 15:08:55 - [MESSAGE][PASSED] - Navigate to 'https://managing-made-easier.web.app/' successfully

2021-08-23 15:08:55 - [TEST_STEP][PASSED] - click(findTestObject("Object Repository/Page_Home/a_Sign-In")): Object: 'Object Repository/Page_Home/a_Sign-In' is clicked on

2021-08-23 15:08:56 - [MESSAGE][PASSED] - Object: 'Object Repository/Page_Home/a_Sign-In' is clicked on

2021-08-23 15:08:56 - [TEST_STEP][PASSED] - setText(findTestObject("Object Repository/Page_Sign-In/input__txtEmail"), "owner@radford.edu"): Text 'owner@radford.edu' is set on object 'Object Repository/Page_Sign-In/input__txtEmail'

2021-08-23 15:08:56 - [MESSAGE][PASSED] - Text 'owner@radford.edu' is set on object 'Object Repository/Page_Sign-In/input__txtEmail'

2021-08-23 15:08:56 - [TEST_STEP][PASSED] - setEncryptedText(findTestObject("Object Repository/Page_Sign-In/input__txtPassword"), "8SQVv/p9jVScEs4/2CZsLw=="): Text ****** has been set on object 'Object Repository/Page_Sign-In/input__txtPassword'

2021-08-23 15:08:57 - [MESSAGE][PASSED] - Text ****** has been set on object 'Object Repository/Page_Sign-In/input__txtPassword'

2021-08-23 15:08:57 - [TEST_STEP][PASSED] - sendKeys(findTestObject("Object Repository/Page_Sign-In/input__txtPassword"), Keys.chord(ENTER)): Keys 'ENTER + ' sent to object: 'Object Repository/Page_Sign-In/input__txtPassword'

2021-08-23 15:08:57 - [MESSAGE][PASSED] - Keys 'ENTER + ' sent to object: 'Object Repository/Page_Sign-In/input__txtPassword'

2021-08-23 15:08:57 - [TEST_STEP][PASSED] - click(findTestObject("Object Repository/Page_Sign-In/div_Sign-in Successful You will be redirect_b31683")): Object: 'Object Repository/Page_Sign-In/div_Sign-in Successful You will be redirect_b31683' is clicked on

2021-08-23 15:08:58 - [MESSAGE][PASSED] - Object: 'Object Repository/Page_Sign-In/div_Sign-in Successful You will be redirect_b31683' is clicked on

2021-08-23 15:08:58 - [TEST_STEP][PASSED] - click(findTestObject("Object Repository/Page_Home/a_Portal")): Object: 'Object Repository/Page_Home/a_Portal' is clicked on

2021-08-23 15:08:59 - [MESSAGE][PASSED] - Object: 'Object Repository/Page_Home/a_Portal' is clicked on

2021-08-23 15:08:59 - [TEST_STEP][PASSED] - click(findTestObject("Object Repository/Page_Owner Portal/h4_Update an Announcement")): Object: 'Object Repository/Page_Owner Portal/h4_Update an Announcement' is clicked on

2021-08-23 15:09:00 - [MESSAGE][PASSED] - Object: 'Object Repository/Page_Owner Portal/h4_Update an Announcement' is clicked on

2021-08-23 15:09:00 - [TEST_STEP][PASSED] - click(findTestObject("Page_Update Announcements/topAnnouncement")): Object: 'Object Repository/Page_Update Announcements/topAnnouncement' is clicked on

2021-08-23 15:09:01 - [MESSAGE][PASSED] - Object: 'Object Repository/Page_Update Announcements/topAnnouncement' is clicked on

2021-08-23 15:09:01 - [TEST_STEP][PASSED] - setText(findTestObject("Object Repository/Page_Update Announcement/textarea_Update an Announcement_announcement"), "test, this is an updating Katalon test"): Text 'test, this is an updating Katalon test' is set on object 'Object Repository/Page_Update Announcement/textarea_Update an Announcement_announcement'

2021-08-23 15:09:02 - [MESSAGE][PASSED] - Text 'test, this is an updating Katalon test' is set on object 'Object Repository/Page_Update Announcement/textarea_Update an Announcement_announcement'

2021-08-23 15:09:02 - [TEST_STEP][PASSED] - click(findTestObject("Object Repository/Page_Update Announcement/button_Update Announcement")): Object: 'Object Repository/Page_Update Announcement/button_Update Announcement' is clicked on

2021-08-23 15:09:03 - [MESSAGE][PASSED] - Object: 'Object Repository/Page_Update Announcement/button_Update Announcement' is clicked on

2021-08-23 15:09:03 - [TEST_STEP][PASSED] - click(findTestObject("Page_Announcements/button_Katalon Test")): Object: 'Object Repository/Page_Announcements/button_Katalon Test' is clicked on

2021-08-23 15:09:03 - [MESSAGE][PASSED] - Object: 'Object Repository/Page_Announcements/button_Katalon Test' is clicked on

2021-08-23 15:09:03 - [TEST_STEP][PASSED] - closeBrowser(): Browser is closed

2021-08-23 15:09:04 - [MESSAGE][PASSED] - Browser is closed]]></system-out>
         <system-err><![CDATA[]]></system-err>
      </testcase>
      <testcase name="Test Cases/Owner/Help" time="9.57" classname="Test Cases/Owner/Help" status="PASSED">
         <system-out><![CDATA[2021-08-23 15:09:04 - [TEST_CASE][PASSED] - Test Cases/Owner/Help: Test Cases/Owner/Help

2021-08-23 15:09:04 - [TEST_STEP][PASSED] - openBrowser(""): Browser is opened with url: ''

2021-08-23 15:09:04 - [MESSAGE][INFO] - Starting 'Chrome' driver

2021-08-23 15:09:04 - [MESSAGE][INFO] - Action delay is set to 0 milliseconds

2021-08-23 15:09:05 - [MESSAGE][PASSED] - Browser is opened with url: ''

2021-08-23 15:09:05 - [TEST_STEP][PASSED] - navigateToUrl("https://managing-made-easier.web.app/"): Navigate to 'https://managing-made-easier.web.app/' successfully

2021-08-23 15:09:06 - [MESSAGE][PASSED] - Navigate to 'https://managing-made-easier.web.app/' successfully

2021-08-23 15:09:06 - [TEST_STEP][PASSED] - click(findTestObject("Object Repository/Page_Home/a_Sign-In")): Object: 'Object Repository/Page_Home/a_Sign-In' is clicked on

2021-08-23 15:09:07 - [MESSAGE][PASSED] - Object: 'Object Repository/Page_Home/a_Sign-In' is clicked on

2021-08-23 15:09:07 - [TEST_STEP][PASSED] - click(findTestObject("Object Repository/Page_Sign-In/div_Email Password Sign-InForgot password")): Object: 'Object Repository/Page_Sign-In/div_Email Password Sign-InForgot password' is clicked on

2021-08-23 15:09:08 - [MESSAGE][PASSED] - Object: 'Object Repository/Page_Sign-In/div_Email Password Sign-InForgot password' is clicked on

2021-08-23 15:09:08 - [TEST_STEP][PASSED] - setText(findTestObject("Object Repository/Page_Sign-In/input__txtEmail"), "owner@radford.edu"): Text 'owner@radford.edu' is set on object 'Object Repository/Page_Sign-In/input__txtEmail'

2021-08-23 15:09:08 - [MESSAGE][PASSED] - Text 'owner@radford.edu' is set on object 'Object Repository/Page_Sign-In/input__txtEmail'

2021-08-23 15:09:08 - [TEST_STEP][PASSED] - setEncryptedText(findTestObject("Object Repository/Page_Sign-In/input__txtPassword"), "8SQVv/p9jVScEs4/2CZsLw=="): Text ****** has been set on object 'Object Repository/Page_Sign-In/input__txtPassword'

2021-08-23 15:09:09 - [MESSAGE][PASSED] - Text ****** has been set on object 'Object Repository/Page_Sign-In/input__txtPassword'

2021-08-23 15:09:09 - [TEST_STEP][PASSED] - sendKeys(findTestObject("Object Repository/Page_Sign-In/input__txtPassword"), Keys.chord(ENTER)): Keys 'ENTER + ' sent to object: 'Object Repository/Page_Sign-In/input__txtPassword'

2021-08-23 15:09:09 - [MESSAGE][PASSED] - Keys 'ENTER + ' sent to object: 'Object Repository/Page_Sign-In/input__txtPassword'

2021-08-23 15:09:09 - [TEST_STEP][PASSED] - click(findTestObject("Object Repository/Page_Home/a_Portal")): Object: 'Object Repository/Page_Home/a_Portal' is clicked on

2021-08-23 15:09:10 - [MESSAGE][PASSED] - Object: 'Object Repository/Page_Home/a_Portal' is clicked on

2021-08-23 15:09:10 - [TEST_STEP][PASSED] - click(findTestObject("Object Repository/Page_Owner Portal/h4_Help")): Object: 'Object Repository/Page_Owner Portal/h4_Help' is clicked on

2021-08-23 15:09:12 - [MESSAGE][PASSED] - Object: 'Object Repository/Page_Owner Portal/h4_Help' is clicked on

2021-08-23 15:09:12 - [TEST_STEP][PASSED] - click(findTestObject("Object Repository/Page_Help/h1_Help Center")): Object: 'Object Repository/Page_Help/h1_Help Center' is clicked on

2021-08-23 15:09:12 - [MESSAGE][PASSED] - Object: 'Object Repository/Page_Help/h1_Help Center' is clicked on

2021-08-23 15:09:12 - [TEST_STEP][PASSED] - click(findTestObject("Object Repository/Page_Help/button_View Walkthrough Calendar")): Object: 'Object Repository/Page_Help/button_View Walkthrough Calendar' is clicked on

2021-08-23 15:09:13 - [MESSAGE][PASSED] - Object: 'Object Repository/Page_Help/button_View Walkthrough Calendar' is clicked on

2021-08-23 15:09:13 - [TEST_STEP][PASSED] - click(findTestObject("Object Repository/Page_Help/button_Add a Listing")): Object: 'Object Repository/Page_Help/button_Add a Listing' is clicked on

2021-08-23 15:09:13 - [MESSAGE][PASSED] - Object: 'Object Repository/Page_Help/button_Add a Listing' is clicked on

2021-08-23 15:09:13 - [TEST_STEP][PASSED] - closeBrowser(): Browser is closed

2021-08-23 15:09:13 - [MESSAGE][PASSED] - Browser is closed]]></system-out>
         <system-err><![CDATA[]]></system-err>
      </testcase>
      <testcase name="Test Cases/Owner/Maintenance Requests" time="17.098" classname="Test Cases/Owner/Maintenance Requests" status="PASSED">
         <system-out><![CDATA[2021-08-23 15:09:13 - [TEST_CASE][PASSED] - Test Cases/Owner/Maintenance Requests: Test Cases/Owner/Maintenance Requests

2021-08-23 15:09:13 - [TEST_STEP][PASSED] - openBrowser(""): Browser is opened with url: ''

2021-08-23 15:09:13 - [MESSAGE][INFO] - Starting 'Chrome' driver

2021-08-23 15:09:13 - [MESSAGE][INFO] - Action delay is set to 0 milliseconds

2021-08-23 15:09:14 - [MESSAGE][PASSED] - Browser is opened with url: ''

2021-08-23 15:09:14 - [TEST_STEP][PASSED] - navigateToUrl("https://managing-made-easier.web.app/"): Navigate to 'https://managing-made-easier.web.app/' successfully

2021-08-23 15:09:16 - [MESSAGE][PASSED] - Navigate to 'https://managing-made-easier.web.app/' successfully

2021-08-23 15:09:16 - [TEST_STEP][PASSED] - click(findTestObject("Object Repository/Page_Home/a_Sign-In")): Object: 'Object Repository/Page_Home/a_Sign-In' is clicked on

2021-08-23 15:09:17 - [MESSAGE][PASSED] - Object: 'Object Repository/Page_Home/a_Sign-In' is clicked on

2021-08-23 15:09:17 - [TEST_STEP][PASSED] - setText(findTestObject("Object Repository/Page_Sign-In/input__txtEmail"), "owner@radford.edu"): Text 'owner@radford.edu' is set on object 'Object Repository/Page_Sign-In/input__txtEmail'

2021-08-23 15:09:18 - [MESSAGE][PASSED] - Text 'owner@radford.edu' is set on object 'Object Repository/Page_Sign-In/input__txtEmail'

2021-08-23 15:09:18 - [TEST_STEP][PASSED] - setEncryptedText(findTestObject("Object Repository/Page_Sign-In/input__txtPassword"), "8SQVv/p9jVScEs4/2CZsLw=="): Text ****** has been set on object 'Object Repository/Page_Sign-In/input__txtPassword'

2021-08-23 15:09:18 - [MESSAGE][PASSED] - Text ****** has been set on object 'Object Repository/Page_Sign-In/input__txtPassword'

2021-08-23 15:09:18 - [TEST_STEP][PASSED] - sendKeys(findTestObject("Object Repository/Page_Sign-In/input__txtPassword"), Keys.chord(ENTER)): Keys 'ENTER + ' sent to object: 'Object Repository/Page_Sign-In/input__txtPassword'

2021-08-23 15:09:19 - [MESSAGE][PASSED] - Keys 'ENTER + ' sent to object: 'Object Repository/Page_Sign-In/input__txtPassword'

2021-08-23 15:09:19 - [TEST_STEP][PASSED] - click(findTestObject("Object Repository/Page_Home/a_Portal")): Object: 'Object Repository/Page_Home/a_Portal' is clicked on

2021-08-23 15:09:20 - [MESSAGE][PASSED] - Object: 'Object Repository/Page_Home/a_Portal' is clicked on

2021-08-23 15:09:20 - [TEST_STEP][PASSED] - click(findTestObject("Object Repository/Page_Owner Portal/h4_Maintenance Requests")): Object: 'Object Repository/Page_Owner Portal/h4_Maintenance Requests' is clicked on

2021-08-23 15:09:21 - [MESSAGE][PASSED] - Object: 'Object Repository/Page_Owner Portal/h4_Maintenance Requests' is clicked on

2021-08-23 15:09:21 - [TEST_STEP][PASSED] - click(findTestObject("Object Repository/Page_Maintenance Requests/div_Maintenance Requests")): Object: 'Object Repository/Page_Maintenance Requests/div_Maintenance Requests' is clicked on

2021-08-23 15:09:22 - [MESSAGE][PASSED] - Object: 'Object Repository/Page_Maintenance Requests/div_Maintenance Requests' is clicked on

2021-08-23 15:09:22 - [TEST_STEP][PASSED] - closeBrowser(): Browser is closed

2021-08-23 15:09:22 - [MESSAGE][PASSED] - Browser is closed

2021-08-23 15:09:22 - [TEST_STEP][PASSED] - openBrowser(""): Browser is opened with url: ''

2021-08-23 15:09:22 - [MESSAGE][INFO] - Starting 'Chrome' driver

2021-08-23 15:09:22 - [MESSAGE][INFO] - Action delay is set to 0 milliseconds

2021-08-23 15:09:23 - [MESSAGE][PASSED] - Browser is opened with url: ''

2021-08-23 15:09:23 - [TEST_STEP][PASSED] - navigateToUrl("https://managing-made-easier.web.app/"): Navigate to 'https://managing-made-easier.web.app/' successfully

2021-08-23 15:09:24 - [MESSAGE][PASSED] - Navigate to 'https://managing-made-easier.web.app/' successfully

2021-08-23 15:09:24 - [TEST_STEP][PASSED] - click(findTestObject("Object Repository/Page_Home/a_Sign-In")): Object: 'Object Repository/Page_Home/a_Sign-In' is clicked on

2021-08-23 15:09:25 - [MESSAGE][PASSED] - Object: 'Object Repository/Page_Home/a_Sign-In' is clicked on

2021-08-23 15:09:25 - [TEST_STEP][PASSED] - setText(findTestObject("Object Repository/Page_Sign-In/input__txtEmail"), "owner@radford.edu"): Text 'owner@radford.edu' is set on object 'Object Repository/Page_Sign-In/input__txtEmail'

2021-08-23 15:09:26 - [MESSAGE][PASSED] - Text 'owner@radford.edu' is set on object 'Object Repository/Page_Sign-In/input__txtEmail'

2021-08-23 15:09:26 - [TEST_STEP][PASSED] - setEncryptedText(findTestObject("Object Repository/Page_Sign-In/input__txtPassword"), "8SQVv/p9jVScEs4/2CZsLw=="): Text ****** has been set on object 'Object Repository/Page_Sign-In/input__txtPassword'

2021-08-23 15:09:26 - [MESSAGE][PASSED] - Text ****** has been set on object 'Object Repository/Page_Sign-In/input__txtPassword'

2021-08-23 15:09:26 - [TEST_STEP][PASSED] - click(findTestObject("Object Repository/Page_Sign-In/button_Sign-In")): Object: 'Object Repository/Page_Sign-In/button_Sign-In' is clicked on

2021-08-23 15:09:26 - [MESSAGE][PASSED] - Object: 'Object Repository/Page_Sign-In/button_Sign-In' is clicked on

2021-08-23 15:09:26 - [TEST_STEP][PASSED] - click(findTestObject("Object Repository/Page_Home/a_Portal")): Object: 'Object Repository/Page_Home/a_Portal' is clicked on

2021-08-23 15:09:28 - [MESSAGE][PASSED] - Object: 'Object Repository/Page_Home/a_Portal' is clicked on

2021-08-23 15:09:28 - [TEST_STEP][PASSED] - click(findTestObject("Object Repository/Page_Owner Portal/h4_Maintenance Requests")): Object: 'Object Repository/Page_Owner Portal/h4_Maintenance Requests' is clicked on

2021-08-23 15:09:29 - [MESSAGE][PASSED] - Object: 'Object Repository/Page_Owner Portal/h4_Maintenance Requests' is clicked on

2021-08-23 15:09:29 - [TEST_STEP][PASSED] - click(findTestObject("Object Repository/Page_Maintenance Requests/div_Maintenance Requests")): Object: 'Object Repository/Page_Maintenance Requests/div_Maintenance Requests' is clicked on

2021-08-23 15:09:30 - [MESSAGE][PASSED] - Object: 'Object Repository/Page_Maintenance Requests/div_Maintenance Requests' is clicked on

2021-08-23 15:09:30 - [TEST_STEP][PASSED] - click(findTestObject("Object Repository/Page_Maintenance Requests/button_nstoryradford.edu Thu Mar 18 2021")): Object: 'Object Repository/Page_Maintenance Requests/button_nstoryradford.edu Thu Mar 18 2021' is clicked on

2021-08-23 15:09:30 - [MESSAGE][PASSED] - Object: 'Object Repository/Page_Maintenance Requests/button_nstoryradford.edu Thu Mar 18 2021' is clicked on

2021-08-23 15:09:30 - [TEST_STEP][PASSED] - closeBrowser(): Browser is closed

2021-08-23 15:09:30 - [MESSAGE][PASSED] - Browser is closed]]></system-out>
         <system-err><![CDATA[]]></system-err>
      </testcase>
      <system-out><![CDATA[2021-08-23 15:07:16 - [TEST_SUITE][PASSED] - Owner1: Test Cases/Owner/Maintenance Requests]]></system-out>
      <system-err><![CDATA[]]></system-err>
   </testsuite>
</testsuites>
