<?xml version="1.0" encoding="UTF-8"?>
<testsuites name="Tenant without Property" time="83.417" tests="5" failures="0" errors="0">
   <testsuite name="Tenant without Property" tests="5" failures="0" errors="0" time="83.417" skipped="0" timestamp="2021-11-01 14:48:20" hostname="mousejarrett - 192.168.1.16" id="Test Suites/Tenant without Property">
      <properties>
         <property name="deviceName" value=""/>
         <property name="devicePlatform" value=""/>
         <property name="logFolder" value="/Users/mousejarrett/Desktop/SE 2/Managing/ManagingTests/Reports/20211101_144818/Tenant without Property/20211101_144818"/>
         <property name="logFiles" value="/Users/mousejarrett/Desktop/SE 2/Managing/ManagingTests/Reports/20211101_144818/Tenant without Property/20211101_144818/execution0.log"/>
         <property name="attachments" value=""/>
         <property name="hostName" value="mousejarrett - 192.168.1.16"/>
         <property name="os" value="Mac OS X 64bit"/>
         <property name="katalonVersion" value="8.1.0.208"/>
         <property name="browser" value="Chrome 95.0.4638.54"/>
         <property name="hostAddress" value="192.168.1.16"/>
         <property name="sessionId" value="ecb0b79225a3c416eafa2b3fd3e6ed9a"/>
         <property name="seleniumVersion" value="3.141.59"/>
         <property name="proxyInformation" value="ProxyInformation { proxyOption=NO_PROXY, proxyServerType=HTTP, username=, password=********, proxyServerAddress=, proxyServerPort=0, executionList=&quot;&quot;, isApplyToDesiredCapabilities=true }"/>
         <property name="platform" value="Mac OS X"/>
      </properties>
      <testcase name="Test Cases/Tenant/View Tenant Portal (Not Renting)" time="18.852" classname="Test Cases/Tenant/View Tenant Portal (Not Renting)" status="PASSED">
         <system-out><![CDATA[2021-11-01 14:48:20 - [TEST_CASE][PASSED] - Test Cases/Tenant/View Tenant Portal (Not Renting): Test Cases/Tenant/View Tenant Portal (Not Renting)

2021-11-01 14:48:21 - [TEST_STEP][PASSED] - openBrowser(""): Browser is opened with url: ''

2021-11-01 14:48:21 - [MESSAGE][INFO] - Starting 'Chrome' driver

2021-11-01 14:48:21 - [MESSAGE][INFO] - Action delay is set to 0 milliseconds

2021-11-01 14:48:23 - [MESSAGE][PASSED] - Browser is opened with url: ''

2021-11-01 14:48:23 - [TEST_STEP][PASSED] - navigateToUrl("https://managing-made-easier.web.app/"): Navigate to 'https://managing-made-easier.web.app/' successfully

2021-11-01 14:48:33 - [MESSAGE][PASSED] - Navigate to 'https://managing-made-easier.web.app/' successfully

2021-11-01 14:48:33 - [TEST_STEP][PASSED] - click(findTestObject("Object Repository/Page_Home/a_Sign-In"), STOP_ON_FAILURE): Object: 'Object Repository/Page_Home/a_Sign-In' is clicked on

2021-11-01 14:48:34 - [MESSAGE][PASSED] - Object: 'Object Repository/Page_Home/a_Sign-In' is clicked on

2021-11-01 14:48:34 - [TEST_STEP][PASSED] - setText(findTestObject("Object Repository/Page_Sign-In/input__txtEmail"), "test123@radford.edu"): Text 'test123@radford.edu' is set on object 'Object Repository/Page_Sign-In/input__txtEmail'

2021-11-01 14:48:35 - [MESSAGE][PASSED] - Text 'test123@radford.edu' is set on object 'Object Repository/Page_Sign-In/input__txtEmail'

2021-11-01 14:48:35 - [TEST_STEP][PASSED] - setEncryptedText(findTestObject("Object Repository/Page_Sign-In/input__txtPassword"), "8SQVv/p9jVScEs4/2CZsLw=="): Text ****** has been set on object 'Object Repository/Page_Sign-In/input__txtPassword'

2021-11-01 14:48:36 - [MESSAGE][PASSED] - Text ****** has been set on object 'Object Repository/Page_Sign-In/input__txtPassword'

2021-11-01 14:48:36 - [TEST_STEP][PASSED] - click(findTestObject("Object Repository/Page_Sign-In/button_Sign-In")): Object: 'Object Repository/Page_Sign-In/button_Sign-In' is clicked on

2021-11-01 14:48:36 - [MESSAGE][PASSED] - Object: 'Object Repository/Page_Sign-In/button_Sign-In' is clicked on

2021-11-01 14:48:36 - [TEST_STEP][PASSED] - verifyElementPresent(findTestObject("Object Repository/Page_Sign-In/div_Sign-in Successful You will be redirect_b31683"), 0): Object 'Object Repository/Page_Sign-In/div_Sign-in Successful You will be redirect_b31683' is present

2021-11-01 14:48:36 - [MESSAGE][WARNING] - Timeout '0' is invalid. Using default page load timeout: '30'

2021-11-01 14:48:37 - [MESSAGE][PASSED] - Object 'Object Repository/Page_Sign-In/div_Sign-in Successful You will be redirect_b31683' is present

2021-11-01 14:48:37 - [TEST_STEP][PASSED] - click(findTestObject("Object Repository/Page_Home/a_Portal")): Object: 'Object Repository/Page_Home/a_Portal' is clicked on

2021-11-01 14:48:38 - [MESSAGE][PASSED] - Object: 'Object Repository/Page_Home/a_Portal' is clicked on

2021-11-01 14:48:38 - [TEST_STEP][PASSED] - verifyElementPresent(findTestObject("Object Repository/Page_Tenant Portal/div_Announcements"), 0): Object 'Object Repository/Page_Tenant Portal/div_Announcements' is present

2021-11-01 14:48:38 - [MESSAGE][WARNING] - Timeout '0' is invalid. Using default page load timeout: '30'

2021-11-01 14:48:38 - [MESSAGE][PASSED] - Object 'Object Repository/Page_Tenant Portal/div_Announcements' is present

2021-11-01 14:48:38 - [TEST_STEP][PASSED] - verifyElementPresent(findTestObject("Object Repository/Page_Tenant Portal/div_Schedule Walkthrough"), 0): Object 'Object Repository/Page_Tenant Portal/div_Schedule Walkthrough' is present

2021-11-01 14:48:38 - [MESSAGE][WARNING] - Timeout '0' is invalid. Using default page load timeout: '30'

2021-11-01 14:48:39 - [MESSAGE][PASSED] - Object 'Object Repository/Page_Tenant Portal/div_Schedule Walkthrough' is present

2021-11-01 14:48:39 - [TEST_STEP][PASSED] - verifyElementPresent(findTestObject("Object Repository/Page_Tenant Portal/div_Apply to Rent"), 0): Object 'Object Repository/Page_Tenant Portal/div_Apply to Rent' is present

2021-11-01 14:48:39 - [MESSAGE][WARNING] - Timeout '0' is invalid. Using default page load timeout: '30'

2021-11-01 14:48:39 - [MESSAGE][PASSED] - Object 'Object Repository/Page_Tenant Portal/div_Apply to Rent' is present

2021-11-01 14:48:39 - [TEST_STEP][PASSED] - closeBrowser(): Browser is closed

2021-11-01 14:48:39 - [MESSAGE][PASSED] - Browser is closed]]></system-out>
         <system-err><![CDATA[]]></system-err>
      </testcase>
      <testcase name="Test Cases/Tenant/Tenant View Announcements" time="13.955" classname="Test Cases/Tenant/Tenant View Announcements" status="PASSED">
         <system-out><![CDATA[2021-11-01 14:48:39 - [TEST_CASE][PASSED] - Test Cases/Tenant/Tenant View Announcements: Test Cases/Tenant/Tenant View Announcements

2021-11-01 14:48:40 - [TEST_STEP][PASSED] - openBrowser(""): Browser is opened with url: ''

2021-11-01 14:48:40 - [MESSAGE][INFO] - Starting 'Chrome' driver

2021-11-01 14:48:40 - [MESSAGE][INFO] - Action delay is set to 0 milliseconds

2021-11-01 14:48:41 - [MESSAGE][PASSED] - Browser is opened with url: ''

2021-11-01 14:48:41 - [TEST_STEP][PASSED] - navigateToUrl("https://managing-made-easier.web.app/"): Navigate to 'https://managing-made-easier.web.app/' successfully

2021-11-01 14:48:44 - [MESSAGE][PASSED] - Navigate to 'https://managing-made-easier.web.app/' successfully

2021-11-01 14:48:44 - [TEST_STEP][PASSED] - click(findTestObject("Object Repository/Page_Home/a_Sign-In")): Object: 'Object Repository/Page_Home/a_Sign-In' is clicked on

2021-11-01 14:48:44 - [MESSAGE][PASSED] - Object: 'Object Repository/Page_Home/a_Sign-In' is clicked on

2021-11-01 14:48:44 - [TEST_STEP][PASSED] - setText(findTestObject("Object Repository/Page_Sign-In/input__txtEmail"), "test321@gmail.com"): Text 'test321@gmail.com' is set on object 'Object Repository/Page_Sign-In/input__txtEmail'

2021-11-01 14:48:45 - [MESSAGE][PASSED] - Text 'test321@gmail.com' is set on object 'Object Repository/Page_Sign-In/input__txtEmail'

2021-11-01 14:48:45 - [TEST_STEP][PASSED] - setEncryptedText(findTestObject("Object Repository/Page_Sign-In/input__txtPassword"), "8SQVv/p9jVScEs4/2CZsLw=="): Text ****** has been set on object 'Object Repository/Page_Sign-In/input__txtPassword'

2021-11-01 14:48:45 - [MESSAGE][PASSED] - Text ****** has been set on object 'Object Repository/Page_Sign-In/input__txtPassword'

2021-11-01 14:48:45 - [TEST_STEP][PASSED] - click(findTestObject("Object Repository/Page_Sign-In/button_Sign-In")): Object: 'Object Repository/Page_Sign-In/button_Sign-In' is clicked on

2021-11-01 14:48:46 - [MESSAGE][PASSED] - Object: 'Object Repository/Page_Sign-In/button_Sign-In' is clicked on

2021-11-01 14:48:46 - [TEST_STEP][PASSED] - click(findTestObject("Object Repository/Page_Home/a_Portal")): Object: 'Object Repository/Page_Home/a_Portal' is clicked on

2021-11-01 14:48:47 - [MESSAGE][PASSED] - Object: 'Object Repository/Page_Home/a_Portal' is clicked on

2021-11-01 14:48:47 - [TEST_STEP][PASSED] - click(findTestObject("Object Repository/Page_Home/a_Portal")): Object: 'Object Repository/Page_Home/a_Portal' is clicked on

2021-11-01 14:48:50 - [MESSAGE][PASSED] - Object: 'Object Repository/Page_Home/a_Portal' is clicked on

2021-11-01 14:48:50 - [TEST_STEP][PASSED] - click(findTestObject("Page_Tenant Portal/div_Announcements")): Object: 'Object Repository/Page_Tenant Portal/div_Announcements' is clicked on

2021-11-01 14:48:51 - [MESSAGE][PASSED] - Object: 'Object Repository/Page_Tenant Portal/div_Announcements' is clicked on

2021-11-01 14:48:51 - [TEST_STEP][PASSED] - click(findTestObject("Object Repository/Page_Announcements/button_3")): Object: 'Object Repository/Page_Announcements/button_3' is clicked on

2021-11-01 14:48:53 - [MESSAGE][PASSED] - Object: 'Object Repository/Page_Announcements/button_3' is clicked on

2021-11-01 14:48:53 - [TEST_STEP][PASSED] - click(findTestObject("Object Repository/Page_Announcements/button_3")): Object: 'Object Repository/Page_Announcements/button_3' is clicked on

2021-11-01 14:48:53 - [MESSAGE][PASSED] - Object: 'Object Repository/Page_Announcements/button_3' is clicked on

2021-11-01 14:48:53 - [TEST_STEP][PASSED] - closeBrowser(): Browser is closed

2021-11-01 14:48:53 - [MESSAGE][PASSED] - Browser is closed]]></system-out>
         <system-err><![CDATA[]]></system-err>
      </testcase>
      <testcase name="Test Cases/Sign in" time="24.847" classname="Test Cases/Sign in" status="PASSED">
         <system-out><![CDATA[2021-11-01 14:48:53 - [TEST_CASE][PASSED] - Test Cases/Sign in: Test Cases/Sign in

2021-11-01 14:48:53 - [TEST_STEP][PASSED] - openBrowser(""): Browser is opened with url: ''

2021-11-01 14:48:53 - [MESSAGE][INFO] - Starting 'Chrome' driver

2021-11-01 14:48:53 - [MESSAGE][INFO] - Action delay is set to 0 milliseconds

2021-11-01 14:48:55 - [MESSAGE][PASSED] - Browser is opened with url: ''

2021-11-01 14:48:55 - [TEST_STEP][PASSED] - navigateToUrl("https://managing-made-easier.web.app/"): Navigate to 'https://managing-made-easier.web.app/' successfully

2021-11-01 14:49:06 - [MESSAGE][PASSED] - Navigate to 'https://managing-made-easier.web.app/' successfully

2021-11-01 14:49:06 - [TEST_STEP][PASSED] - click(findTestObject("Object Repository/Page_Home/a_Sign-In")): Object: 'Object Repository/Page_Home/a_Sign-In' is clicked on

2021-11-01 14:49:07 - [MESSAGE][PASSED] - Object: 'Object Repository/Page_Home/a_Sign-In' is clicked on

2021-11-01 14:49:07 - [TEST_STEP][PASSED] - setText(findTestObject("Object Repository/Page_Sign-In/input__txtEmail"), "test123@radford.edu"): Text 'test123@radford.edu' is set on object 'Object Repository/Page_Sign-In/input__txtEmail'

2021-11-01 14:49:11 - [MESSAGE][PASSED] - Text 'test123@radford.edu' is set on object 'Object Repository/Page_Sign-In/input__txtEmail'

2021-11-01 14:49:11 - [TEST_STEP][PASSED] - setEncryptedText(findTestObject("Object Repository/Page_Sign-In/input__txtPassword"), "8SQVv/p9jVScEs4/2CZsLw=="): Text ****** has been set on object 'Object Repository/Page_Sign-In/input__txtPassword'

2021-11-01 14:49:13 - [MESSAGE][PASSED] - Text ****** has been set on object 'Object Repository/Page_Sign-In/input__txtPassword'

2021-11-01 14:49:13 - [TEST_STEP][PASSED] - click(findTestObject("Object Repository/Page_Sign-In/button_Sign-In")): Object: 'Object Repository/Page_Sign-In/button_Sign-In' is clicked on

2021-11-01 14:49:15 - [MESSAGE][PASSED] - Object: 'Object Repository/Page_Sign-In/button_Sign-In' is clicked on

2021-11-01 14:49:15 - [TEST_STEP][PASSED] - verifyElementPresent(findTestObject("Object Repository/Page_Sign-In/div_Sign-in Successful You will be redirect_b31683"), 0): Object 'Object Repository/Page_Sign-In/div_Sign-in Successful You will be redirect_b31683' is present

2021-11-01 14:49:15 - [MESSAGE][WARNING] - Timeout '0' is invalid. Using default page load timeout: '30'

2021-11-01 14:49:18 - [MESSAGE][PASSED] - Object 'Object Repository/Page_Sign-In/div_Sign-in Successful You will be redirect_b31683' is present

2021-11-01 14:49:18 - [TEST_STEP][PASSED] - closeBrowser(): Browser is closed

2021-11-01 14:49:18 - [MESSAGE][PASSED] - Browser is closed]]></system-out>
         <system-err><![CDATA[]]></system-err>
      </testcase>
      <testcase name="Test Cases/Tenant/Apply" time="15.06" classname="Test Cases/Tenant/Apply" status="PASSED">
         <system-out><![CDATA[2021-11-01 14:49:18 - [TEST_CASE][PASSED] - Test Cases/Tenant/Apply: Test Cases/Tenant/Apply

2021-11-01 14:49:18 - [TEST_STEP][PASSED] - openBrowser(""): Browser is opened with url: ''

2021-11-01 14:49:18 - [MESSAGE][INFO] - Starting 'Chrome' driver

2021-11-01 14:49:18 - [MESSAGE][INFO] - Action delay is set to 0 milliseconds

2021-11-01 14:49:20 - [MESSAGE][PASSED] - Browser is opened with url: ''

2021-11-01 14:49:20 - [TEST_STEP][PASSED] - navigateToUrl("https://managing-made-easier.web.app/"): Navigate to 'https://managing-made-easier.web.app/' successfully

2021-11-01 14:49:26 - [MESSAGE][PASSED] - Navigate to 'https://managing-made-easier.web.app/' successfully

2021-11-01 14:49:26 - [TEST_STEP][PASSED] - click(findTestObject("Object Repository/Page_Home/a_Sign-In")): Object: 'Object Repository/Page_Home/a_Sign-In' is clicked on

2021-11-01 14:49:26 - [MESSAGE][PASSED] - Object: 'Object Repository/Page_Home/a_Sign-In' is clicked on

2021-11-01 14:49:26 - [TEST_STEP][PASSED] - click(findTestObject("Object Repository/Page_Sign-In/div_Email Password Sign-InForgot password")): Object: 'Object Repository/Page_Sign-In/div_Email Password Sign-InForgot password' is clicked on

2021-11-01 14:49:27 - [MESSAGE][PASSED] - Object: 'Object Repository/Page_Sign-In/div_Email Password Sign-InForgot password' is clicked on

2021-11-01 14:49:27 - [TEST_STEP][PASSED] - setText(findTestObject("Object Repository/Page_Sign-In/input__txtEmail"), "test123@radford.edu"): Text 'test123@radford.edu' is set on object 'Object Repository/Page_Sign-In/input__txtEmail'

2021-11-01 14:49:28 - [MESSAGE][PASSED] - Text 'test123@radford.edu' is set on object 'Object Repository/Page_Sign-In/input__txtEmail'

2021-11-01 14:49:28 - [TEST_STEP][PASSED] - setEncryptedText(findTestObject("Object Repository/Page_Sign-In/input__txtPassword"), "8SQVv/p9jVScEs4/2CZsLw=="): Text ****** has been set on object 'Object Repository/Page_Sign-In/input__txtPassword'

2021-11-01 14:49:28 - [MESSAGE][PASSED] - Text ****** has been set on object 'Object Repository/Page_Sign-In/input__txtPassword'

2021-11-01 14:49:28 - [TEST_STEP][PASSED] - sendKeys(findTestObject("Object Repository/Page_Sign-In/input__txtPassword"), Keys.chord(ENTER)): Keys 'ENTER + ' sent to object: 'Object Repository/Page_Sign-In/input__txtPassword'

2021-11-01 14:49:28 - [MESSAGE][PASSED] - Keys 'ENTER + ' sent to object: 'Object Repository/Page_Sign-In/input__txtPassword'

2021-11-01 14:49:28 - [TEST_STEP][PASSED] - click(findTestObject("Object Repository/Page_Home/a_Portal")): Object: 'Object Repository/Page_Home/a_Portal' is clicked on

2021-11-01 14:49:30 - [MESSAGE][PASSED] - Object: 'Object Repository/Page_Home/a_Portal' is clicked on

2021-11-01 14:49:30 - [TEST_STEP][PASSED] - click(findTestObject("Page_Tenant Portal/h4_Apply to Rent")): Object: 'Object Repository/Page_Tenant Portal/h4_Apply to Rent' is clicked on

2021-11-01 14:49:31 - [MESSAGE][PASSED] - Object: 'Object Repository/Page_Tenant Portal/h4_Apply to Rent' is clicked on

2021-11-01 14:49:31 - [TEST_STEP][PASSED] - click(findTestObject("Object Repository/Page_Apply/p_Please download and fully complete the Re_86c454")): Object: 'Object Repository/Page_Apply/p_Please download and fully complete the Re_86c454' is clicked on

2021-11-01 14:49:32 - [MESSAGE][PASSED] - Object: 'Object Repository/Page_Apply/p_Please download and fully complete the Re_86c454' is clicked on

2021-11-01 14:49:32 - [TEST_STEP][PASSED] - click(findTestObject("Object Repository/Page_Apply/h4_Tips for adding Application to email")): Object: 'Object Repository/Page_Apply/h4_Tips for adding Application to email' is clicked on

2021-11-01 14:49:33 - [MESSAGE][PASSED] - Object: 'Object Repository/Page_Apply/h4_Tips for adding Application to email' is clicked on

2021-11-01 14:49:33 - [TEST_STEP][PASSED] - click(findTestObject("Object Repository/Page_Apply/h3_Once you have completed the application,_820c59")): Object: 'Object Repository/Page_Apply/h3_Once you have completed the application,_820c59' is clicked on

2021-11-01 14:49:33 - [MESSAGE][PASSED] - Object: 'Object Repository/Page_Apply/h3_Once you have completed the application,_820c59' is clicked on

2021-11-01 14:49:33 - [TEST_STEP][PASSED] - closeBrowser(): Browser is closed

2021-11-01 14:49:33 - [MESSAGE][PASSED] - Browser is closed]]></system-out>
         <system-err><![CDATA[]]></system-err>
      </testcase>
      <testcase name="Test Cases/Contact" time="10.111" classname="Test Cases/Contact" status="PASSED">
         <system-out><![CDATA[2021-11-01 14:49:33 - [TEST_CASE][PASSED] - Test Cases/Contact: Test Cases/Contact

2021-11-01 14:49:33 - [TEST_STEP][PASSED] - openBrowser(""): Browser is opened with url: ''

2021-11-01 14:49:33 - [MESSAGE][INFO] - Starting 'Chrome' driver

2021-11-01 14:49:33 - [MESSAGE][INFO] - Action delay is set to 0 milliseconds

2021-11-01 14:49:35 - [MESSAGE][PASSED] - Browser is opened with url: ''

2021-11-01 14:49:35 - [TEST_STEP][PASSED] - navigateToUrl("https://managing-made-easier.web.app/"): Navigate to 'https://managing-made-easier.web.app/' successfully

2021-11-01 14:49:41 - [MESSAGE][PASSED] - Navigate to 'https://managing-made-easier.web.app/' successfully

2021-11-01 14:49:41 - [TEST_STEP][PASSED] - click(findTestObject("Object Repository/Page_Home/a_Contact")): Object: 'Object Repository/Page_Home/a_Contact' is clicked on

2021-11-01 14:49:42 - [MESSAGE][PASSED] - Object: 'Object Repository/Page_Home/a_Contact' is clicked on

2021-11-01 14:49:42 - [TEST_STEP][PASSED] - click(findTestObject("Object Repository/Page_Contact Us/h2_Email us")): Object: 'Object Repository/Page_Contact Us/h2_Email us' is clicked on

2021-11-01 14:49:42 - [MESSAGE][PASSED] - Object: 'Object Repository/Page_Contact Us/h2_Email us' is clicked on

2021-11-01 14:49:42 - [TEST_STEP][PASSED] - click(findTestObject("Object Repository/Page_Contact Us/h4_Call or Text 123-456-7890")): Object: 'Object Repository/Page_Contact Us/h4_Call or Text 123-456-7890' is clicked on

2021-11-01 14:49:43 - [MESSAGE][PASSED] - Object: 'Object Repository/Page_Contact Us/h4_Call or Text 123-456-7890' is clicked on

2021-11-01 14:49:43 - [TEST_STEP][PASSED] - click(findTestObject("Object Repository/Page_Contact Us/h4_Send us a Facebook Message")): Object: 'Object Repository/Page_Contact Us/h4_Send us a Facebook Message' is clicked on

2021-11-01 14:49:43 - [MESSAGE][PASSED] - Object: 'Object Repository/Page_Contact Us/h4_Send us a Facebook Message' is clicked on

2021-11-01 14:49:43 - [TEST_STEP][PASSED] - closeBrowser(): Browser is closed

2021-11-01 14:49:43 - [MESSAGE][PASSED] - Browser is closed]]></system-out>
         <system-err><![CDATA[]]></system-err>
      </testcase>
      <system-out><![CDATA[2021-11-01 14:48:20 - [TEST_SUITE][PASSED] - Tenant without Property: Test Cases/Contact]]></system-out>
      <system-err><![CDATA[]]></system-err>
   </testsuite>
</testsuites>
