<?xml version="1.0" encoding="UTF-8"?>
<testsuites name="Tenant with Property" time="121.596" tests="9" failures="0" errors="0">
   <testsuite name="Tenant with Property" tests="9" failures="0" errors="0" time="121.596" skipped="0" timestamp="2021-07-15 14:08:33" hostname="mousejarrett - 192.168.1.15" id="Test Suites/Tenant with Property">
      <properties>
         <property name="deviceName" value=""/>
         <property name="devicePlatform" value=""/>
         <property name="logFolder" value="/Users/mousejarrett/Desktop/SE 2/Managing/ManagingTests/Reports/20210715_140831/Tenant with Property/20210715_140831"/>
         <property name="logFiles" value="/Users/mousejarrett/Desktop/SE 2/Managing/ManagingTests/Reports/20210715_140831/Tenant with Property/20210715_140831/execution0.log"/>
         <property name="attachments" value=""/>
         <property name="hostName" value="mousejarrett - 192.168.1.15"/>
         <property name="os" value="Mac OS X 64bit"/>
         <property name="katalonVersion" value="8.0.5.208"/>
         <property name="browser" value="Chrome 91.0.4472.114"/>
         <property name="hostAddress" value="192.168.1.15"/>
         <property name="sessionId" value="466818a05a087f20c18e46b6e16aaddf"/>
         <property name="seleniumVersion" value="3.141.59"/>
         <property name="proxyInformation" value="ProxyInformation { proxyOption=NO_PROXY, proxyServerType=HTTP, username=, password=********, proxyServerAddress=, proxyServerPort=0, executionList=&quot;&quot;, isApplyToDesiredCapabilities=true }"/>
         <property name="platform" value="Mac OS X"/>
      </properties>
      <testcase name="Test Cases/Sign in" time="10.143" classname="Test Cases/Sign in" status="PASSED">
         <system-out><![CDATA[2021-07-15 14:08:33 - [TEST_CASE][PASSED] - Test Cases/Sign in: Test Cases/Sign in

2021-07-15 14:08:33 - [TEST_STEP][PASSED] - openBrowser(""): Browser is opened with url: ''

2021-07-15 14:08:33 - [MESSAGE][INFO] - Starting 'Chrome' driver

2021-07-15 14:08:33 - [MESSAGE][INFO] - Action delay is set to 0 milliseconds

2021-07-15 14:08:35 - [MESSAGE][PASSED] - Browser is opened with url: ''

2021-07-15 14:08:35 - [TEST_STEP][PASSED] - navigateToUrl("https://managing-made-easier.web.app/"): Navigate to 'https://managing-made-easier.web.app/' successfully

2021-07-15 14:08:40 - [MESSAGE][PASSED] - Navigate to 'https://managing-made-easier.web.app/' successfully

2021-07-15 14:08:40 - [TEST_STEP][PASSED] - click(findTestObject("Object Repository/Page_Home/a_Sign-In")): Object: 'Object Repository/Page_Home/a_Sign-In' is clicked on

2021-07-15 14:08:40 - [MESSAGE][PASSED] - Object: 'Object Repository/Page_Home/a_Sign-In' is clicked on

2021-07-15 14:08:40 - [TEST_STEP][PASSED] - setText(findTestObject("Object Repository/Page_Sign-In/input__txtEmail"), "test123@radford.edu"): Text 'test123@radford.edu' is set on object 'Object Repository/Page_Sign-In/input__txtEmail'

2021-07-15 14:08:41 - [MESSAGE][PASSED] - Text 'test123@radford.edu' is set on object 'Object Repository/Page_Sign-In/input__txtEmail'

2021-07-15 14:08:41 - [TEST_STEP][PASSED] - setEncryptedText(findTestObject("Object Repository/Page_Sign-In/input__txtPassword"), "8SQVv/p9jVScEs4/2CZsLw=="): Text ****** has been set on object 'Object Repository/Page_Sign-In/input__txtPassword'

2021-07-15 14:08:42 - [MESSAGE][PASSED] - Text ****** has been set on object 'Object Repository/Page_Sign-In/input__txtPassword'

2021-07-15 14:08:42 - [TEST_STEP][PASSED] - click(findTestObject("Object Repository/Page_Sign-In/button_Sign-In")): Object: 'Object Repository/Page_Sign-In/button_Sign-In' is clicked on

2021-07-15 14:08:42 - [MESSAGE][PASSED] - Object: 'Object Repository/Page_Sign-In/button_Sign-In' is clicked on

2021-07-15 14:08:42 - [TEST_STEP][PASSED] - verifyElementPresent(findTestObject("Object Repository/Page_Sign-In/div_Sign-in Successful You will be redirect_b31683"), 0): Object 'Object Repository/Page_Sign-In/div_Sign-in Successful You will be redirect_b31683' is present

2021-07-15 14:08:42 - [MESSAGE][WARNING] - Timeout '0' is invalid. Using default page load timeout: '30'

2021-07-15 14:08:43 - [MESSAGE][PASSED] - Object 'Object Repository/Page_Sign-In/div_Sign-in Successful You will be redirect_b31683' is present

2021-07-15 14:08:43 - [TEST_STEP][PASSED] - closeBrowser(): Browser is closed

2021-07-15 14:08:43 - [MESSAGE][PASSED] - Browser is closed]]></system-out>
         <system-err><![CDATA[]]></system-err>
      </testcase>
      <testcase name="Test Cases/Tenant/View Tenant Portal (Renting)" time="13.854" classname="Test Cases/Tenant/View Tenant Portal (Renting)" status="PASSED">
         <system-out><![CDATA[2021-07-15 14:08:43 - [TEST_CASE][PASSED] - Test Cases/Tenant/View Tenant Portal (Renting): Test Cases/Tenant/View Tenant Portal (Renting)

2021-07-15 14:08:43 - [TEST_STEP][PASSED] - openBrowser(""): Browser is opened with url: ''

2021-07-15 14:08:43 - [MESSAGE][INFO] - Starting 'Chrome' driver

2021-07-15 14:08:43 - [MESSAGE][INFO] - Action delay is set to 0 milliseconds

2021-07-15 14:08:44 - [MESSAGE][PASSED] - Browser is opened with url: ''

2021-07-15 14:08:44 - [TEST_STEP][PASSED] - navigateToUrl("https://managing-made-easier.web.app/"): Navigate to 'https://managing-made-easier.web.app/' successfully

2021-07-15 14:08:47 - [MESSAGE][PASSED] - Navigate to 'https://managing-made-easier.web.app/' successfully

2021-07-15 14:08:47 - [TEST_STEP][PASSED] - click(findTestObject("Object Repository/Page_Home/a_Sign-In")): Object: 'Object Repository/Page_Home/a_Sign-In' is clicked on

2021-07-15 14:08:50 - [MESSAGE][PASSED] - Object: 'Object Repository/Page_Home/a_Sign-In' is clicked on

2021-07-15 14:08:50 - [TEST_STEP][PASSED] - setText(findTestObject("Object Repository/Page_Sign-In/input__txtEmail"), "test321@gmail.com"): Text 'test321@gmail.com' is set on object 'Object Repository/Page_Sign-In/input__txtEmail'

2021-07-15 14:08:51 - [MESSAGE][PASSED] - Text 'test321@gmail.com' is set on object 'Object Repository/Page_Sign-In/input__txtEmail'

2021-07-15 14:08:51 - [TEST_STEP][PASSED] - setEncryptedText(findTestObject("Object Repository/Page_Sign-In/input__txtPassword"), "8SQVv/p9jVScEs4/2CZsLw=="): Text ****** has been set on object 'Object Repository/Page_Sign-In/input__txtPassword'

2021-07-15 14:08:51 - [MESSAGE][PASSED] - Text ****** has been set on object 'Object Repository/Page_Sign-In/input__txtPassword'

2021-07-15 14:08:51 - [TEST_STEP][PASSED] - click(findTestObject("Object Repository/Page_Sign-In/button_Sign-In")): Object: 'Object Repository/Page_Sign-In/button_Sign-In' is clicked on

2021-07-15 14:08:52 - [MESSAGE][PASSED] - Object: 'Object Repository/Page_Sign-In/button_Sign-In' is clicked on

2021-07-15 14:08:52 - [TEST_STEP][PASSED] - click(findTestObject("Page_Home/a_Portal")): Object: 'Object Repository/Page_Home/a_Portal' is clicked on

2021-07-15 14:08:54 - [MESSAGE][PASSED] - Object: 'Object Repository/Page_Home/a_Portal' is clicked on

2021-07-15 14:08:54 - [TEST_STEP][PASSED] - click(findTestObject("Page_Home/a_Portal")): Object: 'Object Repository/Page_Home/a_Portal' is clicked on

2021-07-15 14:08:55 - [MESSAGE][PASSED] - Object: 'Object Repository/Page_Home/a_Portal' is clicked on

2021-07-15 14:08:55 - [TEST_STEP][PASSED] - verifyElementPresent(findTestObject("Page_Tenant Portal/h4_Pay Rent"), 0): Object 'Object Repository/Page_Tenant Portal/h4_Pay Rent' is present

2021-07-15 14:08:55 - [MESSAGE][WARNING] - Timeout '0' is invalid. Using default page load timeout: '30'

2021-07-15 14:08:56 - [MESSAGE][PASSED] - Object 'Object Repository/Page_Tenant Portal/h4_Pay Rent' is present

2021-07-15 14:08:56 - [TEST_STEP][PASSED] - verifyElementPresent(findTestObject("Page_Tenant Portal/h4_Announcements"), 0): Object 'Object Repository/Page_Tenant Portal/h4_Announcements' is present

2021-07-15 14:08:56 - [MESSAGE][WARNING] - Timeout '0' is invalid. Using default page load timeout: '30'

2021-07-15 14:08:56 - [MESSAGE][PASSED] - Object 'Object Repository/Page_Tenant Portal/h4_Announcements' is present

2021-07-15 14:08:56 - [TEST_STEP][PASSED] - verifyElementPresent(findTestObject("Page_Tenant Portal/h4_Request Maintenance"), 0): Object 'Object Repository/Page_Tenant Portal/h4_Request Maintenance' is present

2021-07-15 14:08:56 - [MESSAGE][WARNING] - Timeout '0' is invalid. Using default page load timeout: '30'

2021-07-15 14:08:57 - [MESSAGE][PASSED] - Object 'Object Repository/Page_Tenant Portal/h4_Request Maintenance' is present

2021-07-15 14:08:57 - [TEST_STEP][PASSED] - verifyElementPresent(findTestObject("Page_Tenant Portal/h4_View Payment History"), 0): Object 'Object Repository/Page_Tenant Portal/h4_View Payment History' is present

2021-07-15 14:08:57 - [MESSAGE][WARNING] - Timeout '0' is invalid. Using default page load timeout: '30'

2021-07-15 14:08:57 - [MESSAGE][PASSED] - Object 'Object Repository/Page_Tenant Portal/h4_View Payment History' is present

2021-07-15 14:08:57 - [TEST_STEP][PASSED] - closeBrowser(): Browser is closed

2021-07-15 14:08:57 - [MESSAGE][PASSED] - Browser is closed]]></system-out>
         <system-err><![CDATA[]]></system-err>
      </testcase>
      <testcase name="Test Cases/Tenant/Pay Rent" time="13.277" classname="Test Cases/Tenant/Pay Rent" status="PASSED">
         <system-out><![CDATA[2021-07-15 14:08:57 - [TEST_CASE][PASSED] - Test Cases/Tenant/Pay Rent: Test Cases/Tenant/Pay Rent

2021-07-15 14:08:57 - [TEST_STEP][PASSED] - openBrowser(""): Browser is opened with url: ''

2021-07-15 14:08:57 - [MESSAGE][INFO] - Starting 'Chrome' driver

2021-07-15 14:08:57 - [MESSAGE][INFO] - Action delay is set to 0 milliseconds

2021-07-15 14:08:58 - [MESSAGE][PASSED] - Browser is opened with url: ''

2021-07-15 14:08:58 - [TEST_STEP][PASSED] - navigateToUrl("https://managing-made-easier.web.app/"): Navigate to 'https://managing-made-easier.web.app/' successfully

2021-07-15 14:08:59 - [MESSAGE][PASSED] - Navigate to 'https://managing-made-easier.web.app/' successfully

2021-07-15 14:08:59 - [TEST_STEP][PASSED] - click(findTestObject("Object Repository/Page_Home/a_Sign-In")): Object: 'Object Repository/Page_Home/a_Sign-In' is clicked on

2021-07-15 14:09:00 - [MESSAGE][PASSED] - Object: 'Object Repository/Page_Home/a_Sign-In' is clicked on

2021-07-15 14:09:00 - [TEST_STEP][PASSED] - setText(findTestObject("Object Repository/Page_Sign-In/input__txtEmail"), "test321@gmail.com"): Text 'test321@gmail.com' is set on object 'Object Repository/Page_Sign-In/input__txtEmail'

2021-07-15 14:09:01 - [MESSAGE][PASSED] - Text 'test321@gmail.com' is set on object 'Object Repository/Page_Sign-In/input__txtEmail'

2021-07-15 14:09:01 - [TEST_STEP][PASSED] - setEncryptedText(findTestObject("Object Repository/Page_Sign-In/input__txtPassword"), "8SQVv/p9jVScEs4/2CZsLw=="): Text ****** has been set on object 'Object Repository/Page_Sign-In/input__txtPassword'

2021-07-15 14:09:02 - [MESSAGE][PASSED] - Text ****** has been set on object 'Object Repository/Page_Sign-In/input__txtPassword'

2021-07-15 14:09:02 - [TEST_STEP][PASSED] - click(findTestObject("Object Repository/Page_Sign-In/button_Sign-In")): Object: 'Object Repository/Page_Sign-In/button_Sign-In' is clicked on

2021-07-15 14:09:02 - [MESSAGE][PASSED] - Object: 'Object Repository/Page_Sign-In/button_Sign-In' is clicked on

2021-07-15 14:09:02 - [TEST_STEP][PASSED] - click(findTestObject("Object Repository/Page_Home/a_Portal")): Object: 'Object Repository/Page_Home/a_Portal' is clicked on

2021-07-15 14:09:04 - [MESSAGE][PASSED] - Object: 'Object Repository/Page_Home/a_Portal' is clicked on

2021-07-15 14:09:04 - [TEST_STEP][PASSED] - click(findTestObject("Page_Tenant Portal/h4_Pay Rent")): Object: 'Object Repository/Page_Tenant Portal/h4_Pay Rent' is clicked on

2021-07-15 14:09:09 - [MESSAGE][PASSED] - Object: 'Object Repository/Page_Tenant Portal/h4_Pay Rent' is clicked on

2021-07-15 14:09:09 - [TEST_STEP][PASSED] - click(findTestObject("Object Repository/Page_Pay Rent/b_Rent")): Object: 'Object Repository/Page_Pay Rent/b_Rent' is clicked on

2021-07-15 14:09:10 - [MESSAGE][PASSED] - Object: 'Object Repository/Page_Pay Rent/b_Rent' is clicked on

2021-07-15 14:09:10 - [TEST_STEP][PASSED] - click(findTestObject("Object Repository/Page_Pay Rent/b_Online Fees")): Object: 'Object Repository/Page_Pay Rent/b_Online Fees' is clicked on

2021-07-15 14:09:10 - [MESSAGE][PASSED] - Object: 'Object Repository/Page_Pay Rent/b_Online Fees' is clicked on

2021-07-15 14:09:10 - [TEST_STEP][PASSED] - click(findTestObject("Object Repository/Page_Pay Rent/b_Total")): Object: 'Object Repository/Page_Pay Rent/b_Total' is clicked on

2021-07-15 14:09:10 - [MESSAGE][PASSED] - Object: 'Object Repository/Page_Pay Rent/b_Total' is clicked on

2021-07-15 14:09:10 - [TEST_STEP][PASSED] - switchToWindowTitle("Pay Rent"): Switched to window with title: 'Pay Rent'

2021-07-15 14:09:10 - [MESSAGE][PASSED] - Switched to window with title: 'Pay Rent'

2021-07-15 14:09:10 - [TEST_STEP][PASSED] - closeBrowser(): Browser is closed

2021-07-15 14:09:10 - [MESSAGE][PASSED] - Browser is closed]]></system-out>
         <system-err><![CDATA[]]></system-err>
      </testcase>
      <testcase name="Test Cases/Tenant/Tenant View Announcements" time="11.622" classname="Test Cases/Tenant/Tenant View Announcements" status="PASSED">
         <system-out><![CDATA[2021-07-15 14:09:10 - [TEST_CASE][PASSED] - Test Cases/Tenant/Tenant View Announcements: Test Cases/Tenant/Tenant View Announcements

2021-07-15 14:09:10 - [TEST_STEP][PASSED] - openBrowser(""): Browser is opened with url: ''

2021-07-15 14:09:10 - [MESSAGE][INFO] - Starting 'Chrome' driver

2021-07-15 14:09:10 - [MESSAGE][INFO] - Action delay is set to 0 milliseconds

2021-07-15 14:09:11 - [MESSAGE][PASSED] - Browser is opened with url: ''

2021-07-15 14:09:11 - [TEST_STEP][PASSED] - navigateToUrl("https://managing-made-easier.web.app/"): Navigate to 'https://managing-made-easier.web.app/' successfully

2021-07-15 14:09:14 - [MESSAGE][PASSED] - Navigate to 'https://managing-made-easier.web.app/' successfully

2021-07-15 14:09:14 - [TEST_STEP][PASSED] - click(findTestObject("Object Repository/Page_Home/a_Sign-In")): Object: 'Object Repository/Page_Home/a_Sign-In' is clicked on

2021-07-15 14:09:16 - [MESSAGE][PASSED] - Object: 'Object Repository/Page_Home/a_Sign-In' is clicked on

2021-07-15 14:09:16 - [TEST_STEP][PASSED] - setText(findTestObject("Object Repository/Page_Sign-In/input__txtEmail"), "test321@gmail.com"): Text 'test321@gmail.com' is set on object 'Object Repository/Page_Sign-In/input__txtEmail'

2021-07-15 14:09:16 - [MESSAGE][PASSED] - Text 'test321@gmail.com' is set on object 'Object Repository/Page_Sign-In/input__txtEmail'

2021-07-15 14:09:16 - [TEST_STEP][PASSED] - setEncryptedText(findTestObject("Object Repository/Page_Sign-In/input__txtPassword"), "8SQVv/p9jVScEs4/2CZsLw=="): Text ****** has been set on object 'Object Repository/Page_Sign-In/input__txtPassword'

2021-07-15 14:09:17 - [MESSAGE][PASSED] - Text ****** has been set on object 'Object Repository/Page_Sign-In/input__txtPassword'

2021-07-15 14:09:17 - [TEST_STEP][PASSED] - click(findTestObject("Object Repository/Page_Sign-In/button_Sign-In")): Object: 'Object Repository/Page_Sign-In/button_Sign-In' is clicked on

2021-07-15 14:09:17 - [MESSAGE][PASSED] - Object: 'Object Repository/Page_Sign-In/button_Sign-In' is clicked on

2021-07-15 14:09:17 - [TEST_STEP][PASSED] - click(findTestObject("Object Repository/Page_Home/a_Portal")): Object: 'Object Repository/Page_Home/a_Portal' is clicked on

2021-07-15 14:09:19 - [MESSAGE][PASSED] - Object: 'Object Repository/Page_Home/a_Portal' is clicked on

2021-07-15 14:09:19 - [TEST_STEP][PASSED] - click(findTestObject("Object Repository/Page_Home/a_Portal")): Object: 'Object Repository/Page_Home/a_Portal' is clicked on

2021-07-15 14:09:20 - [MESSAGE][PASSED] - Object: 'Object Repository/Page_Home/a_Portal' is clicked on

2021-07-15 14:09:20 - [TEST_STEP][PASSED] - click(findTestObject("Page_Tenant Portal/div_Announcements")): Object: 'Object Repository/Page_Tenant Portal/div_Announcements' is clicked on

2021-07-15 14:09:21 - [MESSAGE][PASSED] - Object: 'Object Repository/Page_Tenant Portal/div_Announcements' is clicked on

2021-07-15 14:09:21 - [TEST_STEP][PASSED] - click(findTestObject("Object Repository/Page_Announcements/button_3")): Object: 'Object Repository/Page_Announcements/button_3' is clicked on

2021-07-15 14:09:22 - [MESSAGE][PASSED] - Object: 'Object Repository/Page_Announcements/button_3' is clicked on

2021-07-15 14:09:22 - [TEST_STEP][PASSED] - click(findTestObject("Object Repository/Page_Announcements/button_3")): Object: 'Object Repository/Page_Announcements/button_3' is clicked on

2021-07-15 14:09:22 - [MESSAGE][PASSED] - Object: 'Object Repository/Page_Announcements/button_3' is clicked on

2021-07-15 14:09:22 - [TEST_STEP][PASSED] - closeBrowser(): Browser is closed

2021-07-15 14:09:22 - [MESSAGE][PASSED] - Browser is closed]]></system-out>
         <system-err><![CDATA[]]></system-err>
      </testcase>
      <testcase name="Test Cases/Tenant/Request Maintenance" time="12.63" classname="Test Cases/Tenant/Request Maintenance" status="PASSED">
         <system-out><![CDATA[2021-07-15 14:09:22 - [TEST_CASE][PASSED] - Test Cases/Tenant/Request Maintenance: Test Cases/Tenant/Request Maintenance

2021-07-15 14:09:22 - [TEST_STEP][PASSED] - openBrowser(""): Browser is opened with url: ''

2021-07-15 14:09:22 - [MESSAGE][INFO] - Starting 'Chrome' driver

2021-07-15 14:09:22 - [MESSAGE][INFO] - Action delay is set to 0 milliseconds

2021-07-15 14:09:23 - [MESSAGE][PASSED] - Browser is opened with url: ''

2021-07-15 14:09:23 - [TEST_STEP][PASSED] - navigateToUrl("https://managing-made-easier.web.app/"): Navigate to 'https://managing-made-easier.web.app/' successfully

2021-07-15 14:09:27 - [MESSAGE][PASSED] - Navigate to 'https://managing-made-easier.web.app/' successfully

2021-07-15 14:09:27 - [TEST_STEP][PASSED] - click(findTestObject("Object Repository/Page_Home/a_Sign-In")): Object: 'Object Repository/Page_Home/a_Sign-In' is clicked on

2021-07-15 14:09:27 - [MESSAGE][PASSED] - Object: 'Object Repository/Page_Home/a_Sign-In' is clicked on

2021-07-15 14:09:27 - [TEST_STEP][PASSED] - setText(findTestObject("Object Repository/Page_Sign-In/input__txtEmail"), "test321@gmail.com"): Text 'test321@gmail.com' is set on object 'Object Repository/Page_Sign-In/input__txtEmail'

2021-07-15 14:09:28 - [MESSAGE][PASSED] - Text 'test321@gmail.com' is set on object 'Object Repository/Page_Sign-In/input__txtEmail'

2021-07-15 14:09:28 - [TEST_STEP][PASSED] - setEncryptedText(findTestObject("Object Repository/Page_Sign-In/input__txtPassword"), "8SQVv/p9jVScEs4/2CZsLw=="): Text ****** has been set on object 'Object Repository/Page_Sign-In/input__txtPassword'

2021-07-15 14:09:29 - [MESSAGE][PASSED] - Text ****** has been set on object 'Object Repository/Page_Sign-In/input__txtPassword'

2021-07-15 14:09:29 - [TEST_STEP][PASSED] - click(findTestObject("Object Repository/Page_Sign-In/button_Sign-In")): Object: 'Object Repository/Page_Sign-In/button_Sign-In' is clicked on

2021-07-15 14:09:29 - [MESSAGE][PASSED] - Object: 'Object Repository/Page_Sign-In/button_Sign-In' is clicked on

2021-07-15 14:09:29 - [TEST_STEP][PASSED] - click(findTestObject("Object Repository/Page_Home/a_Portal")): Object: 'Object Repository/Page_Home/a_Portal' is clicked on

2021-07-15 14:09:30 - [MESSAGE][PASSED] - Object: 'Object Repository/Page_Home/a_Portal' is clicked on

2021-07-15 14:09:30 - [TEST_STEP][PASSED] - click(findTestObject("Object Repository/Page_Home/a_Portal")): Object: 'Object Repository/Page_Home/a_Portal' is clicked on

2021-07-15 14:09:31 - [MESSAGE][PASSED] - Object: 'Object Repository/Page_Home/a_Portal' is clicked on

2021-07-15 14:09:31 - [TEST_STEP][PASSED] - click(findTestObject("Object Repository/Page_Tenant Portal/h4_Request Maintenance")): Object: 'Object Repository/Page_Tenant Portal/h4_Request Maintenance' is clicked on

2021-07-15 14:09:32 - [MESSAGE][PASSED] - Object: 'Object Repository/Page_Tenant Portal/h4_Request Maintenance' is clicked on

2021-07-15 14:09:32 - [TEST_STEP][PASSED] - click(findTestObject("Object Repository/Page_Request Maintenance/input_Request Maintenance_isEmergency")): Object: 'Object Repository/Page_Request Maintenance/input_Request Maintenance_isEmergency' is clicked on

2021-07-15 14:09:33 - [MESSAGE][PASSED] - Object: 'Object Repository/Page_Request Maintenance/input_Request Maintenance_isEmergency' is clicked on

2021-07-15 14:09:33 - [TEST_STEP][PASSED] - click(findTestObject("Object Repository/Page_Request Maintenance/input_Emergency_isEmergency")): Object: 'Object Repository/Page_Request Maintenance/input_Emergency_isEmergency' is clicked on

2021-07-15 14:09:33 - [MESSAGE][PASSED] - Object: 'Object Repository/Page_Request Maintenance/input_Emergency_isEmergency' is clicked on

2021-07-15 14:09:33 - [TEST_STEP][PASSED] - setText(findTestObject("Object Repository/Page_Request Maintenance/textarea_Not an Emergency_maintence"), "Katalon testing "): Text 'Katalon testing ' is set on object 'Object Repository/Page_Request Maintenance/textarea_Not an Emergency_maintence'

2021-07-15 14:09:34 - [MESSAGE][PASSED] - Text 'Katalon testing ' is set on object 'Object Repository/Page_Request Maintenance/textarea_Not an Emergency_maintence'

2021-07-15 14:09:34 - [TEST_STEP][PASSED] - click(findTestObject("Object Repository/Page_Request Maintenance/button_Submit")): Object: 'Object Repository/Page_Request Maintenance/button_Submit' is clicked on

2021-07-15 14:09:34 - [MESSAGE][PASSED] - Object: 'Object Repository/Page_Request Maintenance/button_Submit' is clicked on

2021-07-15 14:09:34 - [TEST_STEP][PASSED] - closeBrowser(): Browser is closed

2021-07-15 14:09:35 - [MESSAGE][PASSED] - Browser is closed]]></system-out>
         <system-err><![CDATA[]]></system-err>
      </testcase>
      <testcase name="Test Cases/Tenant/Payment History" time="14.269" classname="Test Cases/Tenant/Payment History" status="PASSED">
         <system-out><![CDATA[2021-07-15 14:09:35 - [TEST_CASE][PASSED] - Test Cases/Tenant/Payment History: Test Cases/Tenant/Payment History

2021-07-15 14:09:35 - [TEST_STEP][PASSED] - openBrowser(""): Browser is opened with url: ''

2021-07-15 14:09:35 - [MESSAGE][INFO] - Starting 'Chrome' driver

2021-07-15 14:09:35 - [MESSAGE][INFO] - Action delay is set to 0 milliseconds

2021-07-15 14:09:36 - [MESSAGE][PASSED] - Browser is opened with url: ''

2021-07-15 14:09:36 - [TEST_STEP][PASSED] - navigateToUrl("https://managing-made-easier.web.app/"): Navigate to 'https://managing-made-easier.web.app/' successfully

2021-07-15 14:09:42 - [MESSAGE][PASSED] - Navigate to 'https://managing-made-easier.web.app/' successfully

2021-07-15 14:09:42 - [TEST_STEP][PASSED] - click(findTestObject("Object Repository/Page_Home/a_Sign-In")): Object: 'Object Repository/Page_Home/a_Sign-In' is clicked on

2021-07-15 14:09:42 - [MESSAGE][PASSED] - Object: 'Object Repository/Page_Home/a_Sign-In' is clicked on

2021-07-15 14:09:42 - [TEST_STEP][PASSED] - setText(findTestObject("Object Repository/Page_Sign-In/input__txtEmail"), "test321@gmail.com"): Text 'test321@gmail.com' is set on object 'Object Repository/Page_Sign-In/input__txtEmail'

2021-07-15 14:09:43 - [MESSAGE][PASSED] - Text 'test321@gmail.com' is set on object 'Object Repository/Page_Sign-In/input__txtEmail'

2021-07-15 14:09:43 - [TEST_STEP][PASSED] - setEncryptedText(findTestObject("Object Repository/Page_Sign-In/input__txtPassword"), "8SQVv/p9jVScEs4/2CZsLw=="): Text ****** has been set on object 'Object Repository/Page_Sign-In/input__txtPassword'

2021-07-15 14:09:43 - [MESSAGE][PASSED] - Text ****** has been set on object 'Object Repository/Page_Sign-In/input__txtPassword'

2021-07-15 14:09:43 - [TEST_STEP][PASSED] - sendKeys(findTestObject("Object Repository/Page_Sign-In/input__txtPassword"), Keys.chord(ENTER)): Keys 'ENTER + ' sent to object: 'Object Repository/Page_Sign-In/input__txtPassword'

2021-07-15 14:09:44 - [MESSAGE][PASSED] - Keys 'ENTER + ' sent to object: 'Object Repository/Page_Sign-In/input__txtPassword'

2021-07-15 14:09:44 - [TEST_STEP][PASSED] - click(findTestObject("Object Repository/Page_Home/a_Portal")): Object: 'Object Repository/Page_Home/a_Portal' is clicked on

2021-07-15 14:09:45 - [MESSAGE][PASSED] - Object: 'Object Repository/Page_Home/a_Portal' is clicked on

2021-07-15 14:09:45 - [TEST_STEP][PASSED] - click(findTestObject("Object Repository/Page_Home/a_Portal")): Object: 'Object Repository/Page_Home/a_Portal' is clicked on

2021-07-15 14:09:46 - [MESSAGE][PASSED] - Object: 'Object Repository/Page_Home/a_Portal' is clicked on

2021-07-15 14:09:46 - [TEST_STEP][PASSED] - click(findTestObject("Object Repository/Page_Tenant Portal/h4_View Payment History")): Object: 'Object Repository/Page_Tenant Portal/h4_View Payment History' is clicked on

2021-07-15 14:09:47 - [MESSAGE][PASSED] - Object: 'Object Repository/Page_Tenant Portal/h4_View Payment History' is clicked on

2021-07-15 14:09:47 - [TEST_STEP][PASSED] - click(findTestObject("Object Repository/Page_Payment History/h1_Payment History")): Object: 'Object Repository/Page_Payment History/h1_Payment History' is clicked on

2021-07-15 14:09:48 - [MESSAGE][PASSED] - Object: 'Object Repository/Page_Payment History/h1_Payment History' is clicked on

2021-07-15 14:09:48 - [TEST_STEP][PASSED] - click(findTestObject("Object Repository/Page_Payment History/div_Thu Apr 08 2021Method Manually EnteredT_81d260")): Object: 'Object Repository/Page_Payment History/div_Thu Apr 08 2021Method Manually EnteredT_81d260' is clicked on

2021-07-15 14:09:48 - [MESSAGE][PASSED] - Object: 'Object Repository/Page_Payment History/div_Thu Apr 08 2021Method Manually EnteredT_81d260' is clicked on

2021-07-15 14:09:48 - [TEST_STEP][PASSED] - click(findTestObject("Object Repository/Page_Payment History/button_Thu Apr 08 2021")): Object: 'Object Repository/Page_Payment History/button_Thu Apr 08 2021' is clicked on

2021-07-15 14:09:49 - [MESSAGE][PASSED] - Object: 'Object Repository/Page_Payment History/button_Thu Apr 08 2021' is clicked on

2021-07-15 14:09:49 - [TEST_STEP][PASSED] - closeBrowser(): Browser is closed

2021-07-15 14:09:49 - [MESSAGE][PASSED] - Browser is closed]]></system-out>
         <system-err><![CDATA[]]></system-err>
      </testcase>
      <testcase name="Test Cases/Tenant/View Payment History" time="13.495" classname="Test Cases/Tenant/View Payment History" status="PASSED">
         <system-out><![CDATA[2021-07-15 14:09:49 - [TEST_CASE][PASSED] - Test Cases/Tenant/View Payment History: Test Cases/Tenant/View Payment History

2021-07-15 14:09:49 - [TEST_STEP][PASSED] - openBrowser(""): Browser is opened with url: ''

2021-07-15 14:09:49 - [MESSAGE][INFO] - Starting 'Chrome' driver

2021-07-15 14:09:49 - [MESSAGE][INFO] - Action delay is set to 0 milliseconds

2021-07-15 14:09:50 - [MESSAGE][PASSED] - Browser is opened with url: ''

2021-07-15 14:09:50 - [TEST_STEP][PASSED] - navigateToUrl("https://managing-made-easier.web.app/"): Navigate to 'https://managing-made-easier.web.app/' successfully

2021-07-15 14:09:51 - [MESSAGE][PASSED] - Navigate to 'https://managing-made-easier.web.app/' successfully

2021-07-15 14:09:51 - [TEST_STEP][PASSED] - click(findTestObject("Object Repository/Page_Home/a_Sign-In")): Object: 'Object Repository/Page_Home/a_Sign-In' is clicked on

2021-07-15 14:09:55 - [MESSAGE][PASSED] - Object: 'Object Repository/Page_Home/a_Sign-In' is clicked on

2021-07-15 14:09:55 - [TEST_STEP][PASSED] - setText(findTestObject("Object Repository/Page_Sign-In/input__txtEmail"), "test321@gmail.com"): Text 'test321@gmail.com' is set on object 'Object Repository/Page_Sign-In/input__txtEmail'

2021-07-15 14:09:56 - [MESSAGE][PASSED] - Text 'test321@gmail.com' is set on object 'Object Repository/Page_Sign-In/input__txtEmail'

2021-07-15 14:09:56 - [TEST_STEP][PASSED] - setEncryptedText(findTestObject("Object Repository/Page_Sign-In/input__txtPassword"), "PDoKm2HePM0="): Text ****** has been set on object 'Object Repository/Page_Sign-In/input__txtPassword'

2021-07-15 14:09:56 - [MESSAGE][PASSED] - Text ****** has been set on object 'Object Repository/Page_Sign-In/input__txtPassword'

2021-07-15 14:09:56 - [TEST_STEP][PASSED] - sendKeys(findTestObject("Object Repository/Page_Sign-In/input__txtPassword"), Keys.chord(ENTER)): Keys 'ENTER + ' sent to object: 'Object Repository/Page_Sign-In/input__txtPassword'

2021-07-15 14:09:57 - [MESSAGE][PASSED] - Keys 'ENTER + ' sent to object: 'Object Repository/Page_Sign-In/input__txtPassword'

2021-07-15 14:09:57 - [TEST_STEP][PASSED] - setEncryptedText(findTestObject("Object Repository/Page_Sign-In/input__txtPassword"), "8SQVv/p9jVScEs4/2CZsLw=="): Text ****** has been set on object 'Object Repository/Page_Sign-In/input__txtPassword'

2021-07-15 14:09:57 - [MESSAGE][PASSED] - Text ****** has been set on object 'Object Repository/Page_Sign-In/input__txtPassword'

2021-07-15 14:09:57 - [TEST_STEP][PASSED] - click(findTestObject("Object Repository/Page_Sign-In/button_Sign-In")): Object: 'Object Repository/Page_Sign-In/button_Sign-In' is clicked on

2021-07-15 14:09:58 - [MESSAGE][PASSED] - Object: 'Object Repository/Page_Sign-In/button_Sign-In' is clicked on

2021-07-15 14:09:58 - [TEST_STEP][PASSED] - click(findTestObject("Object Repository/Page_Home/a_Portal")): Object: 'Object Repository/Page_Home/a_Portal' is clicked on

2021-07-15 14:10:00 - [MESSAGE][PASSED] - Object: 'Object Repository/Page_Home/a_Portal' is clicked on

2021-07-15 14:10:00 - [TEST_STEP][PASSED] - click(findTestObject("Object Repository/Page_Tenant Portal/h4_View Payment History")): Object: 'Object Repository/Page_Tenant Portal/h4_View Payment History' is clicked on

2021-07-15 14:10:01 - [MESSAGE][PASSED] - Object: 'Object Repository/Page_Tenant Portal/h4_View Payment History' is clicked on

2021-07-15 14:10:01 - [TEST_STEP][PASSED] - click(findTestObject("Object Repository/Page_Payment History/div_Payment History")): Object: 'Object Repository/Page_Payment History/div_Payment History' is clicked on

2021-07-15 14:10:02 - [MESSAGE][PASSED] - Object: 'Object Repository/Page_Payment History/div_Payment History' is clicked on

2021-07-15 14:10:02 - [TEST_STEP][PASSED] - closeBrowser(): Browser is closed

2021-07-15 14:10:02 - [MESSAGE][PASSED] - Browser is closed]]></system-out>
         <system-err><![CDATA[]]></system-err>
      </testcase>
      <testcase name="Test Cases/Tenant/View Fees" time="13.313" classname="Test Cases/Tenant/View Fees" status="PASSED">
         <system-out><![CDATA[2021-07-15 14:10:02 - [TEST_CASE][PASSED] - Test Cases/Tenant/View Fees: Test Cases/Tenant/View Fees

2021-07-15 14:10:02 - [TEST_STEP][PASSED] - openBrowser(""): Browser is opened with url: ''

2021-07-15 14:10:02 - [MESSAGE][INFO] - Starting 'Chrome' driver

2021-07-15 14:10:02 - [MESSAGE][INFO] - Action delay is set to 0 milliseconds

2021-07-15 14:10:03 - [MESSAGE][PASSED] - Browser is opened with url: ''

2021-07-15 14:10:03 - [TEST_STEP][PASSED] - navigateToUrl("https://managing-made-easier.web.app/"): Navigate to 'https://managing-made-easier.web.app/' successfully

2021-07-15 14:10:09 - [MESSAGE][PASSED] - Navigate to 'https://managing-made-easier.web.app/' successfully

2021-07-15 14:10:09 - [TEST_STEP][PASSED] - click(findTestObject("Object Repository/Page_Home/a_Sign-In")): Object: 'Object Repository/Page_Home/a_Sign-In' is clicked on

2021-07-15 14:10:11 - [MESSAGE][PASSED] - Object: 'Object Repository/Page_Home/a_Sign-In' is clicked on

2021-07-15 14:10:11 - [TEST_STEP][PASSED] - setText(findTestObject("Object Repository/Page_Sign-In/input__txtEmail"), "test321@gmail.com"): Text 'test321@gmail.com' is set on object 'Object Repository/Page_Sign-In/input__txtEmail'

2021-07-15 14:10:11 - [MESSAGE][PASSED] - Text 'test321@gmail.com' is set on object 'Object Repository/Page_Sign-In/input__txtEmail'

2021-07-15 14:10:11 - [TEST_STEP][PASSED] - setEncryptedText(findTestObject("Object Repository/Page_Sign-In/input__txtPassword"), "8SQVv/p9jVScEs4/2CZsLw=="): Text ****** has been set on object 'Object Repository/Page_Sign-In/input__txtPassword'

2021-07-15 14:10:12 - [MESSAGE][PASSED] - Text ****** has been set on object 'Object Repository/Page_Sign-In/input__txtPassword'

2021-07-15 14:10:12 - [TEST_STEP][PASSED] - click(findTestObject("Object Repository/Page_Sign-In/button_Sign-In")): Object: 'Object Repository/Page_Sign-In/button_Sign-In' is clicked on

2021-07-15 14:10:12 - [MESSAGE][PASSED] - Object: 'Object Repository/Page_Sign-In/button_Sign-In' is clicked on

2021-07-15 14:10:12 - [TEST_STEP][PASSED] - click(findTestObject("Object Repository/Page_Home/a_Portal")): Object: 'Object Repository/Page_Home/a_Portal' is clicked on

2021-07-15 14:10:14 - [MESSAGE][PASSED] - Object: 'Object Repository/Page_Home/a_Portal' is clicked on

2021-07-15 14:10:14 - [TEST_STEP][PASSED] - click(findTestObject("Object Repository/Page_Tenant Portal/h4_View Fees")): Object: 'Object Repository/Page_Tenant Portal/h4_View Fees' is clicked on

2021-07-15 14:10:15 - [MESSAGE][PASSED] - Object: 'Object Repository/Page_Tenant Portal/h4_View Fees' is clicked on

2021-07-15 14:10:15 - [TEST_STEP][PASSED] - click(findTestObject("Object Repository/Page_View Fees/div_View Fees")): Object: 'Object Repository/Page_View Fees/div_View Fees' is clicked on

2021-07-15 14:10:16 - [MESSAGE][PASSED] - Object: 'Object Repository/Page_View Fees/div_View Fees' is clicked on

2021-07-15 14:10:16 - [TEST_STEP][PASSED] - closeBrowser(): Browser is closed

2021-07-15 14:10:16 - [MESSAGE][PASSED] - Browser is closed]]></system-out>
         <system-err><![CDATA[]]></system-err>
      </testcase>
      <testcase name="Test Cases/Tenant/Tenant View Announcements" time="18.418" classname="Test Cases/Tenant/Tenant View Announcements" status="PASSED">
         <system-out><![CDATA[2021-07-15 14:10:16 - [TEST_CASE][PASSED] - Test Cases/Tenant/Tenant View Announcements: Test Cases/Tenant/Tenant View Announcements

2021-07-15 14:10:16 - [TEST_STEP][PASSED] - openBrowser(""): Browser is opened with url: ''

2021-07-15 14:10:16 - [MESSAGE][INFO] - Starting 'Chrome' driver

2021-07-15 14:10:16 - [MESSAGE][INFO] - Action delay is set to 0 milliseconds

2021-07-15 14:10:17 - [MESSAGE][PASSED] - Browser is opened with url: ''

2021-07-15 14:10:17 - [TEST_STEP][PASSED] - navigateToUrl("https://managing-made-easier.web.app/"): Navigate to 'https://managing-made-easier.web.app/' successfully

2021-07-15 14:10:26 - [MESSAGE][PASSED] - Navigate to 'https://managing-made-easier.web.app/' successfully

2021-07-15 14:10:26 - [TEST_STEP][PASSED] - click(findTestObject("Object Repository/Page_Home/a_Sign-In")): Object: 'Object Repository/Page_Home/a_Sign-In' is clicked on

2021-07-15 14:10:28 - [MESSAGE][PASSED] - Object: 'Object Repository/Page_Home/a_Sign-In' is clicked on

2021-07-15 14:10:28 - [TEST_STEP][PASSED] - setText(findTestObject("Object Repository/Page_Sign-In/input__txtEmail"), "test321@gmail.com"): Text 'test321@gmail.com' is set on object 'Object Repository/Page_Sign-In/input__txtEmail'

2021-07-15 14:10:29 - [MESSAGE][PASSED] - Text 'test321@gmail.com' is set on object 'Object Repository/Page_Sign-In/input__txtEmail'

2021-07-15 14:10:29 - [TEST_STEP][PASSED] - setEncryptedText(findTestObject("Object Repository/Page_Sign-In/input__txtPassword"), "8SQVv/p9jVScEs4/2CZsLw=="): Text ****** has been set on object 'Object Repository/Page_Sign-In/input__txtPassword'

2021-07-15 14:10:29 - [MESSAGE][PASSED] - Text ****** has been set on object 'Object Repository/Page_Sign-In/input__txtPassword'

2021-07-15 14:10:29 - [TEST_STEP][PASSED] - click(findTestObject("Object Repository/Page_Sign-In/button_Sign-In")): Object: 'Object Repository/Page_Sign-In/button_Sign-In' is clicked on

2021-07-15 14:10:29 - [MESSAGE][PASSED] - Object: 'Object Repository/Page_Sign-In/button_Sign-In' is clicked on

2021-07-15 14:10:29 - [TEST_STEP][PASSED] - click(findTestObject("Object Repository/Page_Home/a_Portal")): Object: 'Object Repository/Page_Home/a_Portal' is clicked on

2021-07-15 14:10:31 - [MESSAGE][PASSED] - Object: 'Object Repository/Page_Home/a_Portal' is clicked on

2021-07-15 14:10:31 - [TEST_STEP][PASSED] - click(findTestObject("Object Repository/Page_Home/a_Portal")): Object: 'Object Repository/Page_Home/a_Portal' is clicked on

2021-07-15 14:10:32 - [MESSAGE][PASSED] - Object: 'Object Repository/Page_Home/a_Portal' is clicked on

2021-07-15 14:10:32 - [TEST_STEP][PASSED] - click(findTestObject("Page_Tenant Portal/div_Announcements")): Object: 'Object Repository/Page_Tenant Portal/div_Announcements' is clicked on

2021-07-15 14:10:33 - [MESSAGE][PASSED] - Object: 'Object Repository/Page_Tenant Portal/div_Announcements' is clicked on

2021-07-15 14:10:33 - [TEST_STEP][PASSED] - click(findTestObject("Object Repository/Page_Announcements/button_3")): Object: 'Object Repository/Page_Announcements/button_3' is clicked on

2021-07-15 14:10:34 - [MESSAGE][PASSED] - Object: 'Object Repository/Page_Announcements/button_3' is clicked on

2021-07-15 14:10:34 - [TEST_STEP][PASSED] - click(findTestObject("Object Repository/Page_Announcements/button_3")): Object: 'Object Repository/Page_Announcements/button_3' is clicked on

2021-07-15 14:10:34 - [MESSAGE][PASSED] - Object: 'Object Repository/Page_Announcements/button_3' is clicked on

2021-07-15 14:10:34 - [TEST_STEP][PASSED] - closeBrowser(): Browser is closed

2021-07-15 14:10:34 - [MESSAGE][PASSED] - Browser is closed]]></system-out>
         <system-err><![CDATA[]]></system-err>
      </testcase>
      <system-out><![CDATA[2021-07-15 14:08:33 - [TEST_SUITE][PASSED] - Tenant with Property: Test Cases/Tenant/Tenant View Announcements]]></system-out>
      <system-err><![CDATA[]]></system-err>
   </testsuite>
</testsuites>
