<?xml version="1.0" encoding="UTF-8"?>
<testsuites name="Owner1" time="143.686" tests="9" failures="0" errors="0">
   <testsuite name="Owner1" tests="9" failures="0" errors="0" time="143.686" skipped="0" timestamp="2021-09-20 15:56:05" hostname="mousejarrett - localhost" id="Test Suites/Owner1">
      <properties>
         <property name="deviceName" value=""/>
         <property name="devicePlatform" value=""/>
         <property name="logFolder" value="/Users/mousejarrett/Desktop/SE 2/Managing/ManagingTests/Reports/20210920_155603/Owner1/20210920_155603"/>
         <property name="logFiles" value="/Users/mousejarrett/Desktop/SE 2/Managing/ManagingTests/Reports/20210920_155603/Owner1/20210920_155603/execution0.log"/>
         <property name="attachments" value=""/>
         <property name="hostName" value="mousejarrett - localhost"/>
         <property name="os" value="Mac OS X 64bit"/>
         <property name="katalonVersion" value="8.1.0.208"/>
         <property name="browser" value="Chrome 93.0.4577.82"/>
         <property name="hostAddress" value="127.0.0.1"/>
         <property name="sessionId" value="cb613d9ef2287166840a20c74adf4e1b"/>
         <property name="seleniumVersion" value="3.141.59"/>
         <property name="proxyInformation" value="ProxyInformation { proxyOption=NO_PROXY, proxyServerType=HTTP, username=, password=********, proxyServerAddress=, proxyServerPort=0, executionList=&quot;&quot;, isApplyToDesiredCapabilities=true }"/>
         <property name="platform" value="Mac OS X"/>
      </properties>
      <testcase name="Test Cases/Owner/Activate listing" time="17.378" classname="Test Cases/Owner/Activate listing" status="PASSED">
         <system-out><![CDATA[2021-09-20 15:56:05 - [TEST_CASE][PASSED] - Test Cases/Owner/Activate listing: Test Cases/Owner/Activate listing

2021-09-20 15:56:06 - [TEST_STEP][PASSED] - openBrowser(""): Browser is opened with url: ''

2021-09-20 15:56:06 - [MESSAGE][INFO] - Starting 'Chrome' driver

2021-09-20 15:56:06 - [MESSAGE][INFO] - Action delay is set to 0 milliseconds

2021-09-20 15:56:08 - [MESSAGE][PASSED] - Browser is opened with url: ''

2021-09-20 15:56:08 - [TEST_STEP][PASSED] - navigateToUrl("https://managing-made-easier.web.app/"): Navigate to 'https://managing-made-easier.web.app/' successfully

2021-09-20 15:56:13 - [MESSAGE][PASSED] - Navigate to 'https://managing-made-easier.web.app/' successfully

2021-09-20 15:56:13 - [TEST_STEP][PASSED] - click(findTestObject("Object Repository/Page_Home/a_Sign-In")): Object: 'Object Repository/Page_Home/a_Sign-In' is clicked on

2021-09-20 15:56:14 - [MESSAGE][PASSED] - Object: 'Object Repository/Page_Home/a_Sign-In' is clicked on

2021-09-20 15:56:14 - [TEST_STEP][PASSED] - setText(findTestObject("Object Repository/Page_Sign-In/input__txtEmail"), "owner@radford.edu"): Text 'owner@radford.edu' is set on object 'Object Repository/Page_Sign-In/input__txtEmail'

2021-09-20 15:56:14 - [MESSAGE][PASSED] - Text 'owner@radford.edu' is set on object 'Object Repository/Page_Sign-In/input__txtEmail'

2021-09-20 15:56:14 - [TEST_STEP][PASSED] - setEncryptedText(findTestObject("Object Repository/Page_Sign-In/input__txtPassword"), "8SQVv/p9jVScEs4/2CZsLw=="): Text ****** has been set on object 'Object Repository/Page_Sign-In/input__txtPassword'

2021-09-20 15:56:15 - [MESSAGE][PASSED] - Text ****** has been set on object 'Object Repository/Page_Sign-In/input__txtPassword'

2021-09-20 15:56:15 - [TEST_STEP][PASSED] - sendKeys(findTestObject("Object Repository/Page_Sign-In/input__txtPassword"), Keys.chord(ENTER)): Keys 'ENTER + ' sent to object: 'Object Repository/Page_Sign-In/input__txtPassword'

2021-09-20 15:56:15 - [MESSAGE][PASSED] - Keys 'ENTER + ' sent to object: 'Object Repository/Page_Sign-In/input__txtPassword'

2021-09-20 15:56:15 - [TEST_STEP][PASSED] - click(findTestObject("Object Repository/Page_Sign-In/div_Sign-in Successful You will be redirect_b31683")): Object: 'Object Repository/Page_Sign-In/div_Sign-in Successful You will be redirect_b31683' is clicked on

2021-09-20 15:56:17 - [MESSAGE][PASSED] - Object: 'Object Repository/Page_Sign-In/div_Sign-in Successful You will be redirect_b31683' is clicked on

2021-09-20 15:56:17 - [TEST_STEP][PASSED] - click(findTestObject("Object Repository/Page_Home/a_Portal")): Object: 'Object Repository/Page_Home/a_Portal' is clicked on

2021-09-20 15:56:17 - [MESSAGE][PASSED] - Object: 'Object Repository/Page_Home/a_Portal' is clicked on

2021-09-20 15:56:17 - [TEST_STEP][PASSED] - click(findTestObject("Object Repository/Page_Owner Portal/h4_ActivateDeactivate a Listing")): Object: 'Object Repository/Page_Owner Portal/h4_ActivateDeactivate a Listing' is clicked on

2021-09-20 15:56:19 - [MESSAGE][PASSED] - Object: 'Object Repository/Page_Owner Portal/h4_ActivateDeactivate a Listing' is clicked on

2021-09-20 15:56:19 - [TEST_STEP][PASSED] - click(findTestObject("Object Repository/Page_ActivateDeactivate Listings/div_Select a Listing to ActivateDeactivate__a64143")): Object: 'Object Repository/Page_ActivateDeactivate Listings/div_Select a Listing to ActivateDeactivate__a64143' is clicked on

2021-09-20 15:56:21 - [MESSAGE][PASSED] - Object: 'Object Repository/Page_ActivateDeactivate Listings/div_Select a Listing to ActivateDeactivate__a64143' is clicked on

2021-09-20 15:56:21 - [TEST_STEP][PASSED] - click(findTestObject("Object Repository/Page_ActivateDeactivate Listing/label_Deactivated")): Object: 'Object Repository/Page_ActivateDeactivate Listing/label_Deactivated' is clicked on

2021-09-20 15:56:22 - [MESSAGE][PASSED] - Object: 'Object Repository/Page_ActivateDeactivate Listing/label_Deactivated' is clicked on

2021-09-20 15:56:22 - [TEST_STEP][PASSED] - click(findTestObject("Object Repository/Page_ActivateDeactivate Listing/label_Activated")): Object: 'Object Repository/Page_ActivateDeactivate Listing/label_Activated' is clicked on

2021-09-20 15:56:23 - [MESSAGE][PASSED] - Object: 'Object Repository/Page_ActivateDeactivate Listing/label_Activated' is clicked on

2021-09-20 15:56:23 - [TEST_STEP][PASSED] - closeBrowser(): Browser is closed

2021-09-20 15:56:23 - [MESSAGE][PASSED] - Browser is closed]]></system-out>
         <system-err><![CDATA[]]></system-err>
      </testcase>
      <testcase name="Test Cases/Owner/Add Announcement" time="16.403" classname="Test Cases/Owner/Add Announcement" status="PASSED">
         <system-out><![CDATA[2021-09-20 15:56:23 - [TEST_CASE][PASSED] - Test Cases/Owner/Add Announcement: Test Cases/Owner/Add Announcement

2021-09-20 15:56:23 - [TEST_STEP][PASSED] - openBrowser(""): Browser is opened with url: ''

2021-09-20 15:56:23 - [MESSAGE][INFO] - Starting 'Chrome' driver

2021-09-20 15:56:23 - [MESSAGE][INFO] - Action delay is set to 0 milliseconds

2021-09-20 15:56:24 - [MESSAGE][PASSED] - Browser is opened with url: ''

2021-09-20 15:56:24 - [TEST_STEP][PASSED] - navigateToUrl("https://managing-made-easier.web.app/"): Navigate to 'https://managing-made-easier.web.app/' successfully

2021-09-20 15:56:32 - [MESSAGE][PASSED] - Navigate to 'https://managing-made-easier.web.app/' successfully

2021-09-20 15:56:32 - [TEST_STEP][PASSED] - click(findTestObject("Object Repository/Page_Home/a_Sign-In")): Object: 'Object Repository/Page_Home/a_Sign-In' is clicked on

2021-09-20 15:56:32 - [MESSAGE][PASSED] - Object: 'Object Repository/Page_Home/a_Sign-In' is clicked on

2021-09-20 15:56:32 - [TEST_STEP][PASSED] - setText(findTestObject("Object Repository/Page_Sign-In/input__txtEmail"), "owner@radford.edu"): Text 'owner@radford.edu' is set on object 'Object Repository/Page_Sign-In/input__txtEmail'

2021-09-20 15:56:33 - [MESSAGE][PASSED] - Text 'owner@radford.edu' is set on object 'Object Repository/Page_Sign-In/input__txtEmail'

2021-09-20 15:56:33 - [TEST_STEP][PASSED] - setEncryptedText(findTestObject("Object Repository/Page_Sign-In/input__txtPassword"), "8SQVv/p9jVScEs4/2CZsLw=="): Text ****** has been set on object 'Object Repository/Page_Sign-In/input__txtPassword'

2021-09-20 15:56:34 - [MESSAGE][PASSED] - Text ****** has been set on object 'Object Repository/Page_Sign-In/input__txtPassword'

2021-09-20 15:56:34 - [TEST_STEP][PASSED] - click(findTestObject("Object Repository/Page_Sign-In/button_Sign-In")): Object: 'Object Repository/Page_Sign-In/button_Sign-In' is clicked on

2021-09-20 15:56:34 - [MESSAGE][PASSED] - Object: 'Object Repository/Page_Sign-In/button_Sign-In' is clicked on

2021-09-20 15:56:34 - [TEST_STEP][PASSED] - click(findTestObject("Object Repository/Page_Home/a_Portal")): Object: 'Object Repository/Page_Home/a_Portal' is clicked on

2021-09-20 15:56:35 - [MESSAGE][PASSED] - Object: 'Object Repository/Page_Home/a_Portal' is clicked on

2021-09-20 15:56:35 - [TEST_STEP][PASSED] - click(findTestObject("Object Repository/Page_Owner Portal/h4_Add an Announcement")): Object: 'Object Repository/Page_Owner Portal/h4_Add an Announcement' is clicked on

2021-09-20 15:56:37 - [MESSAGE][PASSED] - Object: 'Object Repository/Page_Owner Portal/h4_Add an Announcement' is clicked on

2021-09-20 15:56:37 - [TEST_STEP][PASSED] - setText(findTestObject("Object Repository/Page_Add Announcement/input_Add an Announcement_title"), "Katalon test"): Text 'Katalon test' is set on object 'Object Repository/Page_Add Announcement/input_Add an Announcement_title'

2021-09-20 15:56:38 - [MESSAGE][PASSED] - Text 'Katalon test' is set on object 'Object Repository/Page_Add Announcement/input_Add an Announcement_title'

2021-09-20 15:56:38 - [TEST_STEP][PASSED] - setText(findTestObject("Object Repository/Page_Add Announcement/textarea_Add an Announcement_announcement"), "Katalon test"): Text 'Katalon test' is set on object 'Object Repository/Page_Add Announcement/textarea_Add an Announcement_announcement'

2021-09-20 15:56:39 - [MESSAGE][PASSED] - Text 'Katalon test' is set on object 'Object Repository/Page_Add Announcement/textarea_Add an Announcement_announcement'

2021-09-20 15:56:39 - [TEST_STEP][PASSED] - click(findTestObject("Object Repository/Page_Add Announcement/button_Add Announcement")): Object: 'Object Repository/Page_Add Announcement/button_Add Announcement' is clicked on

2021-09-20 15:56:39 - [MESSAGE][PASSED] - Object: 'Object Repository/Page_Add Announcement/button_Add Announcement' is clicked on

2021-09-20 15:56:39 - [TEST_STEP][PASSED] - closeBrowser(): Browser is closed

2021-09-20 15:56:39 - [MESSAGE][PASSED] - Browser is closed]]></system-out>
         <system-err><![CDATA[]]></system-err>
      </testcase>
      <testcase name="Test Cases/Owner/Add Fees" time="14.603" classname="Test Cases/Owner/Add Fees" status="PASSED">
         <system-out><![CDATA[2021-09-20 15:56:39 - [TEST_CASE][PASSED] - Test Cases/Owner/Add Fees: Test Cases/Owner/Add Fees

2021-09-20 15:56:39 - [TEST_STEP][PASSED] - openBrowser(""): Browser is opened with url: ''

2021-09-20 15:56:39 - [MESSAGE][INFO] - Starting 'Chrome' driver

2021-09-20 15:56:39 - [MESSAGE][INFO] - Action delay is set to 0 milliseconds

2021-09-20 15:56:40 - [MESSAGE][PASSED] - Browser is opened with url: ''

2021-09-20 15:56:40 - [TEST_STEP][PASSED] - navigateToUrl("https://managing-made-easier.web.app/"): Navigate to 'https://managing-made-easier.web.app/' successfully

2021-09-20 15:56:47 - [MESSAGE][PASSED] - Navigate to 'https://managing-made-easier.web.app/' successfully

2021-09-20 15:56:47 - [TEST_STEP][PASSED] - click(findTestObject("Object Repository/Page_Home/a_Sign-In")): Object: 'Object Repository/Page_Home/a_Sign-In' is clicked on

2021-09-20 15:56:48 - [MESSAGE][PASSED] - Object: 'Object Repository/Page_Home/a_Sign-In' is clicked on

2021-09-20 15:56:48 - [TEST_STEP][PASSED] - setText(findTestObject("Object Repository/Page_Sign-In/input__txtEmail"), "owner@radford.edu"): Text 'owner@radford.edu' is set on object 'Object Repository/Page_Sign-In/input__txtEmail'

2021-09-20 15:56:48 - [MESSAGE][PASSED] - Text 'owner@radford.edu' is set on object 'Object Repository/Page_Sign-In/input__txtEmail'

2021-09-20 15:56:48 - [TEST_STEP][PASSED] - setEncryptedText(findTestObject("Object Repository/Page_Sign-In/input__txtPassword"), "8SQVv/p9jVScEs4/2CZsLw=="): Text ****** has been set on object 'Object Repository/Page_Sign-In/input__txtPassword'

2021-09-20 15:56:49 - [MESSAGE][PASSED] - Text ****** has been set on object 'Object Repository/Page_Sign-In/input__txtPassword'

2021-09-20 15:56:49 - [TEST_STEP][PASSED] - sendKeys(findTestObject("Object Repository/Page_Sign-In/input__txtPassword"), Keys.chord(ENTER)): Keys 'ENTER + ' sent to object: 'Object Repository/Page_Sign-In/input__txtPassword'

2021-09-20 15:56:49 - [MESSAGE][PASSED] - Keys 'ENTER + ' sent to object: 'Object Repository/Page_Sign-In/input__txtPassword'

2021-09-20 15:56:49 - [TEST_STEP][PASSED] - click(findTestObject("Object Repository/Page_Home/a_Portal")): Object: 'Object Repository/Page_Home/a_Portal' is clicked on

2021-09-20 15:56:51 - [MESSAGE][PASSED] - Object: 'Object Repository/Page_Home/a_Portal' is clicked on

2021-09-20 15:56:51 - [TEST_STEP][PASSED] - click(findTestObject("Object Repository/Page_Owner Portal/h4_Add Fees")): Object: 'Object Repository/Page_Owner Portal/h4_Add Fees' is clicked on

2021-09-20 15:56:52 - [MESSAGE][PASSED] - Object: 'Object Repository/Page_Owner Portal/h4_Add Fees' is clicked on

2021-09-20 15:56:52 - [TEST_STEP][PASSED] - click(findTestObject("Object Repository/Page_Add Additional Fees/button_Add Fee")): Object: 'Object Repository/Page_Add Additional Fees/button_Add Fee' is clicked on

2021-09-20 15:56:54 - [MESSAGE][PASSED] - Object: 'Object Repository/Page_Add Additional Fees/button_Add Fee' is clicked on

2021-09-20 15:56:54 - [TEST_STEP][PASSED] - closeBrowser(): Browser is closed

2021-09-20 15:56:54 - [MESSAGE][PASSED] - Browser is closed]]></system-out>
         <system-err><![CDATA[]]></system-err>
      </testcase>
      <testcase name="Test Cases/Owner/Add listing" time="23.215" classname="Test Cases/Owner/Add listing" status="PASSED">
         <system-out><![CDATA[2021-09-20 15:56:54 - [TEST_CASE][PASSED] - Test Cases/Owner/Add listing: Test Cases/Owner/Add listing

2021-09-20 15:56:54 - [TEST_STEP][PASSED] - openBrowser(""): Browser is opened with url: ''

2021-09-20 15:56:54 - [MESSAGE][INFO] - Starting 'Chrome' driver

2021-09-20 15:56:54 - [MESSAGE][INFO] - Action delay is set to 0 milliseconds

2021-09-20 15:56:55 - [MESSAGE][PASSED] - Browser is opened with url: ''

2021-09-20 15:56:55 - [TEST_STEP][PASSED] - navigateToUrl("https://managing-made-easier.web.app/"): Navigate to 'https://managing-made-easier.web.app/' successfully

2021-09-20 15:56:57 - [MESSAGE][PASSED] - Navigate to 'https://managing-made-easier.web.app/' successfully

2021-09-20 15:56:57 - [TEST_STEP][PASSED] - click(findTestObject("Object Repository/Page_Home/a_Sign-In")): Object: 'Object Repository/Page_Home/a_Sign-In' is clicked on

2021-09-20 15:56:59 - [MESSAGE][PASSED] - Object: 'Object Repository/Page_Home/a_Sign-In' is clicked on

2021-09-20 15:56:59 - [TEST_STEP][PASSED] - setText(findTestObject("Object Repository/Page_Sign-In/input__txtEmail"), "owner@radford.edu"): Text 'owner@radford.edu' is set on object 'Object Repository/Page_Sign-In/input__txtEmail'

2021-09-20 15:57:00 - [MESSAGE][PASSED] - Text 'owner@radford.edu' is set on object 'Object Repository/Page_Sign-In/input__txtEmail'

2021-09-20 15:57:00 - [TEST_STEP][PASSED] - setEncryptedText(findTestObject("Object Repository/Page_Sign-In/input__txtPassword"), "p4y+y39Ir5MSxNs1t5lTZQ=="): Text ****** has been set on object 'Object Repository/Page_Sign-In/input__txtPassword'

2021-09-20 15:57:01 - [MESSAGE][PASSED] - Text ****** has been set on object 'Object Repository/Page_Sign-In/input__txtPassword'

2021-09-20 15:57:01 - [TEST_STEP][PASSED] - click(findTestObject("Object Repository/Page_Sign-In/button_Sign-In")): Object: 'Object Repository/Page_Sign-In/button_Sign-In' is clicked on

2021-09-20 15:57:01 - [MESSAGE][PASSED] - Object: 'Object Repository/Page_Sign-In/button_Sign-In' is clicked on

2021-09-20 15:57:01 - [TEST_STEP][PASSED] - click(findTestObject("Object Repository/Page_Sign-In/div_Email Password Sign-In Remember meForgo_94f557")): Object: 'Object Repository/Page_Sign-In/div_Email Password Sign-In Remember meForgo_94f557' is clicked on

2021-09-20 15:57:02 - [MESSAGE][PASSED] - Object: 'Object Repository/Page_Sign-In/div_Email Password Sign-In Remember meForgo_94f557' is clicked on

2021-09-20 15:57:02 - [TEST_STEP][PASSED] - setEncryptedText(findTestObject("Object Repository/Page_Sign-In/input__txtPassword"), "8SQVv/p9jVScEs4/2CZsLw=="): Text ****** has been set on object 'Object Repository/Page_Sign-In/input__txtPassword'

2021-09-20 15:57:02 - [MESSAGE][PASSED] - Text ****** has been set on object 'Object Repository/Page_Sign-In/input__txtPassword'

2021-09-20 15:57:02 - [TEST_STEP][PASSED] - click(findTestObject("Object Repository/Page_Sign-In/button_Sign-In")): Object: 'Object Repository/Page_Sign-In/button_Sign-In' is clicked on

2021-09-20 15:57:02 - [MESSAGE][PASSED] - Object: 'Object Repository/Page_Sign-In/button_Sign-In' is clicked on

2021-09-20 15:57:02 - [TEST_STEP][PASSED] - closeBrowser(): Browser is closed

2021-09-20 15:57:02 - [MESSAGE][PASSED] - Browser is closed

2021-09-20 15:57:02 - [TEST_STEP][PASSED] - openBrowser(""): Browser is opened with url: ''

2021-09-20 15:57:02 - [MESSAGE][INFO] - Starting 'Chrome' driver

2021-09-20 15:57:02 - [MESSAGE][INFO] - Action delay is set to 0 milliseconds

2021-09-20 15:57:03 - [MESSAGE][PASSED] - Browser is opened with url: ''

2021-09-20 15:57:03 - [TEST_STEP][PASSED] - navigateToUrl("https://managing-made-easier.web.app/"): Navigate to 'https://managing-made-easier.web.app/' successfully

2021-09-20 15:57:06 - [MESSAGE][PASSED] - Navigate to 'https://managing-made-easier.web.app/' successfully

2021-09-20 15:57:06 - [TEST_STEP][PASSED] - click(findTestObject("Object Repository/Page_Home/a_Sign-In")): Object: 'Object Repository/Page_Home/a_Sign-In' is clicked on

2021-09-20 15:57:07 - [MESSAGE][PASSED] - Object: 'Object Repository/Page_Home/a_Sign-In' is clicked on

2021-09-20 15:57:07 - [TEST_STEP][PASSED] - setText(findTestObject("Object Repository/Page_Sign-In/input__txtEmail"), "owner@radford.edu"): Text 'owner@radford.edu' is set on object 'Object Repository/Page_Sign-In/input__txtEmail'

2021-09-20 15:57:08 - [MESSAGE][PASSED] - Text 'owner@radford.edu' is set on object 'Object Repository/Page_Sign-In/input__txtEmail'

2021-09-20 15:57:08 - [TEST_STEP][PASSED] - setEncryptedText(findTestObject("Object Repository/Page_Sign-In/input__txtPassword"), "8SQVv/p9jVScEs4/2CZsLw=="): Text ****** has been set on object 'Object Repository/Page_Sign-In/input__txtPassword'

2021-09-20 15:57:08 - [MESSAGE][PASSED] - Text ****** has been set on object 'Object Repository/Page_Sign-In/input__txtPassword'

2021-09-20 15:57:08 - [TEST_STEP][PASSED] - sendKeys(findTestObject("Object Repository/Page_Sign-In/input__txtPassword"), Keys.chord(ENTER)): Keys 'ENTER + ' sent to object: 'Object Repository/Page_Sign-In/input__txtPassword'

2021-09-20 15:57:09 - [MESSAGE][PASSED] - Keys 'ENTER + ' sent to object: 'Object Repository/Page_Sign-In/input__txtPassword'

2021-09-20 15:57:09 - [TEST_STEP][PASSED] - click(findTestObject("Object Repository/Page_Home/a_Portal")): Object: 'Object Repository/Page_Home/a_Portal' is clicked on

2021-09-20 15:57:10 - [MESSAGE][PASSED] - Object: 'Object Repository/Page_Home/a_Portal' is clicked on

2021-09-20 15:57:10 - [TEST_STEP][PASSED] - click(findTestObject("Object Repository/Page_Owner Portal/h4_Add a Listing")): Object: 'Object Repository/Page_Owner Portal/h4_Add a Listing' is clicked on

2021-09-20 15:57:11 - [MESSAGE][PASSED] - Object: 'Object Repository/Page_Owner Portal/h4_Add a Listing' is clicked on

2021-09-20 15:57:11 - [TEST_STEP][PASSED] - setText(findTestObject("Object Repository/Page_Add Listing/input_Add a Listing_address"), "Katalon Test"): Text 'Katalon Test' is set on object 'Object Repository/Page_Add Listing/input_Add a Listing_address'

2021-09-20 15:57:13 - [MESSAGE][PASSED] - Text 'Katalon Test' is set on object 'Object Repository/Page_Add Listing/input_Add a Listing_address'

2021-09-20 15:57:13 - [TEST_STEP][PASSED] - click(findTestObject("Object Repository/Page_Add Listing/input_Add a Listing_type")): Object: 'Object Repository/Page_Add Listing/input_Add a Listing_type' is clicked on

2021-09-20 15:57:13 - [MESSAGE][PASSED] - Object: 'Object Repository/Page_Add Listing/input_Add a Listing_type' is clicked on

2021-09-20 15:57:13 - [TEST_STEP][PASSED] - setText(findTestObject("Object Repository/Page_Add Listing/input_Apartment_rent"), "500"): Text '500' is set on object 'Object Repository/Page_Add Listing/input_Apartment_rent'

2021-09-20 15:57:13 - [MESSAGE][PASSED] - Text '500' is set on object 'Object Repository/Page_Add Listing/input_Apartment_rent'

2021-09-20 15:57:13 - [TEST_STEP][PASSED] - setText(findTestObject("Object Repository/Page_Add Listing/input_Apartment_bedrooms"), "4"): Text '4' is set on object 'Object Repository/Page_Add Listing/input_Apartment_bedrooms'

2021-09-20 15:57:14 - [MESSAGE][PASSED] - Text '4' is set on object 'Object Repository/Page_Add Listing/input_Apartment_bedrooms'

2021-09-20 15:57:14 - [TEST_STEP][PASSED] - setText(findTestObject("Object Repository/Page_Add Listing/input_Apartment_damage"), "300"): Text '300' is set on object 'Object Repository/Page_Add Listing/input_Apartment_damage'

2021-09-20 15:57:14 - [MESSAGE][PASSED] - Text '300' is set on object 'Object Repository/Page_Add Listing/input_Apartment_damage'

2021-09-20 15:57:14 - [TEST_STEP][PASSED] - setText(findTestObject("Object Repository/Page_Add Listing/textarea_Apartment_utilities"), "test"): Text 'test' is set on object 'Object Repository/Page_Add Listing/textarea_Apartment_utilities'

2021-09-20 15:57:15 - [MESSAGE][PASSED] - Text 'test' is set on object 'Object Repository/Page_Add Listing/textarea_Apartment_utilities'

2021-09-20 15:57:15 - [TEST_STEP][PASSED] - setText(findTestObject("Object Repository/Page_Add Listing/textarea_Apartment_parking"), "test"): Text 'test' is set on object 'Object Repository/Page_Add Listing/textarea_Apartment_parking'

2021-09-20 15:57:16 - [MESSAGE][PASSED] - Text 'test' is set on object 'Object Repository/Page_Add Listing/textarea_Apartment_parking'

2021-09-20 15:57:16 - [TEST_STEP][PASSED] - setText(findTestObject("Object Repository/Page_Add Listing/textarea_Apartment_internet"), "test"): Text 'test' is set on object 'Object Repository/Page_Add Listing/textarea_Apartment_internet'

2021-09-20 15:57:16 - [MESSAGE][PASSED] - Text 'test' is set on object 'Object Repository/Page_Add Listing/textarea_Apartment_internet'

2021-09-20 15:57:16 - [TEST_STEP][PASSED] - setText(findTestObject("Object Repository/Page_Add Listing/textarea_Apartment_description"), "This is a katalon test, disregard the listing."): Text 'This is a katalon test, disregard the listing.' is set on object 'Object Repository/Page_Add Listing/textarea_Apartment_description'

2021-09-20 15:57:17 - [MESSAGE][PASSED] - Text 'This is a katalon test, disregard the listing.' is set on object 'Object Repository/Page_Add Listing/textarea_Apartment_description'

2021-09-20 15:57:17 - [TEST_STEP][PASSED] - closeBrowser(): Browser is closed

2021-09-20 15:57:17 - [MESSAGE][PASSED] - Browser is closed]]></system-out>
         <system-err><![CDATA[]]></system-err>
      </testcase>
      <testcase name="Test Cases/Owner/Change Password" time="9.497" classname="Test Cases/Owner/Change Password" status="PASSED">
         <system-out><![CDATA[2021-09-20 15:57:17 - [TEST_CASE][PASSED] - Test Cases/Owner/Change Password: Test Cases/Owner/Change Password

2021-09-20 15:57:17 - [TEST_STEP][PASSED] - openBrowser(""): Browser is opened with url: ''

2021-09-20 15:57:17 - [MESSAGE][INFO] - Starting 'Chrome' driver

2021-09-20 15:57:17 - [MESSAGE][INFO] - Action delay is set to 0 milliseconds

2021-09-20 15:57:18 - [MESSAGE][PASSED] - Browser is opened with url: ''

2021-09-20 15:57:18 - [TEST_STEP][PASSED] - navigateToUrl("https://managing-made-easier.web.app/"): Navigate to 'https://managing-made-easier.web.app/' successfully

2021-09-20 15:57:21 - [MESSAGE][PASSED] - Navigate to 'https://managing-made-easier.web.app/' successfully

2021-09-20 15:57:21 - [TEST_STEP][PASSED] - click(findTestObject("Object Repository/Page_Home/a_Sign-In")): Object: 'Object Repository/Page_Home/a_Sign-In' is clicked on

2021-09-20 15:57:21 - [MESSAGE][PASSED] - Object: 'Object Repository/Page_Home/a_Sign-In' is clicked on

2021-09-20 15:57:21 - [TEST_STEP][PASSED] - setText(findTestObject("Object Repository/Page_Sign-In/input__txtEmail"), "owner@radford.edu"): Text 'owner@radford.edu' is set on object 'Object Repository/Page_Sign-In/input__txtEmail'

2021-09-20 15:57:22 - [MESSAGE][PASSED] - Text 'owner@radford.edu' is set on object 'Object Repository/Page_Sign-In/input__txtEmail'

2021-09-20 15:57:22 - [TEST_STEP][PASSED] - setEncryptedText(findTestObject("Object Repository/Page_Sign-In/input__txtPassword"), "8SQVv/p9jVScEs4/2CZsLw=="): Text ****** has been set on object 'Object Repository/Page_Sign-In/input__txtPassword'

2021-09-20 15:57:22 - [MESSAGE][PASSED] - Text ****** has been set on object 'Object Repository/Page_Sign-In/input__txtPassword'

2021-09-20 15:57:22 - [TEST_STEP][PASSED] - sendKeys(findTestObject("Object Repository/Page_Sign-In/input__txtPassword"), Keys.chord(ENTER)): Keys 'ENTER + ' sent to object: 'Object Repository/Page_Sign-In/input__txtPassword'

2021-09-20 15:57:23 - [MESSAGE][PASSED] - Keys 'ENTER + ' sent to object: 'Object Repository/Page_Sign-In/input__txtPassword'

2021-09-20 15:57:23 - [TEST_STEP][PASSED] - click(findTestObject("Object Repository/Page_Sign-In/div_Sign-in Successful You will be redirect_4ef2c0")): Object: 'Object Repository/Page_Sign-In/div_Sign-in Successful You will be redirect_4ef2c0' is clicked on

2021-09-20 15:57:24 - [MESSAGE][PASSED] - Object: 'Object Repository/Page_Sign-In/div_Sign-in Successful You will be redirect_4ef2c0' is clicked on

2021-09-20 15:57:24 - [TEST_STEP][PASSED] - click(findTestObject("Object Repository/Page_Sign-In/div_Sign-in Successful You will be redirect_b31683")): Object: 'Object Repository/Page_Sign-In/div_Sign-in Successful You will be redirect_b31683' is clicked on

2021-09-20 15:57:24 - [MESSAGE][PASSED] - Object: 'Object Repository/Page_Sign-In/div_Sign-in Successful You will be redirect_b31683' is clicked on

2021-09-20 15:57:24 - [TEST_STEP][PASSED] - click(findTestObject("Object Repository/Page_Home/a_Portal")): Object: 'Object Repository/Page_Home/a_Portal' is clicked on

2021-09-20 15:57:25 - [MESSAGE][PASSED] - Object: 'Object Repository/Page_Home/a_Portal' is clicked on

2021-09-20 15:57:25 - [TEST_STEP][PASSED] - click(findTestObject("Object Repository/Page_Owner Portal/h4_Change Password")): Object: 'Object Repository/Page_Owner Portal/h4_Change Password' is clicked on

2021-09-20 15:57:26 - [MESSAGE][PASSED] - Object: 'Object Repository/Page_Owner Portal/h4_Change Password' is clicked on

2021-09-20 15:57:26 - [TEST_STEP][PASSED] - click(findTestObject("Object Repository/Page_Change Password/div_Current Password New Password New Passw_a1dd9a")): Object: 'Object Repository/Page_Change Password/div_Current Password New Password New Passw_a1dd9a' is clicked on

2021-09-20 15:57:26 - [MESSAGE][PASSED] - Object: 'Object Repository/Page_Change Password/div_Current Password New Password New Passw_a1dd9a' is clicked on

2021-09-20 15:57:26 - [TEST_STEP][PASSED] - closeBrowser(): Browser is closed

2021-09-20 15:57:26 - [MESSAGE][PASSED] - Browser is closed]]></system-out>
         <system-err><![CDATA[]]></system-err>
      </testcase>
      <testcase name="Test Cases/Owner/Delete Announcement" time="11.098" classname="Test Cases/Owner/Delete Announcement" status="PASSED">
         <system-out><![CDATA[2021-09-20 15:57:26 - [TEST_CASE][PASSED] - Test Cases/Owner/Delete Announcement: Test Cases/Owner/Delete Announcement

2021-09-20 15:57:27 - [TEST_STEP][PASSED] - openBrowser(""): Browser is opened with url: ''

2021-09-20 15:57:27 - [MESSAGE][INFO] - Starting 'Chrome' driver

2021-09-20 15:57:27 - [MESSAGE][INFO] - Action delay is set to 0 milliseconds

2021-09-20 15:57:28 - [MESSAGE][PASSED] - Browser is opened with url: ''

2021-09-20 15:57:28 - [TEST_STEP][PASSED] - navigateToUrl("https://managing-made-easier.web.app/"): Navigate to 'https://managing-made-easier.web.app/' successfully

2021-09-20 15:57:32 - [MESSAGE][PASSED] - Navigate to 'https://managing-made-easier.web.app/' successfully

2021-09-20 15:57:32 - [TEST_STEP][PASSED] - click(findTestObject("Object Repository/Page_Home/a_Sign-In")): Object: 'Object Repository/Page_Home/a_Sign-In' is clicked on

2021-09-20 15:57:32 - [MESSAGE][PASSED] - Object: 'Object Repository/Page_Home/a_Sign-In' is clicked on

2021-09-20 15:57:32 - [TEST_STEP][PASSED] - setText(findTestObject("Object Repository/Page_Sign-In/input__txtEmail"), "owner@radford.edu"): Text 'owner@radford.edu' is set on object 'Object Repository/Page_Sign-In/input__txtEmail'

2021-09-20 15:57:33 - [MESSAGE][PASSED] - Text 'owner@radford.edu' is set on object 'Object Repository/Page_Sign-In/input__txtEmail'

2021-09-20 15:57:33 - [TEST_STEP][PASSED] - setEncryptedText(findTestObject("Object Repository/Page_Sign-In/input__txtPassword"), "8SQVv/p9jVScEs4/2CZsLw=="): Text ****** has been set on object 'Object Repository/Page_Sign-In/input__txtPassword'

2021-09-20 15:57:34 - [MESSAGE][PASSED] - Text ****** has been set on object 'Object Repository/Page_Sign-In/input__txtPassword'

2021-09-20 15:57:34 - [TEST_STEP][PASSED] - click(findTestObject("Object Repository/Page_Sign-In/button_Sign-In")): Object: 'Object Repository/Page_Sign-In/button_Sign-In' is clicked on

2021-09-20 15:57:34 - [MESSAGE][PASSED] - Object: 'Object Repository/Page_Sign-In/button_Sign-In' is clicked on

2021-09-20 15:57:34 - [TEST_STEP][PASSED] - click(findTestObject("Object Repository/Page_Home/a_Portal")): Object: 'Object Repository/Page_Home/a_Portal' is clicked on

2021-09-20 15:57:36 - [MESSAGE][PASSED] - Object: 'Object Repository/Page_Home/a_Portal' is clicked on

2021-09-20 15:57:36 - [TEST_STEP][PASSED] - click(findTestObject("Object Repository/Page_Owner Portal/h4_Delete an Announcement")): Object: 'Object Repository/Page_Owner Portal/h4_Delete an Announcement' is clicked on

2021-09-20 15:57:36 - [MESSAGE][PASSED] - Object: 'Object Repository/Page_Owner Portal/h4_Delete an Announcement' is clicked on

2021-09-20 15:57:36 - [TEST_STEP][PASSED] - click(findTestObject("Page_Delete Announcements/DeleteTestElement")): Object: 'Object Repository/Page_Delete Announcements/DeleteTestElement' is clicked on

2021-09-20 15:57:37 - [MESSAGE][PASSED] - Object: 'Object Repository/Page_Delete Announcements/DeleteTestElement' is clicked on

2021-09-20 15:57:37 - [TEST_STEP][PASSED] - acceptAlert(): Alert accepted

2021-09-20 15:57:37 - [MESSAGE][PASSED] - Alert accepted

2021-09-20 15:57:37 - [TEST_STEP][PASSED] - closeBrowser(): Browser is closed

2021-09-20 15:57:38 - [MESSAGE][PASSED] - Browser is closed]]></system-out>
         <system-err><![CDATA[]]></system-err>
      </testcase>
      <testcase name="Test Cases/Owner/Edit Announcement" time="15.386" classname="Test Cases/Owner/Edit Announcement" status="PASSED">
         <system-out><![CDATA[2021-09-20 15:57:38 - [TEST_CASE][PASSED] - Test Cases/Owner/Edit Announcement: Test Cases/Owner/Edit Announcement

2021-09-20 15:57:38 - [TEST_STEP][PASSED] - openBrowser(""): Browser is opened with url: ''

2021-09-20 15:57:38 - [MESSAGE][INFO] - Starting 'Chrome' driver

2021-09-20 15:57:38 - [MESSAGE][INFO] - Action delay is set to 0 milliseconds

2021-09-20 15:57:39 - [MESSAGE][PASSED] - Browser is opened with url: ''

2021-09-20 15:57:39 - [TEST_STEP][PASSED] - navigateToUrl("https://managing-made-easier.web.app/"): Navigate to 'https://managing-made-easier.web.app/' successfully

2021-09-20 15:57:45 - [MESSAGE][PASSED] - Navigate to 'https://managing-made-easier.web.app/' successfully

2021-09-20 15:57:45 - [TEST_STEP][PASSED] - click(findTestObject("Object Repository/Page_Home/a_Sign-In")): Object: 'Object Repository/Page_Home/a_Sign-In' is clicked on

2021-09-20 15:57:45 - [MESSAGE][PASSED] - Object: 'Object Repository/Page_Home/a_Sign-In' is clicked on

2021-09-20 15:57:45 - [TEST_STEP][PASSED] - setText(findTestObject("Object Repository/Page_Sign-In/input__txtEmail"), "owner@radford.edu"): Text 'owner@radford.edu' is set on object 'Object Repository/Page_Sign-In/input__txtEmail'

2021-09-20 15:57:46 - [MESSAGE][PASSED] - Text 'owner@radford.edu' is set on object 'Object Repository/Page_Sign-In/input__txtEmail'

2021-09-20 15:57:46 - [TEST_STEP][PASSED] - setEncryptedText(findTestObject("Object Repository/Page_Sign-In/input__txtPassword"), "8SQVv/p9jVScEs4/2CZsLw=="): Text ****** has been set on object 'Object Repository/Page_Sign-In/input__txtPassword'

2021-09-20 15:57:47 - [MESSAGE][PASSED] - Text ****** has been set on object 'Object Repository/Page_Sign-In/input__txtPassword'

2021-09-20 15:57:47 - [TEST_STEP][PASSED] - sendKeys(findTestObject("Object Repository/Page_Sign-In/input__txtPassword"), Keys.chord(ENTER)): Keys 'ENTER + ' sent to object: 'Object Repository/Page_Sign-In/input__txtPassword'

2021-09-20 15:57:47 - [MESSAGE][PASSED] - Keys 'ENTER + ' sent to object: 'Object Repository/Page_Sign-In/input__txtPassword'

2021-09-20 15:57:47 - [TEST_STEP][PASSED] - click(findTestObject("Object Repository/Page_Sign-In/div_Sign-in Successful You will be redirect_b31683")): Object: 'Object Repository/Page_Sign-In/div_Sign-in Successful You will be redirect_b31683' is clicked on

2021-09-20 15:57:48 - [MESSAGE][PASSED] - Object: 'Object Repository/Page_Sign-In/div_Sign-in Successful You will be redirect_b31683' is clicked on

2021-09-20 15:57:48 - [TEST_STEP][PASSED] - click(findTestObject("Object Repository/Page_Home/a_Portal")): Object: 'Object Repository/Page_Home/a_Portal' is clicked on

2021-09-20 15:57:49 - [MESSAGE][PASSED] - Object: 'Object Repository/Page_Home/a_Portal' is clicked on

2021-09-20 15:57:49 - [TEST_STEP][PASSED] - click(findTestObject("Object Repository/Page_Owner Portal/h4_Update an Announcement")): Object: 'Object Repository/Page_Owner Portal/h4_Update an Announcement' is clicked on

2021-09-20 15:57:50 - [MESSAGE][PASSED] - Object: 'Object Repository/Page_Owner Portal/h4_Update an Announcement' is clicked on

2021-09-20 15:57:50 - [TEST_STEP][PASSED] - click(findTestObject("Page_Update Announcements/topAnnouncement")): Object: 'Object Repository/Page_Update Announcements/topAnnouncement' is clicked on

2021-09-20 15:57:51 - [MESSAGE][PASSED] - Object: 'Object Repository/Page_Update Announcements/topAnnouncement' is clicked on

2021-09-20 15:57:51 - [TEST_STEP][PASSED] - setText(findTestObject("Object Repository/Page_Update Announcement/textarea_Update an Announcement_announcement"), "test, this is an updating Katalon test"): Text 'test, this is an updating Katalon test' is set on object 'Object Repository/Page_Update Announcement/textarea_Update an Announcement_announcement'

2021-09-20 15:57:52 - [MESSAGE][PASSED] - Text 'test, this is an updating Katalon test' is set on object 'Object Repository/Page_Update Announcement/textarea_Update an Announcement_announcement'

2021-09-20 15:57:52 - [TEST_STEP][PASSED] - click(findTestObject("Object Repository/Page_Update Announcement/button_Update Announcement")): Object: 'Object Repository/Page_Update Announcement/button_Update Announcement' is clicked on

2021-09-20 15:57:52 - [MESSAGE][PASSED] - Object: 'Object Repository/Page_Update Announcement/button_Update Announcement' is clicked on

2021-09-20 15:57:52 - [TEST_STEP][PASSED] - click(findTestObject("Page_Announcements/button_Katalon Test")): Object: 'Object Repository/Page_Announcements/button_Katalon Test' is clicked on

2021-09-20 15:57:53 - [MESSAGE][PASSED] - Object: 'Object Repository/Page_Announcements/button_Katalon Test' is clicked on

2021-09-20 15:57:53 - [TEST_STEP][PASSED] - closeBrowser(): Browser is closed

2021-09-20 15:57:53 - [MESSAGE][PASSED] - Browser is closed]]></system-out>
         <system-err><![CDATA[]]></system-err>
      </testcase>
      <testcase name="Test Cases/Owner/Help" time="13.477" classname="Test Cases/Owner/Help" status="PASSED">
         <system-out><![CDATA[2021-09-20 15:57:53 - [TEST_CASE][PASSED] - Test Cases/Owner/Help: Test Cases/Owner/Help

2021-09-20 15:57:53 - [TEST_STEP][PASSED] - openBrowser(""): Browser is opened with url: ''

2021-09-20 15:57:53 - [MESSAGE][INFO] - Starting 'Chrome' driver

2021-09-20 15:57:53 - [MESSAGE][INFO] - Action delay is set to 0 milliseconds

2021-09-20 15:57:54 - [MESSAGE][PASSED] - Browser is opened with url: ''

2021-09-20 15:57:54 - [TEST_STEP][PASSED] - navigateToUrl("https://managing-made-easier.web.app/"): Navigate to 'https://managing-made-easier.web.app/' successfully

2021-09-20 15:57:57 - [MESSAGE][PASSED] - Navigate to 'https://managing-made-easier.web.app/' successfully

2021-09-20 15:57:57 - [TEST_STEP][PASSED] - click(findTestObject("Object Repository/Page_Home/a_Sign-In")): Object: 'Object Repository/Page_Home/a_Sign-In' is clicked on

2021-09-20 15:57:58 - [MESSAGE][PASSED] - Object: 'Object Repository/Page_Home/a_Sign-In' is clicked on

2021-09-20 15:57:58 - [TEST_STEP][PASSED] - setText(findTestObject("Object Repository/Page_Sign-In/input__txtEmail"), "owner@radford.edu"): Text 'owner@radford.edu' is set on object 'Object Repository/Page_Sign-In/input__txtEmail'

2021-09-20 15:57:58 - [MESSAGE][PASSED] - Text 'owner@radford.edu' is set on object 'Object Repository/Page_Sign-In/input__txtEmail'

2021-09-20 15:57:58 - [TEST_STEP][PASSED] - setEncryptedText(findTestObject("Object Repository/Page_Sign-In/input__txtPassword"), "8SQVv/p9jVScEs4/2CZsLw=="): Text ****** has been set on object 'Object Repository/Page_Sign-In/input__txtPassword'

2021-09-20 15:57:59 - [MESSAGE][PASSED] - Text ****** has been set on object 'Object Repository/Page_Sign-In/input__txtPassword'

2021-09-20 15:57:59 - [TEST_STEP][PASSED] - sendKeys(findTestObject("Object Repository/Page_Sign-In/input__txtPassword"), Keys.chord(ENTER)): Keys 'ENTER + ' sent to object: 'Object Repository/Page_Sign-In/input__txtPassword'

2021-09-20 15:57:59 - [MESSAGE][PASSED] - Keys 'ENTER + ' sent to object: 'Object Repository/Page_Sign-In/input__txtPassword'

2021-09-20 15:57:59 - [TEST_STEP][PASSED] - click(findTestObject("Object Repository/Page_Home/a_Portal")): Object: 'Object Repository/Page_Home/a_Portal' is clicked on

2021-09-20 15:58:01 - [MESSAGE][PASSED] - Object: 'Object Repository/Page_Home/a_Portal' is clicked on

2021-09-20 15:58:01 - [TEST_STEP][PASSED] - click(findTestObject("Object Repository/Page_Owner Portal/h4_Help")): Object: 'Object Repository/Page_Owner Portal/h4_Help' is clicked on

2021-09-20 15:58:05 - [MESSAGE][PASSED] - Object: 'Object Repository/Page_Owner Portal/h4_Help' is clicked on

2021-09-20 15:58:05 - [TEST_STEP][PASSED] - click(findTestObject("Object Repository/Page_Help/button_View Walkthrough Calendar")): Object: 'Object Repository/Page_Help/button_View Walkthrough Calendar' is clicked on

2021-09-20 15:58:06 - [MESSAGE][PASSED] - Object: 'Object Repository/Page_Help/button_View Walkthrough Calendar' is clicked on

2021-09-20 15:58:06 - [TEST_STEP][PASSED] - click(findTestObject("Object Repository/Page_Help/button_Add a Listing")): Object: 'Object Repository/Page_Help/button_Add a Listing' is clicked on

2021-09-20 15:58:06 - [MESSAGE][PASSED] - Object: 'Object Repository/Page_Help/button_Add a Listing' is clicked on

2021-09-20 15:58:06 - [TEST_STEP][PASSED] - click(findTestObject("Object Repository/Page_Help/button_Update a Listing")): Object: 'Object Repository/Page_Help/button_Update a Listing' is clicked on

2021-09-20 15:58:06 - [MESSAGE][PASSED] - Object: 'Object Repository/Page_Help/button_Update a Listing' is clicked on

2021-09-20 15:58:06 - [TEST_STEP][PASSED] - closeBrowser(): Browser is closed

2021-09-20 15:58:06 - [MESSAGE][PASSED] - Browser is closed]]></system-out>
         <system-err><![CDATA[]]></system-err>
      </testcase>
      <testcase name="Test Cases/Owner/Maintenance Requests" time="22.026" classname="Test Cases/Owner/Maintenance Requests" status="PASSED">
         <system-out><![CDATA[2021-09-20 15:58:06 - [TEST_CASE][PASSED] - Test Cases/Owner/Maintenance Requests: Test Cases/Owner/Maintenance Requests

2021-09-20 15:58:07 - [TEST_STEP][PASSED] - openBrowser(""): Browser is opened with url: ''

2021-09-20 15:58:07 - [MESSAGE][INFO] - Starting 'Chrome' driver

2021-09-20 15:58:07 - [MESSAGE][INFO] - Action delay is set to 0 milliseconds

2021-09-20 15:58:07 - [MESSAGE][PASSED] - Browser is opened with url: ''

2021-09-20 15:58:07 - [TEST_STEP][PASSED] - navigateToUrl("https://managing-made-easier.web.app/"): Navigate to 'https://managing-made-easier.web.app/' successfully

2021-09-20 15:58:10 - [MESSAGE][PASSED] - Navigate to 'https://managing-made-easier.web.app/' successfully

2021-09-20 15:58:10 - [TEST_STEP][PASSED] - click(findTestObject("Object Repository/Page_Home/a_Sign-In")): Object: 'Object Repository/Page_Home/a_Sign-In' is clicked on

2021-09-20 15:58:11 - [MESSAGE][PASSED] - Object: 'Object Repository/Page_Home/a_Sign-In' is clicked on

2021-09-20 15:58:11 - [TEST_STEP][PASSED] - setText(findTestObject("Object Repository/Page_Sign-In/input__txtEmail"), "owner@radford.edu"): Text 'owner@radford.edu' is set on object 'Object Repository/Page_Sign-In/input__txtEmail'

2021-09-20 15:58:12 - [MESSAGE][PASSED] - Text 'owner@radford.edu' is set on object 'Object Repository/Page_Sign-In/input__txtEmail'

2021-09-20 15:58:12 - [TEST_STEP][PASSED] - setEncryptedText(findTestObject("Object Repository/Page_Sign-In/input__txtPassword"), "8SQVv/p9jVScEs4/2CZsLw=="): Text ****** has been set on object 'Object Repository/Page_Sign-In/input__txtPassword'

2021-09-20 15:58:12 - [MESSAGE][PASSED] - Text ****** has been set on object 'Object Repository/Page_Sign-In/input__txtPassword'

2021-09-20 15:58:12 - [TEST_STEP][PASSED] - sendKeys(findTestObject("Object Repository/Page_Sign-In/input__txtPassword"), Keys.chord(ENTER)): Keys 'ENTER + ' sent to object: 'Object Repository/Page_Sign-In/input__txtPassword'

2021-09-20 15:58:13 - [MESSAGE][PASSED] - Keys 'ENTER + ' sent to object: 'Object Repository/Page_Sign-In/input__txtPassword'

2021-09-20 15:58:13 - [TEST_STEP][PASSED] - click(findTestObject("Object Repository/Page_Home/a_Portal")): Object: 'Object Repository/Page_Home/a_Portal' is clicked on

2021-09-20 15:58:14 - [MESSAGE][PASSED] - Object: 'Object Repository/Page_Home/a_Portal' is clicked on

2021-09-20 15:58:14 - [TEST_STEP][PASSED] - click(findTestObject("Object Repository/Page_Owner Portal/h4_Maintenance Requests")): Object: 'Object Repository/Page_Owner Portal/h4_Maintenance Requests' is clicked on

2021-09-20 15:58:15 - [MESSAGE][PASSED] - Object: 'Object Repository/Page_Owner Portal/h4_Maintenance Requests' is clicked on

2021-09-20 15:58:15 - [TEST_STEP][PASSED] - click(findTestObject("Object Repository/Page_Maintenance Requests/div_Maintenance Requests")): Object: 'Object Repository/Page_Maintenance Requests/div_Maintenance Requests' is clicked on

2021-09-20 15:58:16 - [MESSAGE][PASSED] - Object: 'Object Repository/Page_Maintenance Requests/div_Maintenance Requests' is clicked on

2021-09-20 15:58:16 - [TEST_STEP][PASSED] - closeBrowser(): Browser is closed

2021-09-20 15:58:16 - [MESSAGE][PASSED] - Browser is closed

2021-09-20 15:58:16 - [TEST_STEP][PASSED] - openBrowser(""): Browser is opened with url: ''

2021-09-20 15:58:16 - [MESSAGE][INFO] - Starting 'Chrome' driver

2021-09-20 15:58:16 - [MESSAGE][INFO] - Action delay is set to 0 milliseconds

2021-09-20 15:58:17 - [MESSAGE][PASSED] - Browser is opened with url: ''

2021-09-20 15:58:17 - [TEST_STEP][PASSED] - navigateToUrl("https://managing-made-easier.web.app/"): Navigate to 'https://managing-made-easier.web.app/' successfully

2021-09-20 15:58:21 - [MESSAGE][PASSED] - Navigate to 'https://managing-made-easier.web.app/' successfully

2021-09-20 15:58:21 - [TEST_STEP][PASSED] - click(findTestObject("Object Repository/Page_Home/a_Sign-In")): Object: 'Object Repository/Page_Home/a_Sign-In' is clicked on

2021-09-20 15:58:22 - [MESSAGE][PASSED] - Object: 'Object Repository/Page_Home/a_Sign-In' is clicked on

2021-09-20 15:58:22 - [TEST_STEP][PASSED] - setText(findTestObject("Object Repository/Page_Sign-In/input__txtEmail"), "owner@radford.edu"): Text 'owner@radford.edu' is set on object 'Object Repository/Page_Sign-In/input__txtEmail'

2021-09-20 15:58:23 - [MESSAGE][PASSED] - Text 'owner@radford.edu' is set on object 'Object Repository/Page_Sign-In/input__txtEmail'

2021-09-20 15:58:23 - [TEST_STEP][PASSED] - setEncryptedText(findTestObject("Object Repository/Page_Sign-In/input__txtPassword"), "8SQVv/p9jVScEs4/2CZsLw=="): Text ****** has been set on object 'Object Repository/Page_Sign-In/input__txtPassword'

2021-09-20 15:58:23 - [MESSAGE][PASSED] - Text ****** has been set on object 'Object Repository/Page_Sign-In/input__txtPassword'

2021-09-20 15:58:23 - [TEST_STEP][PASSED] - click(findTestObject("Object Repository/Page_Sign-In/button_Sign-In")): Object: 'Object Repository/Page_Sign-In/button_Sign-In' is clicked on

2021-09-20 15:58:23 - [MESSAGE][PASSED] - Object: 'Object Repository/Page_Sign-In/button_Sign-In' is clicked on

2021-09-20 15:58:23 - [TEST_STEP][PASSED] - click(findTestObject("Object Repository/Page_Home/a_Portal")): Object: 'Object Repository/Page_Home/a_Portal' is clicked on

2021-09-20 15:58:25 - [MESSAGE][PASSED] - Object: 'Object Repository/Page_Home/a_Portal' is clicked on

2021-09-20 15:58:25 - [TEST_STEP][PASSED] - click(findTestObject("Object Repository/Page_Owner Portal/h4_Maintenance Requests")): Object: 'Object Repository/Page_Owner Portal/h4_Maintenance Requests' is clicked on

2021-09-20 15:58:27 - [MESSAGE][PASSED] - Object: 'Object Repository/Page_Owner Portal/h4_Maintenance Requests' is clicked on

2021-09-20 15:58:27 - [TEST_STEP][PASSED] - click(findTestObject("Object Repository/Page_Maintenance Requests/div_Maintenance Requests")): Object: 'Object Repository/Page_Maintenance Requests/div_Maintenance Requests' is clicked on

2021-09-20 15:58:28 - [MESSAGE][PASSED] - Object: 'Object Repository/Page_Maintenance Requests/div_Maintenance Requests' is clicked on

2021-09-20 15:58:28 - [TEST_STEP][PASSED] - click(findTestObject("Object Repository/Page_Maintenance Requests/button_nstoryradford.edu Thu Mar 18 2021")): Object: 'Object Repository/Page_Maintenance Requests/button_nstoryradford.edu Thu Mar 18 2021' is clicked on

2021-09-20 15:58:28 - [MESSAGE][PASSED] - Object: 'Object Repository/Page_Maintenance Requests/button_nstoryradford.edu Thu Mar 18 2021' is clicked on

2021-09-20 15:58:28 - [TEST_STEP][PASSED] - closeBrowser(): Browser is closed

2021-09-20 15:58:28 - [MESSAGE][PASSED] - Browser is closed]]></system-out>
         <system-err><![CDATA[]]></system-err>
      </testcase>
      <system-out><![CDATA[2021-09-20 15:56:05 - [TEST_SUITE][PASSED] - Owner1: Test Cases/Owner/Maintenance Requests]]></system-out>
      <system-err><![CDATA[]]></system-err>
   </testsuite>
</testsuites>
