<?xml version="1.0" encoding="UTF-8"?>
<testsuites name="Tenant without Property" time="43.919" tests="5" failures="0" errors="0">
   <testsuite name="Tenant without Property" tests="5" failures="0" errors="0" time="43.919" skipped="0" timestamp="2021-10-04 14:29:13" hostname="mousejarrett - localhost" id="Test Suites/Tenant without Property">
      <properties>
         <property name="deviceName" value=""/>
         <property name="devicePlatform" value=""/>
         <property name="logFolder" value="/Users/mousejarrett/Desktop/SE 2/Managing/ManagingTests/Reports/20211004_142911/Tenant without Property/20211004_142911"/>
         <property name="logFiles" value="/Users/mousejarrett/Desktop/SE 2/Managing/ManagingTests/Reports/20211004_142911/Tenant without Property/20211004_142911/execution0.log"/>
         <property name="attachments" value=""/>
         <property name="hostName" value="mousejarrett - localhost"/>
         <property name="os" value="Mac OS X 64bit"/>
         <property name="katalonVersion" value="8.1.0.208"/>
         <property name="browser" value="Chrome 94.0.4606.61"/>
         <property name="hostAddress" value="127.0.0.1"/>
         <property name="sessionId" value="4924c20a852aed2aa35bb8f9533129f5"/>
         <property name="seleniumVersion" value="3.141.59"/>
         <property name="proxyInformation" value="ProxyInformation { proxyOption=NO_PROXY, proxyServerType=HTTP, username=, password=********, proxyServerAddress=, proxyServerPort=0, executionList=&quot;&quot;, isApplyToDesiredCapabilities=true }"/>
         <property name="platform" value="Mac OS X"/>
      </properties>
      <testcase name="Test Cases/Tenant/View Tenant Portal (Not Renting)" time="11.592" classname="Test Cases/Tenant/View Tenant Portal (Not Renting)" status="PASSED">
         <system-out><![CDATA[2021-10-04 14:29:13 - [TEST_CASE][PASSED] - Test Cases/Tenant/View Tenant Portal (Not Renting): Test Cases/Tenant/View Tenant Portal (Not Renting)

2021-10-04 14:29:13 - [TEST_STEP][PASSED] - openBrowser(""): Browser is opened with url: ''

2021-10-04 14:29:14 - [MESSAGE][INFO] - Starting 'Chrome' driver

2021-10-04 14:29:14 - [MESSAGE][INFO] - Action delay is set to 0 milliseconds

2021-10-04 14:29:15 - [MESSAGE][PASSED] - Browser is opened with url: ''

2021-10-04 14:29:16 - [TEST_STEP][PASSED] - navigateToUrl("https://managing-made-easier.web.app/"): Navigate to 'https://managing-made-easier.web.app/' successfully

2021-10-04 14:29:18 - [MESSAGE][PASSED] - Navigate to 'https://managing-made-easier.web.app/' successfully

2021-10-04 14:29:18 - [TEST_STEP][PASSED] - click(findTestObject("Object Repository/Page_Home/a_Sign-In"), STOP_ON_FAILURE): Object: 'Object Repository/Page_Home/a_Sign-In' is clicked on

2021-10-04 14:29:20 - [MESSAGE][PASSED] - Object: 'Object Repository/Page_Home/a_Sign-In' is clicked on

2021-10-04 14:29:20 - [TEST_STEP][PASSED] - setText(findTestObject("Object Repository/Page_Sign-In/input__txtEmail"), "test123@radford.edu"): Text 'test123@radford.edu' is set on object 'Object Repository/Page_Sign-In/input__txtEmail'

2021-10-04 14:29:21 - [MESSAGE][PASSED] - Text 'test123@radford.edu' is set on object 'Object Repository/Page_Sign-In/input__txtEmail'

2021-10-04 14:29:21 - [TEST_STEP][PASSED] - setEncryptedText(findTestObject("Object Repository/Page_Sign-In/input__txtPassword"), "8SQVv/p9jVScEs4/2CZsLw=="): Text ****** has been set on object 'Object Repository/Page_Sign-In/input__txtPassword'

2021-10-04 14:29:21 - [MESSAGE][PASSED] - Text ****** has been set on object 'Object Repository/Page_Sign-In/input__txtPassword'

2021-10-04 14:29:21 - [TEST_STEP][PASSED] - click(findTestObject("Object Repository/Page_Sign-In/button_Sign-In")): Object: 'Object Repository/Page_Sign-In/button_Sign-In' is clicked on

2021-10-04 14:29:21 - [MESSAGE][PASSED] - Object: 'Object Repository/Page_Sign-In/button_Sign-In' is clicked on

2021-10-04 14:29:21 - [TEST_STEP][PASSED] - verifyElementPresent(findTestObject("Object Repository/Page_Sign-In/div_Sign-in Successful You will be redirect_b31683"), 0): Object 'Object Repository/Page_Sign-In/div_Sign-in Successful You will be redirect_b31683' is present

2021-10-04 14:29:22 - [MESSAGE][WARNING] - Timeout '0' is invalid. Using default page load timeout: '30'

2021-10-04 14:29:23 - [MESSAGE][PASSED] - Object 'Object Repository/Page_Sign-In/div_Sign-in Successful You will be redirect_b31683' is present

2021-10-04 14:29:23 - [TEST_STEP][PASSED] - click(findTestObject("Object Repository/Page_Home/a_Portal")): Object: 'Object Repository/Page_Home/a_Portal' is clicked on

2021-10-04 14:29:23 - [MESSAGE][PASSED] - Object: 'Object Repository/Page_Home/a_Portal' is clicked on

2021-10-04 14:29:23 - [TEST_STEP][PASSED] - verifyElementPresent(findTestObject("Object Repository/Page_Tenant Portal/div_Announcements"), 0): Object 'Object Repository/Page_Tenant Portal/div_Announcements' is present

2021-10-04 14:29:23 - [MESSAGE][WARNING] - Timeout '0' is invalid. Using default page load timeout: '30'

2021-10-04 14:29:24 - [MESSAGE][PASSED] - Object 'Object Repository/Page_Tenant Portal/div_Announcements' is present

2021-10-04 14:29:24 - [TEST_STEP][PASSED] - verifyElementPresent(findTestObject("Object Repository/Page_Tenant Portal/div_Schedule Walkthrough"), 0): Object 'Object Repository/Page_Tenant Portal/div_Schedule Walkthrough' is present

2021-10-04 14:29:24 - [MESSAGE][WARNING] - Timeout '0' is invalid. Using default page load timeout: '30'

2021-10-04 14:29:24 - [MESSAGE][PASSED] - Object 'Object Repository/Page_Tenant Portal/div_Schedule Walkthrough' is present

2021-10-04 14:29:24 - [TEST_STEP][PASSED] - verifyElementPresent(findTestObject("Object Repository/Page_Tenant Portal/div_Apply to Rent"), 0): Object 'Object Repository/Page_Tenant Portal/div_Apply to Rent' is present

2021-10-04 14:29:24 - [MESSAGE][WARNING] - Timeout '0' is invalid. Using default page load timeout: '30'

2021-10-04 14:29:25 - [MESSAGE][PASSED] - Object 'Object Repository/Page_Tenant Portal/div_Apply to Rent' is present

2021-10-04 14:29:25 - [TEST_STEP][PASSED] - closeBrowser(): Browser is closed

2021-10-04 14:29:25 - [MESSAGE][PASSED] - Browser is closed]]></system-out>
         <system-err><![CDATA[]]></system-err>
      </testcase>
      <testcase name="Test Cases/Tenant/Tenant View Announcements" time="9.953" classname="Test Cases/Tenant/Tenant View Announcements" status="PASSED">
         <system-out><![CDATA[2021-10-04 14:29:25 - [TEST_CASE][PASSED] - Test Cases/Tenant/Tenant View Announcements: Test Cases/Tenant/Tenant View Announcements

2021-10-04 14:29:25 - [TEST_STEP][PASSED] - openBrowser(""): Browser is opened with url: ''

2021-10-04 14:29:25 - [MESSAGE][INFO] - Starting 'Chrome' driver

2021-10-04 14:29:25 - [MESSAGE][INFO] - Action delay is set to 0 milliseconds

2021-10-04 14:29:26 - [MESSAGE][PASSED] - Browser is opened with url: ''

2021-10-04 14:29:26 - [TEST_STEP][PASSED] - navigateToUrl("https://managing-made-easier.web.app/"): Navigate to 'https://managing-made-easier.web.app/' successfully

2021-10-04 14:29:27 - [MESSAGE][PASSED] - Navigate to 'https://managing-made-easier.web.app/' successfully

2021-10-04 14:29:27 - [TEST_STEP][PASSED] - click(findTestObject("Object Repository/Page_Home/a_Sign-In")): Object: 'Object Repository/Page_Home/a_Sign-In' is clicked on

2021-10-04 14:29:28 - [MESSAGE][PASSED] - Object: 'Object Repository/Page_Home/a_Sign-In' is clicked on

2021-10-04 14:29:28 - [TEST_STEP][PASSED] - setText(findTestObject("Object Repository/Page_Sign-In/input__txtEmail"), "test321@gmail.com"): Text 'test321@gmail.com' is set on object 'Object Repository/Page_Sign-In/input__txtEmail'

2021-10-04 14:29:29 - [MESSAGE][PASSED] - Text 'test321@gmail.com' is set on object 'Object Repository/Page_Sign-In/input__txtEmail'

2021-10-04 14:29:29 - [TEST_STEP][PASSED] - setEncryptedText(findTestObject("Object Repository/Page_Sign-In/input__txtPassword"), "8SQVv/p9jVScEs4/2CZsLw=="): Text ****** has been set on object 'Object Repository/Page_Sign-In/input__txtPassword'

2021-10-04 14:29:30 - [MESSAGE][PASSED] - Text ****** has been set on object 'Object Repository/Page_Sign-In/input__txtPassword'

2021-10-04 14:29:30 - [TEST_STEP][PASSED] - click(findTestObject("Object Repository/Page_Sign-In/button_Sign-In")): Object: 'Object Repository/Page_Sign-In/button_Sign-In' is clicked on

2021-10-04 14:29:30 - [MESSAGE][PASSED] - Object: 'Object Repository/Page_Sign-In/button_Sign-In' is clicked on

2021-10-04 14:29:30 - [TEST_STEP][PASSED] - click(findTestObject("Object Repository/Page_Home/a_Portal")): Object: 'Object Repository/Page_Home/a_Portal' is clicked on

2021-10-04 14:29:31 - [MESSAGE][PASSED] - Object: 'Object Repository/Page_Home/a_Portal' is clicked on

2021-10-04 14:29:31 - [TEST_STEP][PASSED] - click(findTestObject("Object Repository/Page_Home/a_Portal")): Object: 'Object Repository/Page_Home/a_Portal' is clicked on

2021-10-04 14:29:32 - [MESSAGE][PASSED] - Object: 'Object Repository/Page_Home/a_Portal' is clicked on

2021-10-04 14:29:32 - [TEST_STEP][PASSED] - click(findTestObject("Page_Tenant Portal/div_Announcements")): Object: 'Object Repository/Page_Tenant Portal/div_Announcements' is clicked on

2021-10-04 14:29:33 - [MESSAGE][PASSED] - Object: 'Object Repository/Page_Tenant Portal/div_Announcements' is clicked on

2021-10-04 14:29:33 - [TEST_STEP][PASSED] - click(findTestObject("Object Repository/Page_Announcements/button_3")): Object: 'Object Repository/Page_Announcements/button_3' is clicked on

2021-10-04 14:29:34 - [MESSAGE][PASSED] - Object: 'Object Repository/Page_Announcements/button_3' is clicked on

2021-10-04 14:29:34 - [TEST_STEP][PASSED] - click(findTestObject("Object Repository/Page_Announcements/button_3")): Object: 'Object Repository/Page_Announcements/button_3' is clicked on

2021-10-04 14:29:35 - [MESSAGE][PASSED] - Object: 'Object Repository/Page_Announcements/button_3' is clicked on

2021-10-04 14:29:35 - [TEST_STEP][PASSED] - closeBrowser(): Browser is closed

2021-10-04 14:29:35 - [MESSAGE][PASSED] - Browser is closed]]></system-out>
         <system-err><![CDATA[]]></system-err>
      </testcase>
      <testcase name="Test Cases/Sign in" time="6.548" classname="Test Cases/Sign in" status="PASSED">
         <system-out><![CDATA[2021-10-04 14:29:35 - [TEST_CASE][PASSED] - Test Cases/Sign in: Test Cases/Sign in

2021-10-04 14:29:35 - [TEST_STEP][PASSED] - openBrowser(""): Browser is opened with url: ''

2021-10-04 14:29:35 - [MESSAGE][INFO] - Starting 'Chrome' driver

2021-10-04 14:29:35 - [MESSAGE][INFO] - Action delay is set to 0 milliseconds

2021-10-04 14:29:36 - [MESSAGE][PASSED] - Browser is opened with url: ''

2021-10-04 14:29:36 - [TEST_STEP][PASSED] - navigateToUrl("https://managing-made-easier.web.app/"): Navigate to 'https://managing-made-easier.web.app/' successfully

2021-10-04 14:29:37 - [MESSAGE][PASSED] - Navigate to 'https://managing-made-easier.web.app/' successfully

2021-10-04 14:29:37 - [TEST_STEP][PASSED] - click(findTestObject("Object Repository/Page_Home/a_Sign-In")): Object: 'Object Repository/Page_Home/a_Sign-In' is clicked on

2021-10-04 14:29:38 - [MESSAGE][PASSED] - Object: 'Object Repository/Page_Home/a_Sign-In' is clicked on

2021-10-04 14:29:38 - [TEST_STEP][PASSED] - setText(findTestObject("Object Repository/Page_Sign-In/input__txtEmail"), "test123@radford.edu"): Text 'test123@radford.edu' is set on object 'Object Repository/Page_Sign-In/input__txtEmail'

2021-10-04 14:29:39 - [MESSAGE][PASSED] - Text 'test123@radford.edu' is set on object 'Object Repository/Page_Sign-In/input__txtEmail'

2021-10-04 14:29:39 - [TEST_STEP][PASSED] - setEncryptedText(findTestObject("Object Repository/Page_Sign-In/input__txtPassword"), "8SQVv/p9jVScEs4/2CZsLw=="): Text ****** has been set on object 'Object Repository/Page_Sign-In/input__txtPassword'

2021-10-04 14:29:40 - [MESSAGE][PASSED] - Text ****** has been set on object 'Object Repository/Page_Sign-In/input__txtPassword'

2021-10-04 14:29:40 - [TEST_STEP][PASSED] - click(findTestObject("Object Repository/Page_Sign-In/button_Sign-In")): Object: 'Object Repository/Page_Sign-In/button_Sign-In' is clicked on

2021-10-04 14:29:40 - [MESSAGE][PASSED] - Object: 'Object Repository/Page_Sign-In/button_Sign-In' is clicked on

2021-10-04 14:29:40 - [TEST_STEP][PASSED] - verifyElementPresent(findTestObject("Object Repository/Page_Sign-In/div_Sign-in Successful You will be redirect_b31683"), 0): Object 'Object Repository/Page_Sign-In/div_Sign-in Successful You will be redirect_b31683' is present

2021-10-04 14:29:40 - [MESSAGE][WARNING] - Timeout '0' is invalid. Using default page load timeout: '30'

2021-10-04 14:29:41 - [MESSAGE][PASSED] - Object 'Object Repository/Page_Sign-In/div_Sign-in Successful You will be redirect_b31683' is present

2021-10-04 14:29:41 - [TEST_STEP][PASSED] - closeBrowser(): Browser is closed

2021-10-04 14:29:41 - [MESSAGE][PASSED] - Browser is closed]]></system-out>
         <system-err><![CDATA[]]></system-err>
      </testcase>
      <testcase name="Test Cases/Tenant/Apply" time="9.739" classname="Test Cases/Tenant/Apply" status="PASSED">
         <system-out><![CDATA[2021-10-04 14:29:41 - [TEST_CASE][PASSED] - Test Cases/Tenant/Apply: Test Cases/Tenant/Apply

2021-10-04 14:29:41 - [TEST_STEP][PASSED] - openBrowser(""): Browser is opened with url: ''

2021-10-04 14:29:41 - [MESSAGE][INFO] - Starting 'Chrome' driver

2021-10-04 14:29:41 - [MESSAGE][INFO] - Action delay is set to 0 milliseconds

2021-10-04 14:29:42 - [MESSAGE][PASSED] - Browser is opened with url: ''

2021-10-04 14:29:42 - [TEST_STEP][PASSED] - navigateToUrl("https://managing-made-easier.web.app/"): Navigate to 'https://managing-made-easier.web.app/' successfully

2021-10-04 14:29:44 - [MESSAGE][PASSED] - Navigate to 'https://managing-made-easier.web.app/' successfully

2021-10-04 14:29:44 - [TEST_STEP][PASSED] - click(findTestObject("Object Repository/Page_Home/a_Sign-In")): Object: 'Object Repository/Page_Home/a_Sign-In' is clicked on

2021-10-04 14:29:45 - [MESSAGE][PASSED] - Object: 'Object Repository/Page_Home/a_Sign-In' is clicked on

2021-10-04 14:29:45 - [TEST_STEP][PASSED] - click(findTestObject("Object Repository/Page_Sign-In/div_Email Password Sign-InForgot password")): Object: 'Object Repository/Page_Sign-In/div_Email Password Sign-InForgot password' is clicked on

2021-10-04 14:29:46 - [MESSAGE][PASSED] - Object: 'Object Repository/Page_Sign-In/div_Email Password Sign-InForgot password' is clicked on

2021-10-04 14:29:46 - [TEST_STEP][PASSED] - setText(findTestObject("Object Repository/Page_Sign-In/input__txtEmail"), "test123@radford.edu"): Text 'test123@radford.edu' is set on object 'Object Repository/Page_Sign-In/input__txtEmail'

2021-10-04 14:29:46 - [MESSAGE][PASSED] - Text 'test123@radford.edu' is set on object 'Object Repository/Page_Sign-In/input__txtEmail'

2021-10-04 14:29:46 - [TEST_STEP][PASSED] - setEncryptedText(findTestObject("Object Repository/Page_Sign-In/input__txtPassword"), "8SQVv/p9jVScEs4/2CZsLw=="): Text ****** has been set on object 'Object Repository/Page_Sign-In/input__txtPassword'

2021-10-04 14:29:47 - [MESSAGE][PASSED] - Text ****** has been set on object 'Object Repository/Page_Sign-In/input__txtPassword'

2021-10-04 14:29:47 - [TEST_STEP][PASSED] - sendKeys(findTestObject("Object Repository/Page_Sign-In/input__txtPassword"), Keys.chord(ENTER)): Keys 'ENTER + ' sent to object: 'Object Repository/Page_Sign-In/input__txtPassword'

2021-10-04 14:29:47 - [MESSAGE][PASSED] - Keys 'ENTER + ' sent to object: 'Object Repository/Page_Sign-In/input__txtPassword'

2021-10-04 14:29:47 - [TEST_STEP][PASSED] - click(findTestObject("Object Repository/Page_Home/a_Portal")): Object: 'Object Repository/Page_Home/a_Portal' is clicked on

2021-10-04 14:29:48 - [MESSAGE][PASSED] - Object: 'Object Repository/Page_Home/a_Portal' is clicked on

2021-10-04 14:29:48 - [TEST_STEP][PASSED] - click(findTestObject("Page_Tenant Portal/h4_Apply to Rent")): Object: 'Object Repository/Page_Tenant Portal/h4_Apply to Rent' is clicked on

2021-10-04 14:29:49 - [MESSAGE][PASSED] - Object: 'Object Repository/Page_Tenant Portal/h4_Apply to Rent' is clicked on

2021-10-04 14:29:49 - [TEST_STEP][PASSED] - click(findTestObject("Object Repository/Page_Apply/p_Please download and fully complete the Re_86c454")): Object: 'Object Repository/Page_Apply/p_Please download and fully complete the Re_86c454' is clicked on

2021-10-04 14:29:50 - [MESSAGE][PASSED] - Object: 'Object Repository/Page_Apply/p_Please download and fully complete the Re_86c454' is clicked on

2021-10-04 14:29:50 - [TEST_STEP][PASSED] - click(findTestObject("Object Repository/Page_Apply/h4_Tips for adding Application to email")): Object: 'Object Repository/Page_Apply/h4_Tips for adding Application to email' is clicked on

2021-10-04 14:29:51 - [MESSAGE][PASSED] - Object: 'Object Repository/Page_Apply/h4_Tips for adding Application to email' is clicked on

2021-10-04 14:29:51 - [TEST_STEP][PASSED] - click(findTestObject("Object Repository/Page_Apply/h3_Once you have completed the application,_820c59")): Object: 'Object Repository/Page_Apply/h3_Once you have completed the application,_820c59' is clicked on

2021-10-04 14:29:51 - [MESSAGE][PASSED] - Object: 'Object Repository/Page_Apply/h3_Once you have completed the application,_820c59' is clicked on

2021-10-04 14:29:51 - [TEST_STEP][PASSED] - closeBrowser(): Browser is closed

2021-10-04 14:29:51 - [MESSAGE][PASSED] - Browser is closed]]></system-out>
         <system-err><![CDATA[]]></system-err>
      </testcase>
      <testcase name="Test Cases/Contact" time="5.569" classname="Test Cases/Contact" status="PASSED">
         <system-out><![CDATA[2021-10-04 14:29:51 - [TEST_CASE][PASSED] - Test Cases/Contact: Test Cases/Contact

2021-10-04 14:29:51 - [TEST_STEP][PASSED] - openBrowser(""): Browser is opened with url: ''

2021-10-04 14:29:51 - [MESSAGE][INFO] - Starting 'Chrome' driver

2021-10-04 14:29:51 - [MESSAGE][INFO] - Action delay is set to 0 milliseconds

2021-10-04 14:29:52 - [MESSAGE][PASSED] - Browser is opened with url: ''

2021-10-04 14:29:52 - [TEST_STEP][PASSED] - navigateToUrl("https://managing-made-easier.web.app/"): Navigate to 'https://managing-made-easier.web.app/' successfully

2021-10-04 14:29:53 - [MESSAGE][PASSED] - Navigate to 'https://managing-made-easier.web.app/' successfully

2021-10-04 14:29:53 - [TEST_STEP][PASSED] - click(findTestObject("Object Repository/Page_Home/a_Contact")): Object: 'Object Repository/Page_Home/a_Contact' is clicked on

2021-10-04 14:29:55 - [MESSAGE][PASSED] - Object: 'Object Repository/Page_Home/a_Contact' is clicked on

2021-10-04 14:29:55 - [TEST_STEP][PASSED] - click(findTestObject("Object Repository/Page_Contact Us/h2_Email us")): Object: 'Object Repository/Page_Contact Us/h2_Email us' is clicked on

2021-10-04 14:29:56 - [MESSAGE][PASSED] - Object: 'Object Repository/Page_Contact Us/h2_Email us' is clicked on

2021-10-04 14:29:56 - [TEST_STEP][PASSED] - click(findTestObject("Object Repository/Page_Contact Us/h4_Call or Text 123-456-7890")): Object: 'Object Repository/Page_Contact Us/h4_Call or Text 123-456-7890' is clicked on

2021-10-04 14:29:56 - [MESSAGE][PASSED] - Object: 'Object Repository/Page_Contact Us/h4_Call or Text 123-456-7890' is clicked on

2021-10-04 14:29:56 - [TEST_STEP][PASSED] - click(findTestObject("Object Repository/Page_Contact Us/h4_Send us a Facebook Message")): Object: 'Object Repository/Page_Contact Us/h4_Send us a Facebook Message' is clicked on

2021-10-04 14:29:56 - [MESSAGE][PASSED] - Object: 'Object Repository/Page_Contact Us/h4_Send us a Facebook Message' is clicked on

2021-10-04 14:29:56 - [TEST_STEP][PASSED] - closeBrowser(): Browser is closed

2021-10-04 14:29:57 - [MESSAGE][PASSED] - Browser is closed]]></system-out>
         <system-err><![CDATA[]]></system-err>
      </testcase>
      <system-out><![CDATA[2021-10-04 14:29:13 - [TEST_SUITE][PASSED] - Tenant without Property: Test Cases/Contact]]></system-out>
      <system-err><![CDATA[]]></system-err>
   </testsuite>
</testsuites>
