<?xml version="1.0" encoding="UTF-8"?>
<testsuites name="Unregistered User" time="43.241" tests="6" failures="0" errors="0">
   <testsuite name="Unregistered User" tests="6" failures="0" errors="0" time="43.241" skipped="0" timestamp="2021-08-11 19:10:29" hostname="mousejarrett - localhost" id="Test Suites/Unregistered User">
      <properties>
         <property name="deviceName" value=""/>
         <property name="devicePlatform" value=""/>
         <property name="logFolder" value="/Users/mousejarrett/Desktop/SE 2/Managing/ManagingTests/Reports/20210811_191027/Unregistered User/20210811_191027"/>
         <property name="logFiles" value="/Users/mousejarrett/Desktop/SE 2/Managing/ManagingTests/Reports/20210811_191027/Unregistered User/20210811_191027/execution0.log"/>
         <property name="attachments" value=""/>
         <property name="hostName" value="mousejarrett - localhost"/>
         <property name="os" value="Mac OS X 64bit"/>
         <property name="katalonVersion" value="8.0.5.208"/>
         <property name="browser" value="Chrome 92.0.4515.131"/>
         <property name="hostAddress" value="127.0.0.1"/>
         <property name="sessionId" value="f11312902b033c6c6cc850eed4cf8f67"/>
         <property name="seleniumVersion" value="3.141.59"/>
         <property name="proxyInformation" value="ProxyInformation { proxyOption=NO_PROXY, proxyServerType=HTTP, username=, password=********, proxyServerAddress=, proxyServerPort=0, executionList=&quot;&quot;, isApplyToDesiredCapabilities=true }"/>
         <property name="platform" value="Mac OS X"/>
      </properties>
      <testcase name="Test Cases/Unregistered user CANNOT sign in" time="9.877" classname="Test Cases/Unregistered user CANNOT sign in" status="PASSED">
         <system-out><![CDATA[2021-08-11 19:10:29 - [TEST_CASE][PASSED] - Test Cases/Unregistered user CANNOT sign in: Test Cases/Unregistered user CANNOT sign in

2021-08-11 19:10:29 - [TEST_STEP][PASSED] - openBrowser(""): Browser is opened with url: ''

2021-08-11 19:10:29 - [MESSAGE][INFO] - Starting 'Chrome' driver

2021-08-11 19:10:29 - [MESSAGE][INFO] - Action delay is set to 0 milliseconds

2021-08-11 19:10:31 - [MESSAGE][PASSED] - Browser is opened with url: ''

2021-08-11 19:10:31 - [TEST_STEP][PASSED] - navigateToUrl("https://managing-made-easier.web.app/"): Navigate to 'https://managing-made-easier.web.app/' successfully

2021-08-11 19:10:33 - [MESSAGE][PASSED] - Navigate to 'https://managing-made-easier.web.app/' successfully

2021-08-11 19:10:33 - [TEST_STEP][PASSED] - click(findTestObject("Object Repository/Page_Home/a_Sign-In")): Object: 'Object Repository/Page_Home/a_Sign-In' is clicked on

2021-08-11 19:10:34 - [MESSAGE][PASSED] - Object: 'Object Repository/Page_Home/a_Sign-In' is clicked on

2021-08-11 19:10:34 - [TEST_STEP][PASSED] - setText(findTestObject("Object Repository/Page_Sign-In/input__txtEmail"), "test"): Text 'test' is set on object 'Object Repository/Page_Sign-In/input__txtEmail'

2021-08-11 19:10:35 - [MESSAGE][PASSED] - Text 'test' is set on object 'Object Repository/Page_Sign-In/input__txtEmail'

2021-08-11 19:10:35 - [TEST_STEP][PASSED] - setEncryptedText(findTestObject("Object Repository/Page_Sign-In/input__txtPassword"), "P9ET2sDE0SE="): Text ****** has been set on object 'Object Repository/Page_Sign-In/input__txtPassword'

2021-08-11 19:10:35 - [MESSAGE][PASSED] - Text ****** has been set on object 'Object Repository/Page_Sign-In/input__txtPassword'

2021-08-11 19:10:35 - [TEST_STEP][PASSED] - click(findTestObject("Object Repository/Page_Sign-In/button_Sign-In")): Object: 'Object Repository/Page_Sign-In/button_Sign-In' is clicked on

2021-08-11 19:10:36 - [MESSAGE][PASSED] - Object: 'Object Repository/Page_Sign-In/button_Sign-In' is clicked on

2021-08-11 19:10:36 - [TEST_STEP][PASSED] - verifyElementPresent(findTestObject("Object Repository/Page_Sign-In/div_The email address is badly formatted"), 0): Object 'Object Repository/Page_Sign-In/div_The email address is badly formatted' is present

2021-08-11 19:10:36 - [MESSAGE][WARNING] - Timeout '0' is invalid. Using default page load timeout: '30'

2021-08-11 19:10:36 - [MESSAGE][PASSED] - Object 'Object Repository/Page_Sign-In/div_The email address is badly formatted' is present

2021-08-11 19:10:36 - [TEST_STEP][PASSED] - setEncryptedText(findTestObject("Object Repository/Page_Sign-In/input__txtPassword"), "YsxTccsmuDoDBwXzvpNmKQ=="): Text ****** has been set on object 'Object Repository/Page_Sign-In/input__txtPassword'

2021-08-11 19:10:37 - [MESSAGE][PASSED] - Text ****** has been set on object 'Object Repository/Page_Sign-In/input__txtPassword'

2021-08-11 19:10:37 - [TEST_STEP][PASSED] - click(findTestObject("Object Repository/Page_Sign-In/button_Sign-In")): Object: 'Object Repository/Page_Sign-In/button_Sign-In' is clicked on

2021-08-11 19:10:37 - [MESSAGE][PASSED] - Object: 'Object Repository/Page_Sign-In/button_Sign-In' is clicked on

2021-08-11 19:10:37 - [TEST_STEP][PASSED] - setText(findTestObject("Object Repository/Page_Sign-In/input__txtEmail"), "test@gmail.com"): Text 'test@gmail.com' is set on object 'Object Repository/Page_Sign-In/input__txtEmail'

2021-08-11 19:10:38 - [MESSAGE][PASSED] - Text 'test@gmail.com' is set on object 'Object Repository/Page_Sign-In/input__txtEmail'

2021-08-11 19:10:38 - [TEST_STEP][PASSED] - click(findTestObject("Object Repository/Page_Sign-In/button_Sign-In")): Object: 'Object Repository/Page_Sign-In/button_Sign-In' is clicked on

2021-08-11 19:10:38 - [MESSAGE][PASSED] - Object: 'Object Repository/Page_Sign-In/button_Sign-In' is clicked on

2021-08-11 19:10:38 - [TEST_STEP][PASSED] - verifyElementPresent(findTestObject("Object Repository/Page_Sign-In/div_There is no user record corresponding t_0b1d2f"), 0): Object 'Object Repository/Page_Sign-In/div_There is no user record corresponding t_0b1d2f' is present

2021-08-11 19:10:38 - [MESSAGE][WARNING] - Timeout '0' is invalid. Using default page load timeout: '30'

2021-08-11 19:10:39 - [MESSAGE][PASSED] - Object 'Object Repository/Page_Sign-In/div_There is no user record corresponding t_0b1d2f' is present

2021-08-11 19:10:39 - [TEST_STEP][PASSED] - closeBrowser(): Browser is closed

2021-08-11 19:10:39 - [MESSAGE][PASSED] - Browser is closed]]></system-out>
         <system-err><![CDATA[]]></system-err>
      </testcase>
      <testcase name="Test Cases/View Listing NOT Signed in" time="5.096" classname="Test Cases/View Listing NOT Signed in" status="PASSED">
         <system-out><![CDATA[2021-08-11 19:10:39 - [TEST_CASE][PASSED] - Test Cases/View Listing NOT Signed in: Test Cases/View Listing NOT Signed in

2021-08-11 19:10:39 - [TEST_STEP][PASSED] - openBrowser(""): Browser is opened with url: ''

2021-08-11 19:10:39 - [MESSAGE][INFO] - Starting 'Chrome' driver

2021-08-11 19:10:39 - [MESSAGE][INFO] - Action delay is set to 0 milliseconds

2021-08-11 19:10:40 - [MESSAGE][PASSED] - Browser is opened with url: ''

2021-08-11 19:10:40 - [TEST_STEP][PASSED] - navigateToUrl("https://managing-made-easier.web.app/"): Navigate to 'https://managing-made-easier.web.app/' successfully

2021-08-11 19:10:41 - [MESSAGE][PASSED] - Navigate to 'https://managing-made-easier.web.app/' successfully

2021-08-11 19:10:41 - [TEST_STEP][PASSED] - click(findTestObject("Object Repository/Page_Home/a_Listings")): Object: 'Object Repository/Page_Home/a_Listings' is clicked on

2021-08-11 19:10:43 - [MESSAGE][PASSED] - Object: 'Object Repository/Page_Home/a_Listings' is clicked on

2021-08-11 19:10:43 - [TEST_STEP][PASSED] - click(findTestObject("Object Repository/Page_Search/div_Search Listings")): Object: 'Object Repository/Page_Search/div_Search Listings' is clicked on

2021-08-11 19:10:44 - [MESSAGE][PASSED] - Object: 'Object Repository/Page_Search/div_Search Listings' is clicked on

2021-08-11 19:10:44 - [TEST_STEP][PASSED] - closeBrowser(): Browser is closed

2021-08-11 19:10:44 - [MESSAGE][PASSED] - Browser is closed]]></system-out>
         <system-err><![CDATA[]]></system-err>
      </testcase>
      <testcase name="Test Cases/View listing Main page" time="6.623" classname="Test Cases/View listing Main page" status="PASSED">
         <system-out><![CDATA[2021-08-11 19:10:44 - [TEST_CASE][PASSED] - Test Cases/View listing Main page: Test Cases/View listing Main page

2021-08-11 19:10:44 - [TEST_STEP][PASSED] - openBrowser(""): Browser is opened with url: ''

2021-08-11 19:10:44 - [MESSAGE][INFO] - Starting 'Chrome' driver

2021-08-11 19:10:44 - [MESSAGE][INFO] - Action delay is set to 0 milliseconds

2021-08-11 19:10:45 - [MESSAGE][PASSED] - Browser is opened with url: ''

2021-08-11 19:10:45 - [TEST_STEP][PASSED] - navigateToUrl("https://managing-made-easier.web.app/"): Navigate to 'https://managing-made-easier.web.app/' successfully

2021-08-11 19:10:46 - [MESSAGE][PASSED] - Navigate to 'https://managing-made-easier.web.app/' successfully

2021-08-11 19:10:46 - [TEST_STEP][PASSED] - click(findTestObject("Object Repository/Page_Home/div_5 New River Dr915")): Object: 'Object Repository/Page_Home/div_5 New River Dr915' is clicked on

2021-08-11 19:10:49 - [MESSAGE][PASSED] - Object: 'Object Repository/Page_Home/div_5 New River Dr915' is clicked on

2021-08-11 19:10:49 - [TEST_STEP][PASSED] - click(findTestObject("Object Repository/Page_View Listing/div_The Best off-campus living option in Ra_9574c9")): Object: 'Object Repository/Page_View Listing/div_The Best off-campus living option in Ra_9574c9' is clicked on

2021-08-11 19:10:50 - [MESSAGE][PASSED] - Object: 'Object Repository/Page_View Listing/div_The Best off-campus living option in Ra_9574c9' is clicked on

2021-08-11 19:10:50 - [TEST_STEP][PASSED] - click(findTestObject("Object Repository/Page_View Listing/div_HouseMonthly Rent 915Date of Availabili_1384a2")): Object: 'Object Repository/Page_View Listing/div_HouseMonthly Rent 915Date of Availabili_1384a2' is clicked on

2021-08-11 19:10:50 - [MESSAGE][PASSED] - Object: 'Object Repository/Page_View Listing/div_HouseMonthly Rent 915Date of Availabili_1384a2' is clicked on

2021-08-11 19:10:50 - [TEST_STEP][PASSED] - click(findTestObject("Object Repository/Page_View Listing/div")): Object: 'Object Repository/Page_View Listing/div' is clicked on

2021-08-11 19:10:50 - [MESSAGE][PASSED] - Object: 'Object Repository/Page_View Listing/div' is clicked on

2021-08-11 19:10:50 - [TEST_STEP][PASSED] - closeBrowser(): Browser is closed

2021-08-11 19:10:50 - [MESSAGE][PASSED] - Browser is closed]]></system-out>
         <system-err><![CDATA[]]></system-err>
      </testcase>
      <testcase name="Test Cases/Access Facebook" time="6.223" classname="Test Cases/Access Facebook" status="PASSED">
         <system-out><![CDATA[2021-08-11 19:10:50 - [TEST_CASE][PASSED] - Test Cases/Access Facebook: Test Cases/Access Facebook

2021-08-11 19:10:51 - [TEST_STEP][PASSED] - openBrowser(""): Browser is opened with url: ''

2021-08-11 19:10:51 - [MESSAGE][INFO] - Starting 'Chrome' driver

2021-08-11 19:10:51 - [MESSAGE][INFO] - Action delay is set to 0 milliseconds

2021-08-11 19:10:52 - [MESSAGE][PASSED] - Browser is opened with url: ''

2021-08-11 19:10:52 - [TEST_STEP][PASSED] - navigateToUrl("https://managing-made-easier.web.app/"): Navigate to 'https://managing-made-easier.web.app/' successfully

2021-08-11 19:10:53 - [MESSAGE][PASSED] - Navigate to 'https://managing-made-easier.web.app/' successfully

2021-08-11 19:10:53 - [TEST_STEP][PASSED] - click(findTestObject("Object Repository/Page_Home/div_Welcome To Jarrett Properties")): Object: 'Object Repository/Page_Home/div_Welcome To Jarrett Properties' is clicked on

2021-08-11 19:10:54 - [MESSAGE][PASSED] - Object: 'Object Repository/Page_Home/div_Welcome To Jarrett Properties' is clicked on

2021-08-11 19:10:54 - [TEST_STEP][PASSED] - click(findTestObject("Page_Home/path")): Object: 'Object Repository/Page_Home/path' is clicked on

2021-08-11 19:10:57 - [MESSAGE][PASSED] - Object: 'Object Repository/Page_Home/path' is clicked on

2021-08-11 19:10:57 - [TEST_STEP][PASSED] - closeBrowser(): Browser is closed

2021-08-11 19:10:57 - [MESSAGE][PASSED] - Browser is closed]]></system-out>
         <system-err><![CDATA[]]></system-err>
      </testcase>
      <testcase name="Test Cases/Realtor Button" time="7.656" classname="Test Cases/Realtor Button" status="PASSED">
         <system-out><![CDATA[2021-08-11 19:10:57 - [TEST_CASE][PASSED] - Test Cases/Realtor Button: Test Cases/Realtor Button

2021-08-11 19:10:57 - [TEST_STEP][PASSED] - openBrowser(""): Browser is opened with url: ''

2021-08-11 19:10:57 - [MESSAGE][INFO] - Starting 'Chrome' driver

2021-08-11 19:10:57 - [MESSAGE][INFO] - Action delay is set to 0 milliseconds

2021-08-11 19:10:58 - [MESSAGE][PASSED] - Browser is opened with url: ''

2021-08-11 19:10:58 - [TEST_STEP][PASSED] - navigateToUrl("https://managing-made-easier.web.app/"): Navigate to 'https://managing-made-easier.web.app/' successfully

2021-08-11 19:10:59 - [MESSAGE][PASSED] - Navigate to 'https://managing-made-easier.web.app/' successfully

2021-08-11 19:10:59 - [TEST_STEP][PASSED] - click(findTestObject("Object Repository/Page_Home/h1_Welcome To Jarrett Properties")): Object: 'Object Repository/Page_Home/h1_Welcome To Jarrett Properties' is clicked on

2021-08-11 19:11:00 - [MESSAGE][PASSED] - Object: 'Object Repository/Page_Home/h1_Welcome To Jarrett Properties' is clicked on

2021-08-11 19:11:00 - [TEST_STEP][PASSED] - click(findTestObject("Object Repository/Page_Home/img")): Object: 'Object Repository/Page_Home/img' is clicked on

2021-08-11 19:11:04 - [MESSAGE][PASSED] - Object: 'Object Repository/Page_Home/img' is clicked on

2021-08-11 19:11:04 - [TEST_STEP][PASSED] - closeBrowser(): Browser is closed

2021-08-11 19:11:04 - [MESSAGE][PASSED] - Browser is closed]]></system-out>
         <system-err><![CDATA[]]></system-err>
      </testcase>
      <testcase name="Test Cases/Equal Housing Button" time="7.292" classname="Test Cases/Equal Housing Button" status="PASSED">
         <system-out><![CDATA[2021-08-11 19:11:04 - [TEST_CASE][PASSED] - Test Cases/Equal Housing Button: Test Cases/Equal Housing Button

2021-08-11 19:11:04 - [TEST_STEP][PASSED] - openBrowser(""): Browser is opened with url: ''

2021-08-11 19:11:04 - [MESSAGE][INFO] - Starting 'Chrome' driver

2021-08-11 19:11:04 - [MESSAGE][INFO] - Action delay is set to 0 milliseconds

2021-08-11 19:11:05 - [MESSAGE][PASSED] - Browser is opened with url: ''

2021-08-11 19:11:05 - [TEST_STEP][PASSED] - navigateToUrl("https://managing-made-easier.web.app/"): Navigate to 'https://managing-made-easier.web.app/' successfully

2021-08-11 19:11:07 - [MESSAGE][PASSED] - Navigate to 'https://managing-made-easier.web.app/' successfully

2021-08-11 19:11:07 - [TEST_STEP][PASSED] - click(findTestObject("Object Repository/Page_Home/h1_Welcome To Jarrett Properties")): Object: 'Object Repository/Page_Home/h1_Welcome To Jarrett Properties' is clicked on

2021-08-11 19:11:08 - [MESSAGE][PASSED] - Object: 'Object Repository/Page_Home/h1_Welcome To Jarrett Properties' is clicked on

2021-08-11 19:11:08 - [TEST_STEP][PASSED] - click(findTestObject("Object Repository/Page_Home/img")): Object: 'Object Repository/Page_Home/img' is clicked on

2021-08-11 19:11:12 - [MESSAGE][PASSED] - Object: 'Object Repository/Page_Home/img' is clicked on

2021-08-11 19:11:12 - [TEST_STEP][PASSED] - closeBrowser(): Browser is closed

2021-08-11 19:11:12 - [MESSAGE][PASSED] - Browser is closed]]></system-out>
         <system-err><![CDATA[]]></system-err>
      </testcase>
      <system-out><![CDATA[2021-08-11 19:10:29 - [TEST_SUITE][PASSED] - Unregistered User: Test Cases/Equal Housing Button]]></system-out>
      <system-err><![CDATA[]]></system-err>
   </testsuite>
</testsuites>
