<?xml version="1.0" encoding="UTF-8"?>
<testsuites name="Unregistered User" time="43.201" tests="6" failures="0" errors="0">
   <testsuite name="Unregistered User" tests="6" failures="0" errors="0" time="43.201" skipped="0" timestamp="2021-08-23 15:31:43" hostname="mousejarrett - localhost" id="Test Suites/Unregistered User">
      <properties>
         <property name="deviceName" value=""/>
         <property name="devicePlatform" value=""/>
         <property name="logFolder" value="/Users/mousejarrett/Desktop/SE 2/Managing/ManagingTests/Reports/20210823_153141/Unregistered User/20210823_153141"/>
         <property name="logFiles" value="/Users/mousejarrett/Desktop/SE 2/Managing/ManagingTests/Reports/20210823_153141/Unregistered User/20210823_153141/execution0.log"/>
         <property name="attachments" value=""/>
         <property name="hostName" value="mousejarrett - localhost"/>
         <property name="os" value="Mac OS X 64bit"/>
         <property name="katalonVersion" value="8.1.0.208"/>
         <property name="browser" value="Chrome 92.0.4515.159"/>
         <property name="hostAddress" value="127.0.0.1"/>
         <property name="sessionId" value="26b08551f9757c16a1dd43b09bff777f"/>
         <property name="seleniumVersion" value="3.141.59"/>
         <property name="proxyInformation" value="ProxyInformation { proxyOption=NO_PROXY, proxyServerType=HTTP, username=, password=********, proxyServerAddress=, proxyServerPort=0, executionList=&quot;&quot;, isApplyToDesiredCapabilities=true }"/>
         <property name="platform" value="Mac OS X"/>
      </properties>
      <testcase name="Test Cases/Unregistered user CANNOT sign in" time="9.533" classname="Test Cases/Unregistered user CANNOT sign in" status="PASSED">
         <system-out><![CDATA[2021-08-23 15:31:43 - [TEST_CASE][PASSED] - Test Cases/Unregistered user CANNOT sign in: Test Cases/Unregistered user CANNOT sign in

2021-08-23 15:31:43 - [TEST_STEP][PASSED] - openBrowser(""): Browser is opened with url: ''

2021-08-23 15:31:43 - [MESSAGE][INFO] - Starting 'Chrome' driver

2021-08-23 15:31:43 - [MESSAGE][INFO] - Action delay is set to 0 milliseconds

2021-08-23 15:31:45 - [MESSAGE][PASSED] - Browser is opened with url: ''

2021-08-23 15:31:45 - [TEST_STEP][PASSED] - navigateToUrl("https://managing-made-easier.web.app/"): Navigate to 'https://managing-made-easier.web.app/' successfully

2021-08-23 15:31:46 - [MESSAGE][PASSED] - Navigate to 'https://managing-made-easier.web.app/' successfully

2021-08-23 15:31:46 - [TEST_STEP][PASSED] - click(findTestObject("Object Repository/Page_Home/a_Sign-In")): Object: 'Object Repository/Page_Home/a_Sign-In' is clicked on

2021-08-23 15:31:48 - [MESSAGE][PASSED] - Object: 'Object Repository/Page_Home/a_Sign-In' is clicked on

2021-08-23 15:31:48 - [TEST_STEP][PASSED] - setText(findTestObject("Object Repository/Page_Sign-In/input__txtEmail"), "test"): Text 'test' is set on object 'Object Repository/Page_Sign-In/input__txtEmail'

2021-08-23 15:31:48 - [MESSAGE][PASSED] - Text 'test' is set on object 'Object Repository/Page_Sign-In/input__txtEmail'

2021-08-23 15:31:48 - [TEST_STEP][PASSED] - setEncryptedText(findTestObject("Object Repository/Page_Sign-In/input__txtPassword"), "P9ET2sDE0SE="): Text ****** has been set on object 'Object Repository/Page_Sign-In/input__txtPassword'

2021-08-23 15:31:49 - [MESSAGE][PASSED] - Text ****** has been set on object 'Object Repository/Page_Sign-In/input__txtPassword'

2021-08-23 15:31:49 - [TEST_STEP][PASSED] - click(findTestObject("Object Repository/Page_Sign-In/button_Sign-In")): Object: 'Object Repository/Page_Sign-In/button_Sign-In' is clicked on

2021-08-23 15:31:49 - [MESSAGE][PASSED] - Object: 'Object Repository/Page_Sign-In/button_Sign-In' is clicked on

2021-08-23 15:31:49 - [TEST_STEP][PASSED] - verifyElementPresent(findTestObject("Object Repository/Page_Sign-In/div_The email address is badly formatted"), 0): Object 'Object Repository/Page_Sign-In/div_The email address is badly formatted' is present

2021-08-23 15:31:49 - [MESSAGE][WARNING] - Timeout '0' is invalid. Using default page load timeout: '30'

2021-08-23 15:31:50 - [MESSAGE][PASSED] - Object 'Object Repository/Page_Sign-In/div_The email address is badly formatted' is present

2021-08-23 15:31:50 - [TEST_STEP][PASSED] - setEncryptedText(findTestObject("Object Repository/Page_Sign-In/input__txtPassword"), "YsxTccsmuDoDBwXzvpNmKQ=="): Text ****** has been set on object 'Object Repository/Page_Sign-In/input__txtPassword'

2021-08-23 15:31:50 - [MESSAGE][PASSED] - Text ****** has been set on object 'Object Repository/Page_Sign-In/input__txtPassword'

2021-08-23 15:31:50 - [TEST_STEP][PASSED] - click(findTestObject("Object Repository/Page_Sign-In/button_Sign-In")): Object: 'Object Repository/Page_Sign-In/button_Sign-In' is clicked on

2021-08-23 15:31:50 - [MESSAGE][PASSED] - Object: 'Object Repository/Page_Sign-In/button_Sign-In' is clicked on

2021-08-23 15:31:50 - [TEST_STEP][PASSED] - setText(findTestObject("Object Repository/Page_Sign-In/input__txtEmail"), "test@gmail.com"): Text 'test@gmail.com' is set on object 'Object Repository/Page_Sign-In/input__txtEmail'

2021-08-23 15:31:51 - [MESSAGE][PASSED] - Text 'test@gmail.com' is set on object 'Object Repository/Page_Sign-In/input__txtEmail'

2021-08-23 15:31:51 - [TEST_STEP][PASSED] - click(findTestObject("Object Repository/Page_Sign-In/button_Sign-In")): Object: 'Object Repository/Page_Sign-In/button_Sign-In' is clicked on

2021-08-23 15:31:52 - [MESSAGE][PASSED] - Object: 'Object Repository/Page_Sign-In/button_Sign-In' is clicked on

2021-08-23 15:31:52 - [TEST_STEP][PASSED] - verifyElementPresent(findTestObject("Object Repository/Page_Sign-In/div_There is no user record corresponding t_0b1d2f"), 0): Object 'Object Repository/Page_Sign-In/div_There is no user record corresponding t_0b1d2f' is present

2021-08-23 15:31:52 - [MESSAGE][WARNING] - Timeout '0' is invalid. Using default page load timeout: '30'

2021-08-23 15:31:52 - [MESSAGE][PASSED] - Object 'Object Repository/Page_Sign-In/div_There is no user record corresponding t_0b1d2f' is present

2021-08-23 15:31:52 - [TEST_STEP][PASSED] - closeBrowser(): Browser is closed

2021-08-23 15:31:52 - [MESSAGE][PASSED] - Browser is closed]]></system-out>
         <system-err><![CDATA[]]></system-err>
      </testcase>
      <testcase name="Test Cases/View Listing NOT Signed in" time="4.88" classname="Test Cases/View Listing NOT Signed in" status="PASSED">
         <system-out><![CDATA[2021-08-23 15:31:52 - [TEST_CASE][PASSED] - Test Cases/View Listing NOT Signed in: Test Cases/View Listing NOT Signed in

2021-08-23 15:31:53 - [TEST_STEP][PASSED] - openBrowser(""): Browser is opened with url: ''

2021-08-23 15:31:53 - [MESSAGE][INFO] - Starting 'Chrome' driver

2021-08-23 15:31:53 - [MESSAGE][INFO] - Action delay is set to 0 milliseconds

2021-08-23 15:31:54 - [MESSAGE][PASSED] - Browser is opened with url: ''

2021-08-23 15:31:54 - [TEST_STEP][PASSED] - navigateToUrl("https://managing-made-easier.web.app/"): Navigate to 'https://managing-made-easier.web.app/' successfully

2021-08-23 15:31:55 - [MESSAGE][PASSED] - Navigate to 'https://managing-made-easier.web.app/' successfully

2021-08-23 15:31:55 - [TEST_STEP][PASSED] - click(findTestObject("Object Repository/Page_Home/a_Listings")): Object: 'Object Repository/Page_Home/a_Listings' is clicked on

2021-08-23 15:31:56 - [MESSAGE][PASSED] - Object: 'Object Repository/Page_Home/a_Listings' is clicked on

2021-08-23 15:31:56 - [TEST_STEP][PASSED] - click(findTestObject("Object Repository/Page_Search/div_Search Listings")): Object: 'Object Repository/Page_Search/div_Search Listings' is clicked on

2021-08-23 15:31:57 - [MESSAGE][PASSED] - Object: 'Object Repository/Page_Search/div_Search Listings' is clicked on

2021-08-23 15:31:57 - [TEST_STEP][PASSED] - closeBrowser(): Browser is closed

2021-08-23 15:31:57 - [MESSAGE][PASSED] - Browser is closed]]></system-out>
         <system-err><![CDATA[]]></system-err>
      </testcase>
      <testcase name="Test Cases/View listing Main page" time="6.945" classname="Test Cases/View listing Main page" status="PASSED">
         <system-out><![CDATA[2021-08-23 15:31:57 - [TEST_CASE][PASSED] - Test Cases/View listing Main page: Test Cases/View listing Main page

2021-08-23 15:31:57 - [TEST_STEP][PASSED] - openBrowser(""): Browser is opened with url: ''

2021-08-23 15:31:57 - [MESSAGE][INFO] - Starting 'Chrome' driver

2021-08-23 15:31:57 - [MESSAGE][INFO] - Action delay is set to 0 milliseconds

2021-08-23 15:31:58 - [MESSAGE][PASSED] - Browser is opened with url: ''

2021-08-23 15:31:58 - [TEST_STEP][PASSED] - navigateToUrl("https://managing-made-easier.web.app/"): Navigate to 'https://managing-made-easier.web.app/' successfully

2021-08-23 15:32:00 - [MESSAGE][PASSED] - Navigate to 'https://managing-made-easier.web.app/' successfully

2021-08-23 15:32:00 - [TEST_STEP][PASSED] - click(findTestObject("Object Repository/Page_Home/div_5 New River Dr915")): Object: 'Object Repository/Page_Home/div_5 New River Dr915' is clicked on

2021-08-23 15:32:03 - [MESSAGE][PASSED] - Object: 'Object Repository/Page_Home/div_5 New River Dr915' is clicked on

2021-08-23 15:32:03 - [TEST_STEP][PASSED] - click(findTestObject("Object Repository/Page_View Listing/div_The Best off-campus living option in Ra_9574c9")): Object: 'Object Repository/Page_View Listing/div_The Best off-campus living option in Ra_9574c9' is clicked on

2021-08-23 15:32:03 - [MESSAGE][PASSED] - Object: 'Object Repository/Page_View Listing/div_The Best off-campus living option in Ra_9574c9' is clicked on

2021-08-23 15:32:03 - [TEST_STEP][PASSED] - click(findTestObject("Object Repository/Page_View Listing/div_HouseMonthly Rent 915Date of Availabili_1384a2")): Object: 'Object Repository/Page_View Listing/div_HouseMonthly Rent 915Date of Availabili_1384a2' is clicked on

2021-08-23 15:32:03 - [MESSAGE][PASSED] - Object: 'Object Repository/Page_View Listing/div_HouseMonthly Rent 915Date of Availabili_1384a2' is clicked on

2021-08-23 15:32:03 - [TEST_STEP][PASSED] - click(findTestObject("Object Repository/Page_View Listing/div")): Object: 'Object Repository/Page_View Listing/div' is clicked on

2021-08-23 15:32:04 - [MESSAGE][PASSED] - Object: 'Object Repository/Page_View Listing/div' is clicked on

2021-08-23 15:32:04 - [TEST_STEP][PASSED] - closeBrowser(): Browser is closed

2021-08-23 15:32:04 - [MESSAGE][PASSED] - Browser is closed]]></system-out>
         <system-err><![CDATA[]]></system-err>
      </testcase>
      <testcase name="Test Cases/Access Facebook" time="6.784" classname="Test Cases/Access Facebook" status="PASSED">
         <system-out><![CDATA[2021-08-23 15:32:04 - [TEST_CASE][PASSED] - Test Cases/Access Facebook: Test Cases/Access Facebook

2021-08-23 15:32:04 - [TEST_STEP][PASSED] - openBrowser(""): Browser is opened with url: ''

2021-08-23 15:32:04 - [MESSAGE][INFO] - Starting 'Chrome' driver

2021-08-23 15:32:04 - [MESSAGE][INFO] - Action delay is set to 0 milliseconds

2021-08-23 15:32:05 - [MESSAGE][PASSED] - Browser is opened with url: ''

2021-08-23 15:32:05 - [TEST_STEP][PASSED] - navigateToUrl("https://managing-made-easier.web.app/"): Navigate to 'https://managing-made-easier.web.app/' successfully

2021-08-23 15:32:07 - [MESSAGE][PASSED] - Navigate to 'https://managing-made-easier.web.app/' successfully

2021-08-23 15:32:07 - [TEST_STEP][PASSED] - click(findTestObject("Object Repository/Page_Home/div_Welcome To Jarrett Properties")): Object: 'Object Repository/Page_Home/div_Welcome To Jarrett Properties' is clicked on

2021-08-23 15:32:08 - [MESSAGE][PASSED] - Object: 'Object Repository/Page_Home/div_Welcome To Jarrett Properties' is clicked on

2021-08-23 15:32:08 - [TEST_STEP][PASSED] - click(findTestObject("Page_Home/path")): Object: 'Object Repository/Page_Home/path' is clicked on

2021-08-23 15:32:11 - [MESSAGE][PASSED] - Object: 'Object Repository/Page_Home/path' is clicked on

2021-08-23 15:32:11 - [TEST_STEP][PASSED] - closeBrowser(): Browser is closed

2021-08-23 15:32:11 - [MESSAGE][PASSED] - Browser is closed]]></system-out>
         <system-err><![CDATA[]]></system-err>
      </testcase>
      <testcase name="Test Cases/Realtor Button" time="7.866" classname="Test Cases/Realtor Button" status="PASSED">
         <system-out><![CDATA[2021-08-23 15:32:11 - [TEST_CASE][PASSED] - Test Cases/Realtor Button: Test Cases/Realtor Button

2021-08-23 15:32:11 - [TEST_STEP][PASSED] - openBrowser(""): Browser is opened with url: ''

2021-08-23 15:32:11 - [MESSAGE][INFO] - Starting 'Chrome' driver

2021-08-23 15:32:11 - [MESSAGE][INFO] - Action delay is set to 0 milliseconds

2021-08-23 15:32:12 - [MESSAGE][PASSED] - Browser is opened with url: ''

2021-08-23 15:32:12 - [TEST_STEP][PASSED] - navigateToUrl("https://managing-made-easier.web.app/"): Navigate to 'https://managing-made-easier.web.app/' successfully

2021-08-23 15:32:14 - [MESSAGE][PASSED] - Navigate to 'https://managing-made-easier.web.app/' successfully

2021-08-23 15:32:14 - [TEST_STEP][PASSED] - click(findTestObject("Object Repository/Page_Home/h1_Welcome To Jarrett Properties")): Object: 'Object Repository/Page_Home/h1_Welcome To Jarrett Properties' is clicked on

2021-08-23 15:32:15 - [MESSAGE][PASSED] - Object: 'Object Repository/Page_Home/h1_Welcome To Jarrett Properties' is clicked on

2021-08-23 15:32:15 - [TEST_STEP][PASSED] - click(findTestObject("Object Repository/Page_Home/img")): Object: 'Object Repository/Page_Home/img' is clicked on

2021-08-23 15:32:19 - [MESSAGE][PASSED] - Object: 'Object Repository/Page_Home/img' is clicked on

2021-08-23 15:32:19 - [TEST_STEP][PASSED] - closeBrowser(): Browser is closed

2021-08-23 15:32:19 - [MESSAGE][PASSED] - Browser is closed]]></system-out>
         <system-err><![CDATA[]]></system-err>
      </testcase>
      <testcase name="Test Cases/Equal Housing Button" time="6.686" classname="Test Cases/Equal Housing Button" status="PASSED">
         <system-out><![CDATA[2021-08-23 15:32:19 - [TEST_CASE][PASSED] - Test Cases/Equal Housing Button: Test Cases/Equal Housing Button

2021-08-23 15:32:19 - [TEST_STEP][PASSED] - openBrowser(""): Browser is opened with url: ''

2021-08-23 15:32:19 - [MESSAGE][INFO] - Starting 'Chrome' driver

2021-08-23 15:32:19 - [MESSAGE][INFO] - Action delay is set to 0 milliseconds

2021-08-23 15:32:20 - [MESSAGE][PASSED] - Browser is opened with url: ''

2021-08-23 15:32:20 - [TEST_STEP][PASSED] - navigateToUrl("https://managing-made-easier.web.app/"): Navigate to 'https://managing-made-easier.web.app/' successfully

2021-08-23 15:32:21 - [MESSAGE][PASSED] - Navigate to 'https://managing-made-easier.web.app/' successfully

2021-08-23 15:32:21 - [TEST_STEP][PASSED] - click(findTestObject("Object Repository/Page_Home/h1_Welcome To Jarrett Properties")): Object: 'Object Repository/Page_Home/h1_Welcome To Jarrett Properties' is clicked on

2021-08-23 15:32:22 - [MESSAGE][PASSED] - Object: 'Object Repository/Page_Home/h1_Welcome To Jarrett Properties' is clicked on

2021-08-23 15:32:22 - [TEST_STEP][PASSED] - click(findTestObject("Object Repository/Page_Home/img")): Object: 'Object Repository/Page_Home/img' is clicked on

2021-08-23 15:32:25 - [MESSAGE][PASSED] - Object: 'Object Repository/Page_Home/img' is clicked on

2021-08-23 15:32:25 - [TEST_STEP][PASSED] - closeBrowser(): Browser is closed

2021-08-23 15:32:26 - [MESSAGE][PASSED] - Browser is closed]]></system-out>
         <system-err><![CDATA[]]></system-err>
      </testcase>
      <system-out><![CDATA[2021-08-23 15:31:43 - [TEST_SUITE][PASSED] - Unregistered User: Test Cases/Equal Housing Button]]></system-out>
      <system-err><![CDATA[]]></system-err>
   </testsuite>
</testsuites>
