<?xml version="1.0" encoding="UTF-8"?>
<testsuites name="Owner2" time="114.542" tests="8" failures="0" errors="0">
   <testsuite name="Owner2" tests="8" failures="0" errors="0" time="114.542" skipped="0" timestamp="2021-08-10 20:01:50" hostname="mousejarrett - localhost" id="Test Suites/Owner2">
      <properties>
         <property name="deviceName" value=""/>
         <property name="devicePlatform" value=""/>
         <property name="logFolder" value="/Users/mousejarrett/Desktop/SE 2/Managing/ManagingTests/Reports/20210810_200147/Owner2/20210810_200148"/>
         <property name="logFiles" value="/Users/mousejarrett/Desktop/SE 2/Managing/ManagingTests/Reports/20210810_200147/Owner2/20210810_200148/execution0.log"/>
         <property name="attachments" value=""/>
         <property name="hostName" value="mousejarrett - localhost"/>
         <property name="os" value="Mac OS X 64bit"/>
         <property name="katalonVersion" value="8.0.5.208"/>
         <property name="browser" value="Chrome 92.0.4515.131"/>
         <property name="hostAddress" value="127.0.0.1"/>
         <property name="sessionId" value="1926ee703e1354ecf400810d3a0cb1d8"/>
         <property name="seleniumVersion" value="3.141.59"/>
         <property name="proxyInformation" value="ProxyInformation { proxyOption=NO_PROXY, proxyServerType=HTTP, username=, password=********, proxyServerAddress=, proxyServerPort=0, executionList=&quot;&quot;, isApplyToDesiredCapabilities=true }"/>
         <property name="platform" value="Mac OS X"/>
      </properties>
      <testcase name="Test Cases/Owner/Mark Rent as Paid" time="14.308" classname="Test Cases/Owner/Mark Rent as Paid" status="PASSED">
         <system-out><![CDATA[2021-08-10 20:01:50 - [TEST_CASE][PASSED] - Test Cases/Owner/Mark Rent as Paid: Test Cases/Owner/Mark Rent as Paid

2021-08-10 20:01:50 - [TEST_STEP][PASSED] - openBrowser(""): Browser is opened with url: ''

2021-08-10 20:01:50 - [MESSAGE][INFO] - Starting 'Chrome' driver

2021-08-10 20:01:51 - [MESSAGE][INFO] - Action delay is set to 0 milliseconds

2021-08-10 20:01:52 - [MESSAGE][PASSED] - Browser is opened with url: ''

2021-08-10 20:01:52 - [TEST_STEP][PASSED] - navigateToUrl("https://managing-made-easier.web.app/"): Navigate to 'https://managing-made-easier.web.app/' successfully

2021-08-10 20:01:57 - [MESSAGE][PASSED] - Navigate to 'https://managing-made-easier.web.app/' successfully

2021-08-10 20:01:57 - [TEST_STEP][PASSED] - click(findTestObject("Object Repository/Page_Home/a_Sign-In")): Object: 'Object Repository/Page_Home/a_Sign-In' is clicked on

2021-08-10 20:01:58 - [MESSAGE][PASSED] - Object: 'Object Repository/Page_Home/a_Sign-In' is clicked on

2021-08-10 20:01:58 - [TEST_STEP][PASSED] - setText(findTestObject("Object Repository/Page_Sign-In/input__txtEmail"), "owner@radford.edu"): Text 'owner@radford.edu' is set on object 'Object Repository/Page_Sign-In/input__txtEmail'

2021-08-10 20:01:59 - [MESSAGE][PASSED] - Text 'owner@radford.edu' is set on object 'Object Repository/Page_Sign-In/input__txtEmail'

2021-08-10 20:01:59 - [TEST_STEP][PASSED] - setEncryptedText(findTestObject("Object Repository/Page_Sign-In/input__txtPassword"), "8SQVv/p9jVScEs4/2CZsLw=="): Text ****** has been set on object 'Object Repository/Page_Sign-In/input__txtPassword'

2021-08-10 20:01:59 - [MESSAGE][PASSED] - Text ****** has been set on object 'Object Repository/Page_Sign-In/input__txtPassword'

2021-08-10 20:01:59 - [TEST_STEP][PASSED] - click(findTestObject("Object Repository/Page_Sign-In/button_Sign-In")): Object: 'Object Repository/Page_Sign-In/button_Sign-In' is clicked on

2021-08-10 20:02:00 - [MESSAGE][PASSED] - Object: 'Object Repository/Page_Sign-In/button_Sign-In' is clicked on

2021-08-10 20:02:00 - [TEST_STEP][PASSED] - click(findTestObject("Object Repository/Page_Home/a_Portal")): Object: 'Object Repository/Page_Home/a_Portal' is clicked on

2021-08-10 20:02:01 - [MESSAGE][PASSED] - Object: 'Object Repository/Page_Home/a_Portal' is clicked on

2021-08-10 20:02:01 - [TEST_STEP][PASSED] - click(findTestObject("Object Repository/Page_Owner Portal/h4_Mark Rent as Paid")): Object: 'Object Repository/Page_Owner Portal/h4_Mark Rent as Paid' is clicked on

2021-08-10 20:02:03 - [MESSAGE][PASSED] - Object: 'Object Repository/Page_Owner Portal/h4_Mark Rent as Paid' is clicked on

2021-08-10 20:02:03 - [TEST_STEP][PASSED] - click(findTestObject("Object Repository/Page_Mark Rent as Paid/input_Mark Rent as Paid_fees")): Object: 'Object Repository/Page_Mark Rent as Paid/input_Mark Rent as Paid_fees' is clicked on

2021-08-10 20:02:04 - [MESSAGE][PASSED] - Object: 'Object Repository/Page_Mark Rent as Paid/input_Mark Rent as Paid_fees' is clicked on

2021-08-10 20:02:04 - [TEST_STEP][PASSED] - click(findTestObject("Object Repository/Page_Mark Rent as Paid/input_Mark Rent as Paid_fees")): Object: 'Object Repository/Page_Mark Rent as Paid/input_Mark Rent as Paid_fees' is clicked on

2021-08-10 20:02:04 - [MESSAGE][PASSED] - Object: 'Object Repository/Page_Mark Rent as Paid/input_Mark Rent as Paid_fees' is clicked on

2021-08-10 20:02:04 - [TEST_STEP][PASSED] - click(findTestObject("Object Repository/Page_Mark Rent as Paid/button_Mark Rent as Paid")): Object: 'Object Repository/Page_Mark Rent as Paid/button_Mark Rent as Paid' is clicked on

2021-08-10 20:02:04 - [MESSAGE][PASSED] - Object: 'Object Repository/Page_Mark Rent as Paid/button_Mark Rent as Paid' is clicked on

2021-08-10 20:02:04 - [TEST_STEP][PASSED] - closeBrowser(): Browser is closed

2021-08-10 20:02:04 - [MESSAGE][PASSED] - Browser is closed]]></system-out>
         <system-err><![CDATA[]]></system-err>
      </testcase>
      <testcase name="Test Cases/Owner/Owner Portal" time="10.561" classname="Test Cases/Owner/Owner Portal" status="PASSED">
         <system-out><![CDATA[2021-08-10 20:02:04 - [TEST_CASE][PASSED] - Test Cases/Owner/Owner Portal: Test Cases/Owner/Owner Portal

2021-08-10 20:02:05 - [TEST_STEP][PASSED] - openBrowser(""): Browser is opened with url: ''

2021-08-10 20:02:05 - [MESSAGE][INFO] - Starting 'Chrome' driver

2021-08-10 20:02:05 - [MESSAGE][INFO] - Action delay is set to 0 milliseconds

2021-08-10 20:02:05 - [MESSAGE][PASSED] - Browser is opened with url: ''

2021-08-10 20:02:05 - [TEST_STEP][PASSED] - navigateToUrl("https://managing-made-easier.web.app/"): Navigate to 'https://managing-made-easier.web.app/' successfully

2021-08-10 20:02:10 - [MESSAGE][PASSED] - Navigate to 'https://managing-made-easier.web.app/' successfully

2021-08-10 20:02:10 - [TEST_STEP][PASSED] - click(findTestObject("Object Repository/Page_Home/a_Sign-In")): Object: 'Object Repository/Page_Home/a_Sign-In' is clicked on

2021-08-10 20:02:11 - [MESSAGE][PASSED] - Object: 'Object Repository/Page_Home/a_Sign-In' is clicked on

2021-08-10 20:02:11 - [TEST_STEP][PASSED] - setText(findTestObject("Object Repository/Page_Sign-In/input__txtEmail"), "owner@radford.edu"): Text 'owner@radford.edu' is set on object 'Object Repository/Page_Sign-In/input__txtEmail'

2021-08-10 20:02:12 - [MESSAGE][PASSED] - Text 'owner@radford.edu' is set on object 'Object Repository/Page_Sign-In/input__txtEmail'

2021-08-10 20:02:12 - [TEST_STEP][PASSED] - setEncryptedText(findTestObject("Object Repository/Page_Sign-In/input__txtPassword"), "8SQVv/p9jVScEs4/2CZsLw=="): Text ****** has been set on object 'Object Repository/Page_Sign-In/input__txtPassword'

2021-08-10 20:02:12 - [MESSAGE][PASSED] - Text ****** has been set on object 'Object Repository/Page_Sign-In/input__txtPassword'

2021-08-10 20:02:12 - [TEST_STEP][PASSED] - click(findTestObject("Object Repository/Page_Sign-In/button_Sign-In")): Object: 'Object Repository/Page_Sign-In/button_Sign-In' is clicked on

2021-08-10 20:02:13 - [MESSAGE][PASSED] - Object: 'Object Repository/Page_Sign-In/button_Sign-In' is clicked on

2021-08-10 20:02:13 - [TEST_STEP][PASSED] - click(findTestObject("Object Repository/Page_Sign-In/div_Sign-in Successful You will be redirect_b31683")): Object: 'Object Repository/Page_Sign-In/div_Sign-in Successful You will be redirect_b31683' is clicked on

2021-08-10 20:02:14 - [MESSAGE][PASSED] - Object: 'Object Repository/Page_Sign-In/div_Sign-in Successful You will be redirect_b31683' is clicked on

2021-08-10 20:02:14 - [TEST_STEP][PASSED] - click(findTestObject("Object Repository/Page_Home/a_Portal")): Object: 'Object Repository/Page_Home/a_Portal' is clicked on

2021-08-10 20:02:15 - [MESSAGE][PASSED] - Object: 'Object Repository/Page_Home/a_Portal' is clicked on

2021-08-10 20:02:15 - [TEST_STEP][PASSED] - closeBrowser(): Browser is closed

2021-08-10 20:02:15 - [MESSAGE][PASSED] - Browser is closed]]></system-out>
         <system-err><![CDATA[]]></system-err>
      </testcase>
      <testcase name="Test Cases/Owner/Rent log" time="14.991" classname="Test Cases/Owner/Rent log" status="PASSED">
         <system-out><![CDATA[2021-08-10 20:02:15 - [TEST_CASE][PASSED] - Test Cases/Owner/Rent log: Test Cases/Owner/Rent log

2021-08-10 20:02:15 - [TEST_STEP][PASSED] - openBrowser(""): Browser is opened with url: ''

2021-08-10 20:02:15 - [MESSAGE][INFO] - Starting 'Chrome' driver

2021-08-10 20:02:15 - [MESSAGE][INFO] - Action delay is set to 0 milliseconds

2021-08-10 20:02:16 - [MESSAGE][PASSED] - Browser is opened with url: ''

2021-08-10 20:02:16 - [TEST_STEP][PASSED] - navigateToUrl("https://managing-made-easier.web.app/"): Navigate to 'https://managing-made-easier.web.app/' successfully

2021-08-10 20:02:20 - [MESSAGE][PASSED] - Navigate to 'https://managing-made-easier.web.app/' successfully

2021-08-10 20:02:20 - [TEST_STEP][PASSED] - click(findTestObject("Object Repository/Page_Home/a_Sign-In")): Object: 'Object Repository/Page_Home/a_Sign-In' is clicked on

2021-08-10 20:02:20 - [MESSAGE][PASSED] - Object: 'Object Repository/Page_Home/a_Sign-In' is clicked on

2021-08-10 20:02:20 - [TEST_STEP][PASSED] - setText(findTestObject("Object Repository/Page_Sign-In/input__txtEmail"), "owner@radford.edu"): Text 'owner@radford.edu' is set on object 'Object Repository/Page_Sign-In/input__txtEmail'

2021-08-10 20:02:21 - [MESSAGE][PASSED] - Text 'owner@radford.edu' is set on object 'Object Repository/Page_Sign-In/input__txtEmail'

2021-08-10 20:02:21 - [TEST_STEP][PASSED] - setEncryptedText(findTestObject("Object Repository/Page_Sign-In/input__txtPassword"), "8SQVv/p9jVScEs4/2CZsLw=="): Text ****** has been set on object 'Object Repository/Page_Sign-In/input__txtPassword'

2021-08-10 20:02:22 - [MESSAGE][PASSED] - Text ****** has been set on object 'Object Repository/Page_Sign-In/input__txtPassword'

2021-08-10 20:02:22 - [TEST_STEP][PASSED] - sendKeys(findTestObject("Object Repository/Page_Sign-In/input__txtPassword"), Keys.chord(ENTER)): Keys 'ENTER + ' sent to object: 'Object Repository/Page_Sign-In/input__txtPassword'

2021-08-10 20:02:22 - [MESSAGE][PASSED] - Keys 'ENTER + ' sent to object: 'Object Repository/Page_Sign-In/input__txtPassword'

2021-08-10 20:02:22 - [TEST_STEP][PASSED] - click(findTestObject("Object Repository/Page_Home/a_Portal")): Object: 'Object Repository/Page_Home/a_Portal' is clicked on

2021-08-10 20:02:24 - [MESSAGE][PASSED] - Object: 'Object Repository/Page_Home/a_Portal' is clicked on

2021-08-10 20:02:24 - [TEST_STEP][PASSED] - click(findTestObject("Object Repository/Page_Owner Portal/h4_Rent Log")): Object: 'Object Repository/Page_Owner Portal/h4_Rent Log' is clicked on

2021-08-10 20:02:27 - [MESSAGE][PASSED] - Object: 'Object Repository/Page_Owner Portal/h4_Rent Log' is clicked on

2021-08-10 20:02:27 - [TEST_STEP][PASSED] - click(findTestObject("Object Repository/Page_Payment History/div_Payment History")): Object: 'Object Repository/Page_Payment History/div_Payment History' is clicked on

2021-08-10 20:02:28 - [MESSAGE][PASSED] - Object: 'Object Repository/Page_Payment History/div_Payment History' is clicked on

2021-08-10 20:02:28 - [TEST_STEP][PASSED] - click(findTestObject("Object Repository/Page_Payment History/h2_nstoryradford.edu")): Object: 'Object Repository/Page_Payment History/h2_nstoryradford.edu' is clicked on

2021-08-10 20:02:29 - [MESSAGE][PASSED] - Object: 'Object Repository/Page_Payment History/h2_nstoryradford.edu' is clicked on

2021-08-10 20:02:29 - [TEST_STEP][PASSED] - click(findTestObject("Object Repository/Page_Payment History/div_nstoryradford.eduThu Mar 18 2021Method _7d05a2")): Object: 'Object Repository/Page_Payment History/div_nstoryradford.eduThu Mar 18 2021Method _7d05a2' is clicked on

2021-08-10 20:02:30 - [MESSAGE][PASSED] - Object: 'Object Repository/Page_Payment History/div_nstoryradford.eduThu Mar 18 2021Method _7d05a2' is clicked on

2021-08-10 20:02:30 - [TEST_STEP][PASSED] - click(findTestObject("Object Repository/Page_Payment History/button_Thu Mar 18 2021")): Object: 'Object Repository/Page_Payment History/button_Thu Mar 18 2021' is clicked on

2021-08-10 20:02:30 - [MESSAGE][PASSED] - Object: 'Object Repository/Page_Payment History/button_Thu Mar 18 2021' is clicked on

2021-08-10 20:02:30 - [TEST_STEP][PASSED] - closeBrowser(): Browser is closed

2021-08-10 20:02:30 - [MESSAGE][PASSED] - Browser is closed]]></system-out>
         <system-err><![CDATA[]]></system-err>
      </testcase>
      <testcase name="Test Cases/Owner/Testing Delete (but not removing)" time="15.168" classname="Test Cases/Owner/Testing Delete (but not removing)" status="PASSED">
         <system-out><![CDATA[2021-08-10 20:02:30 - [TEST_CASE][PASSED] - Test Cases/Owner/Testing Delete (but not removing): Test Cases/Owner/Testing Delete (but not removing)

2021-08-10 20:02:30 - [TEST_STEP][PASSED] - openBrowser(""): Browser is opened with url: ''

2021-08-10 20:02:30 - [MESSAGE][INFO] - Starting 'Chrome' driver

2021-08-10 20:02:30 - [MESSAGE][INFO] - Action delay is set to 0 milliseconds

2021-08-10 20:02:31 - [MESSAGE][PASSED] - Browser is opened with url: ''

2021-08-10 20:02:31 - [TEST_STEP][PASSED] - navigateToUrl("https://managing-made-easier.web.app/"): Navigate to 'https://managing-made-easier.web.app/' successfully

2021-08-10 20:02:36 - [MESSAGE][PASSED] - Navigate to 'https://managing-made-easier.web.app/' successfully

2021-08-10 20:02:36 - [TEST_STEP][PASSED] - click(findTestObject("Object Repository/Page_Home/a_Sign-In")): Object: 'Object Repository/Page_Home/a_Sign-In' is clicked on

2021-08-10 20:02:37 - [MESSAGE][PASSED] - Object: 'Object Repository/Page_Home/a_Sign-In' is clicked on

2021-08-10 20:02:37 - [TEST_STEP][PASSED] - setText(findTestObject("Object Repository/Page_Sign-In/input__txtEmail"), "owner@radford.edu"): Text 'owner@radford.edu' is set on object 'Object Repository/Page_Sign-In/input__txtEmail'

2021-08-10 20:02:38 - [MESSAGE][PASSED] - Text 'owner@radford.edu' is set on object 'Object Repository/Page_Sign-In/input__txtEmail'

2021-08-10 20:02:38 - [TEST_STEP][PASSED] - setEncryptedText(findTestObject("Object Repository/Page_Sign-In/input__txtPassword"), "8SQVv/p9jVScEs4/2CZsLw=="): Text ****** has been set on object 'Object Repository/Page_Sign-In/input__txtPassword'

2021-08-10 20:02:39 - [MESSAGE][PASSED] - Text ****** has been set on object 'Object Repository/Page_Sign-In/input__txtPassword'

2021-08-10 20:02:39 - [TEST_STEP][PASSED] - click(findTestObject("Object Repository/Page_Sign-In/button_Sign-In")): Object: 'Object Repository/Page_Sign-In/button_Sign-In' is clicked on

2021-08-10 20:02:39 - [MESSAGE][PASSED] - Object: 'Object Repository/Page_Sign-In/button_Sign-In' is clicked on

2021-08-10 20:02:39 - [TEST_STEP][PASSED] - click(findTestObject("Object Repository/Page_Sign-In/div_Sign-in Successful You will be redirect_b31683")): Object: 'Object Repository/Page_Sign-In/div_Sign-in Successful You will be redirect_b31683' is clicked on

2021-08-10 20:02:40 - [MESSAGE][PASSED] - Object: 'Object Repository/Page_Sign-In/div_Sign-in Successful You will be redirect_b31683' is clicked on

2021-08-10 20:02:40 - [TEST_STEP][PASSED] - click(findTestObject("Object Repository/Page_Home/a_Portal")): Object: 'Object Repository/Page_Home/a_Portal' is clicked on

2021-08-10 20:02:41 - [MESSAGE][PASSED] - Object: 'Object Repository/Page_Home/a_Portal' is clicked on

2021-08-10 20:02:41 - [TEST_STEP][PASSED] - click(findTestObject("Object Repository/Page_Owner Portal/h4_Delete a Listing")): Object: 'Object Repository/Page_Owner Portal/h4_Delete a Listing' is clicked on

2021-08-10 20:02:43 - [MESSAGE][PASSED] - Object: 'Object Repository/Page_Owner Portal/h4_Delete a Listing' is clicked on

2021-08-10 20:02:43 - [TEST_STEP][PASSED] - click(findTestObject("Object Repository/Page_Delete Listings/div_image container test")): Object: 'Object Repository/Page_Delete Listings/div_image container test' is clicked on

2021-08-10 20:02:45 - [MESSAGE][PASSED] - Object: 'Object Repository/Page_Delete Listings/div_image container test' is clicked on

2021-08-10 20:02:45 - [TEST_STEP][PASSED] - closeBrowser(): Browser is closed

2021-08-10 20:02:45 - [MESSAGE][PASSED] - Browser is closed]]></system-out>
         <system-err><![CDATA[]]></system-err>
      </testcase>
      <testcase name="Test Cases/Owner/Update Listing" time="26.988" classname="Test Cases/Owner/Update Listing" status="PASSED">
         <system-out><![CDATA[2021-08-10 20:02:45 - [TEST_CASE][PASSED] - Test Cases/Owner/Update Listing: Test Cases/Owner/Update Listing

2021-08-10 20:02:45 - [TEST_STEP][PASSED] - openBrowser(""): Browser is opened with url: ''

2021-08-10 20:02:45 - [MESSAGE][INFO] - Starting 'Chrome' driver

2021-08-10 20:02:45 - [MESSAGE][INFO] - Action delay is set to 0 milliseconds

2021-08-10 20:02:46 - [MESSAGE][PASSED] - Browser is opened with url: ''

2021-08-10 20:02:46 - [TEST_STEP][PASSED] - navigateToUrl("https://managing-made-easier.web.app/"): Navigate to 'https://managing-made-easier.web.app/' successfully

2021-08-10 20:02:56 - [MESSAGE][PASSED] - Navigate to 'https://managing-made-easier.web.app/' successfully

2021-08-10 20:02:56 - [TEST_STEP][PASSED] - click(findTestObject("Object Repository/Page_Home/a_Sign-In")): Object: 'Object Repository/Page_Home/a_Sign-In' is clicked on

2021-08-10 20:02:57 - [MESSAGE][PASSED] - Object: 'Object Repository/Page_Home/a_Sign-In' is clicked on

2021-08-10 20:02:57 - [TEST_STEP][PASSED] - setText(findTestObject("Object Repository/Page_Sign-In/input__txtEmail"), "owner@radford.edu"): Text 'owner@radford.edu' is set on object 'Object Repository/Page_Sign-In/input__txtEmail'

2021-08-10 20:02:58 - [MESSAGE][PASSED] - Text 'owner@radford.edu' is set on object 'Object Repository/Page_Sign-In/input__txtEmail'

2021-08-10 20:02:58 - [TEST_STEP][PASSED] - setEncryptedText(findTestObject("Object Repository/Page_Sign-In/input__txtPassword"), "8SQVv/p9jVScEs4/2CZsLw=="): Text ****** has been set on object 'Object Repository/Page_Sign-In/input__txtPassword'

2021-08-10 20:02:58 - [MESSAGE][PASSED] - Text ****** has been set on object 'Object Repository/Page_Sign-In/input__txtPassword'

2021-08-10 20:02:58 - [TEST_STEP][PASSED] - click(findTestObject("Object Repository/Page_Sign-In/button_Sign-In")): Object: 'Object Repository/Page_Sign-In/button_Sign-In' is clicked on

2021-08-10 20:02:58 - [MESSAGE][PASSED] - Object: 'Object Repository/Page_Sign-In/button_Sign-In' is clicked on

2021-08-10 20:02:58 - [TEST_STEP][PASSED] - click(findTestObject("Object Repository/Page_Sign-In/div_Sign-in Successful You will be redirect_b31683")): Object: 'Object Repository/Page_Sign-In/div_Sign-in Successful You will be redirect_b31683' is clicked on

2021-08-10 20:03:00 - [MESSAGE][PASSED] - Object: 'Object Repository/Page_Sign-In/div_Sign-in Successful You will be redirect_b31683' is clicked on

2021-08-10 20:03:00 - [TEST_STEP][PASSED] - click(findTestObject("Object Repository/Page_Home/a_Portal")): Object: 'Object Repository/Page_Home/a_Portal' is clicked on

2021-08-10 20:03:00 - [MESSAGE][PASSED] - Object: 'Object Repository/Page_Home/a_Portal' is clicked on

2021-08-10 20:03:00 - [TEST_STEP][PASSED] - click(findTestObject("Object Repository/Page_Owner Portal/h4_Update a Listing")): Object: 'Object Repository/Page_Owner Portal/h4_Update a Listing' is clicked on

2021-08-10 20:03:01 - [MESSAGE][PASSED] - Object: 'Object Repository/Page_Owner Portal/h4_Update a Listing' is clicked on

2021-08-10 20:03:01 - [TEST_STEP][PASSED] - click(findTestObject("Object Repository/Page_Update Listings/div_Katalon Test")): Object: 'Object Repository/Page_Update Listings/div_Katalon Test' is clicked on

2021-08-10 20:03:03 - [MESSAGE][PASSED] - Object: 'Object Repository/Page_Update Listings/div_Katalon Test' is clicked on

2021-08-10 20:03:03 - [TEST_STEP][PASSED] - setText(findTestObject("Object Repository/Page_Update Listing/input_Apartment_rent"), "600"): Text '600' is set on object 'Object Repository/Page_Update Listing/input_Apartment_rent'

2021-08-10 20:03:06 - [MESSAGE][PASSED] - Text '600' is set on object 'Object Repository/Page_Update Listing/input_Apartment_rent'

2021-08-10 20:03:06 - [TEST_STEP][PASSED] - click(findTestObject("Object Repository/Page_Update Listing/button_Update Listing")): Object: 'Object Repository/Page_Update Listing/button_Update Listing' is clicked on

2021-08-10 20:03:06 - [MESSAGE][PASSED] - Object: 'Object Repository/Page_Update Listing/button_Update Listing' is clicked on

2021-08-10 20:03:06 - [TEST_STEP][PASSED] - click(findTestObject("Object Repository/Page_View Listing/h5_600")): Object: 'Object Repository/Page_View Listing/h5_600' is clicked on

2021-08-10 20:03:11 - [MESSAGE][PASSED] - Object: 'Object Repository/Page_View Listing/h5_600' is clicked on

2021-08-10 20:03:11 - [TEST_STEP][PASSED] - click(findTestObject("Object Repository/Page_View Listing/h5_600")): Object: 'Object Repository/Page_View Listing/h5_600' is clicked on

2021-08-10 20:03:12 - [MESSAGE][PASSED] - Object: 'Object Repository/Page_View Listing/h5_600' is clicked on

2021-08-10 20:03:12 - [TEST_STEP][PASSED] - click(findTestObject("Object Repository/Page_View Listing/h5_600")): Object: 'Object Repository/Page_View Listing/h5_600' is clicked on

2021-08-10 20:03:12 - [MESSAGE][PASSED] - Object: 'Object Repository/Page_View Listing/h5_600' is clicked on

2021-08-10 20:03:12 - [TEST_STEP][PASSED] - closeBrowser(): Browser is closed

2021-08-10 20:03:12 - [MESSAGE][PASSED] - Browser is closed]]></system-out>
         <system-err><![CDATA[]]></system-err>
      </testcase>
      <testcase name="Test Cases/Owner/View Announcements" time="11.289" classname="Test Cases/Owner/View Announcements" status="PASSED">
         <system-out><![CDATA[2021-08-10 20:03:12 - [TEST_CASE][PASSED] - Test Cases/Owner/View Announcements: Test Cases/Owner/View Announcements

2021-08-10 20:03:12 - [TEST_STEP][PASSED] - openBrowser(""): Browser is opened with url: ''

2021-08-10 20:03:12 - [MESSAGE][INFO] - Starting 'Chrome' driver

2021-08-10 20:03:12 - [MESSAGE][INFO] - Action delay is set to 0 milliseconds

2021-08-10 20:03:13 - [MESSAGE][PASSED] - Browser is opened with url: ''

2021-08-10 20:03:13 - [TEST_STEP][PASSED] - navigateToUrl("https://managing-made-easier.web.app/"): Navigate to 'https://managing-made-easier.web.app/' successfully

2021-08-10 20:03:15 - [MESSAGE][PASSED] - Navigate to 'https://managing-made-easier.web.app/' successfully

2021-08-10 20:03:15 - [TEST_STEP][PASSED] - click(findTestObject("Object Repository/Page_Home/a_Sign-In")): Object: 'Object Repository/Page_Home/a_Sign-In' is clicked on

2021-08-10 20:03:17 - [MESSAGE][PASSED] - Object: 'Object Repository/Page_Home/a_Sign-In' is clicked on

2021-08-10 20:03:17 - [TEST_STEP][PASSED] - setText(findTestObject("Object Repository/Page_Sign-In/input__txtEmail"), "owner@radford.edu"): Text 'owner@radford.edu' is set on object 'Object Repository/Page_Sign-In/input__txtEmail'

2021-08-10 20:03:18 - [MESSAGE][PASSED] - Text 'owner@radford.edu' is set on object 'Object Repository/Page_Sign-In/input__txtEmail'

2021-08-10 20:03:18 - [TEST_STEP][PASSED] - setEncryptedText(findTestObject("Object Repository/Page_Sign-In/input__txtPassword"), "8SQVv/p9jVScEs4/2CZsLw=="): Text ****** has been set on object 'Object Repository/Page_Sign-In/input__txtPassword'

2021-08-10 20:03:18 - [MESSAGE][PASSED] - Text ****** has been set on object 'Object Repository/Page_Sign-In/input__txtPassword'

2021-08-10 20:03:18 - [TEST_STEP][PASSED] - sendKeys(findTestObject("Object Repository/Page_Sign-In/input__txtPassword"), Keys.chord(ENTER)): Keys 'ENTER + ' sent to object: 'Object Repository/Page_Sign-In/input__txtPassword'

2021-08-10 20:03:18 - [MESSAGE][PASSED] - Keys 'ENTER + ' sent to object: 'Object Repository/Page_Sign-In/input__txtPassword'

2021-08-10 20:03:18 - [TEST_STEP][PASSED] - click(findTestObject("Object Repository/Page_Sign-In/div_Sign-in Successful You will be redirect_b31683")): Object: 'Object Repository/Page_Sign-In/div_Sign-in Successful You will be redirect_b31683' is clicked on

2021-08-10 20:03:20 - [MESSAGE][PASSED] - Object: 'Object Repository/Page_Sign-In/div_Sign-in Successful You will be redirect_b31683' is clicked on

2021-08-10 20:03:20 - [TEST_STEP][PASSED] - click(findTestObject("Object Repository/Page_Home/a_Portal")): Object: 'Object Repository/Page_Home/a_Portal' is clicked on

2021-08-10 20:03:20 - [MESSAGE][PASSED] - Object: 'Object Repository/Page_Home/a_Portal' is clicked on

2021-08-10 20:03:20 - [TEST_STEP][PASSED] - click(findTestObject("Object Repository/Page_Owner Portal/h4_View Announcements")): Object: 'Object Repository/Page_Owner Portal/h4_View Announcements' is clicked on

2021-08-10 20:03:22 - [MESSAGE][PASSED] - Object: 'Object Repository/Page_Owner Portal/h4_View Announcements' is clicked on

2021-08-10 20:03:22 - [TEST_STEP][PASSED] - click(findTestObject("Object Repository/Page_Announcements/button_3")): Object: 'Object Repository/Page_Announcements/button_3' is clicked on

2021-08-10 20:03:23 - [MESSAGE][PASSED] - Object: 'Object Repository/Page_Announcements/button_3' is clicked on

2021-08-10 20:03:23 - [TEST_STEP][PASSED] - click(findTestObject("Object Repository/Page_Announcements/button_Katalon Test")): Object: 'Object Repository/Page_Announcements/button_Katalon Test' is clicked on

2021-08-10 20:03:23 - [MESSAGE][PASSED] - Object: 'Object Repository/Page_Announcements/button_Katalon Test' is clicked on

2021-08-10 20:03:23 - [TEST_STEP][PASSED] - closeBrowser(): Browser is closed

2021-08-10 20:03:23 - [MESSAGE][PASSED] - Browser is closed]]></system-out>
         <system-err><![CDATA[]]></system-err>
      </testcase>
      <testcase name="Test Cases/Owner/View Fees" time="10.995" classname="Test Cases/Owner/View Fees" status="PASSED">
         <system-out><![CDATA[2021-08-10 20:03:23 - [TEST_CASE][PASSED] - Test Cases/Owner/View Fees: Test Cases/Owner/View Fees

2021-08-10 20:03:24 - [TEST_STEP][PASSED] - openBrowser(""): Browser is opened with url: ''

2021-08-10 20:03:24 - [MESSAGE][INFO] - Starting 'Chrome' driver

2021-08-10 20:03:24 - [MESSAGE][INFO] - Action delay is set to 0 milliseconds

2021-08-10 20:03:24 - [MESSAGE][PASSED] - Browser is opened with url: ''

2021-08-10 20:03:24 - [TEST_STEP][PASSED] - navigateToUrl("https://managing-made-easier.web.app/"): Navigate to 'https://managing-made-easier.web.app/' successfully

2021-08-10 20:03:26 - [MESSAGE][PASSED] - Navigate to 'https://managing-made-easier.web.app/' successfully

2021-08-10 20:03:26 - [TEST_STEP][PASSED] - click(findTestObject("Object Repository/Page_Home/a_Sign-In")): Object: 'Object Repository/Page_Home/a_Sign-In' is clicked on

2021-08-10 20:03:28 - [MESSAGE][PASSED] - Object: 'Object Repository/Page_Home/a_Sign-In' is clicked on

2021-08-10 20:03:28 - [TEST_STEP][PASSED] - setText(findTestObject("Object Repository/Page_Sign-In/input__txtEmail"), "owner@radford.edu"): Text 'owner@radford.edu' is set on object 'Object Repository/Page_Sign-In/input__txtEmail'

2021-08-10 20:03:29 - [MESSAGE][PASSED] - Text 'owner@radford.edu' is set on object 'Object Repository/Page_Sign-In/input__txtEmail'

2021-08-10 20:03:29 - [TEST_STEP][PASSED] - setEncryptedText(findTestObject("Object Repository/Page_Sign-In/input__txtPassword"), "8SQVv/p9jVScEs4/2CZsLw=="): Text ****** has been set on object 'Object Repository/Page_Sign-In/input__txtPassword'

2021-08-10 20:03:29 - [MESSAGE][PASSED] - Text ****** has been set on object 'Object Repository/Page_Sign-In/input__txtPassword'

2021-08-10 20:03:29 - [TEST_STEP][PASSED] - click(findTestObject("Object Repository/Page_Sign-In/button_Sign-In")): Object: 'Object Repository/Page_Sign-In/button_Sign-In' is clicked on

2021-08-10 20:03:30 - [MESSAGE][PASSED] - Object: 'Object Repository/Page_Sign-In/button_Sign-In' is clicked on

2021-08-10 20:03:30 - [TEST_STEP][PASSED] - click(findTestObject("Object Repository/Page_Home/a_Portal")): Object: 'Object Repository/Page_Home/a_Portal' is clicked on

2021-08-10 20:03:31 - [MESSAGE][PASSED] - Object: 'Object Repository/Page_Home/a_Portal' is clicked on

2021-08-10 20:03:31 - [TEST_STEP][PASSED] - click(findTestObject("Object Repository/Page_Owner Portal/h4_ViewDelete Fees")): Object: 'Object Repository/Page_Owner Portal/h4_ViewDelete Fees' is clicked on

2021-08-10 20:03:32 - [MESSAGE][PASSED] - Object: 'Object Repository/Page_Owner Portal/h4_ViewDelete Fees' is clicked on

2021-08-10 20:03:32 - [TEST_STEP][PASSED] - click(findTestObject("Object Repository/Page_ViewDelete Fees/h2_nstoryradford.edu")): Object: 'Object Repository/Page_ViewDelete Fees/h2_nstoryradford.edu' is clicked on

2021-08-10 20:03:33 - [MESSAGE][PASSED] - Object: 'Object Repository/Page_ViewDelete Fees/h2_nstoryradford.edu' is clicked on

2021-08-10 20:03:33 - [TEST_STEP][PASSED] - click(findTestObject("Object Repository/Page_ViewDelete Fees/div_nstoryradford.edu100  DamageDate Added _76da0f")): Object: 'Object Repository/Page_ViewDelete Fees/div_nstoryradford.edu100  DamageDate Added _76da0f' is clicked on

2021-08-10 20:03:34 - [MESSAGE][PASSED] - Object: 'Object Repository/Page_ViewDelete Fees/div_nstoryradford.edu100  DamageDate Added _76da0f' is clicked on

2021-08-10 20:03:34 - [TEST_STEP][PASSED] - click(findTestObject("Object Repository/Page_ViewDelete Fees/button_100  Damage")): Object: 'Object Repository/Page_ViewDelete Fees/button_100  Damage' is clicked on

2021-08-10 20:03:34 - [MESSAGE][PASSED] - Object: 'Object Repository/Page_ViewDelete Fees/button_100  Damage' is clicked on

2021-08-10 20:03:34 - [TEST_STEP][PASSED] - click(findTestObject("Object Repository/Page_ViewDelete Fees/div_Date Added Thu Mar 18 2021Date Paid Thu_83a304")): Object: 'Object Repository/Page_ViewDelete Fees/div_Date Added Thu Mar 18 2021Date Paid Thu_83a304' is clicked on

2021-08-10 20:03:34 - [MESSAGE][PASSED] - Object: 'Object Repository/Page_ViewDelete Fees/div_Date Added Thu Mar 18 2021Date Paid Thu_83a304' is clicked on

2021-08-10 20:03:34 - [TEST_STEP][PASSED] - closeBrowser(): Browser is closed

2021-08-10 20:03:34 - [MESSAGE][PASSED] - Browser is closed]]></system-out>
         <system-err><![CDATA[]]></system-err>
      </testcase>
      <testcase name="Test Cases/Owner/View Walkthrough Calendar" time="9.63" classname="Test Cases/Owner/View Walkthrough Calendar" status="PASSED">
         <system-out><![CDATA[2021-08-10 20:03:34 - [TEST_CASE][PASSED] - Test Cases/Owner/View Walkthrough Calendar: Test Cases/Owner/View Walkthrough Calendar

2021-08-10 20:03:35 - [TEST_STEP][PASSED] - openBrowser(""): Browser is opened with url: ''

2021-08-10 20:03:35 - [MESSAGE][INFO] - Starting 'Chrome' driver

2021-08-10 20:03:35 - [MESSAGE][INFO] - Action delay is set to 0 milliseconds

2021-08-10 20:03:35 - [MESSAGE][PASSED] - Browser is opened with url: ''

2021-08-10 20:03:35 - [TEST_STEP][PASSED] - navigateToUrl("https://managing-made-easier.web.app/"): Navigate to 'https://managing-made-easier.web.app/' successfully

2021-08-10 20:03:37 - [MESSAGE][PASSED] - Navigate to 'https://managing-made-easier.web.app/' successfully

2021-08-10 20:03:37 - [TEST_STEP][PASSED] - click(findTestObject("Object Repository/Page_Home/a_Sign-In")): Object: 'Object Repository/Page_Home/a_Sign-In' is clicked on

2021-08-10 20:03:38 - [MESSAGE][PASSED] - Object: 'Object Repository/Page_Home/a_Sign-In' is clicked on

2021-08-10 20:03:38 - [TEST_STEP][PASSED] - setText(findTestObject("Object Repository/Page_Sign-In/input__txtEmail"), "owner@radford.edu"): Text 'owner@radford.edu' is set on object 'Object Repository/Page_Sign-In/input__txtEmail'

2021-08-10 20:03:39 - [MESSAGE][PASSED] - Text 'owner@radford.edu' is set on object 'Object Repository/Page_Sign-In/input__txtEmail'

2021-08-10 20:03:39 - [TEST_STEP][PASSED] - setEncryptedText(findTestObject("Object Repository/Page_Sign-In/input__txtPassword"), "8SQVv/p9jVScEs4/2CZsLw=="): Text ****** has been set on object 'Object Repository/Page_Sign-In/input__txtPassword'

2021-08-10 20:03:39 - [MESSAGE][PASSED] - Text ****** has been set on object 'Object Repository/Page_Sign-In/input__txtPassword'

2021-08-10 20:03:39 - [TEST_STEP][PASSED] - click(findTestObject("Object Repository/Page_Sign-In/button_Sign-In")): Object: 'Object Repository/Page_Sign-In/button_Sign-In' is clicked on

2021-08-10 20:03:40 - [MESSAGE][PASSED] - Object: 'Object Repository/Page_Sign-In/button_Sign-In' is clicked on

2021-08-10 20:03:40 - [TEST_STEP][PASSED] - click(findTestObject("Object Repository/Page_Home/a_Portal")): Object: 'Object Repository/Page_Home/a_Portal' is clicked on

2021-08-10 20:03:41 - [MESSAGE][PASSED] - Object: 'Object Repository/Page_Home/a_Portal' is clicked on

2021-08-10 20:03:41 - [TEST_STEP][PASSED] - click(findTestObject("Object Repository/Page_Owner Portal/h4_View Walkthrough Calendar")): Object: 'Object Repository/Page_Owner Portal/h4_View Walkthrough Calendar' is clicked on

2021-08-10 20:03:43 - [MESSAGE][PASSED] - Object: 'Object Repository/Page_Owner Portal/h4_View Walkthrough Calendar' is clicked on

2021-08-10 20:03:43 - [TEST_STEP][PASSED] - click(findTestObject("Object Repository/Page_Calendar/h1_Calendar")): Object: 'Object Repository/Page_Calendar/h1_Calendar' is clicked on

2021-08-10 20:03:43 - [MESSAGE][PASSED] - Object: 'Object Repository/Page_Calendar/h1_Calendar' is clicked on

2021-08-10 20:03:43 - [TEST_STEP][PASSED] - click(findTestObject("Object Repository/Page_Calendar/td_")): Object: 'Object Repository/Page_Calendar/td_' is clicked on

2021-08-10 20:03:44 - [MESSAGE][PASSED] - Object: 'Object Repository/Page_Calendar/td_' is clicked on

2021-08-10 20:03:44 - [TEST_STEP][PASSED] - closeBrowser(): Browser is closed

2021-08-10 20:03:44 - [MESSAGE][PASSED] - Browser is closed]]></system-out>
         <system-err><![CDATA[]]></system-err>
      </testcase>
      <system-out><![CDATA[2021-08-10 20:01:50 - [TEST_SUITE][PASSED] - Owner2: Test Cases/Owner/View Walkthrough Calendar]]></system-out>
      <system-err><![CDATA[]]></system-err>
   </testsuite>
</testsuites>
