<?xml version="1.0" encoding="UTF-8"?>
<testsuites name="Searching Validation" time="91.986" tests="5" failures="0" errors="0">
   <testsuite name="Searching Validation" tests="5" failures="0" errors="0" time="91.986" skipped="0" timestamp="2021-09-06 13:15:39" hostname="mousejarrett - localhost" id="Test Suites/Searching Validation">
      <properties>
         <property name="deviceName" value=""/>
         <property name="devicePlatform" value=""/>
         <property name="logFolder" value="/Users/mousejarrett/Desktop/SE 2/Managing/ManagingTests/Reports/20210906_131538/Searching Validation/20210906_131538"/>
         <property name="logFiles" value="/Users/mousejarrett/Desktop/SE 2/Managing/ManagingTests/Reports/20210906_131538/Searching Validation/20210906_131538/execution0.log"/>
         <property name="attachments" value=""/>
         <property name="hostName" value="mousejarrett - localhost"/>
         <property name="os" value="Mac OS X 64bit"/>
         <property name="katalonVersion" value="8.1.0.208"/>
         <property name="browser" value="Chrome 92.0.4515.159"/>
         <property name="hostAddress" value="127.0.0.1"/>
         <property name="sessionId" value="8297152f4e3481aadd2dc84ab4e98e78"/>
         <property name="seleniumVersion" value="3.141.59"/>
         <property name="proxyInformation" value="ProxyInformation { proxyOption=NO_PROXY, proxyServerType=HTTP, username=, password=********, proxyServerAddress=, proxyServerPort=0, executionList=&quot;&quot;, isApplyToDesiredCapabilities=true }"/>
         <property name="platform" value="Mac OS X"/>
      </properties>
      <testcase name="Test Cases/Sign in and View Listings" time="19.967" classname="Test Cases/Sign in and View Listings" status="PASSED">
         <system-out><![CDATA[2021-09-06 13:15:40 - [TEST_CASE][PASSED] - Test Cases/Sign in and View Listings: Test Cases/Sign in and View Listings

2021-09-06 13:15:40 - [TEST_STEP][PASSED] - openBrowser(""): Browser is opened with url: ''

2021-09-06 13:15:40 - [MESSAGE][INFO] - Starting 'Chrome' driver

2021-09-06 13:15:40 - [MESSAGE][INFO] - Action delay is set to 0 milliseconds

2021-09-06 13:15:42 - [MESSAGE][PASSED] - Browser is opened with url: ''

2021-09-06 13:15:42 - [TEST_STEP][PASSED] - navigateToUrl("https://managing-made-easier.web.app/"): Navigate to 'https://managing-made-easier.web.app/' successfully

2021-09-06 13:15:44 - [MESSAGE][PASSED] - Navigate to 'https://managing-made-easier.web.app/' successfully

2021-09-06 13:15:44 - [TEST_STEP][PASSED] - click(findTestObject("Object Repository/Page_Home/a_Sign-In")): Object: 'Object Repository/Page_Home/a_Sign-In' is clicked on

2021-09-06 13:15:47 - [MESSAGE][PASSED] - Object: 'Object Repository/Page_Home/a_Sign-In' is clicked on

2021-09-06 13:15:47 - [TEST_STEP][PASSED] - setText(findTestObject("Object Repository/Page_Sign-In/input__txtEmail"), "test123@radford.edu"): Text 'test123@radford.edu' is set on object 'Object Repository/Page_Sign-In/input__txtEmail'

2021-09-06 13:15:48 - [MESSAGE][PASSED] - Text 'test123@radford.edu' is set on object 'Object Repository/Page_Sign-In/input__txtEmail'

2021-09-06 13:15:48 - [TEST_STEP][PASSED] - setEncryptedText(findTestObject("Object Repository/Page_Sign-In/input__txtPassword"), "8SQVv/p9jVScEs4/2CZsLw=="): Text ****** has been set on object 'Object Repository/Page_Sign-In/input__txtPassword'

2021-09-06 13:15:48 - [MESSAGE][PASSED] - Text ****** has been set on object 'Object Repository/Page_Sign-In/input__txtPassword'

2021-09-06 13:15:48 - [TEST_STEP][PASSED] - click(findTestObject("Object Repository/Page_Sign-In/button_Sign-In")): Object: 'Object Repository/Page_Sign-In/button_Sign-In' is clicked on

2021-09-06 13:15:48 - [MESSAGE][PASSED] - Object: 'Object Repository/Page_Sign-In/button_Sign-In' is clicked on

2021-09-06 13:15:48 - [TEST_STEP][PASSED] - verifyElementPresent(findTestObject("Object Repository/Page_Sign-In/div_Sign-in Successful You will be redirect_b31683"), 0): Object 'Object Repository/Page_Sign-In/div_Sign-in Successful You will be redirect_b31683' is present

2021-09-06 13:15:48 - [MESSAGE][WARNING] - Timeout '0' is invalid. Using default page load timeout: '30'

2021-09-06 13:15:50 - [MESSAGE][PASSED] - Object 'Object Repository/Page_Sign-In/div_Sign-in Successful You will be redirect_b31683' is present

2021-09-06 13:15:50 - [TEST_STEP][PASSED] - click(findTestObject("Object Repository/Page_Home/a_Listings")): Object: 'Object Repository/Page_Home/a_Listings' is clicked on

2021-09-06 13:15:50 - [MESSAGE][PASSED] - Object: 'Object Repository/Page_Home/a_Listings' is clicked on

2021-09-06 13:15:50 - [TEST_STEP][PASSED] - click(findTestObject("Object Repository/Page_Search/div_Search_portfolio-hover")): Object: 'Object Repository/Page_Search/div_Search_portfolio-hover' is clicked on

2021-09-06 13:15:56 - [MESSAGE][PASSED] - Object: 'Object Repository/Page_Search/div_Search_portfolio-hover' is clicked on

2021-09-06 13:15:56 - [TEST_STEP][PASSED] - verifyElementPresent(findTestObject("Object Repository/Page_View Listing/h1_House"), 0): Object 'Object Repository/Page_View Listing/h1_House' is present

2021-09-06 13:15:56 - [MESSAGE][WARNING] - Timeout '0' is invalid. Using default page load timeout: '30'

2021-09-06 13:15:56 - [MESSAGE][PASSED] - Object 'Object Repository/Page_View Listing/h1_House' is present

2021-09-06 13:15:56 - [TEST_STEP][PASSED] - verifyElementPresent(findTestObject("Object Repository/Page_View Listing/p_A lovely apartment"), 0): Object 'Object Repository/Page_View Listing/p_A lovely apartment' is present

2021-09-06 13:15:56 - [MESSAGE][WARNING] - Timeout '0' is invalid. Using default page load timeout: '30'

2021-09-06 13:15:57 - [MESSAGE][PASSED] - Object 'Object Repository/Page_View Listing/p_A lovely apartment' is present

2021-09-06 13:15:57 - [TEST_STEP][PASSED] - verifyElementPresent(findTestObject("Object Repository/Page_View Listing/h1_House"), 0): Object 'Object Repository/Page_View Listing/h1_House' is present

2021-09-06 13:15:57 - [MESSAGE][WARNING] - Timeout '0' is invalid. Using default page load timeout: '30'

2021-09-06 13:15:57 - [MESSAGE][PASSED] - Object 'Object Repository/Page_View Listing/h1_House' is present

2021-09-06 13:15:57 - [TEST_STEP][PASSED] - verifyElementPresent(findTestObject("Object Repository/Page_View Listing/h1_7486 Lee Hwy"), 0): Object 'Object Repository/Page_View Listing/h1_7486 Lee Hwy' is present

2021-09-06 13:15:57 - [MESSAGE][WARNING] - Timeout '0' is invalid. Using default page load timeout: '30'

2021-09-06 13:15:57 - [MESSAGE][PASSED] - Object 'Object Repository/Page_View Listing/h1_7486 Lee Hwy' is present

2021-09-06 13:15:57 - [TEST_STEP][PASSED] - verifyElementPresent(findTestObject("Object Repository/Page_View Listing/a_"), 0): Object 'Object Repository/Page_View Listing/a_' is present

2021-09-06 13:15:57 - [MESSAGE][WARNING] - Timeout '0' is invalid. Using default page load timeout: '30'

2021-09-06 13:15:58 - [MESSAGE][PASSED] - Object 'Object Repository/Page_View Listing/a_' is present

2021-09-06 13:15:58 - [TEST_STEP][PASSED] - verifyElementPresent(findTestObject("Object Repository/Page_View Listing/a_"), 0): Object 'Object Repository/Page_View Listing/a_' is present

2021-09-06 13:15:58 - [MESSAGE][WARNING] - Timeout '0' is invalid. Using default page load timeout: '30'

2021-09-06 13:15:58 - [MESSAGE][PASSED] - Object 'Object Repository/Page_View Listing/a_' is present

2021-09-06 13:15:58 - [TEST_STEP][PASSED] - verifyElementPresent(findTestObject("Object Repository/Page_View Listing/a_"), 0): Object 'Object Repository/Page_View Listing/a_' is present

2021-09-06 13:15:58 - [MESSAGE][WARNING] - Timeout '0' is invalid. Using default page load timeout: '30'

2021-09-06 13:15:58 - [MESSAGE][PASSED] - Object 'Object Repository/Page_View Listing/a_' is present

2021-09-06 13:15:58 - [TEST_STEP][PASSED] - verifyElementPresent(findTestObject("Object Repository/Page_View Listing/a_"), 0): Object 'Object Repository/Page_View Listing/a_' is present

2021-09-06 13:15:58 - [MESSAGE][WARNING] - Timeout '0' is invalid. Using default page load timeout: '30'

2021-09-06 13:15:59 - [MESSAGE][PASSED] - Object 'Object Repository/Page_View Listing/a_' is present

2021-09-06 13:15:59 - [TEST_STEP][PASSED] - click(findTestObject("Object Repository/Page_View Listing/div"), STOP_ON_FAILURE): Object: 'Object Repository/Page_View Listing/div' is clicked on

2021-09-06 13:15:59 - [MESSAGE][PASSED] - Object: 'Object Repository/Page_View Listing/div' is clicked on

2021-09-06 13:15:59 - [TEST_STEP][PASSED] - verifyElementPresent(findTestObject("Object Repository/Page_View Listing/svg_No pets allowed in property._heart"), 0): Object 'Object Repository/Page_View Listing/svg_No pets allowed in property._heart' is present

2021-09-06 13:15:59 - [MESSAGE][WARNING] - Timeout '0' is invalid. Using default page load timeout: '30'

2021-09-06 13:15:59 - [MESSAGE][PASSED] - Object 'Object Repository/Page_View Listing/svg_No pets allowed in property._heart' is present

2021-09-06 13:15:59 - [TEST_STEP][PASSED] - closeBrowser(): Browser is closed

2021-09-06 13:16:00 - [MESSAGE][PASSED] - Browser is closed]]></system-out>
         <system-err><![CDATA[]]></system-err>
      </testcase>
      <testcase name="Test Cases/View Listing NOT Signed in" time="7.349" classname="Test Cases/View Listing NOT Signed in" status="PASSED">
         <system-out><![CDATA[2021-09-06 13:16:00 - [TEST_CASE][PASSED] - Test Cases/View Listing NOT Signed in: Test Cases/View Listing NOT Signed in

2021-09-06 13:16:00 - [TEST_STEP][PASSED] - openBrowser(""): Browser is opened with url: ''

2021-09-06 13:16:00 - [MESSAGE][INFO] - Starting 'Chrome' driver

2021-09-06 13:16:00 - [MESSAGE][INFO] - Action delay is set to 0 milliseconds

2021-09-06 13:16:01 - [MESSAGE][PASSED] - Browser is opened with url: ''

2021-09-06 13:16:01 - [TEST_STEP][PASSED] - navigateToUrl("https://managing-made-easier.web.app/"): Navigate to 'https://managing-made-easier.web.app/' successfully

2021-09-06 13:16:05 - [MESSAGE][PASSED] - Navigate to 'https://managing-made-easier.web.app/' successfully

2021-09-06 13:16:05 - [TEST_STEP][PASSED] - click(findTestObject("Object Repository/Page_Home/a_Listings")): Object: 'Object Repository/Page_Home/a_Listings' is clicked on

2021-09-06 13:16:06 - [MESSAGE][PASSED] - Object: 'Object Repository/Page_Home/a_Listings' is clicked on

2021-09-06 13:16:06 - [TEST_STEP][PASSED] - click(findTestObject("Object Repository/Page_Search/div_Search Listings")): Object: 'Object Repository/Page_Search/div_Search Listings' is clicked on

2021-09-06 13:16:07 - [MESSAGE][PASSED] - Object: 'Object Repository/Page_Search/div_Search Listings' is clicked on

2021-09-06 13:16:07 - [TEST_STEP][PASSED] - closeBrowser(): Browser is closed

2021-09-06 13:16:07 - [MESSAGE][PASSED] - Browser is closed]]></system-out>
         <system-err><![CDATA[]]></system-err>
      </testcase>
      <testcase name="Test Cases/Unregistered user CANNOT sign in" time="42.019" classname="Test Cases/Unregistered user CANNOT sign in" status="PASSED">
         <system-out><![CDATA[2021-09-06 13:16:07 - [TEST_CASE][PASSED] - Test Cases/Unregistered user CANNOT sign in: Test Cases/Unregistered user CANNOT sign in

2021-09-06 13:16:07 - [TEST_STEP][PASSED] - openBrowser(""): Browser is opened with url: ''

2021-09-06 13:16:07 - [MESSAGE][INFO] - Starting 'Chrome' driver

2021-09-06 13:16:07 - [MESSAGE][INFO] - Action delay is set to 0 milliseconds

2021-09-06 13:16:08 - [MESSAGE][PASSED] - Browser is opened with url: ''

2021-09-06 13:16:08 - [TEST_STEP][PASSED] - navigateToUrl("https://managing-made-easier.web.app/"): Navigate to 'https://managing-made-easier.web.app/' successfully

2021-09-06 13:16:44 - [MESSAGE][PASSED] - Navigate to 'https://managing-made-easier.web.app/' successfully

2021-09-06 13:16:44 - [TEST_STEP][PASSED] - click(findTestObject("Object Repository/Page_Home/a_Sign-In")): Object: 'Object Repository/Page_Home/a_Sign-In' is clicked on

2021-09-06 13:16:44 - [MESSAGE][PASSED] - Object: 'Object Repository/Page_Home/a_Sign-In' is clicked on

2021-09-06 13:16:44 - [TEST_STEP][PASSED] - setText(findTestObject("Object Repository/Page_Sign-In/input__txtEmail"), "test"): Text 'test' is set on object 'Object Repository/Page_Sign-In/input__txtEmail'

2021-09-06 13:16:45 - [MESSAGE][PASSED] - Text 'test' is set on object 'Object Repository/Page_Sign-In/input__txtEmail'

2021-09-06 13:16:45 - [TEST_STEP][PASSED] - setEncryptedText(findTestObject("Object Repository/Page_Sign-In/input__txtPassword"), "P9ET2sDE0SE="): Text ****** has been set on object 'Object Repository/Page_Sign-In/input__txtPassword'

2021-09-06 13:16:45 - [MESSAGE][PASSED] - Text ****** has been set on object 'Object Repository/Page_Sign-In/input__txtPassword'

2021-09-06 13:16:45 - [TEST_STEP][PASSED] - click(findTestObject("Object Repository/Page_Sign-In/button_Sign-In")): Object: 'Object Repository/Page_Sign-In/button_Sign-In' is clicked on

2021-09-06 13:16:46 - [MESSAGE][PASSED] - Object: 'Object Repository/Page_Sign-In/button_Sign-In' is clicked on

2021-09-06 13:16:46 - [TEST_STEP][PASSED] - verifyElementPresent(findTestObject("Object Repository/Page_Sign-In/div_The email address is badly formatted"), 0): Object 'Object Repository/Page_Sign-In/div_The email address is badly formatted' is present

2021-09-06 13:16:46 - [MESSAGE][WARNING] - Timeout '0' is invalid. Using default page load timeout: '30'

2021-09-06 13:16:46 - [MESSAGE][PASSED] - Object 'Object Repository/Page_Sign-In/div_The email address is badly formatted' is present

2021-09-06 13:16:46 - [TEST_STEP][PASSED] - setEncryptedText(findTestObject("Object Repository/Page_Sign-In/input__txtPassword"), "YsxTccsmuDoDBwXzvpNmKQ=="): Text ****** has been set on object 'Object Repository/Page_Sign-In/input__txtPassword'

2021-09-06 13:16:47 - [MESSAGE][PASSED] - Text ****** has been set on object 'Object Repository/Page_Sign-In/input__txtPassword'

2021-09-06 13:16:47 - [TEST_STEP][PASSED] - click(findTestObject("Object Repository/Page_Sign-In/button_Sign-In")): Object: 'Object Repository/Page_Sign-In/button_Sign-In' is clicked on

2021-09-06 13:16:47 - [MESSAGE][PASSED] - Object: 'Object Repository/Page_Sign-In/button_Sign-In' is clicked on

2021-09-06 13:16:47 - [TEST_STEP][PASSED] - setText(findTestObject("Object Repository/Page_Sign-In/input__txtEmail"), "test@gmail.com"): Text 'test@gmail.com' is set on object 'Object Repository/Page_Sign-In/input__txtEmail'

2021-09-06 13:16:48 - [MESSAGE][PASSED] - Text 'test@gmail.com' is set on object 'Object Repository/Page_Sign-In/input__txtEmail'

2021-09-06 13:16:48 - [TEST_STEP][PASSED] - click(findTestObject("Object Repository/Page_Sign-In/button_Sign-In")): Object: 'Object Repository/Page_Sign-In/button_Sign-In' is clicked on

2021-09-06 13:16:48 - [MESSAGE][PASSED] - Object: 'Object Repository/Page_Sign-In/button_Sign-In' is clicked on

2021-09-06 13:16:48 - [TEST_STEP][PASSED] - verifyElementPresent(findTestObject("Object Repository/Page_Sign-In/div_There is no user record corresponding t_0b1d2f"), 0): Object 'Object Repository/Page_Sign-In/div_There is no user record corresponding t_0b1d2f' is present

2021-09-06 13:16:48 - [MESSAGE][WARNING] - Timeout '0' is invalid. Using default page load timeout: '30'

2021-09-06 13:16:49 - [MESSAGE][PASSED] - Object 'Object Repository/Page_Sign-In/div_There is no user record corresponding t_0b1d2f' is present

2021-09-06 13:16:49 - [TEST_STEP][PASSED] - closeBrowser(): Browser is closed

2021-09-06 13:16:49 - [MESSAGE][PASSED] - Browser is closed]]></system-out>
         <system-err><![CDATA[]]></system-err>
      </testcase>
      <testcase name="Test Cases/View listing Main page" time="9.057" classname="Test Cases/View listing Main page" status="PASSED">
         <system-out><![CDATA[2021-09-06 13:16:49 - [TEST_CASE][PASSED] - Test Cases/View listing Main page: Test Cases/View listing Main page

2021-09-06 13:16:49 - [TEST_STEP][PASSED] - openBrowser(""): Browser is opened with url: ''

2021-09-06 13:16:49 - [MESSAGE][INFO] - Starting 'Chrome' driver

2021-09-06 13:16:49 - [MESSAGE][INFO] - Action delay is set to 0 milliseconds

2021-09-06 13:16:50 - [MESSAGE][PASSED] - Browser is opened with url: ''

2021-09-06 13:16:50 - [TEST_STEP][PASSED] - navigateToUrl("https://managing-made-easier.web.app/"): Navigate to 'https://managing-made-easier.web.app/' successfully

2021-09-06 13:16:54 - [MESSAGE][PASSED] - Navigate to 'https://managing-made-easier.web.app/' successfully

2021-09-06 13:16:54 - [TEST_STEP][PASSED] - click(findTestObject("Object Repository/Page_Home/div_5 New River Dr915")): Object: 'Object Repository/Page_Home/div_5 New River Dr915' is clicked on

2021-09-06 13:16:57 - [MESSAGE][PASSED] - Object: 'Object Repository/Page_Home/div_5 New River Dr915' is clicked on

2021-09-06 13:16:57 - [TEST_STEP][PASSED] - click(findTestObject("Object Repository/Page_View Listing/div_The Best off-campus living option in Ra_9574c9")): Object: 'Object Repository/Page_View Listing/div_The Best off-campus living option in Ra_9574c9' is clicked on

2021-09-06 13:16:57 - [MESSAGE][PASSED] - Object: 'Object Repository/Page_View Listing/div_The Best off-campus living option in Ra_9574c9' is clicked on

2021-09-06 13:16:57 - [TEST_STEP][PASSED] - click(findTestObject("Object Repository/Page_View Listing/div_HouseMonthly Rent 915Date of Availabili_1384a2")): Object: 'Object Repository/Page_View Listing/div_HouseMonthly Rent 915Date of Availabili_1384a2' is clicked on

2021-09-06 13:16:57 - [MESSAGE][PASSED] - Object: 'Object Repository/Page_View Listing/div_HouseMonthly Rent 915Date of Availabili_1384a2' is clicked on

2021-09-06 13:16:57 - [TEST_STEP][PASSED] - click(findTestObject("Object Repository/Page_View Listing/div")): Object: 'Object Repository/Page_View Listing/div' is clicked on

2021-09-06 13:16:58 - [MESSAGE][PASSED] - Object: 'Object Repository/Page_View Listing/div' is clicked on

2021-09-06 13:16:58 - [TEST_STEP][PASSED] - closeBrowser(): Browser is closed

2021-09-06 13:16:58 - [MESSAGE][PASSED] - Browser is closed]]></system-out>
         <system-err><![CDATA[]]></system-err>
      </testcase>
      <testcase name="Test Cases/Searching with filter" time="13.05" classname="Test Cases/Searching with filter" status="PASSED">
         <system-out><![CDATA[2021-09-06 13:16:58 - [TEST_CASE][PASSED] - Test Cases/Searching with filter: Test Cases/Searching with filter

2021-09-06 13:16:58 - [TEST_STEP][PASSED] - openBrowser(""): Browser is opened with url: ''

2021-09-06 13:16:58 - [MESSAGE][INFO] - Starting 'Chrome' driver

2021-09-06 13:16:58 - [MESSAGE][INFO] - Action delay is set to 0 milliseconds

2021-09-06 13:16:59 - [MESSAGE][PASSED] - Browser is opened with url: ''

2021-09-06 13:16:59 - [TEST_STEP][PASSED] - navigateToUrl("https://managing-made-easier.web.app/"): Navigate to 'https://managing-made-easier.web.app/' successfully

2021-09-06 13:17:02 - [MESSAGE][PASSED] - Navigate to 'https://managing-made-easier.web.app/' successfully

2021-09-06 13:17:02 - [TEST_STEP][PASSED] - click(findTestObject("Object Repository/Page_Home/a_Listings")): Object: 'Object Repository/Page_Home/a_Listings' is clicked on

2021-09-06 13:17:03 - [MESSAGE][PASSED] - Object: 'Object Repository/Page_Home/a_Listings' is clicked on

2021-09-06 13:17:03 - [TEST_STEP][PASSED] - click(findTestObject("Object Repository/Page_Search/input_Bedrooms -_type1")): Object: 'Object Repository/Page_Search/input_Bedrooms -_type1' is clicked on

2021-09-06 13:17:04 - [MESSAGE][PASSED] - Object: 'Object Repository/Page_Search/input_Bedrooms -_type1' is clicked on

2021-09-06 13:17:04 - [TEST_STEP][PASSED] - click(findTestObject("Object Repository/Page_Search/input_House_type2")): Object: 'Object Repository/Page_Search/input_House_type2' is clicked on

2021-09-06 13:17:04 - [MESSAGE][PASSED] - Object: 'Object Repository/Page_Search/input_House_type2' is clicked on

2021-09-06 13:17:04 - [TEST_STEP][PASSED] - click(findTestObject("Object Repository/Page_Search/input_Bedrooms -_type1")): Object: 'Object Repository/Page_Search/input_Bedrooms -_type1' is clicked on

2021-09-06 13:17:05 - [MESSAGE][PASSED] - Object: 'Object Repository/Page_Search/input_Bedrooms -_type1' is clicked on

2021-09-06 13:17:05 - [TEST_STEP][PASSED] - click(findTestObject("Object Repository/Page_Search/input_House_type2")): Object: 'Object Repository/Page_Search/input_House_type2' is clicked on

2021-09-06 13:17:05 - [MESSAGE][PASSED] - Object: 'Object Repository/Page_Search/input_House_type2' is clicked on

2021-09-06 13:17:05 - [TEST_STEP][PASSED] - setText(findTestObject("Object Repository/Page_Search/input_Apartment_search-txtbox"), "Kata"): Text 'Kata' is set on object 'Object Repository/Page_Search/input_Apartment_search-txtbox'

2021-09-06 13:17:06 - [MESSAGE][PASSED] - Text 'Kata' is set on object 'Object Repository/Page_Search/input_Apartment_search-txtbox'

2021-09-06 13:17:06 - [TEST_STEP][PASSED] - click(findTestObject("Object Repository/Page_Search/button_Search")): Object: 'Object Repository/Page_Search/button_Search' is clicked on

2021-09-06 13:17:06 - [MESSAGE][PASSED] - Object: 'Object Repository/Page_Search/button_Search' is clicked on

2021-09-06 13:17:06 - [TEST_STEP][PASSED] - click(findTestObject("Object Repository/Page_Search/div_Search_portfolio-hover")): Object: 'Object Repository/Page_Search/div_Search_portfolio-hover' is clicked on

2021-09-06 13:17:11 - [MESSAGE][PASSED] - Object: 'Object Repository/Page_Search/div_Search_portfolio-hover' is clicked on

2021-09-06 13:17:11 - [TEST_STEP][PASSED] - closeBrowser(): Browser is closed

2021-09-06 13:17:11 - [MESSAGE][PASSED] - Browser is closed]]></system-out>
         <system-err><![CDATA[]]></system-err>
      </testcase>
      <system-out><![CDATA[2021-09-06 13:15:39 - [TEST_SUITE][PASSED] - Searching Validation: Test Cases/Searching with filter]]></system-out>
      <system-err><![CDATA[]]></system-err>
   </testsuite>
</testsuites>
