<?xml version="1.0" encoding="UTF-8"?>
<testsuites name="Tenant with Property" time="95.272" tests="9" failures="0" errors="0">
   <testsuite name="Tenant with Property" tests="9" failures="0" errors="0" time="95.272" skipped="0" timestamp="2021-08-23 15:40:28" hostname="mousejarrett - localhost" id="Test Suites/Tenant with Property">
      <properties>
         <property name="deviceName" value=""/>
         <property name="devicePlatform" value=""/>
         <property name="logFolder" value="/Users/mousejarrett/Desktop/SE 2/Managing/ManagingTests/Reports/20210823_154025/Tenant with Property/20210823_154026"/>
         <property name="logFiles" value="/Users/mousejarrett/Desktop/SE 2/Managing/ManagingTests/Reports/20210823_154025/Tenant with Property/20210823_154026/execution0.log"/>
         <property name="attachments" value=""/>
         <property name="hostName" value="mousejarrett - localhost"/>
         <property name="os" value="Mac OS X 64bit"/>
         <property name="katalonVersion" value="8.1.0.208"/>
         <property name="browser" value="Chrome 92.0.4515.159"/>
         <property name="hostAddress" value="127.0.0.1"/>
         <property name="sessionId" value="1af57246484020f9dd24afa9845e189c"/>
         <property name="seleniumVersion" value="3.141.59"/>
         <property name="proxyInformation" value="ProxyInformation { proxyOption=NO_PROXY, proxyServerType=HTTP, username=, password=********, proxyServerAddress=, proxyServerPort=0, executionList=&quot;&quot;, isApplyToDesiredCapabilities=true }"/>
         <property name="platform" value="Mac OS X"/>
      </properties>
      <testcase name="Test Cases/Sign in" time="10.319" classname="Test Cases/Sign in" status="PASSED">
         <system-out><![CDATA[2021-08-23 15:40:28 - [TEST_CASE][PASSED] - Test Cases/Sign in: Test Cases/Sign in

2021-08-23 15:40:29 - [TEST_STEP][PASSED] - openBrowser(""): Browser is opened with url: ''

2021-08-23 15:40:29 - [MESSAGE][INFO] - Starting 'Chrome' driver

2021-08-23 15:40:29 - [MESSAGE][INFO] - Action delay is set to 0 milliseconds

2021-08-23 15:40:30 - [MESSAGE][PASSED] - Browser is opened with url: ''

2021-08-23 15:40:30 - [TEST_STEP][PASSED] - navigateToUrl("https://managing-made-easier.web.app/"): Navigate to 'https://managing-made-easier.web.app/' successfully

2021-08-23 15:40:32 - [MESSAGE][PASSED] - Navigate to 'https://managing-made-easier.web.app/' successfully

2021-08-23 15:40:32 - [TEST_STEP][PASSED] - click(findTestObject("Object Repository/Page_Home/a_Sign-In")): Object: 'Object Repository/Page_Home/a_Sign-In' is clicked on

2021-08-23 15:40:36 - [MESSAGE][PASSED] - Object: 'Object Repository/Page_Home/a_Sign-In' is clicked on

2021-08-23 15:40:36 - [TEST_STEP][PASSED] - setText(findTestObject("Object Repository/Page_Sign-In/input__txtEmail"), "test123@radford.edu"): Text 'test123@radford.edu' is set on object 'Object Repository/Page_Sign-In/input__txtEmail'

2021-08-23 15:40:37 - [MESSAGE][PASSED] - Text 'test123@radford.edu' is set on object 'Object Repository/Page_Sign-In/input__txtEmail'

2021-08-23 15:40:37 - [TEST_STEP][PASSED] - setEncryptedText(findTestObject("Object Repository/Page_Sign-In/input__txtPassword"), "8SQVv/p9jVScEs4/2CZsLw=="): Text ****** has been set on object 'Object Repository/Page_Sign-In/input__txtPassword'

2021-08-23 15:40:37 - [MESSAGE][PASSED] - Text ****** has been set on object 'Object Repository/Page_Sign-In/input__txtPassword'

2021-08-23 15:40:37 - [TEST_STEP][PASSED] - click(findTestObject("Object Repository/Page_Sign-In/button_Sign-In")): Object: 'Object Repository/Page_Sign-In/button_Sign-In' is clicked on

2021-08-23 15:40:37 - [MESSAGE][PASSED] - Object: 'Object Repository/Page_Sign-In/button_Sign-In' is clicked on

2021-08-23 15:40:37 - [TEST_STEP][PASSED] - verifyElementPresent(findTestObject("Object Repository/Page_Sign-In/div_Sign-in Successful You will be redirect_b31683"), 0): Object 'Object Repository/Page_Sign-In/div_Sign-in Successful You will be redirect_b31683' is present

2021-08-23 15:40:37 - [MESSAGE][WARNING] - Timeout '0' is invalid. Using default page load timeout: '30'

2021-08-23 15:40:39 - [MESSAGE][PASSED] - Object 'Object Repository/Page_Sign-In/div_Sign-in Successful You will be redirect_b31683' is present

2021-08-23 15:40:39 - [TEST_STEP][PASSED] - closeBrowser(): Browser is closed

2021-08-23 15:40:39 - [MESSAGE][PASSED] - Browser is closed]]></system-out>
         <system-err><![CDATA[]]></system-err>
      </testcase>
      <testcase name="Test Cases/Tenant/View Tenant Portal (Renting)" time="9.271" classname="Test Cases/Tenant/View Tenant Portal (Renting)" status="PASSED">
         <system-out><![CDATA[2021-08-23 15:40:39 - [TEST_CASE][PASSED] - Test Cases/Tenant/View Tenant Portal (Renting): Test Cases/Tenant/View Tenant Portal (Renting)

2021-08-23 15:40:39 - [TEST_STEP][PASSED] - openBrowser(""): Browser is opened with url: ''

2021-08-23 15:40:39 - [MESSAGE][INFO] - Starting 'Chrome' driver

2021-08-23 15:40:39 - [MESSAGE][INFO] - Action delay is set to 0 milliseconds

2021-08-23 15:40:40 - [MESSAGE][PASSED] - Browser is opened with url: ''

2021-08-23 15:40:40 - [TEST_STEP][PASSED] - navigateToUrl("https://managing-made-easier.web.app/"): Navigate to 'https://managing-made-easier.web.app/' successfully

2021-08-23 15:40:41 - [MESSAGE][PASSED] - Navigate to 'https://managing-made-easier.web.app/' successfully

2021-08-23 15:40:41 - [TEST_STEP][PASSED] - click(findTestObject("Object Repository/Page_Home/a_Sign-In")): Object: 'Object Repository/Page_Home/a_Sign-In' is clicked on

2021-08-23 15:40:42 - [MESSAGE][PASSED] - Object: 'Object Repository/Page_Home/a_Sign-In' is clicked on

2021-08-23 15:40:42 - [TEST_STEP][PASSED] - setText(findTestObject("Object Repository/Page_Sign-In/input__txtEmail"), "test321@gmail.com"): Text 'test321@gmail.com' is set on object 'Object Repository/Page_Sign-In/input__txtEmail'

2021-08-23 15:40:43 - [MESSAGE][PASSED] - Text 'test321@gmail.com' is set on object 'Object Repository/Page_Sign-In/input__txtEmail'

2021-08-23 15:40:43 - [TEST_STEP][PASSED] - setEncryptedText(findTestObject("Object Repository/Page_Sign-In/input__txtPassword"), "8SQVv/p9jVScEs4/2CZsLw=="): Text ****** has been set on object 'Object Repository/Page_Sign-In/input__txtPassword'

2021-08-23 15:40:44 - [MESSAGE][PASSED] - Text ****** has been set on object 'Object Repository/Page_Sign-In/input__txtPassword'

2021-08-23 15:40:44 - [TEST_STEP][PASSED] - click(findTestObject("Object Repository/Page_Sign-In/button_Sign-In")): Object: 'Object Repository/Page_Sign-In/button_Sign-In' is clicked on

2021-08-23 15:40:44 - [MESSAGE][PASSED] - Object: 'Object Repository/Page_Sign-In/button_Sign-In' is clicked on

2021-08-23 15:40:44 - [TEST_STEP][PASSED] - click(findTestObject("Page_Home/a_Portal")): Object: 'Object Repository/Page_Home/a_Portal' is clicked on

2021-08-23 15:40:45 - [MESSAGE][PASSED] - Object: 'Object Repository/Page_Home/a_Portal' is clicked on

2021-08-23 15:40:45 - [TEST_STEP][PASSED] - click(findTestObject("Page_Home/a_Portal")): Object: 'Object Repository/Page_Home/a_Portal' is clicked on

2021-08-23 15:40:46 - [MESSAGE][PASSED] - Object: 'Object Repository/Page_Home/a_Portal' is clicked on

2021-08-23 15:40:46 - [TEST_STEP][PASSED] - verifyElementPresent(findTestObject("Page_Tenant Portal/h4_Pay Rent"), 0): Object 'Object Repository/Page_Tenant Portal/h4_Pay Rent' is present

2021-08-23 15:40:46 - [MESSAGE][WARNING] - Timeout '0' is invalid. Using default page load timeout: '30'

2021-08-23 15:40:47 - [MESSAGE][PASSED] - Object 'Object Repository/Page_Tenant Portal/h4_Pay Rent' is present

2021-08-23 15:40:47 - [TEST_STEP][PASSED] - verifyElementPresent(findTestObject("Page_Tenant Portal/h4_Announcements"), 0): Object 'Object Repository/Page_Tenant Portal/h4_Announcements' is present

2021-08-23 15:40:47 - [MESSAGE][WARNING] - Timeout '0' is invalid. Using default page load timeout: '30'

2021-08-23 15:40:47 - [MESSAGE][PASSED] - Object 'Object Repository/Page_Tenant Portal/h4_Announcements' is present

2021-08-23 15:40:47 - [TEST_STEP][PASSED] - verifyElementPresent(findTestObject("Page_Tenant Portal/h4_Request Maintenance"), 0): Object 'Object Repository/Page_Tenant Portal/h4_Request Maintenance' is present

2021-08-23 15:40:47 - [MESSAGE][WARNING] - Timeout '0' is invalid. Using default page load timeout: '30'

2021-08-23 15:40:48 - [MESSAGE][PASSED] - Object 'Object Repository/Page_Tenant Portal/h4_Request Maintenance' is present

2021-08-23 15:40:48 - [TEST_STEP][PASSED] - verifyElementPresent(findTestObject("Page_Tenant Portal/h4_View Payment History"), 0): Object 'Object Repository/Page_Tenant Portal/h4_View Payment History' is present

2021-08-23 15:40:48 - [MESSAGE][WARNING] - Timeout '0' is invalid. Using default page load timeout: '30'

2021-08-23 15:40:48 - [MESSAGE][PASSED] - Object 'Object Repository/Page_Tenant Portal/h4_View Payment History' is present

2021-08-23 15:40:48 - [TEST_STEP][PASSED] - closeBrowser(): Browser is closed

2021-08-23 15:40:48 - [MESSAGE][PASSED] - Browser is closed]]></system-out>
         <system-err><![CDATA[]]></system-err>
      </testcase>
      <testcase name="Test Cases/Tenant/Pay Rent" time="12.088" classname="Test Cases/Tenant/Pay Rent" status="PASSED">
         <system-out><![CDATA[2021-08-23 15:40:48 - [TEST_CASE][PASSED] - Test Cases/Tenant/Pay Rent: Test Cases/Tenant/Pay Rent

2021-08-23 15:40:48 - [TEST_STEP][PASSED] - openBrowser(""): Browser is opened with url: ''

2021-08-23 15:40:48 - [MESSAGE][INFO] - Starting 'Chrome' driver

2021-08-23 15:40:48 - [MESSAGE][INFO] - Action delay is set to 0 milliseconds

2021-08-23 15:40:49 - [MESSAGE][PASSED] - Browser is opened with url: ''

2021-08-23 15:40:49 - [TEST_STEP][PASSED] - navigateToUrl("https://managing-made-easier.web.app/"): Navigate to 'https://managing-made-easier.web.app/' successfully

2021-08-23 15:40:50 - [MESSAGE][PASSED] - Navigate to 'https://managing-made-easier.web.app/' successfully

2021-08-23 15:40:50 - [TEST_STEP][PASSED] - click(findTestObject("Object Repository/Page_Home/a_Sign-In")): Object: 'Object Repository/Page_Home/a_Sign-In' is clicked on

2021-08-23 15:40:52 - [MESSAGE][PASSED] - Object: 'Object Repository/Page_Home/a_Sign-In' is clicked on

2021-08-23 15:40:52 - [TEST_STEP][PASSED] - setText(findTestObject("Object Repository/Page_Sign-In/input__txtEmail"), "test321@gmail.com"): Text 'test321@gmail.com' is set on object 'Object Repository/Page_Sign-In/input__txtEmail'

2021-08-23 15:40:53 - [MESSAGE][PASSED] - Text 'test321@gmail.com' is set on object 'Object Repository/Page_Sign-In/input__txtEmail'

2021-08-23 15:40:53 - [TEST_STEP][PASSED] - setEncryptedText(findTestObject("Object Repository/Page_Sign-In/input__txtPassword"), "8SQVv/p9jVScEs4/2CZsLw=="): Text ****** has been set on object 'Object Repository/Page_Sign-In/input__txtPassword'

2021-08-23 15:40:53 - [MESSAGE][PASSED] - Text ****** has been set on object 'Object Repository/Page_Sign-In/input__txtPassword'

2021-08-23 15:40:53 - [TEST_STEP][PASSED] - click(findTestObject("Object Repository/Page_Sign-In/button_Sign-In")): Object: 'Object Repository/Page_Sign-In/button_Sign-In' is clicked on

2021-08-23 15:40:54 - [MESSAGE][PASSED] - Object: 'Object Repository/Page_Sign-In/button_Sign-In' is clicked on

2021-08-23 15:40:54 - [TEST_STEP][PASSED] - click(findTestObject("Object Repository/Page_Home/a_Portal")): Object: 'Object Repository/Page_Home/a_Portal' is clicked on

2021-08-23 15:40:55 - [MESSAGE][PASSED] - Object: 'Object Repository/Page_Home/a_Portal' is clicked on

2021-08-23 15:40:55 - [TEST_STEP][PASSED] - click(findTestObject("Page_Tenant Portal/h4_Pay Rent")): Object: 'Object Repository/Page_Tenant Portal/h4_Pay Rent' is clicked on

2021-08-23 15:40:58 - [MESSAGE][PASSED] - Object: 'Object Repository/Page_Tenant Portal/h4_Pay Rent' is clicked on

2021-08-23 15:40:58 - [TEST_STEP][PASSED] - click(findTestObject("Object Repository/Page_Pay Rent/b_Rent")): Object: 'Object Repository/Page_Pay Rent/b_Rent' is clicked on

2021-08-23 15:40:59 - [MESSAGE][PASSED] - Object: 'Object Repository/Page_Pay Rent/b_Rent' is clicked on

2021-08-23 15:40:59 - [TEST_STEP][PASSED] - click(findTestObject("Object Repository/Page_Pay Rent/b_Online Fees")): Object: 'Object Repository/Page_Pay Rent/b_Online Fees' is clicked on

2021-08-23 15:40:59 - [MESSAGE][PASSED] - Object: 'Object Repository/Page_Pay Rent/b_Online Fees' is clicked on

2021-08-23 15:40:59 - [TEST_STEP][PASSED] - click(findTestObject("Object Repository/Page_Pay Rent/b_Total")): Object: 'Object Repository/Page_Pay Rent/b_Total' is clicked on

2021-08-23 15:41:00 - [MESSAGE][PASSED] - Object: 'Object Repository/Page_Pay Rent/b_Total' is clicked on

2021-08-23 15:41:00 - [TEST_STEP][PASSED] - switchToWindowTitle("Pay Rent"): Switched to window with title: 'Pay Rent'

2021-08-23 15:41:00 - [MESSAGE][PASSED] - Switched to window with title: 'Pay Rent'

2021-08-23 15:41:00 - [TEST_STEP][PASSED] - closeBrowser(): Browser is closed

2021-08-23 15:41:00 - [MESSAGE][PASSED] - Browser is closed]]></system-out>
         <system-err><![CDATA[]]></system-err>
      </testcase>
      <testcase name="Test Cases/Tenant/Tenant View Announcements" time="8.933" classname="Test Cases/Tenant/Tenant View Announcements" status="PASSED">
         <system-out><![CDATA[2021-08-23 15:41:00 - [TEST_CASE][PASSED] - Test Cases/Tenant/Tenant View Announcements: Test Cases/Tenant/Tenant View Announcements

2021-08-23 15:41:00 - [TEST_STEP][PASSED] - openBrowser(""): Browser is opened with url: ''

2021-08-23 15:41:00 - [MESSAGE][INFO] - Starting 'Chrome' driver

2021-08-23 15:41:00 - [MESSAGE][INFO] - Action delay is set to 0 milliseconds

2021-08-23 15:41:01 - [MESSAGE][PASSED] - Browser is opened with url: ''

2021-08-23 15:41:01 - [TEST_STEP][PASSED] - navigateToUrl("https://managing-made-easier.web.app/"): Navigate to 'https://managing-made-easier.web.app/' successfully

2021-08-23 15:41:03 - [MESSAGE][PASSED] - Navigate to 'https://managing-made-easier.web.app/' successfully

2021-08-23 15:41:03 - [TEST_STEP][PASSED] - click(findTestObject("Object Repository/Page_Home/a_Sign-In")): Object: 'Object Repository/Page_Home/a_Sign-In' is clicked on

2021-08-23 15:41:03 - [MESSAGE][PASSED] - Object: 'Object Repository/Page_Home/a_Sign-In' is clicked on

2021-08-23 15:41:03 - [TEST_STEP][PASSED] - setText(findTestObject("Object Repository/Page_Sign-In/input__txtEmail"), "test321@gmail.com"): Text 'test321@gmail.com' is set on object 'Object Repository/Page_Sign-In/input__txtEmail'

2021-08-23 15:41:04 - [MESSAGE][PASSED] - Text 'test321@gmail.com' is set on object 'Object Repository/Page_Sign-In/input__txtEmail'

2021-08-23 15:41:04 - [TEST_STEP][PASSED] - setEncryptedText(findTestObject("Object Repository/Page_Sign-In/input__txtPassword"), "8SQVv/p9jVScEs4/2CZsLw=="): Text ****** has been set on object 'Object Repository/Page_Sign-In/input__txtPassword'

2021-08-23 15:41:05 - [MESSAGE][PASSED] - Text ****** has been set on object 'Object Repository/Page_Sign-In/input__txtPassword'

2021-08-23 15:41:05 - [TEST_STEP][PASSED] - click(findTestObject("Object Repository/Page_Sign-In/button_Sign-In")): Object: 'Object Repository/Page_Sign-In/button_Sign-In' is clicked on

2021-08-23 15:41:05 - [MESSAGE][PASSED] - Object: 'Object Repository/Page_Sign-In/button_Sign-In' is clicked on

2021-08-23 15:41:05 - [TEST_STEP][PASSED] - click(findTestObject("Object Repository/Page_Home/a_Portal")): Object: 'Object Repository/Page_Home/a_Portal' is clicked on

2021-08-23 15:41:06 - [MESSAGE][PASSED] - Object: 'Object Repository/Page_Home/a_Portal' is clicked on

2021-08-23 15:41:06 - [TEST_STEP][PASSED] - click(findTestObject("Object Repository/Page_Home/a_Portal")): Object: 'Object Repository/Page_Home/a_Portal' is clicked on

2021-08-23 15:41:07 - [MESSAGE][PASSED] - Object: 'Object Repository/Page_Home/a_Portal' is clicked on

2021-08-23 15:41:07 - [TEST_STEP][PASSED] - click(findTestObject("Page_Tenant Portal/div_Announcements")): Object: 'Object Repository/Page_Tenant Portal/div_Announcements' is clicked on

2021-08-23 15:41:08 - [MESSAGE][PASSED] - Object: 'Object Repository/Page_Tenant Portal/div_Announcements' is clicked on

2021-08-23 15:41:08 - [TEST_STEP][PASSED] - click(findTestObject("Object Repository/Page_Announcements/button_3")): Object: 'Object Repository/Page_Announcements/button_3' is clicked on

2021-08-23 15:41:09 - [MESSAGE][PASSED] - Object: 'Object Repository/Page_Announcements/button_3' is clicked on

2021-08-23 15:41:09 - [TEST_STEP][PASSED] - click(findTestObject("Object Repository/Page_Announcements/button_3")): Object: 'Object Repository/Page_Announcements/button_3' is clicked on

2021-08-23 15:41:09 - [MESSAGE][PASSED] - Object: 'Object Repository/Page_Announcements/button_3' is clicked on

2021-08-23 15:41:09 - [TEST_STEP][PASSED] - closeBrowser(): Browser is closed

2021-08-23 15:41:09 - [MESSAGE][PASSED] - Browser is closed]]></system-out>
         <system-err><![CDATA[]]></system-err>
      </testcase>
      <testcase name="Test Cases/Tenant/Request Maintenance" time="10.647" classname="Test Cases/Tenant/Request Maintenance" status="PASSED">
         <system-out><![CDATA[2021-08-23 15:41:09 - [TEST_CASE][PASSED] - Test Cases/Tenant/Request Maintenance: Test Cases/Tenant/Request Maintenance

2021-08-23 15:41:09 - [TEST_STEP][PASSED] - openBrowser(""): Browser is opened with url: ''

2021-08-23 15:41:09 - [MESSAGE][INFO] - Starting 'Chrome' driver

2021-08-23 15:41:09 - [MESSAGE][INFO] - Action delay is set to 0 milliseconds

2021-08-23 15:41:10 - [MESSAGE][PASSED] - Browser is opened with url: ''

2021-08-23 15:41:10 - [TEST_STEP][PASSED] - navigateToUrl("https://managing-made-easier.web.app/"): Navigate to 'https://managing-made-easier.web.app/' successfully

2021-08-23 15:41:12 - [MESSAGE][PASSED] - Navigate to 'https://managing-made-easier.web.app/' successfully

2021-08-23 15:41:12 - [TEST_STEP][PASSED] - click(findTestObject("Object Repository/Page_Home/a_Sign-In")): Object: 'Object Repository/Page_Home/a_Sign-In' is clicked on

2021-08-23 15:41:13 - [MESSAGE][PASSED] - Object: 'Object Repository/Page_Home/a_Sign-In' is clicked on

2021-08-23 15:41:13 - [TEST_STEP][PASSED] - setText(findTestObject("Object Repository/Page_Sign-In/input__txtEmail"), "test321@gmail.com"): Text 'test321@gmail.com' is set on object 'Object Repository/Page_Sign-In/input__txtEmail'

2021-08-23 15:41:13 - [MESSAGE][PASSED] - Text 'test321@gmail.com' is set on object 'Object Repository/Page_Sign-In/input__txtEmail'

2021-08-23 15:41:13 - [TEST_STEP][PASSED] - setEncryptedText(findTestObject("Object Repository/Page_Sign-In/input__txtPassword"), "8SQVv/p9jVScEs4/2CZsLw=="): Text ****** has been set on object 'Object Repository/Page_Sign-In/input__txtPassword'

2021-08-23 15:41:14 - [MESSAGE][PASSED] - Text ****** has been set on object 'Object Repository/Page_Sign-In/input__txtPassword'

2021-08-23 15:41:14 - [TEST_STEP][PASSED] - click(findTestObject("Object Repository/Page_Sign-In/button_Sign-In")): Object: 'Object Repository/Page_Sign-In/button_Sign-In' is clicked on

2021-08-23 15:41:14 - [MESSAGE][PASSED] - Object: 'Object Repository/Page_Sign-In/button_Sign-In' is clicked on

2021-08-23 15:41:14 - [TEST_STEP][PASSED] - click(findTestObject("Object Repository/Page_Home/a_Portal")): Object: 'Object Repository/Page_Home/a_Portal' is clicked on

2021-08-23 15:41:15 - [MESSAGE][PASSED] - Object: 'Object Repository/Page_Home/a_Portal' is clicked on

2021-08-23 15:41:15 - [TEST_STEP][PASSED] - click(findTestObject("Object Repository/Page_Home/a_Portal")): Object: 'Object Repository/Page_Home/a_Portal' is clicked on

2021-08-23 15:41:16 - [MESSAGE][PASSED] - Object: 'Object Repository/Page_Home/a_Portal' is clicked on

2021-08-23 15:41:16 - [TEST_STEP][PASSED] - click(findTestObject("Object Repository/Page_Tenant Portal/h4_Request Maintenance")): Object: 'Object Repository/Page_Tenant Portal/h4_Request Maintenance' is clicked on

2021-08-23 15:41:18 - [MESSAGE][PASSED] - Object: 'Object Repository/Page_Tenant Portal/h4_Request Maintenance' is clicked on

2021-08-23 15:41:18 - [TEST_STEP][PASSED] - click(findTestObject("Object Repository/Page_Request Maintenance/input_Request Maintenance_isEmergency")): Object: 'Object Repository/Page_Request Maintenance/input_Request Maintenance_isEmergency' is clicked on

2021-08-23 15:41:18 - [MESSAGE][PASSED] - Object: 'Object Repository/Page_Request Maintenance/input_Request Maintenance_isEmergency' is clicked on

2021-08-23 15:41:18 - [TEST_STEP][PASSED] - click(findTestObject("Object Repository/Page_Request Maintenance/input_Emergency_isEmergency")): Object: 'Object Repository/Page_Request Maintenance/input_Emergency_isEmergency' is clicked on

2021-08-23 15:41:19 - [MESSAGE][PASSED] - Object: 'Object Repository/Page_Request Maintenance/input_Emergency_isEmergency' is clicked on

2021-08-23 15:41:19 - [TEST_STEP][PASSED] - setText(findTestObject("Object Repository/Page_Request Maintenance/textarea_Not an Emergency_maintence"), "Katalon testing "): Text 'Katalon testing ' is set on object 'Object Repository/Page_Request Maintenance/textarea_Not an Emergency_maintence'

2021-08-23 15:41:19 - [MESSAGE][PASSED] - Text 'Katalon testing ' is set on object 'Object Repository/Page_Request Maintenance/textarea_Not an Emergency_maintence'

2021-08-23 15:41:19 - [TEST_STEP][PASSED] - click(findTestObject("Object Repository/Page_Request Maintenance/button_Submit")): Object: 'Object Repository/Page_Request Maintenance/button_Submit' is clicked on

2021-08-23 15:41:19 - [MESSAGE][PASSED] - Object: 'Object Repository/Page_Request Maintenance/button_Submit' is clicked on

2021-08-23 15:41:19 - [TEST_STEP][PASSED] - closeBrowser(): Browser is closed

2021-08-23 15:41:20 - [MESSAGE][PASSED] - Browser is closed]]></system-out>
         <system-err><![CDATA[]]></system-err>
      </testcase>
      <testcase name="Test Cases/Tenant/Payment History" time="9.891" classname="Test Cases/Tenant/Payment History" status="PASSED">
         <system-out><![CDATA[2021-08-23 15:41:20 - [TEST_CASE][PASSED] - Test Cases/Tenant/Payment History: Test Cases/Tenant/Payment History

2021-08-23 15:41:20 - [TEST_STEP][PASSED] - openBrowser(""): Browser is opened with url: ''

2021-08-23 15:41:20 - [MESSAGE][INFO] - Starting 'Chrome' driver

2021-08-23 15:41:20 - [MESSAGE][INFO] - Action delay is set to 0 milliseconds

2021-08-23 15:41:21 - [MESSAGE][PASSED] - Browser is opened with url: ''

2021-08-23 15:41:21 - [TEST_STEP][PASSED] - navigateToUrl("https://managing-made-easier.web.app/"): Navigate to 'https://managing-made-easier.web.app/' successfully

2021-08-23 15:41:22 - [MESSAGE][PASSED] - Navigate to 'https://managing-made-easier.web.app/' successfully

2021-08-23 15:41:22 - [TEST_STEP][PASSED] - click(findTestObject("Object Repository/Page_Home/a_Sign-In")): Object: 'Object Repository/Page_Home/a_Sign-In' is clicked on

2021-08-23 15:41:23 - [MESSAGE][PASSED] - Object: 'Object Repository/Page_Home/a_Sign-In' is clicked on

2021-08-23 15:41:23 - [TEST_STEP][PASSED] - setText(findTestObject("Object Repository/Page_Sign-In/input__txtEmail"), "test321@gmail.com"): Text 'test321@gmail.com' is set on object 'Object Repository/Page_Sign-In/input__txtEmail'

2021-08-23 15:41:24 - [MESSAGE][PASSED] - Text 'test321@gmail.com' is set on object 'Object Repository/Page_Sign-In/input__txtEmail'

2021-08-23 15:41:24 - [TEST_STEP][PASSED] - setEncryptedText(findTestObject("Object Repository/Page_Sign-In/input__txtPassword"), "8SQVv/p9jVScEs4/2CZsLw=="): Text ****** has been set on object 'Object Repository/Page_Sign-In/input__txtPassword'

2021-08-23 15:41:24 - [MESSAGE][PASSED] - Text ****** has been set on object 'Object Repository/Page_Sign-In/input__txtPassword'

2021-08-23 15:41:24 - [TEST_STEP][PASSED] - sendKeys(findTestObject("Object Repository/Page_Sign-In/input__txtPassword"), Keys.chord(ENTER)): Keys 'ENTER + ' sent to object: 'Object Repository/Page_Sign-In/input__txtPassword'

2021-08-23 15:41:25 - [MESSAGE][PASSED] - Keys 'ENTER + ' sent to object: 'Object Repository/Page_Sign-In/input__txtPassword'

2021-08-23 15:41:25 - [TEST_STEP][PASSED] - click(findTestObject("Object Repository/Page_Home/a_Portal")): Object: 'Object Repository/Page_Home/a_Portal' is clicked on

2021-08-23 15:41:26 - [MESSAGE][PASSED] - Object: 'Object Repository/Page_Home/a_Portal' is clicked on

2021-08-23 15:41:26 - [TEST_STEP][PASSED] - click(findTestObject("Object Repository/Page_Home/a_Portal")): Object: 'Object Repository/Page_Home/a_Portal' is clicked on

2021-08-23 15:41:27 - [MESSAGE][PASSED] - Object: 'Object Repository/Page_Home/a_Portal' is clicked on

2021-08-23 15:41:27 - [TEST_STEP][PASSED] - click(findTestObject("Object Repository/Page_Tenant Portal/h4_View Payment History")): Object: 'Object Repository/Page_Tenant Portal/h4_View Payment History' is clicked on

2021-08-23 15:41:28 - [MESSAGE][PASSED] - Object: 'Object Repository/Page_Tenant Portal/h4_View Payment History' is clicked on

2021-08-23 15:41:28 - [TEST_STEP][PASSED] - click(findTestObject("Object Repository/Page_Payment History/h1_Payment History")): Object: 'Object Repository/Page_Payment History/h1_Payment History' is clicked on

2021-08-23 15:41:29 - [MESSAGE][PASSED] - Object: 'Object Repository/Page_Payment History/h1_Payment History' is clicked on

2021-08-23 15:41:29 - [TEST_STEP][PASSED] - click(findTestObject("Object Repository/Page_Payment History/div_Thu Apr 08 2021Method Manually EnteredT_81d260")): Object: 'Object Repository/Page_Payment History/div_Thu Apr 08 2021Method Manually EnteredT_81d260' is clicked on

2021-08-23 15:41:29 - [MESSAGE][PASSED] - Object: 'Object Repository/Page_Payment History/div_Thu Apr 08 2021Method Manually EnteredT_81d260' is clicked on

2021-08-23 15:41:29 - [TEST_STEP][PASSED] - click(findTestObject("Object Repository/Page_Payment History/button_Thu Apr 08 2021")): Object: 'Object Repository/Page_Payment History/button_Thu Apr 08 2021' is clicked on

2021-08-23 15:41:29 - [MESSAGE][PASSED] - Object: 'Object Repository/Page_Payment History/button_Thu Apr 08 2021' is clicked on

2021-08-23 15:41:29 - [TEST_STEP][PASSED] - closeBrowser(): Browser is closed

2021-08-23 15:41:29 - [MESSAGE][PASSED] - Browser is closed]]></system-out>
         <system-err><![CDATA[]]></system-err>
      </testcase>
      <testcase name="Test Cases/Tenant/View Payment History" time="9.334" classname="Test Cases/Tenant/View Payment History" status="PASSED">
         <system-out><![CDATA[2021-08-23 15:41:29 - [TEST_CASE][PASSED] - Test Cases/Tenant/View Payment History: Test Cases/Tenant/View Payment History

2021-08-23 15:41:30 - [TEST_STEP][PASSED] - openBrowser(""): Browser is opened with url: ''

2021-08-23 15:41:30 - [MESSAGE][INFO] - Starting 'Chrome' driver

2021-08-23 15:41:30 - [MESSAGE][INFO] - Action delay is set to 0 milliseconds

2021-08-23 15:41:31 - [MESSAGE][PASSED] - Browser is opened with url: ''

2021-08-23 15:41:31 - [TEST_STEP][PASSED] - navigateToUrl("https://managing-made-easier.web.app/"): Navigate to 'https://managing-made-easier.web.app/' successfully

2021-08-23 15:41:32 - [MESSAGE][PASSED] - Navigate to 'https://managing-made-easier.web.app/' successfully

2021-08-23 15:41:32 - [TEST_STEP][PASSED] - click(findTestObject("Object Repository/Page_Home/a_Sign-In")): Object: 'Object Repository/Page_Home/a_Sign-In' is clicked on

2021-08-23 15:41:33 - [MESSAGE][PASSED] - Object: 'Object Repository/Page_Home/a_Sign-In' is clicked on

2021-08-23 15:41:33 - [TEST_STEP][PASSED] - setText(findTestObject("Object Repository/Page_Sign-In/input__txtEmail"), "test321@gmail.com"): Text 'test321@gmail.com' is set on object 'Object Repository/Page_Sign-In/input__txtEmail'

2021-08-23 15:41:34 - [MESSAGE][PASSED] - Text 'test321@gmail.com' is set on object 'Object Repository/Page_Sign-In/input__txtEmail'

2021-08-23 15:41:34 - [TEST_STEP][PASSED] - setEncryptedText(findTestObject("Object Repository/Page_Sign-In/input__txtPassword"), "PDoKm2HePM0="): Text ****** has been set on object 'Object Repository/Page_Sign-In/input__txtPassword'

2021-08-23 15:41:34 - [MESSAGE][PASSED] - Text ****** has been set on object 'Object Repository/Page_Sign-In/input__txtPassword'

2021-08-23 15:41:34 - [TEST_STEP][PASSED] - sendKeys(findTestObject("Object Repository/Page_Sign-In/input__txtPassword"), Keys.chord(ENTER)): Keys 'ENTER + ' sent to object: 'Object Repository/Page_Sign-In/input__txtPassword'

2021-08-23 15:41:35 - [MESSAGE][PASSED] - Keys 'ENTER + ' sent to object: 'Object Repository/Page_Sign-In/input__txtPassword'

2021-08-23 15:41:35 - [TEST_STEP][PASSED] - setEncryptedText(findTestObject("Object Repository/Page_Sign-In/input__txtPassword"), "8SQVv/p9jVScEs4/2CZsLw=="): Text ****** has been set on object 'Object Repository/Page_Sign-In/input__txtPassword'

2021-08-23 15:41:35 - [MESSAGE][PASSED] - Text ****** has been set on object 'Object Repository/Page_Sign-In/input__txtPassword'

2021-08-23 15:41:35 - [TEST_STEP][PASSED] - click(findTestObject("Object Repository/Page_Sign-In/button_Sign-In")): Object: 'Object Repository/Page_Sign-In/button_Sign-In' is clicked on

2021-08-23 15:41:36 - [MESSAGE][PASSED] - Object: 'Object Repository/Page_Sign-In/button_Sign-In' is clicked on

2021-08-23 15:41:36 - [TEST_STEP][PASSED] - click(findTestObject("Object Repository/Page_Home/a_Portal")): Object: 'Object Repository/Page_Home/a_Portal' is clicked on

2021-08-23 15:41:37 - [MESSAGE][PASSED] - Object: 'Object Repository/Page_Home/a_Portal' is clicked on

2021-08-23 15:41:37 - [TEST_STEP][PASSED] - click(findTestObject("Object Repository/Page_Tenant Portal/h4_View Payment History")): Object: 'Object Repository/Page_Tenant Portal/h4_View Payment History' is clicked on

2021-08-23 15:41:38 - [MESSAGE][PASSED] - Object: 'Object Repository/Page_Tenant Portal/h4_View Payment History' is clicked on

2021-08-23 15:41:38 - [TEST_STEP][PASSED] - click(findTestObject("Object Repository/Page_Payment History/div_Payment History")): Object: 'Object Repository/Page_Payment History/div_Payment History' is clicked on

2021-08-23 15:41:39 - [MESSAGE][PASSED] - Object: 'Object Repository/Page_Payment History/div_Payment History' is clicked on

2021-08-23 15:41:39 - [TEST_STEP][PASSED] - closeBrowser(): Browser is closed

2021-08-23 15:41:39 - [MESSAGE][PASSED] - Browser is closed]]></system-out>
         <system-err><![CDATA[]]></system-err>
      </testcase>
      <testcase name="Test Cases/Tenant/View Fees" time="8.276" classname="Test Cases/Tenant/View Fees" status="PASSED">
         <system-out><![CDATA[2021-08-23 15:41:39 - [TEST_CASE][PASSED] - Test Cases/Tenant/View Fees: Test Cases/Tenant/View Fees

2021-08-23 15:41:39 - [TEST_STEP][PASSED] - openBrowser(""): Browser is opened with url: ''

2021-08-23 15:41:39 - [MESSAGE][INFO] - Starting 'Chrome' driver

2021-08-23 15:41:39 - [MESSAGE][INFO] - Action delay is set to 0 milliseconds

2021-08-23 15:41:40 - [MESSAGE][PASSED] - Browser is opened with url: ''

2021-08-23 15:41:40 - [TEST_STEP][PASSED] - navigateToUrl("https://managing-made-easier.web.app/"): Navigate to 'https://managing-made-easier.web.app/' successfully

2021-08-23 15:41:41 - [MESSAGE][PASSED] - Navigate to 'https://managing-made-easier.web.app/' successfully

2021-08-23 15:41:41 - [TEST_STEP][PASSED] - click(findTestObject("Object Repository/Page_Home/a_Sign-In")): Object: 'Object Repository/Page_Home/a_Sign-In' is clicked on

2021-08-23 15:41:42 - [MESSAGE][PASSED] - Object: 'Object Repository/Page_Home/a_Sign-In' is clicked on

2021-08-23 15:41:42 - [TEST_STEP][PASSED] - setText(findTestObject("Object Repository/Page_Sign-In/input__txtEmail"), "test321@gmail.com"): Text 'test321@gmail.com' is set on object 'Object Repository/Page_Sign-In/input__txtEmail'

2021-08-23 15:41:43 - [MESSAGE][PASSED] - Text 'test321@gmail.com' is set on object 'Object Repository/Page_Sign-In/input__txtEmail'

2021-08-23 15:41:43 - [TEST_STEP][PASSED] - setEncryptedText(findTestObject("Object Repository/Page_Sign-In/input__txtPassword"), "8SQVv/p9jVScEs4/2CZsLw=="): Text ****** has been set on object 'Object Repository/Page_Sign-In/input__txtPassword'

2021-08-23 15:41:44 - [MESSAGE][PASSED] - Text ****** has been set on object 'Object Repository/Page_Sign-In/input__txtPassword'

2021-08-23 15:41:44 - [TEST_STEP][PASSED] - click(findTestObject("Object Repository/Page_Sign-In/button_Sign-In")): Object: 'Object Repository/Page_Sign-In/button_Sign-In' is clicked on

2021-08-23 15:41:44 - [MESSAGE][PASSED] - Object: 'Object Repository/Page_Sign-In/button_Sign-In' is clicked on

2021-08-23 15:41:44 - [TEST_STEP][PASSED] - click(findTestObject("Object Repository/Page_Home/a_Portal")): Object: 'Object Repository/Page_Home/a_Portal' is clicked on

2021-08-23 15:41:45 - [MESSAGE][PASSED] - Object: 'Object Repository/Page_Home/a_Portal' is clicked on

2021-08-23 15:41:45 - [TEST_STEP][PASSED] - click(findTestObject("Object Repository/Page_Tenant Portal/h4_View Fees")): Object: 'Object Repository/Page_Tenant Portal/h4_View Fees' is clicked on

2021-08-23 15:41:46 - [MESSAGE][PASSED] - Object: 'Object Repository/Page_Tenant Portal/h4_View Fees' is clicked on

2021-08-23 15:41:46 - [TEST_STEP][PASSED] - click(findTestObject("Object Repository/Page_View Fees/div_View Fees")): Object: 'Object Repository/Page_View Fees/div_View Fees' is clicked on

2021-08-23 15:41:47 - [MESSAGE][PASSED] - Object: 'Object Repository/Page_View Fees/div_View Fees' is clicked on

2021-08-23 15:41:47 - [TEST_STEP][PASSED] - closeBrowser(): Browser is closed

2021-08-23 15:41:47 - [MESSAGE][PASSED] - Browser is closed]]></system-out>
         <system-err><![CDATA[]]></system-err>
      </testcase>
      <testcase name="Test Cases/Tenant/Tenant View Announcements" time="15.881" classname="Test Cases/Tenant/Tenant View Announcements" status="PASSED">
         <system-out><![CDATA[2021-08-23 15:41:47 - [TEST_CASE][PASSED] - Test Cases/Tenant/Tenant View Announcements: Test Cases/Tenant/Tenant View Announcements

2021-08-23 15:41:47 - [TEST_STEP][PASSED] - openBrowser(""): Browser is opened with url: ''

2021-08-23 15:41:47 - [MESSAGE][INFO] - Starting 'Chrome' driver

2021-08-23 15:41:47 - [MESSAGE][INFO] - Action delay is set to 0 milliseconds

2021-08-23 15:41:48 - [MESSAGE][PASSED] - Browser is opened with url: ''

2021-08-23 15:41:48 - [TEST_STEP][PASSED] - navigateToUrl("https://managing-made-easier.web.app/"): Navigate to 'https://managing-made-easier.web.app/' successfully

2021-08-23 15:41:50 - [MESSAGE][PASSED] - Navigate to 'https://managing-made-easier.web.app/' successfully

2021-08-23 15:41:50 - [TEST_STEP][PASSED] - click(findTestObject("Object Repository/Page_Home/a_Sign-In")): Object: 'Object Repository/Page_Home/a_Sign-In' is clicked on

2021-08-23 15:41:52 - [MESSAGE][PASSED] - Object: 'Object Repository/Page_Home/a_Sign-In' is clicked on

2021-08-23 15:41:52 - [TEST_STEP][PASSED] - setText(findTestObject("Object Repository/Page_Sign-In/input__txtEmail"), "test321@gmail.com"): Text 'test321@gmail.com' is set on object 'Object Repository/Page_Sign-In/input__txtEmail'

2021-08-23 15:41:56 - [MESSAGE][PASSED] - Text 'test321@gmail.com' is set on object 'Object Repository/Page_Sign-In/input__txtEmail'

2021-08-23 15:41:56 - [TEST_STEP][PASSED] - setEncryptedText(findTestObject("Object Repository/Page_Sign-In/input__txtPassword"), "8SQVv/p9jVScEs4/2CZsLw=="): Text ****** has been set on object 'Object Repository/Page_Sign-In/input__txtPassword'

2021-08-23 15:41:56 - [MESSAGE][PASSED] - Text ****** has been set on object 'Object Repository/Page_Sign-In/input__txtPassword'

2021-08-23 15:41:56 - [TEST_STEP][PASSED] - click(findTestObject("Object Repository/Page_Sign-In/button_Sign-In")): Object: 'Object Repository/Page_Sign-In/button_Sign-In' is clicked on

2021-08-23 15:41:57 - [MESSAGE][PASSED] - Object: 'Object Repository/Page_Sign-In/button_Sign-In' is clicked on

2021-08-23 15:41:57 - [TEST_STEP][PASSED] - click(findTestObject("Object Repository/Page_Home/a_Portal")): Object: 'Object Repository/Page_Home/a_Portal' is clicked on

2021-08-23 15:41:58 - [MESSAGE][PASSED] - Object: 'Object Repository/Page_Home/a_Portal' is clicked on

2021-08-23 15:41:58 - [TEST_STEP][PASSED] - click(findTestObject("Object Repository/Page_Home/a_Portal")): Object: 'Object Repository/Page_Home/a_Portal' is clicked on

2021-08-23 15:41:59 - [MESSAGE][PASSED] - Object: 'Object Repository/Page_Home/a_Portal' is clicked on

2021-08-23 15:41:59 - [TEST_STEP][PASSED] - click(findTestObject("Page_Tenant Portal/div_Announcements")): Object: 'Object Repository/Page_Tenant Portal/div_Announcements' is clicked on

2021-08-23 15:42:00 - [MESSAGE][PASSED] - Object: 'Object Repository/Page_Tenant Portal/div_Announcements' is clicked on

2021-08-23 15:42:00 - [TEST_STEP][PASSED] - click(findTestObject("Object Repository/Page_Announcements/button_3")): Object: 'Object Repository/Page_Announcements/button_3' is clicked on

2021-08-23 15:42:01 - [MESSAGE][PASSED] - Object: 'Object Repository/Page_Announcements/button_3' is clicked on

2021-08-23 15:42:01 - [TEST_STEP][PASSED] - click(findTestObject("Object Repository/Page_Announcements/button_3")): Object: 'Object Repository/Page_Announcements/button_3' is clicked on

2021-08-23 15:42:03 - [MESSAGE][PASSED] - Object: 'Object Repository/Page_Announcements/button_3' is clicked on

2021-08-23 15:42:03 - [TEST_STEP][PASSED] - closeBrowser(): Browser is closed

2021-08-23 15:42:03 - [MESSAGE][PASSED] - Browser is closed]]></system-out>
         <system-err><![CDATA[]]></system-err>
      </testcase>
      <system-out><![CDATA[2021-08-23 15:40:28 - [TEST_SUITE][PASSED] - Tenant with Property: Test Cases/Tenant/Tenant View Announcements]]></system-out>
      <system-err><![CDATA[]]></system-err>
   </testsuite>
</testsuites>
