<?xml version="1.0" encoding="UTF-8"?>
<testsuites name="Searching Validation" time="52.53" tests="5" failures="0" errors="0">
   <testsuite name="Searching Validation" tests="5" failures="0" errors="0" time="52.53" skipped="0" timestamp="2021-07-28 14:21:31" hostname="mousejarrett - 192.168.1.15" id="Test Suites/Searching Validation">
      <properties>
         <property name="deviceName" value=""/>
         <property name="devicePlatform" value=""/>
         <property name="logFolder" value="/Users/mousejarrett/Desktop/SE 2/Managing/ManagingTests/Reports/20210728_142129/Searching Validation/20210728_142129"/>
         <property name="logFiles" value="/Users/mousejarrett/Desktop/SE 2/Managing/ManagingTests/Reports/20210728_142129/Searching Validation/20210728_142129/execution0.log"/>
         <property name="attachments" value=""/>
         <property name="hostName" value="mousejarrett - 192.168.1.15"/>
         <property name="os" value="Mac OS X 64bit"/>
         <property name="katalonVersion" value="8.0.5.208"/>
         <property name="browser" value="Chrome 92.0.4515.107"/>
         <property name="hostAddress" value="192.168.1.15"/>
         <property name="sessionId" value="f0e8bd93258f9f639814e89625e69892"/>
         <property name="seleniumVersion" value="3.141.59"/>
         <property name="proxyInformation" value="ProxyInformation { proxyOption=NO_PROXY, proxyServerType=HTTP, username=, password=********, proxyServerAddress=, proxyServerPort=0, executionList=&quot;&quot;, isApplyToDesiredCapabilities=true }"/>
         <property name="platform" value="Mac OS X"/>
      </properties>
      <testcase name="Test Cases/Sign in and View Listings" time="17.127" classname="Test Cases/Sign in and View Listings" status="PASSED">
         <system-out><![CDATA[2021-07-28 14:21:31 - [TEST_CASE][PASSED] - Test Cases/Sign in and View Listings: Test Cases/Sign in and View Listings

2021-07-28 14:21:32 - [TEST_STEP][PASSED] - openBrowser(""): Browser is opened with url: ''

2021-07-28 14:21:32 - [MESSAGE][INFO] - Starting 'Chrome' driver

2021-07-28 14:21:32 - [MESSAGE][INFO] - Action delay is set to 0 milliseconds

2021-07-28 14:21:34 - [MESSAGE][PASSED] - Browser is opened with url: ''

2021-07-28 14:21:34 - [TEST_STEP][PASSED] - navigateToUrl("https://managing-made-easier.web.app/"): Navigate to 'https://managing-made-easier.web.app/' successfully

2021-07-28 14:21:36 - [MESSAGE][PASSED] - Navigate to 'https://managing-made-easier.web.app/' successfully

2021-07-28 14:21:36 - [TEST_STEP][PASSED] - click(findTestObject("Object Repository/Page_Home/a_Sign-In")): Object: 'Object Repository/Page_Home/a_Sign-In' is clicked on

2021-07-28 14:21:38 - [MESSAGE][PASSED] - Object: 'Object Repository/Page_Home/a_Sign-In' is clicked on

2021-07-28 14:21:38 - [TEST_STEP][PASSED] - setText(findTestObject("Object Repository/Page_Sign-In/input__txtEmail"), "test123@radford.edu"): Text 'test123@radford.edu' is set on object 'Object Repository/Page_Sign-In/input__txtEmail'

2021-07-28 14:21:39 - [MESSAGE][PASSED] - Text 'test123@radford.edu' is set on object 'Object Repository/Page_Sign-In/input__txtEmail'

2021-07-28 14:21:39 - [TEST_STEP][PASSED] - setEncryptedText(findTestObject("Object Repository/Page_Sign-In/input__txtPassword"), "8SQVv/p9jVScEs4/2CZsLw=="): Text ****** has been set on object 'Object Repository/Page_Sign-In/input__txtPassword'

2021-07-28 14:21:39 - [MESSAGE][PASSED] - Text ****** has been set on object 'Object Repository/Page_Sign-In/input__txtPassword'

2021-07-28 14:21:39 - [TEST_STEP][PASSED] - click(findTestObject("Object Repository/Page_Sign-In/button_Sign-In")): Object: 'Object Repository/Page_Sign-In/button_Sign-In' is clicked on

2021-07-28 14:21:40 - [MESSAGE][PASSED] - Object: 'Object Repository/Page_Sign-In/button_Sign-In' is clicked on

2021-07-28 14:21:40 - [TEST_STEP][PASSED] - verifyElementPresent(findTestObject("Object Repository/Page_Sign-In/div_Sign-in Successful You will be redirect_b31683"), 0): Object 'Object Repository/Page_Sign-In/div_Sign-in Successful You will be redirect_b31683' is present

2021-07-28 14:21:40 - [MESSAGE][WARNING] - Timeout '0' is invalid. Using default page load timeout: '30'

2021-07-28 14:21:41 - [MESSAGE][PASSED] - Object 'Object Repository/Page_Sign-In/div_Sign-in Successful You will be redirect_b31683' is present

2021-07-28 14:21:41 - [TEST_STEP][PASSED] - click(findTestObject("Object Repository/Page_Home/a_Listings")): Object: 'Object Repository/Page_Home/a_Listings' is clicked on

2021-07-28 14:21:42 - [MESSAGE][PASSED] - Object: 'Object Repository/Page_Home/a_Listings' is clicked on

2021-07-28 14:21:42 - [TEST_STEP][PASSED] - click(findTestObject("Object Repository/Page_Search/div_Search_portfolio-hover")): Object: 'Object Repository/Page_Search/div_Search_portfolio-hover' is clicked on

2021-07-28 14:21:45 - [MESSAGE][PASSED] - Object: 'Object Repository/Page_Search/div_Search_portfolio-hover' is clicked on

2021-07-28 14:21:45 - [TEST_STEP][PASSED] - verifyElementPresent(findTestObject("Object Repository/Page_View Listing/h1_House"), 0): Object 'Object Repository/Page_View Listing/h1_House' is present

2021-07-28 14:21:45 - [MESSAGE][WARNING] - Timeout '0' is invalid. Using default page load timeout: '30'

2021-07-28 14:21:45 - [MESSAGE][PASSED] - Object 'Object Repository/Page_View Listing/h1_House' is present

2021-07-28 14:21:45 - [TEST_STEP][PASSED] - verifyElementPresent(findTestObject("Object Repository/Page_View Listing/p_A lovely apartment"), 0): Object 'Object Repository/Page_View Listing/p_A lovely apartment' is present

2021-07-28 14:21:45 - [MESSAGE][WARNING] - Timeout '0' is invalid. Using default page load timeout: '30'

2021-07-28 14:21:45 - [MESSAGE][PASSED] - Object 'Object Repository/Page_View Listing/p_A lovely apartment' is present

2021-07-28 14:21:45 - [TEST_STEP][PASSED] - verifyElementPresent(findTestObject("Object Repository/Page_View Listing/h1_House"), 0): Object 'Object Repository/Page_View Listing/h1_House' is present

2021-07-28 14:21:45 - [MESSAGE][WARNING] - Timeout '0' is invalid. Using default page load timeout: '30'

2021-07-28 14:21:46 - [MESSAGE][PASSED] - Object 'Object Repository/Page_View Listing/h1_House' is present

2021-07-28 14:21:46 - [TEST_STEP][PASSED] - verifyElementPresent(findTestObject("Object Repository/Page_View Listing/h1_7486 Lee Hwy"), 0): Object 'Object Repository/Page_View Listing/h1_7486 Lee Hwy' is present

2021-07-28 14:21:46 - [MESSAGE][WARNING] - Timeout '0' is invalid. Using default page load timeout: '30'

2021-07-28 14:21:46 - [MESSAGE][PASSED] - Object 'Object Repository/Page_View Listing/h1_7486 Lee Hwy' is present

2021-07-28 14:21:46 - [TEST_STEP][PASSED] - verifyElementPresent(findTestObject("Object Repository/Page_View Listing/a_"), 0): Object 'Object Repository/Page_View Listing/a_' is present

2021-07-28 14:21:46 - [MESSAGE][WARNING] - Timeout '0' is invalid. Using default page load timeout: '30'

2021-07-28 14:21:47 - [MESSAGE][PASSED] - Object 'Object Repository/Page_View Listing/a_' is present

2021-07-28 14:21:47 - [TEST_STEP][PASSED] - verifyElementPresent(findTestObject("Object Repository/Page_View Listing/a_"), 0): Object 'Object Repository/Page_View Listing/a_' is present

2021-07-28 14:21:47 - [MESSAGE][WARNING] - Timeout '0' is invalid. Using default page load timeout: '30'

2021-07-28 14:21:47 - [MESSAGE][PASSED] - Object 'Object Repository/Page_View Listing/a_' is present

2021-07-28 14:21:47 - [TEST_STEP][PASSED] - verifyElementPresent(findTestObject("Object Repository/Page_View Listing/a_"), 0): Object 'Object Repository/Page_View Listing/a_' is present

2021-07-28 14:21:47 - [MESSAGE][WARNING] - Timeout '0' is invalid. Using default page load timeout: '30'

2021-07-28 14:21:47 - [MESSAGE][PASSED] - Object 'Object Repository/Page_View Listing/a_' is present

2021-07-28 14:21:47 - [TEST_STEP][PASSED] - verifyElementPresent(findTestObject("Object Repository/Page_View Listing/a_"), 0): Object 'Object Repository/Page_View Listing/a_' is present

2021-07-28 14:21:47 - [MESSAGE][WARNING] - Timeout '0' is invalid. Using default page load timeout: '30'

2021-07-28 14:21:48 - [MESSAGE][PASSED] - Object 'Object Repository/Page_View Listing/a_' is present

2021-07-28 14:21:48 - [TEST_STEP][PASSED] - click(findTestObject("Object Repository/Page_View Listing/div"), STOP_ON_FAILURE): Object: 'Object Repository/Page_View Listing/div' is clicked on

2021-07-28 14:21:48 - [MESSAGE][PASSED] - Object: 'Object Repository/Page_View Listing/div' is clicked on

2021-07-28 14:21:48 - [TEST_STEP][PASSED] - verifyElementPresent(findTestObject("Object Repository/Page_View Listing/svg_No pets allowed in property._heart"), 0): Object 'Object Repository/Page_View Listing/svg_No pets allowed in property._heart' is present

2021-07-28 14:21:48 - [MESSAGE][WARNING] - Timeout '0' is invalid. Using default page load timeout: '30'

2021-07-28 14:21:48 - [MESSAGE][PASSED] - Object 'Object Repository/Page_View Listing/svg_No pets allowed in property._heart' is present

2021-07-28 14:21:48 - [TEST_STEP][PASSED] - closeBrowser(): Browser is closed

2021-07-28 14:21:48 - [MESSAGE][PASSED] - Browser is closed]]></system-out>
         <system-err><![CDATA[]]></system-err>
      </testcase>
      <testcase name="Test Cases/View Listing NOT Signed in" time="5.185" classname="Test Cases/View Listing NOT Signed in" status="PASSED">
         <system-out><![CDATA[2021-07-28 14:21:48 - [TEST_CASE][PASSED] - Test Cases/View Listing NOT Signed in: Test Cases/View Listing NOT Signed in

2021-07-28 14:21:49 - [TEST_STEP][PASSED] - openBrowser(""): Browser is opened with url: ''

2021-07-28 14:21:49 - [MESSAGE][INFO] - Starting 'Chrome' driver

2021-07-28 14:21:49 - [MESSAGE][INFO] - Action delay is set to 0 milliseconds

2021-07-28 14:21:50 - [MESSAGE][PASSED] - Browser is opened with url: ''

2021-07-28 14:21:50 - [TEST_STEP][PASSED] - navigateToUrl("https://managing-made-easier.web.app/"): Navigate to 'https://managing-made-easier.web.app/' successfully

2021-07-28 14:21:52 - [MESSAGE][PASSED] - Navigate to 'https://managing-made-easier.web.app/' successfully

2021-07-28 14:21:52 - [TEST_STEP][PASSED] - click(findTestObject("Object Repository/Page_Home/a_Listings")): Object: 'Object Repository/Page_Home/a_Listings' is clicked on

2021-07-28 14:21:52 - [MESSAGE][PASSED] - Object: 'Object Repository/Page_Home/a_Listings' is clicked on

2021-07-28 14:21:52 - [TEST_STEP][PASSED] - click(findTestObject("Object Repository/Page_Search/div_Search Listings")): Object: 'Object Repository/Page_Search/div_Search Listings' is clicked on

2021-07-28 14:21:54 - [MESSAGE][PASSED] - Object: 'Object Repository/Page_Search/div_Search Listings' is clicked on

2021-07-28 14:21:54 - [TEST_STEP][PASSED] - closeBrowser(): Browser is closed

2021-07-28 14:21:54 - [MESSAGE][PASSED] - Browser is closed]]></system-out>
         <system-err><![CDATA[]]></system-err>
      </testcase>
      <testcase name="Test Cases/Unregistered user CANNOT sign in" time="9.351" classname="Test Cases/Unregistered user CANNOT sign in" status="PASSED">
         <system-out><![CDATA[2021-07-28 14:21:54 - [TEST_CASE][PASSED] - Test Cases/Unregistered user CANNOT sign in: Test Cases/Unregistered user CANNOT sign in

2021-07-28 14:21:54 - [TEST_STEP][PASSED] - openBrowser(""): Browser is opened with url: ''

2021-07-28 14:21:54 - [MESSAGE][INFO] - Starting 'Chrome' driver

2021-07-28 14:21:54 - [MESSAGE][INFO] - Action delay is set to 0 milliseconds

2021-07-28 14:21:55 - [MESSAGE][PASSED] - Browser is opened with url: ''

2021-07-28 14:21:55 - [TEST_STEP][PASSED] - navigateToUrl("https://managing-made-easier.web.app/"): Navigate to 'https://managing-made-easier.web.app/' successfully

2021-07-28 14:21:57 - [MESSAGE][PASSED] - Navigate to 'https://managing-made-easier.web.app/' successfully

2021-07-28 14:21:57 - [TEST_STEP][PASSED] - click(findTestObject("Object Repository/Page_Home/a_Sign-In")): Object: 'Object Repository/Page_Home/a_Sign-In' is clicked on

2021-07-28 14:21:59 - [MESSAGE][PASSED] - Object: 'Object Repository/Page_Home/a_Sign-In' is clicked on

2021-07-28 14:21:59 - [TEST_STEP][PASSED] - setText(findTestObject("Object Repository/Page_Sign-In/input__txtEmail"), "test"): Text 'test' is set on object 'Object Repository/Page_Sign-In/input__txtEmail'

2021-07-28 14:21:59 - [MESSAGE][PASSED] - Text 'test' is set on object 'Object Repository/Page_Sign-In/input__txtEmail'

2021-07-28 14:21:59 - [TEST_STEP][PASSED] - setEncryptedText(findTestObject("Object Repository/Page_Sign-In/input__txtPassword"), "P9ET2sDE0SE="): Text ****** has been set on object 'Object Repository/Page_Sign-In/input__txtPassword'

2021-07-28 14:22:00 - [MESSAGE][PASSED] - Text ****** has been set on object 'Object Repository/Page_Sign-In/input__txtPassword'

2021-07-28 14:22:00 - [TEST_STEP][PASSED] - click(findTestObject("Object Repository/Page_Sign-In/button_Sign-In")): Object: 'Object Repository/Page_Sign-In/button_Sign-In' is clicked on

2021-07-28 14:22:00 - [MESSAGE][PASSED] - Object: 'Object Repository/Page_Sign-In/button_Sign-In' is clicked on

2021-07-28 14:22:00 - [TEST_STEP][PASSED] - verifyElementPresent(findTestObject("Object Repository/Page_Sign-In/div_The email address is badly formatted"), 0): Object 'Object Repository/Page_Sign-In/div_The email address is badly formatted' is present

2021-07-28 14:22:00 - [MESSAGE][WARNING] - Timeout '0' is invalid. Using default page load timeout: '30'

2021-07-28 14:22:00 - [MESSAGE][PASSED] - Object 'Object Repository/Page_Sign-In/div_The email address is badly formatted' is present

2021-07-28 14:22:00 - [TEST_STEP][PASSED] - setEncryptedText(findTestObject("Object Repository/Page_Sign-In/input__txtPassword"), "YsxTccsmuDoDBwXzvpNmKQ=="): Text ****** has been set on object 'Object Repository/Page_Sign-In/input__txtPassword'

2021-07-28 14:22:01 - [MESSAGE][PASSED] - Text ****** has been set on object 'Object Repository/Page_Sign-In/input__txtPassword'

2021-07-28 14:22:01 - [TEST_STEP][PASSED] - click(findTestObject("Object Repository/Page_Sign-In/button_Sign-In")): Object: 'Object Repository/Page_Sign-In/button_Sign-In' is clicked on

2021-07-28 14:22:01 - [MESSAGE][PASSED] - Object: 'Object Repository/Page_Sign-In/button_Sign-In' is clicked on

2021-07-28 14:22:01 - [TEST_STEP][PASSED] - setText(findTestObject("Object Repository/Page_Sign-In/input__txtEmail"), "test@gmail.com"): Text 'test@gmail.com' is set on object 'Object Repository/Page_Sign-In/input__txtEmail'

2021-07-28 14:22:02 - [MESSAGE][PASSED] - Text 'test@gmail.com' is set on object 'Object Repository/Page_Sign-In/input__txtEmail'

2021-07-28 14:22:02 - [TEST_STEP][PASSED] - click(findTestObject("Object Repository/Page_Sign-In/button_Sign-In")): Object: 'Object Repository/Page_Sign-In/button_Sign-In' is clicked on

2021-07-28 14:22:02 - [MESSAGE][PASSED] - Object: 'Object Repository/Page_Sign-In/button_Sign-In' is clicked on

2021-07-28 14:22:02 - [TEST_STEP][PASSED] - verifyElementPresent(findTestObject("Object Repository/Page_Sign-In/div_There is no user record corresponding t_0b1d2f"), 0): Object 'Object Repository/Page_Sign-In/div_There is no user record corresponding t_0b1d2f' is present

2021-07-28 14:22:02 - [MESSAGE][WARNING] - Timeout '0' is invalid. Using default page load timeout: '30'

2021-07-28 14:22:03 - [MESSAGE][PASSED] - Object 'Object Repository/Page_Sign-In/div_There is no user record corresponding t_0b1d2f' is present

2021-07-28 14:22:03 - [TEST_STEP][PASSED] - closeBrowser(): Browser is closed

2021-07-28 14:22:03 - [MESSAGE][PASSED] - Browser is closed]]></system-out>
         <system-err><![CDATA[]]></system-err>
      </testcase>
      <testcase name="Test Cases/View listing Main page" time="8.511" classname="Test Cases/View listing Main page" status="PASSED">
         <system-out><![CDATA[2021-07-28 14:22:03 - [TEST_CASE][PASSED] - Test Cases/View listing Main page: Test Cases/View listing Main page

2021-07-28 14:22:03 - [TEST_STEP][PASSED] - openBrowser(""): Browser is opened with url: ''

2021-07-28 14:22:03 - [MESSAGE][INFO] - Starting 'Chrome' driver

2021-07-28 14:22:03 - [MESSAGE][INFO] - Action delay is set to 0 milliseconds

2021-07-28 14:22:04 - [MESSAGE][PASSED] - Browser is opened with url: ''

2021-07-28 14:22:04 - [TEST_STEP][PASSED] - navigateToUrl("https://managing-made-easier.web.app/"): Navigate to 'https://managing-made-easier.web.app/' successfully

2021-07-28 14:22:08 - [MESSAGE][PASSED] - Navigate to 'https://managing-made-easier.web.app/' successfully

2021-07-28 14:22:08 - [TEST_STEP][PASSED] - click(findTestObject("Object Repository/Page_Home/div_5 New River Dr915")): Object: 'Object Repository/Page_Home/div_5 New River Dr915' is clicked on

2021-07-28 14:22:10 - [MESSAGE][PASSED] - Object: 'Object Repository/Page_Home/div_5 New River Dr915' is clicked on

2021-07-28 14:22:10 - [TEST_STEP][PASSED] - click(findTestObject("Object Repository/Page_View Listing/div_The Best off-campus living option in Ra_9574c9")): Object: 'Object Repository/Page_View Listing/div_The Best off-campus living option in Ra_9574c9' is clicked on

2021-07-28 14:22:11 - [MESSAGE][PASSED] - Object: 'Object Repository/Page_View Listing/div_The Best off-campus living option in Ra_9574c9' is clicked on

2021-07-28 14:22:11 - [TEST_STEP][PASSED] - click(findTestObject("Object Repository/Page_View Listing/div_HouseMonthly Rent 915Date of Availabili_1384a2")): Object: 'Object Repository/Page_View Listing/div_HouseMonthly Rent 915Date of Availabili_1384a2' is clicked on

2021-07-28 14:22:11 - [MESSAGE][PASSED] - Object: 'Object Repository/Page_View Listing/div_HouseMonthly Rent 915Date of Availabili_1384a2' is clicked on

2021-07-28 14:22:11 - [TEST_STEP][PASSED] - click(findTestObject("Object Repository/Page_View Listing/div")): Object: 'Object Repository/Page_View Listing/div' is clicked on

2021-07-28 14:22:11 - [MESSAGE][PASSED] - Object: 'Object Repository/Page_View Listing/div' is clicked on

2021-07-28 14:22:11 - [TEST_STEP][PASSED] - closeBrowser(): Browser is closed

2021-07-28 14:22:12 - [MESSAGE][PASSED] - Browser is closed]]></system-out>
         <system-err><![CDATA[]]></system-err>
      </testcase>
      <testcase name="Test Cases/Searching with filter" time="11.835" classname="Test Cases/Searching with filter" status="PASSED">
         <system-out><![CDATA[2021-07-28 14:22:12 - [TEST_CASE][PASSED] - Test Cases/Searching with filter: Test Cases/Searching with filter

2021-07-28 14:22:12 - [TEST_STEP][PASSED] - openBrowser(""): Browser is opened with url: ''

2021-07-28 14:22:12 - [MESSAGE][INFO] - Starting 'Chrome' driver

2021-07-28 14:22:12 - [MESSAGE][INFO] - Action delay is set to 0 milliseconds

2021-07-28 14:22:13 - [MESSAGE][PASSED] - Browser is opened with url: ''

2021-07-28 14:22:13 - [TEST_STEP][PASSED] - navigateToUrl("https://managing-made-easier.web.app/"): Navigate to 'https://managing-made-easier.web.app/' successfully

2021-07-28 14:22:18 - [MESSAGE][PASSED] - Navigate to 'https://managing-made-easier.web.app/' successfully

2021-07-28 14:22:18 - [TEST_STEP][PASSED] - click(findTestObject("Object Repository/Page_Home/a_Listings")): Object: 'Object Repository/Page_Home/a_Listings' is clicked on

2021-07-28 14:22:19 - [MESSAGE][PASSED] - Object: 'Object Repository/Page_Home/a_Listings' is clicked on

2021-07-28 14:22:19 - [TEST_STEP][PASSED] - click(findTestObject("Object Repository/Page_Search/input_Bedrooms -_type1")): Object: 'Object Repository/Page_Search/input_Bedrooms -_type1' is clicked on

2021-07-28 14:22:19 - [MESSAGE][PASSED] - Object: 'Object Repository/Page_Search/input_Bedrooms -_type1' is clicked on

2021-07-28 14:22:19 - [TEST_STEP][PASSED] - click(findTestObject("Object Repository/Page_Search/input_House_type2")): Object: 'Object Repository/Page_Search/input_House_type2' is clicked on

2021-07-28 14:22:20 - [MESSAGE][PASSED] - Object: 'Object Repository/Page_Search/input_House_type2' is clicked on

2021-07-28 14:22:20 - [TEST_STEP][PASSED] - click(findTestObject("Object Repository/Page_Search/input_Bedrooms -_type1")): Object: 'Object Repository/Page_Search/input_Bedrooms -_type1' is clicked on

2021-07-28 14:22:20 - [MESSAGE][PASSED] - Object: 'Object Repository/Page_Search/input_Bedrooms -_type1' is clicked on

2021-07-28 14:22:20 - [TEST_STEP][PASSED] - click(findTestObject("Object Repository/Page_Search/input_House_type2")): Object: 'Object Repository/Page_Search/input_House_type2' is clicked on

2021-07-28 14:22:20 - [MESSAGE][PASSED] - Object: 'Object Repository/Page_Search/input_House_type2' is clicked on

2021-07-28 14:22:20 - [TEST_STEP][PASSED] - setText(findTestObject("Object Repository/Page_Search/input_Apartment_search-txtbox"), "Kata"): Text 'Kata' is set on object 'Object Repository/Page_Search/input_Apartment_search-txtbox'

2021-07-28 14:22:21 - [MESSAGE][PASSED] - Text 'Kata' is set on object 'Object Repository/Page_Search/input_Apartment_search-txtbox'

2021-07-28 14:22:21 - [TEST_STEP][PASSED] - click(findTestObject("Object Repository/Page_Search/button_Search")): Object: 'Object Repository/Page_Search/button_Search' is clicked on

2021-07-28 14:22:21 - [MESSAGE][PASSED] - Object: 'Object Repository/Page_Search/button_Search' is clicked on

2021-07-28 14:22:21 - [TEST_STEP][PASSED] - click(findTestObject("Object Repository/Page_Search/div_Search_portfolio-hover")): Object: 'Object Repository/Page_Search/div_Search_portfolio-hover' is clicked on

2021-07-28 14:22:23 - [MESSAGE][PASSED] - Object: 'Object Repository/Page_Search/div_Search_portfolio-hover' is clicked on

2021-07-28 14:22:23 - [TEST_STEP][PASSED] - closeBrowser(): Browser is closed

2021-07-28 14:22:23 - [MESSAGE][PASSED] - Browser is closed]]></system-out>
         <system-err><![CDATA[]]></system-err>
      </testcase>
      <system-out><![CDATA[2021-07-28 14:21:31 - [TEST_SUITE][PASSED] - Searching Validation: Test Cases/Searching with filter]]></system-out>
      <system-err><![CDATA[]]></system-err>
   </testsuite>
</testsuites>
