<?xml version="1.0" encoding="UTF-8"?>
<testsuites name="Tenant with Property" time="88.082" tests="9" failures="0" errors="0">
   <testsuite name="Tenant with Property" tests="9" failures="0" errors="0" time="88.082" skipped="0" timestamp="2021-10-04 14:26:36" hostname="mousejarrett - 192.168.1.16" id="Test Suites/Tenant with Property">
      <properties>
         <property name="deviceName" value=""/>
         <property name="devicePlatform" value=""/>
         <property name="logFolder" value="/Users/mousejarrett/Desktop/SE 2/Managing/ManagingTests/Reports/20211004_142633/Tenant with Property/20211004_142634"/>
         <property name="logFiles" value="/Users/mousejarrett/Desktop/SE 2/Managing/ManagingTests/Reports/20211004_142633/Tenant with Property/20211004_142634/execution0.log"/>
         <property name="attachments" value=""/>
         <property name="hostName" value="mousejarrett - 192.168.1.16"/>
         <property name="os" value="Mac OS X 64bit"/>
         <property name="katalonVersion" value="8.1.0.208"/>
         <property name="browser" value="Chrome 94.0.4606.61"/>
         <property name="hostAddress" value="192.168.1.16"/>
         <property name="sessionId" value="f2697b4339680c231146b21069129721"/>
         <property name="seleniumVersion" value="3.141.59"/>
         <property name="proxyInformation" value="ProxyInformation { proxyOption=NO_PROXY, proxyServerType=HTTP, username=, password=********, proxyServerAddress=, proxyServerPort=0, executionList=&quot;&quot;, isApplyToDesiredCapabilities=true }"/>
         <property name="platform" value="Mac OS X"/>
      </properties>
      <testcase name="Test Cases/Sign in" time="7.856" classname="Test Cases/Sign in" status="PASSED">
         <system-out><![CDATA[2021-10-04 14:26:36 - [TEST_CASE][PASSED] - Test Cases/Sign in: Test Cases/Sign in

2021-10-04 14:26:37 - [TEST_STEP][PASSED] - openBrowser(""): Browser is opened with url: ''

2021-10-04 14:26:37 - [MESSAGE][INFO] - Starting 'Chrome' driver

2021-10-04 14:26:37 - [MESSAGE][INFO] - Action delay is set to 0 milliseconds

2021-10-04 14:26:39 - [MESSAGE][PASSED] - Browser is opened with url: ''

2021-10-04 14:26:39 - [TEST_STEP][PASSED] - navigateToUrl("https://managing-made-easier.web.app/"): Navigate to 'https://managing-made-easier.web.app/' successfully

2021-10-04 14:26:40 - [MESSAGE][PASSED] - Navigate to 'https://managing-made-easier.web.app/' successfully

2021-10-04 14:26:40 - [TEST_STEP][PASSED] - click(findTestObject("Object Repository/Page_Home/a_Sign-In")): Object: 'Object Repository/Page_Home/a_Sign-In' is clicked on

2021-10-04 14:26:41 - [MESSAGE][PASSED] - Object: 'Object Repository/Page_Home/a_Sign-In' is clicked on

2021-10-04 14:26:41 - [TEST_STEP][PASSED] - setText(findTestObject("Object Repository/Page_Sign-In/input__txtEmail"), "test123@radford.edu"): Text 'test123@radford.edu' is set on object 'Object Repository/Page_Sign-In/input__txtEmail'

2021-10-04 14:26:42 - [MESSAGE][PASSED] - Text 'test123@radford.edu' is set on object 'Object Repository/Page_Sign-In/input__txtEmail'

2021-10-04 14:26:42 - [TEST_STEP][PASSED] - setEncryptedText(findTestObject("Object Repository/Page_Sign-In/input__txtPassword"), "8SQVv/p9jVScEs4/2CZsLw=="): Text ****** has been set on object 'Object Repository/Page_Sign-In/input__txtPassword'

2021-10-04 14:26:43 - [MESSAGE][PASSED] - Text ****** has been set on object 'Object Repository/Page_Sign-In/input__txtPassword'

2021-10-04 14:26:43 - [TEST_STEP][PASSED] - click(findTestObject("Object Repository/Page_Sign-In/button_Sign-In")): Object: 'Object Repository/Page_Sign-In/button_Sign-In' is clicked on

2021-10-04 14:26:43 - [MESSAGE][PASSED] - Object: 'Object Repository/Page_Sign-In/button_Sign-In' is clicked on

2021-10-04 14:26:43 - [TEST_STEP][PASSED] - verifyElementPresent(findTestObject("Object Repository/Page_Sign-In/div_Sign-in Successful You will be redirect_b31683"), 0): Object 'Object Repository/Page_Sign-In/div_Sign-in Successful You will be redirect_b31683' is present

2021-10-04 14:26:43 - [MESSAGE][WARNING] - Timeout '0' is invalid. Using default page load timeout: '30'

2021-10-04 14:26:44 - [MESSAGE][PASSED] - Object 'Object Repository/Page_Sign-In/div_Sign-in Successful You will be redirect_b31683' is present

2021-10-04 14:26:44 - [TEST_STEP][PASSED] - closeBrowser(): Browser is closed

2021-10-04 14:26:44 - [MESSAGE][PASSED] - Browser is closed]]></system-out>
         <system-err><![CDATA[]]></system-err>
      </testcase>
      <testcase name="Test Cases/Tenant/View Tenant Portal (Renting)" time="9.861" classname="Test Cases/Tenant/View Tenant Portal (Renting)" status="PASSED">
         <system-out><![CDATA[2021-10-04 14:26:44 - [TEST_CASE][PASSED] - Test Cases/Tenant/View Tenant Portal (Renting): Test Cases/Tenant/View Tenant Portal (Renting)

2021-10-04 14:26:44 - [TEST_STEP][PASSED] - openBrowser(""): Browser is opened with url: ''

2021-10-04 14:26:44 - [MESSAGE][INFO] - Starting 'Chrome' driver

2021-10-04 14:26:44 - [MESSAGE][INFO] - Action delay is set to 0 milliseconds

2021-10-04 14:26:45 - [MESSAGE][PASSED] - Browser is opened with url: ''

2021-10-04 14:26:45 - [TEST_STEP][PASSED] - navigateToUrl("https://managing-made-easier.web.app/"): Navigate to 'https://managing-made-easier.web.app/' successfully

2021-10-04 14:26:47 - [MESSAGE][PASSED] - Navigate to 'https://managing-made-easier.web.app/' successfully

2021-10-04 14:26:47 - [TEST_STEP][PASSED] - click(findTestObject("Object Repository/Page_Home/a_Sign-In")): Object: 'Object Repository/Page_Home/a_Sign-In' is clicked on

2021-10-04 14:26:48 - [MESSAGE][PASSED] - Object: 'Object Repository/Page_Home/a_Sign-In' is clicked on

2021-10-04 14:26:48 - [TEST_STEP][PASSED] - setText(findTestObject("Object Repository/Page_Sign-In/input__txtEmail"), "test321@gmail.com"): Text 'test321@gmail.com' is set on object 'Object Repository/Page_Sign-In/input__txtEmail'

2021-10-04 14:26:49 - [MESSAGE][PASSED] - Text 'test321@gmail.com' is set on object 'Object Repository/Page_Sign-In/input__txtEmail'

2021-10-04 14:26:49 - [TEST_STEP][PASSED] - setEncryptedText(findTestObject("Object Repository/Page_Sign-In/input__txtPassword"), "8SQVv/p9jVScEs4/2CZsLw=="): Text ****** has been set on object 'Object Repository/Page_Sign-In/input__txtPassword'

2021-10-04 14:26:50 - [MESSAGE][PASSED] - Text ****** has been set on object 'Object Repository/Page_Sign-In/input__txtPassword'

2021-10-04 14:26:50 - [TEST_STEP][PASSED] - click(findTestObject("Object Repository/Page_Sign-In/button_Sign-In")): Object: 'Object Repository/Page_Sign-In/button_Sign-In' is clicked on

2021-10-04 14:26:50 - [MESSAGE][PASSED] - Object: 'Object Repository/Page_Sign-In/button_Sign-In' is clicked on

2021-10-04 14:26:50 - [TEST_STEP][PASSED] - click(findTestObject("Page_Home/a_Portal")): Object: 'Object Repository/Page_Home/a_Portal' is clicked on

2021-10-04 14:26:51 - [MESSAGE][PASSED] - Object: 'Object Repository/Page_Home/a_Portal' is clicked on

2021-10-04 14:26:51 - [TEST_STEP][PASSED] - click(findTestObject("Page_Home/a_Portal")): Object: 'Object Repository/Page_Home/a_Portal' is clicked on

2021-10-04 14:26:52 - [MESSAGE][PASSED] - Object: 'Object Repository/Page_Home/a_Portal' is clicked on

2021-10-04 14:26:52 - [TEST_STEP][PASSED] - verifyElementPresent(findTestObject("Page_Tenant Portal/h4_Pay Rent"), 0): Object 'Object Repository/Page_Tenant Portal/h4_Pay Rent' is present

2021-10-04 14:26:52 - [MESSAGE][WARNING] - Timeout '0' is invalid. Using default page load timeout: '30'

2021-10-04 14:26:53 - [MESSAGE][PASSED] - Object 'Object Repository/Page_Tenant Portal/h4_Pay Rent' is present

2021-10-04 14:26:53 - [TEST_STEP][PASSED] - verifyElementPresent(findTestObject("Page_Tenant Portal/h4_Announcements"), 0): Object 'Object Repository/Page_Tenant Portal/h4_Announcements' is present

2021-10-04 14:26:53 - [MESSAGE][WARNING] - Timeout '0' is invalid. Using default page load timeout: '30'

2021-10-04 14:26:53 - [MESSAGE][PASSED] - Object 'Object Repository/Page_Tenant Portal/h4_Announcements' is present

2021-10-04 14:26:53 - [TEST_STEP][PASSED] - verifyElementPresent(findTestObject("Page_Tenant Portal/h4_Request Maintenance"), 0): Object 'Object Repository/Page_Tenant Portal/h4_Request Maintenance' is present

2021-10-04 14:26:53 - [MESSAGE][WARNING] - Timeout '0' is invalid. Using default page load timeout: '30'

2021-10-04 14:26:54 - [MESSAGE][PASSED] - Object 'Object Repository/Page_Tenant Portal/h4_Request Maintenance' is present

2021-10-04 14:26:54 - [TEST_STEP][PASSED] - verifyElementPresent(findTestObject("Page_Tenant Portal/h4_View Payment History"), 0): Object 'Object Repository/Page_Tenant Portal/h4_View Payment History' is present

2021-10-04 14:26:54 - [MESSAGE][WARNING] - Timeout '0' is invalid. Using default page load timeout: '30'

2021-10-04 14:26:54 - [MESSAGE][PASSED] - Object 'Object Repository/Page_Tenant Portal/h4_View Payment History' is present

2021-10-04 14:26:54 - [TEST_STEP][PASSED] - closeBrowser(): Browser is closed

2021-10-04 14:26:54 - [MESSAGE][PASSED] - Browser is closed]]></system-out>
         <system-err><![CDATA[]]></system-err>
      </testcase>
      <testcase name="Test Cases/Tenant/Pay Rent" time="10.866" classname="Test Cases/Tenant/Pay Rent" status="PASSED">
         <system-out><![CDATA[2021-10-04 14:26:54 - [TEST_CASE][PASSED] - Test Cases/Tenant/Pay Rent: Test Cases/Tenant/Pay Rent

2021-10-04 14:26:54 - [TEST_STEP][PASSED] - openBrowser(""): Browser is opened with url: ''

2021-10-04 14:26:54 - [MESSAGE][INFO] - Starting 'Chrome' driver

2021-10-04 14:26:54 - [MESSAGE][INFO] - Action delay is set to 0 milliseconds

2021-10-04 14:26:55 - [MESSAGE][PASSED] - Browser is opened with url: ''

2021-10-04 14:26:55 - [TEST_STEP][PASSED] - navigateToUrl("https://managing-made-easier.web.app/"): Navigate to 'https://managing-made-easier.web.app/' successfully

2021-10-04 14:26:57 - [MESSAGE][PASSED] - Navigate to 'https://managing-made-easier.web.app/' successfully

2021-10-04 14:26:57 - [TEST_STEP][PASSED] - click(findTestObject("Object Repository/Page_Home/a_Sign-In")): Object: 'Object Repository/Page_Home/a_Sign-In' is clicked on

2021-10-04 14:26:57 - [MESSAGE][PASSED] - Object: 'Object Repository/Page_Home/a_Sign-In' is clicked on

2021-10-04 14:26:57 - [TEST_STEP][PASSED] - setText(findTestObject("Object Repository/Page_Sign-In/input__txtEmail"), "test321@gmail.com"): Text 'test321@gmail.com' is set on object 'Object Repository/Page_Sign-In/input__txtEmail'

2021-10-04 14:26:58 - [MESSAGE][PASSED] - Text 'test321@gmail.com' is set on object 'Object Repository/Page_Sign-In/input__txtEmail'

2021-10-04 14:26:58 - [TEST_STEP][PASSED] - setEncryptedText(findTestObject("Object Repository/Page_Sign-In/input__txtPassword"), "8SQVv/p9jVScEs4/2CZsLw=="): Text ****** has been set on object 'Object Repository/Page_Sign-In/input__txtPassword'

2021-10-04 14:26:59 - [MESSAGE][PASSED] - Text ****** has been set on object 'Object Repository/Page_Sign-In/input__txtPassword'

2021-10-04 14:26:59 - [TEST_STEP][PASSED] - click(findTestObject("Object Repository/Page_Sign-In/button_Sign-In")): Object: 'Object Repository/Page_Sign-In/button_Sign-In' is clicked on

2021-10-04 14:26:59 - [MESSAGE][PASSED] - Object: 'Object Repository/Page_Sign-In/button_Sign-In' is clicked on

2021-10-04 14:26:59 - [TEST_STEP][PASSED] - click(findTestObject("Object Repository/Page_Home/a_Portal")): Object: 'Object Repository/Page_Home/a_Portal' is clicked on

2021-10-04 14:27:01 - [MESSAGE][PASSED] - Object: 'Object Repository/Page_Home/a_Portal' is clicked on

2021-10-04 14:27:01 - [TEST_STEP][PASSED] - click(findTestObject("Page_Tenant Portal/h4_Pay Rent")): Object: 'Object Repository/Page_Tenant Portal/h4_Pay Rent' is clicked on

2021-10-04 14:27:03 - [MESSAGE][PASSED] - Object: 'Object Repository/Page_Tenant Portal/h4_Pay Rent' is clicked on

2021-10-04 14:27:03 - [TEST_STEP][PASSED] - click(findTestObject("Object Repository/Page_Pay Rent/b_Rent")): Object: 'Object Repository/Page_Pay Rent/b_Rent' is clicked on

2021-10-04 14:27:04 - [MESSAGE][PASSED] - Object: 'Object Repository/Page_Pay Rent/b_Rent' is clicked on

2021-10-04 14:27:04 - [TEST_STEP][PASSED] - click(findTestObject("Object Repository/Page_Pay Rent/b_Online Fees")): Object: 'Object Repository/Page_Pay Rent/b_Online Fees' is clicked on

2021-10-04 14:27:04 - [MESSAGE][PASSED] - Object: 'Object Repository/Page_Pay Rent/b_Online Fees' is clicked on

2021-10-04 14:27:04 - [TEST_STEP][PASSED] - click(findTestObject("Object Repository/Page_Pay Rent/b_Total")): Object: 'Object Repository/Page_Pay Rent/b_Total' is clicked on

2021-10-04 14:27:05 - [MESSAGE][PASSED] - Object: 'Object Repository/Page_Pay Rent/b_Total' is clicked on

2021-10-04 14:27:05 - [TEST_STEP][PASSED] - switchToWindowTitle("Pay Rent"): Switched to window with title: 'Pay Rent'

2021-10-04 14:27:05 - [MESSAGE][PASSED] - Switched to window with title: 'Pay Rent'

2021-10-04 14:27:05 - [TEST_STEP][PASSED] - closeBrowser(): Browser is closed

2021-10-04 14:27:05 - [MESSAGE][PASSED] - Browser is closed]]></system-out>
         <system-err><![CDATA[]]></system-err>
      </testcase>
      <testcase name="Test Cases/Tenant/Tenant View Announcements" time="10.134" classname="Test Cases/Tenant/Tenant View Announcements" status="PASSED">
         <system-out><![CDATA[2021-10-04 14:27:05 - [TEST_CASE][PASSED] - Test Cases/Tenant/Tenant View Announcements: Test Cases/Tenant/Tenant View Announcements

2021-10-04 14:27:05 - [TEST_STEP][PASSED] - openBrowser(""): Browser is opened with url: ''

2021-10-04 14:27:05 - [MESSAGE][INFO] - Starting 'Chrome' driver

2021-10-04 14:27:05 - [MESSAGE][INFO] - Action delay is set to 0 milliseconds

2021-10-04 14:27:06 - [MESSAGE][PASSED] - Browser is opened with url: ''

2021-10-04 14:27:06 - [TEST_STEP][PASSED] - navigateToUrl("https://managing-made-easier.web.app/"): Navigate to 'https://managing-made-easier.web.app/' successfully

2021-10-04 14:27:08 - [MESSAGE][PASSED] - Navigate to 'https://managing-made-easier.web.app/' successfully

2021-10-04 14:27:08 - [TEST_STEP][PASSED] - click(findTestObject("Object Repository/Page_Home/a_Sign-In")): Object: 'Object Repository/Page_Home/a_Sign-In' is clicked on

2021-10-04 14:27:09 - [MESSAGE][PASSED] - Object: 'Object Repository/Page_Home/a_Sign-In' is clicked on

2021-10-04 14:27:09 - [TEST_STEP][PASSED] - setText(findTestObject("Object Repository/Page_Sign-In/input__txtEmail"), "test321@gmail.com"): Text 'test321@gmail.com' is set on object 'Object Repository/Page_Sign-In/input__txtEmail'

2021-10-04 14:27:10 - [MESSAGE][PASSED] - Text 'test321@gmail.com' is set on object 'Object Repository/Page_Sign-In/input__txtEmail'

2021-10-04 14:27:10 - [TEST_STEP][PASSED] - setEncryptedText(findTestObject("Object Repository/Page_Sign-In/input__txtPassword"), "8SQVv/p9jVScEs4/2CZsLw=="): Text ****** has been set on object 'Object Repository/Page_Sign-In/input__txtPassword'

2021-10-04 14:27:10 - [MESSAGE][PASSED] - Text ****** has been set on object 'Object Repository/Page_Sign-In/input__txtPassword'

2021-10-04 14:27:10 - [TEST_STEP][PASSED] - click(findTestObject("Object Repository/Page_Sign-In/button_Sign-In")): Object: 'Object Repository/Page_Sign-In/button_Sign-In' is clicked on

2021-10-04 14:27:11 - [MESSAGE][PASSED] - Object: 'Object Repository/Page_Sign-In/button_Sign-In' is clicked on

2021-10-04 14:27:11 - [TEST_STEP][PASSED] - click(findTestObject("Object Repository/Page_Home/a_Portal")): Object: 'Object Repository/Page_Home/a_Portal' is clicked on

2021-10-04 14:27:12 - [MESSAGE][PASSED] - Object: 'Object Repository/Page_Home/a_Portal' is clicked on

2021-10-04 14:27:12 - [TEST_STEP][PASSED] - click(findTestObject("Object Repository/Page_Home/a_Portal")): Object: 'Object Repository/Page_Home/a_Portal' is clicked on

2021-10-04 14:27:13 - [MESSAGE][PASSED] - Object: 'Object Repository/Page_Home/a_Portal' is clicked on

2021-10-04 14:27:13 - [TEST_STEP][PASSED] - click(findTestObject("Page_Tenant Portal/div_Announcements")): Object: 'Object Repository/Page_Tenant Portal/div_Announcements' is clicked on

2021-10-04 14:27:14 - [MESSAGE][PASSED] - Object: 'Object Repository/Page_Tenant Portal/div_Announcements' is clicked on

2021-10-04 14:27:14 - [TEST_STEP][PASSED] - click(findTestObject("Object Repository/Page_Announcements/button_3")): Object: 'Object Repository/Page_Announcements/button_3' is clicked on

2021-10-04 14:27:15 - [MESSAGE][PASSED] - Object: 'Object Repository/Page_Announcements/button_3' is clicked on

2021-10-04 14:27:15 - [TEST_STEP][PASSED] - click(findTestObject("Object Repository/Page_Announcements/button_3")): Object: 'Object Repository/Page_Announcements/button_3' is clicked on

2021-10-04 14:27:15 - [MESSAGE][PASSED] - Object: 'Object Repository/Page_Announcements/button_3' is clicked on

2021-10-04 14:27:15 - [TEST_STEP][PASSED] - closeBrowser(): Browser is closed

2021-10-04 14:27:15 - [MESSAGE][PASSED] - Browser is closed]]></system-out>
         <system-err><![CDATA[]]></system-err>
      </testcase>
      <testcase name="Test Cases/Tenant/Request Maintenance" time="9.424" classname="Test Cases/Tenant/Request Maintenance" status="PASSED">
         <system-out><![CDATA[2021-10-04 14:27:15 - [TEST_CASE][PASSED] - Test Cases/Tenant/Request Maintenance: Test Cases/Tenant/Request Maintenance

2021-10-04 14:27:15 - [TEST_STEP][PASSED] - openBrowser(""): Browser is opened with url: ''

2021-10-04 14:27:15 - [MESSAGE][INFO] - Starting 'Chrome' driver

2021-10-04 14:27:15 - [MESSAGE][INFO] - Action delay is set to 0 milliseconds

2021-10-04 14:27:16 - [MESSAGE][PASSED] - Browser is opened with url: ''

2021-10-04 14:27:16 - [TEST_STEP][PASSED] - navigateToUrl("https://managing-made-easier.web.app/"): Navigate to 'https://managing-made-easier.web.app/' successfully

2021-10-04 14:27:18 - [MESSAGE][PASSED] - Navigate to 'https://managing-made-easier.web.app/' successfully

2021-10-04 14:27:18 - [TEST_STEP][PASSED] - click(findTestObject("Object Repository/Page_Home/a_Sign-In")): Object: 'Object Repository/Page_Home/a_Sign-In' is clicked on

2021-10-04 14:27:18 - [MESSAGE][PASSED] - Object: 'Object Repository/Page_Home/a_Sign-In' is clicked on

2021-10-04 14:27:18 - [TEST_STEP][PASSED] - setText(findTestObject("Object Repository/Page_Sign-In/input__txtEmail"), "test321@gmail.com"): Text 'test321@gmail.com' is set on object 'Object Repository/Page_Sign-In/input__txtEmail'

2021-10-04 14:27:19 - [MESSAGE][PASSED] - Text 'test321@gmail.com' is set on object 'Object Repository/Page_Sign-In/input__txtEmail'

2021-10-04 14:27:19 - [TEST_STEP][PASSED] - setEncryptedText(findTestObject("Object Repository/Page_Sign-In/input__txtPassword"), "8SQVv/p9jVScEs4/2CZsLw=="): Text ****** has been set on object 'Object Repository/Page_Sign-In/input__txtPassword'

2021-10-04 14:27:20 - [MESSAGE][PASSED] - Text ****** has been set on object 'Object Repository/Page_Sign-In/input__txtPassword'

2021-10-04 14:27:20 - [TEST_STEP][PASSED] - click(findTestObject("Object Repository/Page_Sign-In/button_Sign-In")): Object: 'Object Repository/Page_Sign-In/button_Sign-In' is clicked on

2021-10-04 14:27:20 - [MESSAGE][PASSED] - Object: 'Object Repository/Page_Sign-In/button_Sign-In' is clicked on

2021-10-04 14:27:20 - [TEST_STEP][PASSED] - click(findTestObject("Object Repository/Page_Home/a_Portal")): Object: 'Object Repository/Page_Home/a_Portal' is clicked on

2021-10-04 14:27:21 - [MESSAGE][PASSED] - Object: 'Object Repository/Page_Home/a_Portal' is clicked on

2021-10-04 14:27:21 - [TEST_STEP][PASSED] - click(findTestObject("Object Repository/Page_Tenant Portal/h4_Request Maintenance")): Object: 'Object Repository/Page_Tenant Portal/h4_Request Maintenance' is clicked on

2021-10-04 14:27:23 - [MESSAGE][PASSED] - Object: 'Object Repository/Page_Tenant Portal/h4_Request Maintenance' is clicked on

2021-10-04 14:27:23 - [TEST_STEP][PASSED] - click(findTestObject("Object Repository/Page_Request Maintenance/div_Emergency Call")): Object: 'Object Repository/Page_Request Maintenance/div_Emergency Call' is clicked on

2021-10-04 14:27:23 - [MESSAGE][PASSED] - Object: 'Object Repository/Page_Request Maintenance/div_Emergency Call' is clicked on

2021-10-04 14:27:23 - [TEST_STEP][PASSED] - click(findTestObject("Object Repository/Page_Request Maintenance/div_Send an SMS")): Object: 'Object Repository/Page_Request Maintenance/div_Send an SMS' is clicked on

2021-10-04 14:27:24 - [MESSAGE][PASSED] - Object: 'Object Repository/Page_Request Maintenance/div_Send an SMS' is clicked on

2021-10-04 14:27:24 - [TEST_STEP][PASSED] - click(findTestObject("Object Repository/Page_Request Maintenance/h4_Send an SMS")): Object: 'Object Repository/Page_Request Maintenance/h4_Send an SMS' is clicked on

2021-10-04 14:27:24 - [MESSAGE][PASSED] - Object: 'Object Repository/Page_Request Maintenance/h4_Send an SMS' is clicked on

2021-10-04 14:27:24 - [TEST_STEP][PASSED] - click(findTestObject("Object Repository/Page_Request Maintenance/h4_Emergency Call")): Object: 'Object Repository/Page_Request Maintenance/h4_Emergency Call' is clicked on

2021-10-04 14:27:24 - [MESSAGE][PASSED] - Object: 'Object Repository/Page_Request Maintenance/h4_Emergency Call' is clicked on

2021-10-04 14:27:24 - [TEST_STEP][PASSED] - closeBrowser(): Browser is closed

2021-10-04 14:27:25 - [MESSAGE][PASSED] - Browser is closed]]></system-out>
         <system-err><![CDATA[]]></system-err>
      </testcase>
      <testcase name="Test Cases/Tenant/Payment History" time="10.774" classname="Test Cases/Tenant/Payment History" status="PASSED">
         <system-out><![CDATA[2021-10-04 14:27:25 - [TEST_CASE][PASSED] - Test Cases/Tenant/Payment History: Test Cases/Tenant/Payment History

2021-10-04 14:27:25 - [TEST_STEP][PASSED] - openBrowser(""): Browser is opened with url: ''

2021-10-04 14:27:25 - [MESSAGE][INFO] - Starting 'Chrome' driver

2021-10-04 14:27:25 - [MESSAGE][INFO] - Action delay is set to 0 milliseconds

2021-10-04 14:27:26 - [MESSAGE][PASSED] - Browser is opened with url: ''

2021-10-04 14:27:26 - [TEST_STEP][PASSED] - navigateToUrl("https://managing-made-easier.web.app/"): Navigate to 'https://managing-made-easier.web.app/' successfully

2021-10-04 14:27:27 - [MESSAGE][PASSED] - Navigate to 'https://managing-made-easier.web.app/' successfully

2021-10-04 14:27:27 - [TEST_STEP][PASSED] - click(findTestObject("Object Repository/Page_Home/a_Sign-In")): Object: 'Object Repository/Page_Home/a_Sign-In' is clicked on

2021-10-04 14:27:28 - [MESSAGE][PASSED] - Object: 'Object Repository/Page_Home/a_Sign-In' is clicked on

2021-10-04 14:27:28 - [TEST_STEP][PASSED] - setText(findTestObject("Object Repository/Page_Sign-In/input__txtEmail"), "test321@gmail.com"): Text 'test321@gmail.com' is set on object 'Object Repository/Page_Sign-In/input__txtEmail'

2021-10-04 14:27:29 - [MESSAGE][PASSED] - Text 'test321@gmail.com' is set on object 'Object Repository/Page_Sign-In/input__txtEmail'

2021-10-04 14:27:29 - [TEST_STEP][PASSED] - setEncryptedText(findTestObject("Object Repository/Page_Sign-In/input__txtPassword"), "8SQVv/p9jVScEs4/2CZsLw=="): Text ****** has been set on object 'Object Repository/Page_Sign-In/input__txtPassword'

2021-10-04 14:27:30 - [MESSAGE][PASSED] - Text ****** has been set on object 'Object Repository/Page_Sign-In/input__txtPassword'

2021-10-04 14:27:30 - [TEST_STEP][PASSED] - sendKeys(findTestObject("Object Repository/Page_Sign-In/input__txtPassword"), Keys.chord(ENTER)): Keys 'ENTER + ' sent to object: 'Object Repository/Page_Sign-In/input__txtPassword'

2021-10-04 14:27:30 - [MESSAGE][PASSED] - Keys 'ENTER + ' sent to object: 'Object Repository/Page_Sign-In/input__txtPassword'

2021-10-04 14:27:30 - [TEST_STEP][PASSED] - click(findTestObject("Object Repository/Page_Home/a_Portal")): Object: 'Object Repository/Page_Home/a_Portal' is clicked on

2021-10-04 14:27:32 - [MESSAGE][PASSED] - Object: 'Object Repository/Page_Home/a_Portal' is clicked on

2021-10-04 14:27:32 - [TEST_STEP][PASSED] - click(findTestObject("Object Repository/Page_Home/a_Portal")): Object: 'Object Repository/Page_Home/a_Portal' is clicked on

2021-10-04 14:27:32 - [MESSAGE][PASSED] - Object: 'Object Repository/Page_Home/a_Portal' is clicked on

2021-10-04 14:27:32 - [TEST_STEP][PASSED] - click(findTestObject("Object Repository/Page_Tenant Portal/h4_View Payment History")): Object: 'Object Repository/Page_Tenant Portal/h4_View Payment History' is clicked on

2021-10-04 14:27:34 - [MESSAGE][PASSED] - Object: 'Object Repository/Page_Tenant Portal/h4_View Payment History' is clicked on

2021-10-04 14:27:34 - [TEST_STEP][PASSED] - click(findTestObject("Object Repository/Page_Payment History/h1_Payment History")): Object: 'Object Repository/Page_Payment History/h1_Payment History' is clicked on

2021-10-04 14:27:34 - [MESSAGE][PASSED] - Object: 'Object Repository/Page_Payment History/h1_Payment History' is clicked on

2021-10-04 14:27:34 - [TEST_STEP][PASSED] - click(findTestObject("Object Repository/Page_Payment History/div_Thu Apr 08 2021Method Manually EnteredT_81d260")): Object: 'Object Repository/Page_Payment History/div_Thu Apr 08 2021Method Manually EnteredT_81d260' is clicked on

2021-10-04 14:27:35 - [MESSAGE][PASSED] - Object: 'Object Repository/Page_Payment History/div_Thu Apr 08 2021Method Manually EnteredT_81d260' is clicked on

2021-10-04 14:27:35 - [TEST_STEP][PASSED] - click(findTestObject("Object Repository/Page_Payment History/button_Thu Apr 08 2021")): Object: 'Object Repository/Page_Payment History/button_Thu Apr 08 2021' is clicked on

2021-10-04 14:27:35 - [MESSAGE][PASSED] - Object: 'Object Repository/Page_Payment History/button_Thu Apr 08 2021' is clicked on

2021-10-04 14:27:35 - [TEST_STEP][PASSED] - closeBrowser(): Browser is closed

2021-10-04 14:27:35 - [MESSAGE][PASSED] - Browser is closed]]></system-out>
         <system-err><![CDATA[]]></system-err>
      </testcase>
      <testcase name="Test Cases/Tenant/View Payment History" time="9.839" classname="Test Cases/Tenant/View Payment History" status="PASSED">
         <system-out><![CDATA[2021-10-04 14:27:35 - [TEST_CASE][PASSED] - Test Cases/Tenant/View Payment History: Test Cases/Tenant/View Payment History

2021-10-04 14:27:36 - [TEST_STEP][PASSED] - openBrowser(""): Browser is opened with url: ''

2021-10-04 14:27:36 - [MESSAGE][INFO] - Starting 'Chrome' driver

2021-10-04 14:27:36 - [MESSAGE][INFO] - Action delay is set to 0 milliseconds

2021-10-04 14:27:36 - [MESSAGE][PASSED] - Browser is opened with url: ''

2021-10-04 14:27:36 - [TEST_STEP][PASSED] - navigateToUrl("https://managing-made-easier.web.app/"): Navigate to 'https://managing-made-easier.web.app/' successfully

2021-10-04 14:27:38 - [MESSAGE][PASSED] - Navigate to 'https://managing-made-easier.web.app/' successfully

2021-10-04 14:27:38 - [TEST_STEP][PASSED] - click(findTestObject("Object Repository/Page_Home/a_Sign-In")): Object: 'Object Repository/Page_Home/a_Sign-In' is clicked on

2021-10-04 14:27:39 - [MESSAGE][PASSED] - Object: 'Object Repository/Page_Home/a_Sign-In' is clicked on

2021-10-04 14:27:39 - [TEST_STEP][PASSED] - setText(findTestObject("Object Repository/Page_Sign-In/input__txtEmail"), "test321@gmail.com"): Text 'test321@gmail.com' is set on object 'Object Repository/Page_Sign-In/input__txtEmail'

2021-10-04 14:27:40 - [MESSAGE][PASSED] - Text 'test321@gmail.com' is set on object 'Object Repository/Page_Sign-In/input__txtEmail'

2021-10-04 14:27:40 - [TEST_STEP][PASSED] - setEncryptedText(findTestObject("Object Repository/Page_Sign-In/input__txtPassword"), "PDoKm2HePM0="): Text ****** has been set on object 'Object Repository/Page_Sign-In/input__txtPassword'

2021-10-04 14:27:40 - [MESSAGE][PASSED] - Text ****** has been set on object 'Object Repository/Page_Sign-In/input__txtPassword'

2021-10-04 14:27:40 - [TEST_STEP][PASSED] - sendKeys(findTestObject("Object Repository/Page_Sign-In/input__txtPassword"), Keys.chord(ENTER)): Keys 'ENTER + ' sent to object: 'Object Repository/Page_Sign-In/input__txtPassword'

2021-10-04 14:27:41 - [MESSAGE][PASSED] - Keys 'ENTER + ' sent to object: 'Object Repository/Page_Sign-In/input__txtPassword'

2021-10-04 14:27:41 - [TEST_STEP][PASSED] - setEncryptedText(findTestObject("Object Repository/Page_Sign-In/input__txtPassword"), "8SQVv/p9jVScEs4/2CZsLw=="): Text ****** has been set on object 'Object Repository/Page_Sign-In/input__txtPassword'

2021-10-04 14:27:42 - [MESSAGE][PASSED] - Text ****** has been set on object 'Object Repository/Page_Sign-In/input__txtPassword'

2021-10-04 14:27:42 - [TEST_STEP][PASSED] - click(findTestObject("Object Repository/Page_Sign-In/button_Sign-In")): Object: 'Object Repository/Page_Sign-In/button_Sign-In' is clicked on

2021-10-04 14:27:42 - [MESSAGE][PASSED] - Object: 'Object Repository/Page_Sign-In/button_Sign-In' is clicked on

2021-10-04 14:27:42 - [TEST_STEP][PASSED] - click(findTestObject("Object Repository/Page_Home/a_Portal")): Object: 'Object Repository/Page_Home/a_Portal' is clicked on

2021-10-04 14:27:43 - [MESSAGE][PASSED] - Object: 'Object Repository/Page_Home/a_Portal' is clicked on

2021-10-04 14:27:43 - [TEST_STEP][PASSED] - click(findTestObject("Object Repository/Page_Tenant Portal/h4_View Payment History")): Object: 'Object Repository/Page_Tenant Portal/h4_View Payment History' is clicked on

2021-10-04 14:27:44 - [MESSAGE][PASSED] - Object: 'Object Repository/Page_Tenant Portal/h4_View Payment History' is clicked on

2021-10-04 14:27:44 - [TEST_STEP][PASSED] - click(findTestObject("Object Repository/Page_Payment History/div_Payment History")): Object: 'Object Repository/Page_Payment History/div_Payment History' is clicked on

2021-10-04 14:27:45 - [MESSAGE][PASSED] - Object: 'Object Repository/Page_Payment History/div_Payment History' is clicked on

2021-10-04 14:27:45 - [TEST_STEP][PASSED] - closeBrowser(): Browser is closed

2021-10-04 14:27:45 - [MESSAGE][PASSED] - Browser is closed]]></system-out>
         <system-err><![CDATA[]]></system-err>
      </testcase>
      <testcase name="Test Cases/Tenant/View Fees" time="9.407" classname="Test Cases/Tenant/View Fees" status="PASSED">
         <system-out><![CDATA[2021-10-04 14:27:45 - [TEST_CASE][PASSED] - Test Cases/Tenant/View Fees: Test Cases/Tenant/View Fees

2021-10-04 14:27:45 - [TEST_STEP][PASSED] - openBrowser(""): Browser is opened with url: ''

2021-10-04 14:27:45 - [MESSAGE][INFO] - Starting 'Chrome' driver

2021-10-04 14:27:45 - [MESSAGE][INFO] - Action delay is set to 0 milliseconds

2021-10-04 14:27:46 - [MESSAGE][PASSED] - Browser is opened with url: ''

2021-10-04 14:27:46 - [TEST_STEP][PASSED] - navigateToUrl("https://managing-made-easier.web.app/"): Navigate to 'https://managing-made-easier.web.app/' successfully

2021-10-04 14:27:48 - [MESSAGE][PASSED] - Navigate to 'https://managing-made-easier.web.app/' successfully

2021-10-04 14:27:48 - [TEST_STEP][PASSED] - click(findTestObject("Object Repository/Page_Home/a_Sign-In")): Object: 'Object Repository/Page_Home/a_Sign-In' is clicked on

2021-10-04 14:27:49 - [MESSAGE][PASSED] - Object: 'Object Repository/Page_Home/a_Sign-In' is clicked on

2021-10-04 14:27:49 - [TEST_STEP][PASSED] - setText(findTestObject("Object Repository/Page_Sign-In/input__txtEmail"), "test321@gmail.com"): Text 'test321@gmail.com' is set on object 'Object Repository/Page_Sign-In/input__txtEmail'

2021-10-04 14:27:50 - [MESSAGE][PASSED] - Text 'test321@gmail.com' is set on object 'Object Repository/Page_Sign-In/input__txtEmail'

2021-10-04 14:27:50 - [TEST_STEP][PASSED] - setEncryptedText(findTestObject("Object Repository/Page_Sign-In/input__txtPassword"), "8SQVv/p9jVScEs4/2CZsLw=="): Text ****** has been set on object 'Object Repository/Page_Sign-In/input__txtPassword'

2021-10-04 14:27:50 - [MESSAGE][PASSED] - Text ****** has been set on object 'Object Repository/Page_Sign-In/input__txtPassword'

2021-10-04 14:27:50 - [TEST_STEP][PASSED] - click(findTestObject("Object Repository/Page_Sign-In/button_Sign-In")): Object: 'Object Repository/Page_Sign-In/button_Sign-In' is clicked on

2021-10-04 14:27:51 - [MESSAGE][PASSED] - Object: 'Object Repository/Page_Sign-In/button_Sign-In' is clicked on

2021-10-04 14:27:51 - [TEST_STEP][PASSED] - click(findTestObject("Object Repository/Page_Home/a_Portal")): Object: 'Object Repository/Page_Home/a_Portal' is clicked on

2021-10-04 14:27:52 - [MESSAGE][PASSED] - Object: 'Object Repository/Page_Home/a_Portal' is clicked on

2021-10-04 14:27:52 - [TEST_STEP][PASSED] - click(findTestObject("Object Repository/Page_Tenant Portal/h4_View Fees")): Object: 'Object Repository/Page_Tenant Portal/h4_View Fees' is clicked on

2021-10-04 14:27:54 - [MESSAGE][PASSED] - Object: 'Object Repository/Page_Tenant Portal/h4_View Fees' is clicked on

2021-10-04 14:27:54 - [TEST_STEP][PASSED] - click(findTestObject("Object Repository/Page_View Fees/div_View Fees")): Object: 'Object Repository/Page_View Fees/div_View Fees' is clicked on

2021-10-04 14:27:54 - [MESSAGE][PASSED] - Object: 'Object Repository/Page_View Fees/div_View Fees' is clicked on

2021-10-04 14:27:54 - [TEST_STEP][PASSED] - closeBrowser(): Browser is closed

2021-10-04 14:27:55 - [MESSAGE][PASSED] - Browser is closed]]></system-out>
         <system-err><![CDATA[]]></system-err>
      </testcase>
      <testcase name="Test Cases/Tenant/Tenant View Announcements" time="9.271" classname="Test Cases/Tenant/Tenant View Announcements" status="PASSED">
         <system-out><![CDATA[2021-10-04 14:27:55 - [TEST_CASE][PASSED] - Test Cases/Tenant/Tenant View Announcements: Test Cases/Tenant/Tenant View Announcements

2021-10-04 14:27:55 - [TEST_STEP][PASSED] - openBrowser(""): Browser is opened with url: ''

2021-10-04 14:27:55 - [MESSAGE][INFO] - Starting 'Chrome' driver

2021-10-04 14:27:55 - [MESSAGE][INFO] - Action delay is set to 0 milliseconds

2021-10-04 14:27:56 - [MESSAGE][PASSED] - Browser is opened with url: ''

2021-10-04 14:27:56 - [TEST_STEP][PASSED] - navigateToUrl("https://managing-made-easier.web.app/"): Navigate to 'https://managing-made-easier.web.app/' successfully

2021-10-04 14:27:57 - [MESSAGE][PASSED] - Navigate to 'https://managing-made-easier.web.app/' successfully

2021-10-04 14:27:57 - [TEST_STEP][PASSED] - click(findTestObject("Object Repository/Page_Home/a_Sign-In")): Object: 'Object Repository/Page_Home/a_Sign-In' is clicked on

2021-10-04 14:27:58 - [MESSAGE][PASSED] - Object: 'Object Repository/Page_Home/a_Sign-In' is clicked on

2021-10-04 14:27:58 - [TEST_STEP][PASSED] - setText(findTestObject("Object Repository/Page_Sign-In/input__txtEmail"), "test321@gmail.com"): Text 'test321@gmail.com' is set on object 'Object Repository/Page_Sign-In/input__txtEmail'

2021-10-04 14:27:59 - [MESSAGE][PASSED] - Text 'test321@gmail.com' is set on object 'Object Repository/Page_Sign-In/input__txtEmail'

2021-10-04 14:27:59 - [TEST_STEP][PASSED] - setEncryptedText(findTestObject("Object Repository/Page_Sign-In/input__txtPassword"), "8SQVv/p9jVScEs4/2CZsLw=="): Text ****** has been set on object 'Object Repository/Page_Sign-In/input__txtPassword'

2021-10-04 14:27:59 - [MESSAGE][PASSED] - Text ****** has been set on object 'Object Repository/Page_Sign-In/input__txtPassword'

2021-10-04 14:27:59 - [TEST_STEP][PASSED] - click(findTestObject("Object Repository/Page_Sign-In/button_Sign-In")): Object: 'Object Repository/Page_Sign-In/button_Sign-In' is clicked on

2021-10-04 14:28:00 - [MESSAGE][PASSED] - Object: 'Object Repository/Page_Sign-In/button_Sign-In' is clicked on

2021-10-04 14:28:00 - [TEST_STEP][PASSED] - click(findTestObject("Object Repository/Page_Home/a_Portal")): Object: 'Object Repository/Page_Home/a_Portal' is clicked on

2021-10-04 14:28:01 - [MESSAGE][PASSED] - Object: 'Object Repository/Page_Home/a_Portal' is clicked on

2021-10-04 14:28:01 - [TEST_STEP][PASSED] - click(findTestObject("Object Repository/Page_Home/a_Portal")): Object: 'Object Repository/Page_Home/a_Portal' is clicked on

2021-10-04 14:28:02 - [MESSAGE][PASSED] - Object: 'Object Repository/Page_Home/a_Portal' is clicked on

2021-10-04 14:28:02 - [TEST_STEP][PASSED] - click(findTestObject("Page_Tenant Portal/div_Announcements")): Object: 'Object Repository/Page_Tenant Portal/div_Announcements' is clicked on

2021-10-04 14:28:03 - [MESSAGE][PASSED] - Object: 'Object Repository/Page_Tenant Portal/div_Announcements' is clicked on

2021-10-04 14:28:03 - [TEST_STEP][PASSED] - click(findTestObject("Object Repository/Page_Announcements/button_3")): Object: 'Object Repository/Page_Announcements/button_3' is clicked on

2021-10-04 14:28:03 - [MESSAGE][PASSED] - Object: 'Object Repository/Page_Announcements/button_3' is clicked on

2021-10-04 14:28:03 - [TEST_STEP][PASSED] - click(findTestObject("Object Repository/Page_Announcements/button_3")): Object: 'Object Repository/Page_Announcements/button_3' is clicked on

2021-10-04 14:28:04 - [MESSAGE][PASSED] - Object: 'Object Repository/Page_Announcements/button_3' is clicked on

2021-10-04 14:28:04 - [TEST_STEP][PASSED] - closeBrowser(): Browser is closed

2021-10-04 14:28:04 - [MESSAGE][PASSED] - Browser is closed]]></system-out>
         <system-err><![CDATA[]]></system-err>
      </testcase>
      <system-out><![CDATA[2021-10-04 14:26:36 - [TEST_SUITE][PASSED] - Tenant with Property: Test Cases/Tenant/Tenant View Announcements]]></system-out>
      <system-err><![CDATA[]]></system-err>
   </testsuite>
</testsuites>
