<?xml version="1.0" encoding="UTF-8"?>
<testsuites name="Unregistered User" time="86.436" tests="7" failures="0" errors="0">
   <testsuite name="Unregistered User" tests="7" failures="0" errors="0" time="86.436" skipped="0" timestamp="2021-10-04 14:22:27" hostname="mousejarrett - 192.168.1.16" id="Test Suites/Unregistered User">
      <properties>
         <property name="deviceName" value=""/>
         <property name="devicePlatform" value=""/>
         <property name="logFolder" value="/Users/mousejarrett/Desktop/SE 2/Managing/ManagingTests/Reports/20211004_142225/Unregistered User/20211004_142225"/>
         <property name="logFiles" value="/Users/mousejarrett/Desktop/SE 2/Managing/ManagingTests/Reports/20211004_142225/Unregistered User/20211004_142225/execution0.log"/>
         <property name="attachments" value=""/>
         <property name="hostName" value="mousejarrett - 192.168.1.16"/>
         <property name="os" value="Mac OS X 64bit"/>
         <property name="katalonVersion" value="8.1.0.208"/>
         <property name="browser" value="Chrome 94.0.4606.61"/>
         <property name="hostAddress" value="192.168.1.16"/>
         <property name="sessionId" value="1d60ec5fcc28b4b51981e49f57637269"/>
         <property name="seleniumVersion" value="3.141.59"/>
         <property name="proxyInformation" value="ProxyInformation { proxyOption=NO_PROXY, proxyServerType=HTTP, username=, password=********, proxyServerAddress=, proxyServerPort=0, executionList=&quot;&quot;, isApplyToDesiredCapabilities=true }"/>
         <property name="platform" value="Mac OS X"/>
      </properties>
      <testcase name="Test Cases/Unregistered user CANNOT sign in" time="11.057" classname="Test Cases/Unregistered user CANNOT sign in" status="PASSED">
         <system-out><![CDATA[2021-10-04 14:22:27 - [TEST_CASE][PASSED] - Test Cases/Unregistered user CANNOT sign in: Test Cases/Unregistered user CANNOT sign in

2021-10-04 14:22:28 - [TEST_STEP][PASSED] - openBrowser(""): Browser is opened with url: ''

2021-10-04 14:22:28 - [MESSAGE][INFO] - Starting 'Chrome' driver

2021-10-04 14:22:28 - [MESSAGE][INFO] - Action delay is set to 0 milliseconds

2021-10-04 14:22:30 - [MESSAGE][PASSED] - Browser is opened with url: ''

2021-10-04 14:22:30 - [TEST_STEP][PASSED] - navigateToUrl("https://managing-made-easier.web.app/"): Navigate to 'https://managing-made-easier.web.app/' successfully

2021-10-04 14:22:32 - [MESSAGE][PASSED] - Navigate to 'https://managing-made-easier.web.app/' successfully

2021-10-04 14:22:32 - [TEST_STEP][PASSED] - click(findTestObject("Object Repository/Page_Home/a_Sign-In")): Object: 'Object Repository/Page_Home/a_Sign-In' is clicked on

2021-10-04 14:22:34 - [MESSAGE][PASSED] - Object: 'Object Repository/Page_Home/a_Sign-In' is clicked on

2021-10-04 14:22:34 - [TEST_STEP][PASSED] - setText(findTestObject("Object Repository/Page_Sign-In/input__txtEmail"), "test"): Text 'test' is set on object 'Object Repository/Page_Sign-In/input__txtEmail'

2021-10-04 14:22:34 - [MESSAGE][PASSED] - Text 'test' is set on object 'Object Repository/Page_Sign-In/input__txtEmail'

2021-10-04 14:22:34 - [TEST_STEP][PASSED] - setEncryptedText(findTestObject("Object Repository/Page_Sign-In/input__txtPassword"), "P9ET2sDE0SE="): Text ****** has been set on object 'Object Repository/Page_Sign-In/input__txtPassword'

2021-10-04 14:22:35 - [MESSAGE][PASSED] - Text ****** has been set on object 'Object Repository/Page_Sign-In/input__txtPassword'

2021-10-04 14:22:35 - [TEST_STEP][PASSED] - click(findTestObject("Object Repository/Page_Sign-In/button_Sign-In")): Object: 'Object Repository/Page_Sign-In/button_Sign-In' is clicked on

2021-10-04 14:22:35 - [MESSAGE][PASSED] - Object: 'Object Repository/Page_Sign-In/button_Sign-In' is clicked on

2021-10-04 14:22:35 - [TEST_STEP][PASSED] - verifyElementPresent(findTestObject("Object Repository/Page_Sign-In/div_The email address is badly formatted"), 0): Object 'Object Repository/Page_Sign-In/div_The email address is badly formatted' is present

2021-10-04 14:22:35 - [MESSAGE][WARNING] - Timeout '0' is invalid. Using default page load timeout: '30'

2021-10-04 14:22:36 - [MESSAGE][PASSED] - Object 'Object Repository/Page_Sign-In/div_The email address is badly formatted' is present

2021-10-04 14:22:36 - [TEST_STEP][PASSED] - setEncryptedText(findTestObject("Object Repository/Page_Sign-In/input__txtPassword"), "YsxTccsmuDoDBwXzvpNmKQ=="): Text ****** has been set on object 'Object Repository/Page_Sign-In/input__txtPassword'

2021-10-04 14:22:36 - [MESSAGE][PASSED] - Text ****** has been set on object 'Object Repository/Page_Sign-In/input__txtPassword'

2021-10-04 14:22:36 - [TEST_STEP][PASSED] - click(findTestObject("Object Repository/Page_Sign-In/button_Sign-In")): Object: 'Object Repository/Page_Sign-In/button_Sign-In' is clicked on

2021-10-04 14:22:36 - [MESSAGE][PASSED] - Object: 'Object Repository/Page_Sign-In/button_Sign-In' is clicked on

2021-10-04 14:22:36 - [TEST_STEP][PASSED] - setText(findTestObject("Object Repository/Page_Sign-In/input__txtEmail"), "test@gmail.com"): Text 'test@gmail.com' is set on object 'Object Repository/Page_Sign-In/input__txtEmail'

2021-10-04 14:22:37 - [MESSAGE][PASSED] - Text 'test@gmail.com' is set on object 'Object Repository/Page_Sign-In/input__txtEmail'

2021-10-04 14:22:37 - [TEST_STEP][PASSED] - click(findTestObject("Object Repository/Page_Sign-In/button_Sign-In")): Object: 'Object Repository/Page_Sign-In/button_Sign-In' is clicked on

2021-10-04 14:22:38 - [MESSAGE][PASSED] - Object: 'Object Repository/Page_Sign-In/button_Sign-In' is clicked on

2021-10-04 14:22:38 - [TEST_STEP][PASSED] - verifyElementPresent(findTestObject("Object Repository/Page_Sign-In/div_There is no user record corresponding t_0b1d2f"), 0): Object 'Object Repository/Page_Sign-In/div_There is no user record corresponding t_0b1d2f' is present

2021-10-04 14:22:38 - [MESSAGE][WARNING] - Timeout '0' is invalid. Using default page load timeout: '30'

2021-10-04 14:22:38 - [MESSAGE][PASSED] - Object 'Object Repository/Page_Sign-In/div_There is no user record corresponding t_0b1d2f' is present

2021-10-04 14:22:38 - [TEST_STEP][PASSED] - closeBrowser(): Browser is closed

2021-10-04 14:22:38 - [MESSAGE][PASSED] - Browser is closed]]></system-out>
         <system-err><![CDATA[]]></system-err>
      </testcase>
      <testcase name="Test Cases/View Listing NOT Signed in" time="5.778" classname="Test Cases/View Listing NOT Signed in" status="PASSED">
         <system-out><![CDATA[2021-10-04 14:22:38 - [TEST_CASE][PASSED] - Test Cases/View Listing NOT Signed in: Test Cases/View Listing NOT Signed in

2021-10-04 14:22:39 - [TEST_STEP][PASSED] - openBrowser(""): Browser is opened with url: ''

2021-10-04 14:22:39 - [MESSAGE][INFO] - Starting 'Chrome' driver

2021-10-04 14:22:39 - [MESSAGE][INFO] - Action delay is set to 0 milliseconds

2021-10-04 14:22:40 - [MESSAGE][PASSED] - Browser is opened with url: ''

2021-10-04 14:22:40 - [TEST_STEP][PASSED] - navigateToUrl("https://managing-made-easier.web.app/"): Navigate to 'https://managing-made-easier.web.app/' successfully

2021-10-04 14:22:41 - [MESSAGE][PASSED] - Navigate to 'https://managing-made-easier.web.app/' successfully

2021-10-04 14:22:41 - [TEST_STEP][PASSED] - click(findTestObject("Object Repository/Page_Home/a_Listings")): Object: 'Object Repository/Page_Home/a_Listings' is clicked on

2021-10-04 14:22:43 - [MESSAGE][PASSED] - Object: 'Object Repository/Page_Home/a_Listings' is clicked on

2021-10-04 14:22:43 - [TEST_STEP][PASSED] - click(findTestObject("Object Repository/Page_Search/div_Search Listings")): Object: 'Object Repository/Page_Search/div_Search Listings' is clicked on

2021-10-04 14:22:44 - [MESSAGE][PASSED] - Object: 'Object Repository/Page_Search/div_Search Listings' is clicked on

2021-10-04 14:22:44 - [TEST_STEP][PASSED] - closeBrowser(): Browser is closed

2021-10-04 14:22:44 - [MESSAGE][PASSED] - Browser is closed]]></system-out>
         <system-err><![CDATA[]]></system-err>
      </testcase>
      <testcase name="Test Cases/View listing Main page" time="8.325" classname="Test Cases/View listing Main page" status="PASSED">
         <system-out><![CDATA[2021-10-04 14:22:44 - [TEST_CASE][PASSED] - Test Cases/View listing Main page: Test Cases/View listing Main page

2021-10-04 14:22:44 - [TEST_STEP][PASSED] - openBrowser(""): Browser is opened with url: ''

2021-10-04 14:22:44 - [MESSAGE][INFO] - Starting 'Chrome' driver

2021-10-04 14:22:44 - [MESSAGE][INFO] - Action delay is set to 0 milliseconds

2021-10-04 14:22:46 - [MESSAGE][PASSED] - Browser is opened with url: ''

2021-10-04 14:22:46 - [TEST_STEP][PASSED] - navigateToUrl("https://managing-made-easier.web.app/"): Navigate to 'https://managing-made-easier.web.app/' successfully

2021-10-04 14:22:47 - [MESSAGE][PASSED] - Navigate to 'https://managing-made-easier.web.app/' successfully

2021-10-04 14:22:47 - [TEST_STEP][PASSED] - click(findTestObject("Object Repository/Page_Home/div_5 New River Dr915")): Object: 'Object Repository/Page_Home/div_5 New River Dr915' is clicked on

2021-10-04 14:22:52 - [MESSAGE][PASSED] - Object: 'Object Repository/Page_Home/div_5 New River Dr915' is clicked on

2021-10-04 14:22:52 - [TEST_STEP][PASSED] - click(findTestObject("Object Repository/Page_View Listing/div_The Best off-campus living option in Ra_9574c9")): Object: 'Object Repository/Page_View Listing/div_The Best off-campus living option in Ra_9574c9' is clicked on

2021-10-04 14:22:52 - [MESSAGE][PASSED] - Object: 'Object Repository/Page_View Listing/div_The Best off-campus living option in Ra_9574c9' is clicked on

2021-10-04 14:22:52 - [TEST_STEP][PASSED] - click(findTestObject("Object Repository/Page_View Listing/div_HouseMonthly Rent 915Date of Availabili_1384a2")): Object: 'Object Repository/Page_View Listing/div_HouseMonthly Rent 915Date of Availabili_1384a2' is clicked on

2021-10-04 14:22:52 - [MESSAGE][PASSED] - Object: 'Object Repository/Page_View Listing/div_HouseMonthly Rent 915Date of Availabili_1384a2' is clicked on

2021-10-04 14:22:52 - [TEST_STEP][PASSED] - closeBrowser(): Browser is closed

2021-10-04 14:22:53 - [MESSAGE][PASSED] - Browser is closed]]></system-out>
         <system-err><![CDATA[]]></system-err>
      </testcase>
      <testcase name="Test Cases/Access Facebook" time="39.399" classname="Test Cases/Access Facebook" status="PASSED">
         <system-out><![CDATA[2021-10-04 14:22:53 - [TEST_CASE][PASSED] - Test Cases/Access Facebook: Test Cases/Access Facebook

2021-10-04 14:22:53 - [TEST_STEP][PASSED] - openBrowser(""): Browser is opened with url: ''

2021-10-04 14:22:53 - [MESSAGE][INFO] - Starting 'Chrome' driver

2021-10-04 14:22:53 - [MESSAGE][INFO] - Action delay is set to 0 milliseconds

2021-10-04 14:22:54 - [MESSAGE][PASSED] - Browser is opened with url: ''

2021-10-04 14:22:54 - [TEST_STEP][PASSED] - navigateToUrl("https://managing-made-easier.web.app/"): Navigate to 'https://managing-made-easier.web.app/' successfully

2021-10-04 14:22:57 - [MESSAGE][PASSED] - Navigate to 'https://managing-made-easier.web.app/' successfully

2021-10-04 14:22:57 - [TEST_STEP][PASSED] - click(findTestObject("Object Repository/Page_Home/div_Welcome To Jarrett Properties")): Object: 'Object Repository/Page_Home/div_Welcome To Jarrett Properties' is clicked on

2021-10-04 14:22:58 - [MESSAGE][PASSED] - Object: 'Object Repository/Page_Home/div_Welcome To Jarrett Properties' is clicked on

2021-10-04 14:22:58 - [TEST_STEP][PASSED] - click(findTestObject("Page_Home/path")): Object: 'Object Repository/Page_Home/path' is clicked on

2021-10-04 14:23:32 - [MESSAGE][PASSED] - Object: 'Object Repository/Page_Home/path' is clicked on

2021-10-04 14:23:32 - [TEST_STEP][PASSED] - closeBrowser(): Browser is closed

2021-10-04 14:23:32 - [MESSAGE][PASSED] - Browser is closed]]></system-out>
         <system-err><![CDATA[]]></system-err>
      </testcase>
      <testcase name="Test Cases/Realtor Button" time="7.954" classname="Test Cases/Realtor Button" status="PASSED">
         <system-out><![CDATA[2021-10-04 14:23:32 - [TEST_CASE][PASSED] - Test Cases/Realtor Button: Test Cases/Realtor Button

2021-10-04 14:23:32 - [TEST_STEP][PASSED] - openBrowser(""): Browser is opened with url: ''

2021-10-04 14:23:32 - [MESSAGE][INFO] - Starting 'Chrome' driver

2021-10-04 14:23:32 - [MESSAGE][INFO] - Action delay is set to 0 milliseconds

2021-10-04 14:23:33 - [MESSAGE][PASSED] - Browser is opened with url: ''

2021-10-04 14:23:33 - [TEST_STEP][PASSED] - navigateToUrl("https://managing-made-easier.web.app/"): Navigate to 'https://managing-made-easier.web.app/' successfully

2021-10-04 14:23:35 - [MESSAGE][PASSED] - Navigate to 'https://managing-made-easier.web.app/' successfully

2021-10-04 14:23:35 - [TEST_STEP][PASSED] - click(findTestObject("Object Repository/Page_Home/h1_Welcome To Jarrett Properties")): Object: 'Object Repository/Page_Home/h1_Welcome To Jarrett Properties' is clicked on

2021-10-04 14:23:36 - [MESSAGE][PASSED] - Object: 'Object Repository/Page_Home/h1_Welcome To Jarrett Properties' is clicked on

2021-10-04 14:23:36 - [TEST_STEP][PASSED] - click(findTestObject("Object Repository/Page_Home/img")): Object: 'Object Repository/Page_Home/img' is clicked on

2021-10-04 14:23:40 - [MESSAGE][PASSED] - Object: 'Object Repository/Page_Home/img' is clicked on

2021-10-04 14:23:40 - [TEST_STEP][PASSED] - closeBrowser(): Browser is closed

2021-10-04 14:23:40 - [MESSAGE][PASSED] - Browser is closed]]></system-out>
         <system-err><![CDATA[]]></system-err>
      </testcase>
      <testcase name="Test Cases/Equal Housing Button" time="7.266" classname="Test Cases/Equal Housing Button" status="PASSED">
         <system-out><![CDATA[2021-10-04 14:23:40 - [TEST_CASE][PASSED] - Test Cases/Equal Housing Button: Test Cases/Equal Housing Button

2021-10-04 14:23:40 - [TEST_STEP][PASSED] - openBrowser(""): Browser is opened with url: ''

2021-10-04 14:23:40 - [MESSAGE][INFO] - Starting 'Chrome' driver

2021-10-04 14:23:40 - [MESSAGE][INFO] - Action delay is set to 0 milliseconds

2021-10-04 14:23:41 - [MESSAGE][PASSED] - Browser is opened with url: ''

2021-10-04 14:23:41 - [TEST_STEP][PASSED] - navigateToUrl("https://managing-made-easier.web.app/"): Navigate to 'https://managing-made-easier.web.app/' successfully

2021-10-04 14:23:42 - [MESSAGE][PASSED] - Navigate to 'https://managing-made-easier.web.app/' successfully

2021-10-04 14:23:42 - [TEST_STEP][PASSED] - click(findTestObject("Object Repository/Page_Home/h1_Welcome To Jarrett Properties")): Object: 'Object Repository/Page_Home/h1_Welcome To Jarrett Properties' is clicked on

2021-10-04 14:23:43 - [MESSAGE][PASSED] - Object: 'Object Repository/Page_Home/h1_Welcome To Jarrett Properties' is clicked on

2021-10-04 14:23:43 - [TEST_STEP][PASSED] - click(findTestObject("Object Repository/Page_Home/img")): Object: 'Object Repository/Page_Home/img' is clicked on

2021-10-04 14:23:47 - [MESSAGE][PASSED] - Object: 'Object Repository/Page_Home/img' is clicked on

2021-10-04 14:23:47 - [TEST_STEP][PASSED] - closeBrowser(): Browser is closed

2021-10-04 14:23:47 - [MESSAGE][PASSED] - Browser is closed]]></system-out>
         <system-err><![CDATA[]]></system-err>
      </testcase>
      <testcase name="Test Cases/Contact" time="5.795" classname="Test Cases/Contact" status="PASSED">
         <system-out><![CDATA[2021-10-04 14:23:47 - [TEST_CASE][PASSED] - Test Cases/Contact: Test Cases/Contact

2021-10-04 14:23:47 - [TEST_STEP][PASSED] - openBrowser(""): Browser is opened with url: ''

2021-10-04 14:23:47 - [MESSAGE][INFO] - Starting 'Chrome' driver

2021-10-04 14:23:47 - [MESSAGE][INFO] - Action delay is set to 0 milliseconds

2021-10-04 14:23:48 - [MESSAGE][PASSED] - Browser is opened with url: ''

2021-10-04 14:23:48 - [TEST_STEP][PASSED] - navigateToUrl("https://managing-made-easier.web.app/"): Navigate to 'https://managing-made-easier.web.app/' successfully

2021-10-04 14:23:50 - [MESSAGE][PASSED] - Navigate to 'https://managing-made-easier.web.app/' successfully

2021-10-04 14:23:50 - [TEST_STEP][PASSED] - click(findTestObject("Object Repository/Page_Home/a_Contact")): Object: 'Object Repository/Page_Home/a_Contact' is clicked on

2021-10-04 14:23:51 - [MESSAGE][PASSED] - Object: 'Object Repository/Page_Home/a_Contact' is clicked on

2021-10-04 14:23:51 - [TEST_STEP][PASSED] - click(findTestObject("Object Repository/Page_Contact Us/h2_Email us")): Object: 'Object Repository/Page_Contact Us/h2_Email us' is clicked on

2021-10-04 14:23:52 - [MESSAGE][PASSED] - Object: 'Object Repository/Page_Contact Us/h2_Email us' is clicked on

2021-10-04 14:23:52 - [TEST_STEP][PASSED] - click(findTestObject("Object Repository/Page_Contact Us/h4_Call or Text 123-456-7890")): Object: 'Object Repository/Page_Contact Us/h4_Call or Text 123-456-7890' is clicked on

2021-10-04 14:23:52 - [MESSAGE][PASSED] - Object: 'Object Repository/Page_Contact Us/h4_Call or Text 123-456-7890' is clicked on

2021-10-04 14:23:52 - [TEST_STEP][PASSED] - click(findTestObject("Object Repository/Page_Contact Us/h4_Send us a Facebook Message")): Object: 'Object Repository/Page_Contact Us/h4_Send us a Facebook Message' is clicked on

2021-10-04 14:23:53 - [MESSAGE][PASSED] - Object: 'Object Repository/Page_Contact Us/h4_Send us a Facebook Message' is clicked on

2021-10-04 14:23:53 - [TEST_STEP][PASSED] - closeBrowser(): Browser is closed

2021-10-04 14:23:53 - [MESSAGE][PASSED] - Browser is closed]]></system-out>
         <system-err><![CDATA[]]></system-err>
      </testcase>
      <system-out><![CDATA[2021-10-04 14:22:27 - [TEST_SUITE][PASSED] - Unregistered User: Test Cases/Contact]]></system-out>
      <system-err><![CDATA[]]></system-err>
   </testsuite>
</testsuites>
