<?xml version="1.0" encoding="UTF-8"?>
<testsuites name="Tenant without Property" time="45.938" tests="4" failures="0" errors="0">
   <testsuite name="Tenant without Property" tests="4" failures="0" errors="0" time="45.938" skipped="0" timestamp="2021-07-15 19:12:53" hostname="mousejarrett - 192.168.1.15" id="Test Suites/Tenant without Property">
      <properties>
         <property name="deviceName" value=""/>
         <property name="devicePlatform" value=""/>
         <property name="logFolder" value="/Users/mousejarrett/Desktop/SE 2/Managing/ManagingTests/Reports/20210715_191250/Tenant without Property/20210715_191251"/>
         <property name="logFiles" value="/Users/mousejarrett/Desktop/SE 2/Managing/ManagingTests/Reports/20210715_191250/Tenant without Property/20210715_191251/execution0.log"/>
         <property name="attachments" value=""/>
         <property name="hostName" value="mousejarrett - 192.168.1.15"/>
         <property name="os" value="Mac OS X 64bit"/>
         <property name="katalonVersion" value="8.0.5.208"/>
         <property name="browser" value="Chrome 91.0.4472.114"/>
         <property name="hostAddress" value="192.168.1.15"/>
         <property name="sessionId" value="17211bf9252646732e71c7fd9cbb3718"/>
         <property name="seleniumVersion" value="3.141.59"/>
         <property name="proxyInformation" value="ProxyInformation { proxyOption=NO_PROXY, proxyServerType=HTTP, username=, password=********, proxyServerAddress=, proxyServerPort=0, executionList=&quot;&quot;, isApplyToDesiredCapabilities=true }"/>
         <property name="platform" value="Mac OS X"/>
      </properties>
      <testcase name="Test Cases/Tenant/Schedule Walkthrough" time="16.185" classname="Test Cases/Tenant/Schedule Walkthrough" status="PASSED">
         <system-out><![CDATA[2021-07-15 19:12:53 - [TEST_CASE][PASSED] - Test Cases/Tenant/Schedule Walkthrough: Test Cases/Tenant/Schedule Walkthrough

2021-07-15 19:12:53 - [TEST_STEP][PASSED] - openBrowser(""): Browser is opened with url: ''

2021-07-15 19:12:54 - [MESSAGE][INFO] - Starting 'Chrome' driver

2021-07-15 19:12:54 - [MESSAGE][INFO] - Action delay is set to 0 milliseconds

2021-07-15 19:12:55 - [MESSAGE][PASSED] - Browser is opened with url: ''

2021-07-15 19:12:55 - [TEST_STEP][PASSED] - navigateToUrl("https://managing-made-easier.web.app/"): Navigate to 'https://managing-made-easier.web.app/' successfully

2021-07-15 19:12:57 - [MESSAGE][PASSED] - Navigate to 'https://managing-made-easier.web.app/' successfully

2021-07-15 19:12:57 - [TEST_STEP][PASSED] - click(findTestObject("Object Repository/Page_Home/a_Sign-In")): Object: 'Object Repository/Page_Home/a_Sign-In' is clicked on

2021-07-15 19:13:00 - [MESSAGE][PASSED] - Object: 'Object Repository/Page_Home/a_Sign-In' is clicked on

2021-07-15 19:13:00 - [TEST_STEP][PASSED] - setText(findTestObject("Object Repository/Page_Sign-In/input__txtEmail"), "test123@radford.edu"): Text 'test123@radford.edu' is set on object 'Object Repository/Page_Sign-In/input__txtEmail'

2021-07-15 19:13:01 - [MESSAGE][PASSED] - Text 'test123@radford.edu' is set on object 'Object Repository/Page_Sign-In/input__txtEmail'

2021-07-15 19:13:01 - [TEST_STEP][PASSED] - setEncryptedText(findTestObject("Object Repository/Page_Sign-In/input__txtPassword"), "8SQVv/p9jVScEs4/2CZsLw=="): Text ****** has been set on object 'Object Repository/Page_Sign-In/input__txtPassword'

2021-07-15 19:13:01 - [MESSAGE][PASSED] - Text ****** has been set on object 'Object Repository/Page_Sign-In/input__txtPassword'

2021-07-15 19:13:01 - [TEST_STEP][PASSED] - click(findTestObject("Object Repository/Page_Sign-In/button_Sign-In")): Object: 'Object Repository/Page_Sign-In/button_Sign-In' is clicked on

2021-07-15 19:13:02 - [MESSAGE][PASSED] - Object: 'Object Repository/Page_Sign-In/button_Sign-In' is clicked on

2021-07-15 19:13:02 - [TEST_STEP][PASSED] - click(findTestObject("Object Repository/Page_Home/a_Portal")): Object: 'Object Repository/Page_Home/a_Portal' is clicked on

2021-07-15 19:13:03 - [MESSAGE][PASSED] - Object: 'Object Repository/Page_Home/a_Portal' is clicked on

2021-07-15 19:13:03 - [TEST_STEP][PASSED] - click(findTestObject("Object Repository/Page_Tenant Portal/h4_Schedule Walkthrough")): Object: 'Object Repository/Page_Tenant Portal/h4_Schedule Walkthrough' is clicked on

2021-07-15 19:13:06 - [MESSAGE][PASSED] - Object: 'Object Repository/Page_Tenant Portal/h4_Schedule Walkthrough' is clicked on

2021-07-15 19:13:06 - [TEST_STEP][PASSED] - setText(findTestObject("Object Repository/Page_Schedule/input__quantumWizTextinputPaperinputInput e_e1b7c3"), "test123@radford.edu"): Text 'test123@radford.edu' is set on object 'Object Repository/Page_Schedule/input__quantumWizTextinputPaperinputInput e_e1b7c3'

2021-07-15 19:13:07 - [MESSAGE][PASSED] - Text 'test123@radford.edu' is set on object 'Object Repository/Page_Schedule/input__quantumWizTextinputPaperinputInput e_e1b7c3'

2021-07-15 19:13:07 - [TEST_STEP][PASSED] - click(findTestObject("Object Repository/Page_Schedule/div_Choose")): Object: 'Object Repository/Page_Schedule/div_Choose' is clicked on

2021-07-15 19:13:07 - [MESSAGE][PASSED] - Object: 'Object Repository/Page_Schedule/div_Choose' is clicked on

2021-07-15 19:13:07 - [TEST_STEP][PASSED] - setText(findTestObject("Object Repository/Page_Schedule/input__quantumWizTextinputPaperinputInput e_e1b7c3"), "test123@radford.edu"): Text 'test123@radford.edu' is set on object 'Object Repository/Page_Schedule/input__quantumWizTextinputPaperinputInput e_e1b7c3'

2021-07-15 19:13:08 - [MESSAGE][PASSED] - Text 'test123@radford.edu' is set on object 'Object Repository/Page_Schedule/input__quantumWizTextinputPaperinputInput e_e1b7c3'

2021-07-15 19:13:08 - [TEST_STEP][PASSED] - click(findTestObject("Object Repository/Page_Schedule/div_ChooseAll events are bookedChooseAll ev_bd3a84")): Object: 'Object Repository/Page_Schedule/div_ChooseAll events are bookedChooseAll ev_bd3a84' is clicked on

2021-07-15 19:13:08 - [MESSAGE][PASSED] - Object: 'Object Repository/Page_Schedule/div_ChooseAll events are bookedChooseAll ev_bd3a84' is clicked on

2021-07-15 19:13:08 - [TEST_STEP][PASSED] - click(findTestObject("Object Repository/Page_Schedule/span_Submit")): Object: 'Object Repository/Page_Schedule/span_Submit' is clicked on

2021-07-15 19:13:09 - [MESSAGE][PASSED] - Object: 'Object Repository/Page_Schedule/span_Submit' is clicked on

2021-07-15 19:13:09 - [TEST_STEP][PASSED] - click(findTestObject("Object Repository/Page_Schedule/a_Home")): Object: 'Object Repository/Page_Schedule/a_Home' is clicked on

2021-07-15 19:13:09 - [MESSAGE][PASSED] - Object: 'Object Repository/Page_Schedule/a_Home' is clicked on

2021-07-15 19:13:09 - [TEST_STEP][PASSED] - closeBrowser(): Browser is closed

2021-07-15 19:13:09 - [MESSAGE][PASSED] - Browser is closed]]></system-out>
         <system-err><![CDATA[]]></system-err>
      </testcase>
      <testcase name="Test Cases/Tenant/View Tenant Portal (Not Renting)" time="10.7" classname="Test Cases/Tenant/View Tenant Portal (Not Renting)" status="PASSED">
         <system-out><![CDATA[2021-07-15 19:13:09 - [TEST_CASE][PASSED] - Test Cases/Tenant/View Tenant Portal (Not Renting): Test Cases/Tenant/View Tenant Portal (Not Renting)

2021-07-15 19:13:10 - [TEST_STEP][PASSED] - openBrowser(""): Browser is opened with url: ''

2021-07-15 19:13:10 - [MESSAGE][INFO] - Starting 'Chrome' driver

2021-07-15 19:13:10 - [MESSAGE][INFO] - Action delay is set to 0 milliseconds

2021-07-15 19:13:10 - [MESSAGE][PASSED] - Browser is opened with url: ''

2021-07-15 19:13:10 - [TEST_STEP][PASSED] - navigateToUrl("https://managing-made-easier.web.app/"): Navigate to 'https://managing-made-easier.web.app/' successfully

2021-07-15 19:13:14 - [MESSAGE][PASSED] - Navigate to 'https://managing-made-easier.web.app/' successfully

2021-07-15 19:13:14 - [TEST_STEP][PASSED] - click(findTestObject("Object Repository/Page_Home/a_Sign-In"), STOP_ON_FAILURE): Object: 'Object Repository/Page_Home/a_Sign-In' is clicked on

2021-07-15 19:13:15 - [MESSAGE][PASSED] - Object: 'Object Repository/Page_Home/a_Sign-In' is clicked on

2021-07-15 19:13:15 - [TEST_STEP][PASSED] - setText(findTestObject("Object Repository/Page_Sign-In/input__txtEmail"), "test123@radford.edu"): Text 'test123@radford.edu' is set on object 'Object Repository/Page_Sign-In/input__txtEmail'

2021-07-15 19:13:16 - [MESSAGE][PASSED] - Text 'test123@radford.edu' is set on object 'Object Repository/Page_Sign-In/input__txtEmail'

2021-07-15 19:13:16 - [TEST_STEP][PASSED] - setEncryptedText(findTestObject("Object Repository/Page_Sign-In/input__txtPassword"), "8SQVv/p9jVScEs4/2CZsLw=="): Text ****** has been set on object 'Object Repository/Page_Sign-In/input__txtPassword'

2021-07-15 19:13:16 - [MESSAGE][PASSED] - Text ****** has been set on object 'Object Repository/Page_Sign-In/input__txtPassword'

2021-07-15 19:13:16 - [TEST_STEP][PASSED] - click(findTestObject("Object Repository/Page_Sign-In/button_Sign-In")): Object: 'Object Repository/Page_Sign-In/button_Sign-In' is clicked on

2021-07-15 19:13:17 - [MESSAGE][PASSED] - Object: 'Object Repository/Page_Sign-In/button_Sign-In' is clicked on

2021-07-15 19:13:17 - [TEST_STEP][PASSED] - verifyElementPresent(findTestObject("Object Repository/Page_Sign-In/div_Sign-in Successful You will be redirect_b31683"), 0): Object 'Object Repository/Page_Sign-In/div_Sign-in Successful You will be redirect_b31683' is present

2021-07-15 19:13:17 - [MESSAGE][WARNING] - Timeout '0' is invalid. Using default page load timeout: '30'

2021-07-15 19:13:18 - [MESSAGE][PASSED] - Object 'Object Repository/Page_Sign-In/div_Sign-in Successful You will be redirect_b31683' is present

2021-07-15 19:13:18 - [TEST_STEP][PASSED] - click(findTestObject("Object Repository/Page_Home/a_Portal")): Object: 'Object Repository/Page_Home/a_Portal' is clicked on

2021-07-15 19:13:19 - [MESSAGE][PASSED] - Object: 'Object Repository/Page_Home/a_Portal' is clicked on

2021-07-15 19:13:19 - [TEST_STEP][PASSED] - verifyElementPresent(findTestObject("Object Repository/Page_Tenant Portal/div_Announcements"), 0): Object 'Object Repository/Page_Tenant Portal/div_Announcements' is present

2021-07-15 19:13:19 - [MESSAGE][WARNING] - Timeout '0' is invalid. Using default page load timeout: '30'

2021-07-15 19:13:19 - [MESSAGE][PASSED] - Object 'Object Repository/Page_Tenant Portal/div_Announcements' is present

2021-07-15 19:13:19 - [TEST_STEP][PASSED] - verifyElementPresent(findTestObject("Object Repository/Page_Tenant Portal/div_Schedule Walkthrough"), 0): Object 'Object Repository/Page_Tenant Portal/div_Schedule Walkthrough' is present

2021-07-15 19:13:19 - [MESSAGE][WARNING] - Timeout '0' is invalid. Using default page load timeout: '30'

2021-07-15 19:13:20 - [MESSAGE][PASSED] - Object 'Object Repository/Page_Tenant Portal/div_Schedule Walkthrough' is present

2021-07-15 19:13:20 - [TEST_STEP][PASSED] - verifyElementPresent(findTestObject("Object Repository/Page_Tenant Portal/div_Apply to Rent"), 0): Object 'Object Repository/Page_Tenant Portal/div_Apply to Rent' is present

2021-07-15 19:13:20 - [MESSAGE][WARNING] - Timeout '0' is invalid. Using default page load timeout: '30'

2021-07-15 19:13:20 - [MESSAGE][PASSED] - Object 'Object Repository/Page_Tenant Portal/div_Apply to Rent' is present

2021-07-15 19:13:20 - [TEST_STEP][PASSED] - closeBrowser(): Browser is closed

2021-07-15 19:13:20 - [MESSAGE][PASSED] - Browser is closed]]></system-out>
         <system-err><![CDATA[]]></system-err>
      </testcase>
      <testcase name="Test Cases/Tenant/Tenant View Announcements" time="11.831" classname="Test Cases/Tenant/Tenant View Announcements" status="PASSED">
         <system-out><![CDATA[2021-07-15 19:13:20 - [TEST_CASE][PASSED] - Test Cases/Tenant/Tenant View Announcements: Test Cases/Tenant/Tenant View Announcements

2021-07-15 19:13:20 - [TEST_STEP][PASSED] - openBrowser(""): Browser is opened with url: ''

2021-07-15 19:13:20 - [MESSAGE][INFO] - Starting 'Chrome' driver

2021-07-15 19:13:20 - [MESSAGE][INFO] - Action delay is set to 0 milliseconds

2021-07-15 19:13:21 - [MESSAGE][PASSED] - Browser is opened with url: ''

2021-07-15 19:13:21 - [TEST_STEP][PASSED] - navigateToUrl("https://managing-made-easier.web.app/"): Navigate to 'https://managing-made-easier.web.app/' successfully

2021-07-15 19:13:25 - [MESSAGE][PASSED] - Navigate to 'https://managing-made-easier.web.app/' successfully

2021-07-15 19:13:25 - [TEST_STEP][PASSED] - click(findTestObject("Object Repository/Page_Home/a_Sign-In")): Object: 'Object Repository/Page_Home/a_Sign-In' is clicked on

2021-07-15 19:13:25 - [MESSAGE][PASSED] - Object: 'Object Repository/Page_Home/a_Sign-In' is clicked on

2021-07-15 19:13:25 - [TEST_STEP][PASSED] - setText(findTestObject("Object Repository/Page_Sign-In/input__txtEmail"), "test321@gmail.com"): Text 'test321@gmail.com' is set on object 'Object Repository/Page_Sign-In/input__txtEmail'

2021-07-15 19:13:26 - [MESSAGE][PASSED] - Text 'test321@gmail.com' is set on object 'Object Repository/Page_Sign-In/input__txtEmail'

2021-07-15 19:13:26 - [TEST_STEP][PASSED] - setEncryptedText(findTestObject("Object Repository/Page_Sign-In/input__txtPassword"), "8SQVv/p9jVScEs4/2CZsLw=="): Text ****** has been set on object 'Object Repository/Page_Sign-In/input__txtPassword'

2021-07-15 19:13:27 - [MESSAGE][PASSED] - Text ****** has been set on object 'Object Repository/Page_Sign-In/input__txtPassword'

2021-07-15 19:13:27 - [TEST_STEP][PASSED] - click(findTestObject("Object Repository/Page_Sign-In/button_Sign-In")): Object: 'Object Repository/Page_Sign-In/button_Sign-In' is clicked on

2021-07-15 19:13:27 - [MESSAGE][PASSED] - Object: 'Object Repository/Page_Sign-In/button_Sign-In' is clicked on

2021-07-15 19:13:27 - [TEST_STEP][PASSED] - click(findTestObject("Object Repository/Page_Home/a_Portal")): Object: 'Object Repository/Page_Home/a_Portal' is clicked on

2021-07-15 19:13:29 - [MESSAGE][PASSED] - Object: 'Object Repository/Page_Home/a_Portal' is clicked on

2021-07-15 19:13:29 - [TEST_STEP][PASSED] - click(findTestObject("Object Repository/Page_Home/a_Portal")): Object: 'Object Repository/Page_Home/a_Portal' is clicked on

2021-07-15 19:13:30 - [MESSAGE][PASSED] - Object: 'Object Repository/Page_Home/a_Portal' is clicked on

2021-07-15 19:13:30 - [TEST_STEP][PASSED] - click(findTestObject("Page_Tenant Portal/div_Announcements")): Object: 'Object Repository/Page_Tenant Portal/div_Announcements' is clicked on

2021-07-15 19:13:31 - [MESSAGE][PASSED] - Object: 'Object Repository/Page_Tenant Portal/div_Announcements' is clicked on

2021-07-15 19:13:31 - [TEST_STEP][PASSED] - click(findTestObject("Object Repository/Page_Announcements/button_3")): Object: 'Object Repository/Page_Announcements/button_3' is clicked on

2021-07-15 19:13:31 - [MESSAGE][PASSED] - Object: 'Object Repository/Page_Announcements/button_3' is clicked on

2021-07-15 19:13:31 - [TEST_STEP][PASSED] - click(findTestObject("Object Repository/Page_Announcements/button_3")): Object: 'Object Repository/Page_Announcements/button_3' is clicked on

2021-07-15 19:13:32 - [MESSAGE][PASSED] - Object: 'Object Repository/Page_Announcements/button_3' is clicked on

2021-07-15 19:13:32 - [TEST_STEP][PASSED] - closeBrowser(): Browser is closed

2021-07-15 19:13:32 - [MESSAGE][PASSED] - Browser is closed]]></system-out>
         <system-err><![CDATA[]]></system-err>
      </testcase>
      <testcase name="Test Cases/Sign in" time="6.772" classname="Test Cases/Sign in" status="PASSED">
         <system-out><![CDATA[2021-07-15 19:13:32 - [TEST_CASE][PASSED] - Test Cases/Sign in: Test Cases/Sign in

2021-07-15 19:13:32 - [TEST_STEP][PASSED] - openBrowser(""): Browser is opened with url: ''

2021-07-15 19:13:32 - [MESSAGE][INFO] - Starting 'Chrome' driver

2021-07-15 19:13:32 - [MESSAGE][INFO] - Action delay is set to 0 milliseconds

2021-07-15 19:13:33 - [MESSAGE][PASSED] - Browser is opened with url: ''

2021-07-15 19:13:33 - [TEST_STEP][PASSED] - navigateToUrl("https://managing-made-easier.web.app/"): Navigate to 'https://managing-made-easier.web.app/' successfully

2021-07-15 19:13:34 - [MESSAGE][PASSED] - Navigate to 'https://managing-made-easier.web.app/' successfully

2021-07-15 19:13:34 - [TEST_STEP][PASSED] - click(findTestObject("Object Repository/Page_Home/a_Sign-In")): Object: 'Object Repository/Page_Home/a_Sign-In' is clicked on

2021-07-15 19:13:36 - [MESSAGE][PASSED] - Object: 'Object Repository/Page_Home/a_Sign-In' is clicked on

2021-07-15 19:13:36 - [TEST_STEP][PASSED] - setText(findTestObject("Object Repository/Page_Sign-In/input__txtEmail"), "test123@radford.edu"): Text 'test123@radford.edu' is set on object 'Object Repository/Page_Sign-In/input__txtEmail'

2021-07-15 19:13:37 - [MESSAGE][PASSED] - Text 'test123@radford.edu' is set on object 'Object Repository/Page_Sign-In/input__txtEmail'

2021-07-15 19:13:37 - [TEST_STEP][PASSED] - setEncryptedText(findTestObject("Object Repository/Page_Sign-In/input__txtPassword"), "8SQVv/p9jVScEs4/2CZsLw=="): Text ****** has been set on object 'Object Repository/Page_Sign-In/input__txtPassword'

2021-07-15 19:13:37 - [MESSAGE][PASSED] - Text ****** has been set on object 'Object Repository/Page_Sign-In/input__txtPassword'

2021-07-15 19:13:37 - [TEST_STEP][PASSED] - click(findTestObject("Object Repository/Page_Sign-In/button_Sign-In")): Object: 'Object Repository/Page_Sign-In/button_Sign-In' is clicked on

2021-07-15 19:13:37 - [MESSAGE][PASSED] - Object: 'Object Repository/Page_Sign-In/button_Sign-In' is clicked on

2021-07-15 19:13:37 - [TEST_STEP][PASSED] - verifyElementPresent(findTestObject("Object Repository/Page_Sign-In/div_Sign-in Successful You will be redirect_b31683"), 0): Object 'Object Repository/Page_Sign-In/div_Sign-in Successful You will be redirect_b31683' is present

2021-07-15 19:13:37 - [MESSAGE][WARNING] - Timeout '0' is invalid. Using default page load timeout: '30'

2021-07-15 19:13:39 - [MESSAGE][PASSED] - Object 'Object Repository/Page_Sign-In/div_Sign-in Successful You will be redirect_b31683' is present

2021-07-15 19:13:39 - [TEST_STEP][PASSED] - closeBrowser(): Browser is closed

2021-07-15 19:13:39 - [MESSAGE][PASSED] - Browser is closed]]></system-out>
         <system-err><![CDATA[]]></system-err>
      </testcase>
      <system-out><![CDATA[2021-07-15 19:12:53 - [TEST_SUITE][PASSED] - Tenant without Property: Test Cases/Sign in]]></system-out>
      <system-err><![CDATA[]]></system-err>
   </testsuite>
</testsuites>
