<?xml version="1.0" encoding="UTF-8"?>
<testsuites name="OwnerAddView" time="102.772" tests="6" failures="0" errors="0">
   <testsuite name="OwnerAddView" tests="6" failures="0" errors="0" time="102.772" skipped="0" timestamp="2021-08-04 19:47:52" hostname="mousejarrett - localhost" id="Test Suites/OwnerAddView">
      <properties>
         <property name="deviceName" value=""/>
         <property name="devicePlatform" value=""/>
         <property name="logFolder" value="/Users/mousejarrett/Desktop/SE 2/Managing/ManagingTests/Reports/20210804_194750/OwnerAddView/20210804_194750"/>
         <property name="logFiles" value="/Users/mousejarrett/Desktop/SE 2/Managing/ManagingTests/Reports/20210804_194750/OwnerAddView/20210804_194750/execution0.log"/>
         <property name="attachments" value=""/>
         <property name="hostName" value="mousejarrett - localhost"/>
         <property name="os" value="Mac OS X 64bit"/>
         <property name="katalonVersion" value="8.0.5.208"/>
         <property name="browser" value="Chrome 92.0.4515.131"/>
         <property name="hostAddress" value="127.0.0.1"/>
         <property name="sessionId" value="cda5524e7fd9cb776749ea2ad475c705"/>
         <property name="seleniumVersion" value="3.141.59"/>
         <property name="proxyInformation" value="ProxyInformation { proxyOption=NO_PROXY, proxyServerType=HTTP, username=, password=********, proxyServerAddress=, proxyServerPort=0, executionList=&quot;&quot;, isApplyToDesiredCapabilities=true }"/>
         <property name="platform" value="Mac OS X"/>
      </properties>
      <testcase name="Test Cases/Owner/Add Announcement" time="15.535" classname="Test Cases/Owner/Add Announcement" status="PASSED">
         <system-out><![CDATA[2021-08-04 19:47:53 - [TEST_CASE][PASSED] - Test Cases/Owner/Add Announcement: Test Cases/Owner/Add Announcement

2021-08-04 19:47:53 - [TEST_STEP][PASSED] - openBrowser(""): Browser is opened with url: ''

2021-08-04 19:47:53 - [MESSAGE][INFO] - Starting 'Chrome' driver

2021-08-04 19:47:53 - [MESSAGE][INFO] - Action delay is set to 0 milliseconds

2021-08-04 19:47:55 - [MESSAGE][PASSED] - Browser is opened with url: ''

2021-08-04 19:47:55 - [TEST_STEP][PASSED] - navigateToUrl("https://managing-made-easier.web.app/"): Navigate to 'https://managing-made-easier.web.app/' successfully

2021-08-04 19:47:59 - [MESSAGE][PASSED] - Navigate to 'https://managing-made-easier.web.app/' successfully

2021-08-04 19:47:59 - [TEST_STEP][PASSED] - click(findTestObject("Object Repository/Page_Home/a_Sign-In")): Object: 'Object Repository/Page_Home/a_Sign-In' is clicked on

2021-08-04 19:48:00 - [MESSAGE][PASSED] - Object: 'Object Repository/Page_Home/a_Sign-In' is clicked on

2021-08-04 19:48:00 - [TEST_STEP][PASSED] - setText(findTestObject("Object Repository/Page_Sign-In/input__txtEmail"), "owner@radford.edu"): Text 'owner@radford.edu' is set on object 'Object Repository/Page_Sign-In/input__txtEmail'

2021-08-04 19:48:01 - [MESSAGE][PASSED] - Text 'owner@radford.edu' is set on object 'Object Repository/Page_Sign-In/input__txtEmail'

2021-08-04 19:48:01 - [TEST_STEP][PASSED] - setEncryptedText(findTestObject("Object Repository/Page_Sign-In/input__txtPassword"), "8SQVv/p9jVScEs4/2CZsLw=="): Text ****** has been set on object 'Object Repository/Page_Sign-In/input__txtPassword'

2021-08-04 19:48:01 - [MESSAGE][PASSED] - Text ****** has been set on object 'Object Repository/Page_Sign-In/input__txtPassword'

2021-08-04 19:48:01 - [TEST_STEP][PASSED] - click(findTestObject("Object Repository/Page_Sign-In/button_Sign-In")): Object: 'Object Repository/Page_Sign-In/button_Sign-In' is clicked on

2021-08-04 19:48:01 - [MESSAGE][PASSED] - Object: 'Object Repository/Page_Sign-In/button_Sign-In' is clicked on

2021-08-04 19:48:01 - [TEST_STEP][PASSED] - click(findTestObject("Object Repository/Page_Home/a_Portal")): Object: 'Object Repository/Page_Home/a_Portal' is clicked on

2021-08-04 19:48:03 - [MESSAGE][PASSED] - Object: 'Object Repository/Page_Home/a_Portal' is clicked on

2021-08-04 19:48:03 - [TEST_STEP][PASSED] - click(findTestObject("Object Repository/Page_Owner Portal/h4_Add an Announcement")): Object: 'Object Repository/Page_Owner Portal/h4_Add an Announcement' is clicked on

2021-08-04 19:48:04 - [MESSAGE][PASSED] - Object: 'Object Repository/Page_Owner Portal/h4_Add an Announcement' is clicked on

2021-08-04 19:48:04 - [TEST_STEP][PASSED] - setText(findTestObject("Object Repository/Page_Add Announcement/input_Add an Announcement_title"), "Katalon test"): Text 'Katalon test' is set on object 'Object Repository/Page_Add Announcement/input_Add an Announcement_title'

2021-08-04 19:48:05 - [MESSAGE][PASSED] - Text 'Katalon test' is set on object 'Object Repository/Page_Add Announcement/input_Add an Announcement_title'

2021-08-04 19:48:05 - [TEST_STEP][PASSED] - setText(findTestObject("Object Repository/Page_Add Announcement/textarea_Add an Announcement_announcement"), "Katalon test"): Text 'Katalon test' is set on object 'Object Repository/Page_Add Announcement/textarea_Add an Announcement_announcement'

2021-08-04 19:48:06 - [MESSAGE][PASSED] - Text 'Katalon test' is set on object 'Object Repository/Page_Add Announcement/textarea_Add an Announcement_announcement'

2021-08-04 19:48:06 - [TEST_STEP][PASSED] - click(findTestObject("Object Repository/Page_Add Announcement/button_Add Announcement")): Object: 'Object Repository/Page_Add Announcement/button_Add Announcement' is clicked on

2021-08-04 19:48:06 - [MESSAGE][PASSED] - Object: 'Object Repository/Page_Add Announcement/button_Add Announcement' is clicked on

2021-08-04 19:48:06 - [TEST_STEP][PASSED] - waitForElementPresent(findTestObject("Page_Announcements/button_Katalon Test"), 0): Object 'Object Repository/Page_Announcements/button_Katalon Test' is present

2021-08-04 19:48:06 - [MESSAGE][WARNING] - Timeout '0' is invalid. Using default page load timeout: '30'

2021-08-04 19:48:08 - [MESSAGE][PASSED] - Object 'Object Repository/Page_Announcements/button_Katalon Test' is present

2021-08-04 19:48:08 - [TEST_STEP][PASSED] - closeBrowser(): Browser is closed

2021-08-04 19:48:08 - [MESSAGE][PASSED] - Browser is closed]]></system-out>
         <system-err><![CDATA[]]></system-err>
      </testcase>
      <testcase name="Test Cases/Owner/Add Fees" time="10.235" classname="Test Cases/Owner/Add Fees" status="PASSED">
         <system-out><![CDATA[2021-08-04 19:48:08 - [TEST_CASE][PASSED] - Test Cases/Owner/Add Fees: Test Cases/Owner/Add Fees

2021-08-04 19:48:08 - [TEST_STEP][PASSED] - openBrowser(""): Browser is opened with url: ''

2021-08-04 19:48:08 - [MESSAGE][INFO] - Starting 'Chrome' driver

2021-08-04 19:48:08 - [MESSAGE][INFO] - Action delay is set to 0 milliseconds

2021-08-04 19:48:09 - [MESSAGE][PASSED] - Browser is opened with url: ''

2021-08-04 19:48:09 - [TEST_STEP][PASSED] - navigateToUrl("https://managing-made-easier.web.app/"): Navigate to 'https://managing-made-easier.web.app/' successfully

2021-08-04 19:48:12 - [MESSAGE][PASSED] - Navigate to 'https://managing-made-easier.web.app/' successfully

2021-08-04 19:48:12 - [TEST_STEP][PASSED] - click(findTestObject("Object Repository/Page_Home/a_Sign-In")): Object: 'Object Repository/Page_Home/a_Sign-In' is clicked on

2021-08-04 19:48:12 - [MESSAGE][PASSED] - Object: 'Object Repository/Page_Home/a_Sign-In' is clicked on

2021-08-04 19:48:12 - [TEST_STEP][PASSED] - setText(findTestObject("Object Repository/Page_Sign-In/input__txtEmail"), "owner@radford.edu"): Text 'owner@radford.edu' is set on object 'Object Repository/Page_Sign-In/input__txtEmail'

2021-08-04 19:48:13 - [MESSAGE][PASSED] - Text 'owner@radford.edu' is set on object 'Object Repository/Page_Sign-In/input__txtEmail'

2021-08-04 19:48:13 - [TEST_STEP][PASSED] - setEncryptedText(findTestObject("Object Repository/Page_Sign-In/input__txtPassword"), "8SQVv/p9jVScEs4/2CZsLw=="): Text ****** has been set on object 'Object Repository/Page_Sign-In/input__txtPassword'

2021-08-04 19:48:14 - [MESSAGE][PASSED] - Text ****** has been set on object 'Object Repository/Page_Sign-In/input__txtPassword'

2021-08-04 19:48:14 - [TEST_STEP][PASSED] - sendKeys(findTestObject("Object Repository/Page_Sign-In/input__txtPassword"), Keys.chord(ENTER)): Keys 'ENTER + ' sent to object: 'Object Repository/Page_Sign-In/input__txtPassword'

2021-08-04 19:48:14 - [MESSAGE][PASSED] - Keys 'ENTER + ' sent to object: 'Object Repository/Page_Sign-In/input__txtPassword'

2021-08-04 19:48:14 - [TEST_STEP][PASSED] - click(findTestObject("Object Repository/Page_Home/a_Portal")): Object: 'Object Repository/Page_Home/a_Portal' is clicked on

2021-08-04 19:48:16 - [MESSAGE][PASSED] - Object: 'Object Repository/Page_Home/a_Portal' is clicked on

2021-08-04 19:48:16 - [TEST_STEP][PASSED] - click(findTestObject("Object Repository/Page_Owner Portal/h4_Add Fees")): Object: 'Object Repository/Page_Owner Portal/h4_Add Fees' is clicked on

2021-08-04 19:48:17 - [MESSAGE][PASSED] - Object: 'Object Repository/Page_Owner Portal/h4_Add Fees' is clicked on

2021-08-04 19:48:17 - [TEST_STEP][PASSED] - click(findTestObject("Object Repository/Page_Add Additional Fees/button_Add Fee")): Object: 'Object Repository/Page_Add Additional Fees/button_Add Fee' is clicked on

2021-08-04 19:48:18 - [MESSAGE][PASSED] - Object: 'Object Repository/Page_Add Additional Fees/button_Add Fee' is clicked on

2021-08-04 19:48:18 - [TEST_STEP][PASSED] - closeBrowser(): Browser is closed

2021-08-04 19:48:18 - [MESSAGE][PASSED] - Browser is closed]]></system-out>
         <system-err><![CDATA[]]></system-err>
      </testcase>
      <testcase name="Test Cases/Owner/Add listing" time="24.255" classname="Test Cases/Owner/Add listing" status="PASSED">
         <system-out><![CDATA[2021-08-04 19:48:18 - [TEST_CASE][PASSED] - Test Cases/Owner/Add listing: Test Cases/Owner/Add listing

2021-08-04 19:48:19 - [TEST_STEP][PASSED] - openBrowser(""): Browser is opened with url: ''

2021-08-04 19:48:19 - [MESSAGE][INFO] - Starting 'Chrome' driver

2021-08-04 19:48:19 - [MESSAGE][INFO] - Action delay is set to 0 milliseconds

2021-08-04 19:48:19 - [MESSAGE][PASSED] - Browser is opened with url: ''

2021-08-04 19:48:19 - [TEST_STEP][PASSED] - navigateToUrl("https://managing-made-easier.web.app/"): Navigate to 'https://managing-made-easier.web.app/' successfully

2021-08-04 19:48:22 - [MESSAGE][PASSED] - Navigate to 'https://managing-made-easier.web.app/' successfully

2021-08-04 19:48:22 - [TEST_STEP][PASSED] - click(findTestObject("Object Repository/Page_Home/a_Sign-In")): Object: 'Object Repository/Page_Home/a_Sign-In' is clicked on

2021-08-04 19:48:23 - [MESSAGE][PASSED] - Object: 'Object Repository/Page_Home/a_Sign-In' is clicked on

2021-08-04 19:48:23 - [TEST_STEP][PASSED] - setText(findTestObject("Object Repository/Page_Sign-In/input__txtEmail"), "owner@radford.edu"): Text 'owner@radford.edu' is set on object 'Object Repository/Page_Sign-In/input__txtEmail'

2021-08-04 19:48:24 - [MESSAGE][PASSED] - Text 'owner@radford.edu' is set on object 'Object Repository/Page_Sign-In/input__txtEmail'

2021-08-04 19:48:24 - [TEST_STEP][PASSED] - setEncryptedText(findTestObject("Object Repository/Page_Sign-In/input__txtPassword"), "p4y+y39Ir5MSxNs1t5lTZQ=="): Text ****** has been set on object 'Object Repository/Page_Sign-In/input__txtPassword'

2021-08-04 19:48:25 - [MESSAGE][PASSED] - Text ****** has been set on object 'Object Repository/Page_Sign-In/input__txtPassword'

2021-08-04 19:48:25 - [TEST_STEP][PASSED] - click(findTestObject("Object Repository/Page_Sign-In/button_Sign-In")): Object: 'Object Repository/Page_Sign-In/button_Sign-In' is clicked on

2021-08-04 19:48:25 - [MESSAGE][PASSED] - Object: 'Object Repository/Page_Sign-In/button_Sign-In' is clicked on

2021-08-04 19:48:25 - [TEST_STEP][PASSED] - click(findTestObject("Object Repository/Page_Sign-In/div_Email Password Sign-In Remember meForgo_94f557")): Object: 'Object Repository/Page_Sign-In/div_Email Password Sign-In Remember meForgo_94f557' is clicked on

2021-08-04 19:48:26 - [MESSAGE][PASSED] - Object: 'Object Repository/Page_Sign-In/div_Email Password Sign-In Remember meForgo_94f557' is clicked on

2021-08-04 19:48:26 - [TEST_STEP][PASSED] - setEncryptedText(findTestObject("Object Repository/Page_Sign-In/input__txtPassword"), "8SQVv/p9jVScEs4/2CZsLw=="): Text ****** has been set on object 'Object Repository/Page_Sign-In/input__txtPassword'

2021-08-04 19:48:26 - [MESSAGE][PASSED] - Text ****** has been set on object 'Object Repository/Page_Sign-In/input__txtPassword'

2021-08-04 19:48:26 - [TEST_STEP][PASSED] - click(findTestObject("Object Repository/Page_Sign-In/button_Sign-In")): Object: 'Object Repository/Page_Sign-In/button_Sign-In' is clicked on

2021-08-04 19:48:27 - [MESSAGE][PASSED] - Object: 'Object Repository/Page_Sign-In/button_Sign-In' is clicked on

2021-08-04 19:48:27 - [TEST_STEP][PASSED] - closeBrowser(): Browser is closed

2021-08-04 19:48:27 - [MESSAGE][PASSED] - Browser is closed

2021-08-04 19:48:27 - [TEST_STEP][PASSED] - openBrowser(""): Browser is opened with url: ''

2021-08-04 19:48:27 - [MESSAGE][INFO] - Starting 'Chrome' driver

2021-08-04 19:48:27 - [MESSAGE][INFO] - Action delay is set to 0 milliseconds

2021-08-04 19:48:28 - [MESSAGE][PASSED] - Browser is opened with url: ''

2021-08-04 19:48:28 - [TEST_STEP][PASSED] - navigateToUrl("https://managing-made-easier.web.app/"): Navigate to 'https://managing-made-easier.web.app/' successfully

2021-08-04 19:48:30 - [MESSAGE][PASSED] - Navigate to 'https://managing-made-easier.web.app/' successfully

2021-08-04 19:48:30 - [TEST_STEP][PASSED] - click(findTestObject("Object Repository/Page_Home/a_Sign-In")): Object: 'Object Repository/Page_Home/a_Sign-In' is clicked on

2021-08-04 19:48:31 - [MESSAGE][PASSED] - Object: 'Object Repository/Page_Home/a_Sign-In' is clicked on

2021-08-04 19:48:31 - [TEST_STEP][PASSED] - setText(findTestObject("Object Repository/Page_Sign-In/input__txtEmail"), "owner@radford.edu"): Text 'owner@radford.edu' is set on object 'Object Repository/Page_Sign-In/input__txtEmail'

2021-08-04 19:48:32 - [MESSAGE][PASSED] - Text 'owner@radford.edu' is set on object 'Object Repository/Page_Sign-In/input__txtEmail'

2021-08-04 19:48:32 - [TEST_STEP][PASSED] - setEncryptedText(findTestObject("Object Repository/Page_Sign-In/input__txtPassword"), "8SQVv/p9jVScEs4/2CZsLw=="): Text ****** has been set on object 'Object Repository/Page_Sign-In/input__txtPassword'

2021-08-04 19:48:32 - [MESSAGE][PASSED] - Text ****** has been set on object 'Object Repository/Page_Sign-In/input__txtPassword'

2021-08-04 19:48:32 - [TEST_STEP][PASSED] - sendKeys(findTestObject("Object Repository/Page_Sign-In/input__txtPassword"), Keys.chord(ENTER)): Keys 'ENTER + ' sent to object: 'Object Repository/Page_Sign-In/input__txtPassword'

2021-08-04 19:48:33 - [MESSAGE][PASSED] - Keys 'ENTER + ' sent to object: 'Object Repository/Page_Sign-In/input__txtPassword'

2021-08-04 19:48:33 - [TEST_STEP][PASSED] - click(findTestObject("Object Repository/Page_Home/a_Portal")): Object: 'Object Repository/Page_Home/a_Portal' is clicked on

2021-08-04 19:48:34 - [MESSAGE][PASSED] - Object: 'Object Repository/Page_Home/a_Portal' is clicked on

2021-08-04 19:48:34 - [TEST_STEP][PASSED] - click(findTestObject("Object Repository/Page_Owner Portal/h4_Add a Listing")): Object: 'Object Repository/Page_Owner Portal/h4_Add a Listing' is clicked on

2021-08-04 19:48:36 - [MESSAGE][PASSED] - Object: 'Object Repository/Page_Owner Portal/h4_Add a Listing' is clicked on

2021-08-04 19:48:36 - [TEST_STEP][PASSED] - setText(findTestObject("Object Repository/Page_Add Listing/input_Add a Listing_address"), "Katalon Test"): Text 'Katalon Test' is set on object 'Object Repository/Page_Add Listing/input_Add a Listing_address'

2021-08-04 19:48:38 - [MESSAGE][PASSED] - Text 'Katalon Test' is set on object 'Object Repository/Page_Add Listing/input_Add a Listing_address'

2021-08-04 19:48:38 - [TEST_STEP][PASSED] - click(findTestObject("Object Repository/Page_Add Listing/input_Add a Listing_type")): Object: 'Object Repository/Page_Add Listing/input_Add a Listing_type' is clicked on

2021-08-04 19:48:38 - [MESSAGE][PASSED] - Object: 'Object Repository/Page_Add Listing/input_Add a Listing_type' is clicked on

2021-08-04 19:48:38 - [TEST_STEP][PASSED] - setText(findTestObject("Object Repository/Page_Add Listing/input_Apartment_rent"), "500"): Text '500' is set on object 'Object Repository/Page_Add Listing/input_Apartment_rent'

2021-08-04 19:48:39 - [MESSAGE][PASSED] - Text '500' is set on object 'Object Repository/Page_Add Listing/input_Apartment_rent'

2021-08-04 19:48:39 - [TEST_STEP][PASSED] - setText(findTestObject("Object Repository/Page_Add Listing/input_Apartment_bedrooms"), "4"): Text '4' is set on object 'Object Repository/Page_Add Listing/input_Apartment_bedrooms'

2021-08-04 19:48:39 - [MESSAGE][PASSED] - Text '4' is set on object 'Object Repository/Page_Add Listing/input_Apartment_bedrooms'

2021-08-04 19:48:39 - [TEST_STEP][PASSED] - setText(findTestObject("Object Repository/Page_Add Listing/input_Apartment_damage"), "300"): Text '300' is set on object 'Object Repository/Page_Add Listing/input_Apartment_damage'

2021-08-04 19:48:40 - [MESSAGE][PASSED] - Text '300' is set on object 'Object Repository/Page_Add Listing/input_Apartment_damage'

2021-08-04 19:48:40 - [TEST_STEP][PASSED] - setText(findTestObject("Object Repository/Page_Add Listing/textarea_Apartment_utilities"), "test"): Text 'test' is set on object 'Object Repository/Page_Add Listing/textarea_Apartment_utilities'

2021-08-04 19:48:40 - [MESSAGE][PASSED] - Text 'test' is set on object 'Object Repository/Page_Add Listing/textarea_Apartment_utilities'

2021-08-04 19:48:40 - [TEST_STEP][PASSED] - setText(findTestObject("Object Repository/Page_Add Listing/textarea_Apartment_parking"), "test"): Text 'test' is set on object 'Object Repository/Page_Add Listing/textarea_Apartment_parking'

2021-08-04 19:48:41 - [MESSAGE][PASSED] - Text 'test' is set on object 'Object Repository/Page_Add Listing/textarea_Apartment_parking'

2021-08-04 19:48:41 - [TEST_STEP][PASSED] - setText(findTestObject("Object Repository/Page_Add Listing/textarea_Apartment_internet"), "test"): Text 'test' is set on object 'Object Repository/Page_Add Listing/textarea_Apartment_internet'

2021-08-04 19:48:42 - [MESSAGE][PASSED] - Text 'test' is set on object 'Object Repository/Page_Add Listing/textarea_Apartment_internet'

2021-08-04 19:48:42 - [TEST_STEP][PASSED] - setText(findTestObject("Object Repository/Page_Add Listing/textarea_Apartment_description"), "This is a katalon test, disregard the listing."): Text 'This is a katalon test, disregard the listing.' is set on object 'Object Repository/Page_Add Listing/textarea_Apartment_description'

2021-08-04 19:48:42 - [MESSAGE][PASSED] - Text 'This is a katalon test, disregard the listing.' is set on object 'Object Repository/Page_Add Listing/textarea_Apartment_description'

2021-08-04 19:48:42 - [TEST_STEP][PASSED] - closeBrowser(): Browser is closed

2021-08-04 19:48:43 - [MESSAGE][PASSED] - Browser is closed]]></system-out>
         <system-err><![CDATA[]]></system-err>
      </testcase>
      <testcase name="Test Cases/Owner/View Announcements" time="27.746" classname="Test Cases/Owner/View Announcements" status="PASSED">
         <system-out><![CDATA[2021-08-04 19:48:43 - [TEST_CASE][PASSED] - Test Cases/Owner/View Announcements: Test Cases/Owner/View Announcements

2021-08-04 19:48:43 - [TEST_STEP][PASSED] - openBrowser(""): Browser is opened with url: ''

2021-08-04 19:48:43 - [MESSAGE][INFO] - Starting 'Chrome' driver

2021-08-04 19:48:43 - [MESSAGE][INFO] - Action delay is set to 0 milliseconds

2021-08-04 19:48:44 - [MESSAGE][PASSED] - Browser is opened with url: ''

2021-08-04 19:48:44 - [TEST_STEP][PASSED] - navigateToUrl("https://managing-made-easier.web.app/"): Navigate to 'https://managing-made-easier.web.app/' successfully

2021-08-04 19:48:49 - [MESSAGE][PASSED] - Navigate to 'https://managing-made-easier.web.app/' successfully

2021-08-04 19:48:49 - [TEST_STEP][PASSED] - click(findTestObject("Object Repository/Page_Home/a_Sign-In")): Object: 'Object Repository/Page_Home/a_Sign-In' is clicked on

2021-08-04 19:48:50 - [MESSAGE][PASSED] - Object: 'Object Repository/Page_Home/a_Sign-In' is clicked on

2021-08-04 19:48:50 - [TEST_STEP][PASSED] - setText(findTestObject("Object Repository/Page_Sign-In/input__txtEmail"), "owner@radford.edu"): Text 'owner@radford.edu' is set on object 'Object Repository/Page_Sign-In/input__txtEmail'

2021-08-04 19:48:54 - [MESSAGE][PASSED] - Text 'owner@radford.edu' is set on object 'Object Repository/Page_Sign-In/input__txtEmail'

2021-08-04 19:48:54 - [TEST_STEP][PASSED] - setEncryptedText(findTestObject("Object Repository/Page_Sign-In/input__txtPassword"), "8SQVv/p9jVScEs4/2CZsLw=="): Text ****** has been set on object 'Object Repository/Page_Sign-In/input__txtPassword'

2021-08-04 19:48:56 - [MESSAGE][PASSED] - Text ****** has been set on object 'Object Repository/Page_Sign-In/input__txtPassword'

2021-08-04 19:48:56 - [TEST_STEP][PASSED] - sendKeys(findTestObject("Object Repository/Page_Sign-In/input__txtPassword"), Keys.chord(ENTER)): Keys 'ENTER + ' sent to object: 'Object Repository/Page_Sign-In/input__txtPassword'

2021-08-04 19:48:58 - [MESSAGE][PASSED] - Keys 'ENTER + ' sent to object: 'Object Repository/Page_Sign-In/input__txtPassword'

2021-08-04 19:48:58 - [TEST_STEP][PASSED] - click(findTestObject("Object Repository/Page_Sign-In/div_Sign-in Successful You will be redirect_b31683")): Object: 'Object Repository/Page_Sign-In/div_Sign-in Successful You will be redirect_b31683' is clicked on

2021-08-04 19:49:00 - [MESSAGE][PASSED] - Object: 'Object Repository/Page_Sign-In/div_Sign-in Successful You will be redirect_b31683' is clicked on

2021-08-04 19:49:00 - [TEST_STEP][PASSED] - click(findTestObject("Object Repository/Page_Home/a_Portal")): Object: 'Object Repository/Page_Home/a_Portal' is clicked on

2021-08-04 19:49:04 - [MESSAGE][PASSED] - Object: 'Object Repository/Page_Home/a_Portal' is clicked on

2021-08-04 19:49:04 - [TEST_STEP][PASSED] - click(findTestObject("Object Repository/Page_Owner Portal/h4_View Announcements")): Object: 'Object Repository/Page_Owner Portal/h4_View Announcements' is clicked on

2021-08-04 19:49:06 - [MESSAGE][PASSED] - Object: 'Object Repository/Page_Owner Portal/h4_View Announcements' is clicked on

2021-08-04 19:49:06 - [TEST_STEP][PASSED] - click(findTestObject("Object Repository/Page_Announcements/button_3")): Object: 'Object Repository/Page_Announcements/button_3' is clicked on

2021-08-04 19:49:08 - [MESSAGE][PASSED] - Object: 'Object Repository/Page_Announcements/button_3' is clicked on

2021-08-04 19:49:08 - [TEST_STEP][PASSED] - click(findTestObject("Object Repository/Page_Announcements/button_Katalon Test")): Object: 'Object Repository/Page_Announcements/button_Katalon Test' is clicked on

2021-08-04 19:49:10 - [MESSAGE][PASSED] - Object: 'Object Repository/Page_Announcements/button_Katalon Test' is clicked on

2021-08-04 19:49:10 - [TEST_STEP][PASSED] - closeBrowser(): Browser is closed

2021-08-04 19:49:10 - [MESSAGE][PASSED] - Browser is closed]]></system-out>
         <system-err><![CDATA[]]></system-err>
      </testcase>
      <testcase name="Test Cases/Owner/View Fees" time="13.55" classname="Test Cases/Owner/View Fees" status="PASSED">
         <system-out><![CDATA[2021-08-04 19:49:10 - [TEST_CASE][PASSED] - Test Cases/Owner/View Fees: Test Cases/Owner/View Fees

2021-08-04 19:49:11 - [TEST_STEP][PASSED] - openBrowser(""): Browser is opened with url: ''

2021-08-04 19:49:11 - [MESSAGE][INFO] - Starting 'Chrome' driver

2021-08-04 19:49:11 - [MESSAGE][INFO] - Action delay is set to 0 milliseconds

2021-08-04 19:49:12 - [MESSAGE][PASSED] - Browser is opened with url: ''

2021-08-04 19:49:12 - [TEST_STEP][PASSED] - navigateToUrl("https://managing-made-easier.web.app/"): Navigate to 'https://managing-made-easier.web.app/' successfully

2021-08-04 19:49:15 - [MESSAGE][PASSED] - Navigate to 'https://managing-made-easier.web.app/' successfully

2021-08-04 19:49:15 - [TEST_STEP][PASSED] - click(findTestObject("Object Repository/Page_Home/a_Sign-In")): Object: 'Object Repository/Page_Home/a_Sign-In' is clicked on

2021-08-04 19:49:17 - [MESSAGE][PASSED] - Object: 'Object Repository/Page_Home/a_Sign-In' is clicked on

2021-08-04 19:49:17 - [TEST_STEP][PASSED] - setText(findTestObject("Object Repository/Page_Sign-In/input__txtEmail"), "owner@radford.edu"): Text 'owner@radford.edu' is set on object 'Object Repository/Page_Sign-In/input__txtEmail'

2021-08-04 19:49:18 - [MESSAGE][PASSED] - Text 'owner@radford.edu' is set on object 'Object Repository/Page_Sign-In/input__txtEmail'

2021-08-04 19:49:18 - [TEST_STEP][PASSED] - setEncryptedText(findTestObject("Object Repository/Page_Sign-In/input__txtPassword"), "8SQVv/p9jVScEs4/2CZsLw=="): Text ****** has been set on object 'Object Repository/Page_Sign-In/input__txtPassword'

2021-08-04 19:49:19 - [MESSAGE][PASSED] - Text ****** has been set on object 'Object Repository/Page_Sign-In/input__txtPassword'

2021-08-04 19:49:19 - [TEST_STEP][PASSED] - click(findTestObject("Object Repository/Page_Sign-In/button_Sign-In")): Object: 'Object Repository/Page_Sign-In/button_Sign-In' is clicked on

2021-08-04 19:49:19 - [MESSAGE][PASSED] - Object: 'Object Repository/Page_Sign-In/button_Sign-In' is clicked on

2021-08-04 19:49:19 - [TEST_STEP][PASSED] - click(findTestObject("Object Repository/Page_Home/a_Portal")): Object: 'Object Repository/Page_Home/a_Portal' is clicked on

2021-08-04 19:49:20 - [MESSAGE][PASSED] - Object: 'Object Repository/Page_Home/a_Portal' is clicked on

2021-08-04 19:49:20 - [TEST_STEP][PASSED] - click(findTestObject("Object Repository/Page_Owner Portal/h4_ViewDelete Fees")): Object: 'Object Repository/Page_Owner Portal/h4_ViewDelete Fees' is clicked on

2021-08-04 19:49:21 - [MESSAGE][PASSED] - Object: 'Object Repository/Page_Owner Portal/h4_ViewDelete Fees' is clicked on

2021-08-04 19:49:21 - [TEST_STEP][PASSED] - click(findTestObject("Object Repository/Page_ViewDelete Fees/h2_nstoryradford.edu")): Object: 'Object Repository/Page_ViewDelete Fees/h2_nstoryradford.edu' is clicked on

2021-08-04 19:49:23 - [MESSAGE][PASSED] - Object: 'Object Repository/Page_ViewDelete Fees/h2_nstoryradford.edu' is clicked on

2021-08-04 19:49:23 - [TEST_STEP][PASSED] - click(findTestObject("Object Repository/Page_ViewDelete Fees/div_nstoryradford.edu100  DamageDate Added _76da0f")): Object: 'Object Repository/Page_ViewDelete Fees/div_nstoryradford.edu100  DamageDate Added _76da0f' is clicked on

2021-08-04 19:49:23 - [MESSAGE][PASSED] - Object: 'Object Repository/Page_ViewDelete Fees/div_nstoryradford.edu100  DamageDate Added _76da0f' is clicked on

2021-08-04 19:49:23 - [TEST_STEP][PASSED] - click(findTestObject("Object Repository/Page_ViewDelete Fees/button_100  Damage")): Object: 'Object Repository/Page_ViewDelete Fees/button_100  Damage' is clicked on

2021-08-04 19:49:23 - [MESSAGE][PASSED] - Object: 'Object Repository/Page_ViewDelete Fees/button_100  Damage' is clicked on

2021-08-04 19:49:23 - [TEST_STEP][PASSED] - click(findTestObject("Object Repository/Page_ViewDelete Fees/div_Date Added Thu Mar 18 2021Date Paid Thu_83a304")): Object: 'Object Repository/Page_ViewDelete Fees/div_Date Added Thu Mar 18 2021Date Paid Thu_83a304' is clicked on

2021-08-04 19:49:24 - [MESSAGE][PASSED] - Object: 'Object Repository/Page_ViewDelete Fees/div_Date Added Thu Mar 18 2021Date Paid Thu_83a304' is clicked on

2021-08-04 19:49:24 - [TEST_STEP][PASSED] - closeBrowser(): Browser is closed

2021-08-04 19:49:24 - [MESSAGE][PASSED] - Browser is closed]]></system-out>
         <system-err><![CDATA[]]></system-err>
      </testcase>
      <testcase name="Test Cases/Owner/View Walkthrough Calendar" time="10.76" classname="Test Cases/Owner/View Walkthrough Calendar" status="PASSED">
         <system-out><![CDATA[2021-08-04 19:49:24 - [TEST_CASE][PASSED] - Test Cases/Owner/View Walkthrough Calendar: Test Cases/Owner/View Walkthrough Calendar

2021-08-04 19:49:24 - [TEST_STEP][PASSED] - openBrowser(""): Browser is opened with url: ''

2021-08-04 19:49:24 - [MESSAGE][INFO] - Starting 'Chrome' driver

2021-08-04 19:49:24 - [MESSAGE][INFO] - Action delay is set to 0 milliseconds

2021-08-04 19:49:25 - [MESSAGE][PASSED] - Browser is opened with url: ''

2021-08-04 19:49:25 - [TEST_STEP][PASSED] - navigateToUrl("https://managing-made-easier.web.app/"): Navigate to 'https://managing-made-easier.web.app/' successfully

2021-08-04 19:49:27 - [MESSAGE][PASSED] - Navigate to 'https://managing-made-easier.web.app/' successfully

2021-08-04 19:49:27 - [TEST_STEP][PASSED] - click(findTestObject("Object Repository/Page_Home/a_Sign-In")): Object: 'Object Repository/Page_Home/a_Sign-In' is clicked on

2021-08-04 19:49:28 - [MESSAGE][PASSED] - Object: 'Object Repository/Page_Home/a_Sign-In' is clicked on

2021-08-04 19:49:28 - [TEST_STEP][PASSED] - setText(findTestObject("Object Repository/Page_Sign-In/input__txtEmail"), "owner@radford.edu"): Text 'owner@radford.edu' is set on object 'Object Repository/Page_Sign-In/input__txtEmail'

2021-08-04 19:49:29 - [MESSAGE][PASSED] - Text 'owner@radford.edu' is set on object 'Object Repository/Page_Sign-In/input__txtEmail'

2021-08-04 19:49:29 - [TEST_STEP][PASSED] - setEncryptedText(findTestObject("Object Repository/Page_Sign-In/input__txtPassword"), "8SQVv/p9jVScEs4/2CZsLw=="): Text ****** has been set on object 'Object Repository/Page_Sign-In/input__txtPassword'

2021-08-04 19:49:29 - [MESSAGE][PASSED] - Text ****** has been set on object 'Object Repository/Page_Sign-In/input__txtPassword'

2021-08-04 19:49:29 - [TEST_STEP][PASSED] - click(findTestObject("Object Repository/Page_Sign-In/button_Sign-In")): Object: 'Object Repository/Page_Sign-In/button_Sign-In' is clicked on

2021-08-04 19:49:30 - [MESSAGE][PASSED] - Object: 'Object Repository/Page_Sign-In/button_Sign-In' is clicked on

2021-08-04 19:49:30 - [TEST_STEP][PASSED] - click(findTestObject("Object Repository/Page_Home/a_Portal")): Object: 'Object Repository/Page_Home/a_Portal' is clicked on

2021-08-04 19:49:31 - [MESSAGE][PASSED] - Object: 'Object Repository/Page_Home/a_Portal' is clicked on

2021-08-04 19:49:31 - [TEST_STEP][PASSED] - click(findTestObject("Object Repository/Page_Owner Portal/h4_View Walkthrough Calendar")): Object: 'Object Repository/Page_Owner Portal/h4_View Walkthrough Calendar' is clicked on

2021-08-04 19:49:33 - [MESSAGE][PASSED] - Object: 'Object Repository/Page_Owner Portal/h4_View Walkthrough Calendar' is clicked on

2021-08-04 19:49:33 - [TEST_STEP][PASSED] - click(findTestObject("Object Repository/Page_Calendar/h1_Calendar")): Object: 'Object Repository/Page_Calendar/h1_Calendar' is clicked on

2021-08-04 19:49:34 - [MESSAGE][PASSED] - Object: 'Object Repository/Page_Calendar/h1_Calendar' is clicked on

2021-08-04 19:49:34 - [TEST_STEP][PASSED] - click(findTestObject("Object Repository/Page_Calendar/td_")): Object: 'Object Repository/Page_Calendar/td_' is clicked on

2021-08-04 19:49:34 - [MESSAGE][PASSED] - Object: 'Object Repository/Page_Calendar/td_' is clicked on

2021-08-04 19:49:34 - [TEST_STEP][PASSED] - closeBrowser(): Browser is closed

2021-08-04 19:49:35 - [MESSAGE][PASSED] - Browser is closed]]></system-out>
         <system-err><![CDATA[]]></system-err>
      </testcase>
      <system-out><![CDATA[2021-08-04 19:47:52 - [TEST_SUITE][PASSED] - OwnerAddView: Test Cases/Owner/View Walkthrough Calendar]]></system-out>
      <system-err><![CDATA[]]></system-err>
   </testsuite>
</testsuites>
