<?xml version="1.0" encoding="UTF-8"?>
<testsuites name="Tenant without Property" time="66.225" tests="5" failures="0" errors="0">
   <testsuite name="Tenant without Property" tests="5" failures="0" errors="0" time="66.225" skipped="0" timestamp="2021-09-06 13:07:17" hostname="mousejarrett - 192.168.1.16" id="Test Suites/Tenant without Property">
      <properties>
         <property name="deviceName" value=""/>
         <property name="devicePlatform" value=""/>
         <property name="logFolder" value="/Users/mousejarrett/Desktop/SE 2/Managing/ManagingTests/Reports/20210906_130714/Tenant without Property/20210906_130715"/>
         <property name="logFiles" value="/Users/mousejarrett/Desktop/SE 2/Managing/ManagingTests/Reports/20210906_130714/Tenant without Property/20210906_130715/execution0.log"/>
         <property name="attachments" value=""/>
         <property name="hostName" value="mousejarrett - 192.168.1.16"/>
         <property name="os" value="Mac OS X 64bit"/>
         <property name="katalonVersion" value="8.1.0.208"/>
         <property name="browser" value="Chrome 92.0.4515.159"/>
         <property name="hostAddress" value="192.168.1.16"/>
         <property name="sessionId" value="b7396df2f8ec6b9fb7aab57a0561e69d"/>
         <property name="seleniumVersion" value="3.141.59"/>
         <property name="proxyInformation" value="ProxyInformation { proxyOption=NO_PROXY, proxyServerType=HTTP, username=, password=********, proxyServerAddress=, proxyServerPort=0, executionList=&quot;&quot;, isApplyToDesiredCapabilities=true }"/>
         <property name="platform" value="Mac OS X"/>
      </properties>
      <testcase name="Test Cases/Tenant/Schedule Walkthrough" time="15.0" classname="Test Cases/Tenant/Schedule Walkthrough" status="PASSED">
         <system-out><![CDATA[2021-09-06 13:07:18 - [TEST_CASE][PASSED] - Test Cases/Tenant/Schedule Walkthrough: Test Cases/Tenant/Schedule Walkthrough

2021-09-06 13:07:18 - [TEST_STEP][PASSED] - openBrowser(""): Browser is opened with url: ''

2021-09-06 13:07:18 - [MESSAGE][INFO] - Starting 'Chrome' driver

2021-09-06 13:07:18 - [MESSAGE][INFO] - Action delay is set to 0 milliseconds

2021-09-06 13:07:20 - [MESSAGE][PASSED] - Browser is opened with url: ''

2021-09-06 13:07:20 - [TEST_STEP][PASSED] - navigateToUrl("https://managing-made-easier.web.app/"): Navigate to 'https://managing-made-easier.web.app/' successfully

2021-09-06 13:07:22 - [MESSAGE][PASSED] - Navigate to 'https://managing-made-easier.web.app/' successfully

2021-09-06 13:07:22 - [TEST_STEP][PASSED] - click(findTestObject("Object Repository/Page_Home/a_Sign-In")): Object: 'Object Repository/Page_Home/a_Sign-In' is clicked on

2021-09-06 13:07:23 - [MESSAGE][PASSED] - Object: 'Object Repository/Page_Home/a_Sign-In' is clicked on

2021-09-06 13:07:23 - [TEST_STEP][PASSED] - setText(findTestObject("Object Repository/Page_Sign-In/input__txtEmail"), "test123@radford.edu"): Text 'test123@radford.edu' is set on object 'Object Repository/Page_Sign-In/input__txtEmail'

2021-09-06 13:07:24 - [MESSAGE][PASSED] - Text 'test123@radford.edu' is set on object 'Object Repository/Page_Sign-In/input__txtEmail'

2021-09-06 13:07:24 - [TEST_STEP][PASSED] - setEncryptedText(findTestObject("Object Repository/Page_Sign-In/input__txtPassword"), "8SQVv/p9jVScEs4/2CZsLw=="): Text ****** has been set on object 'Object Repository/Page_Sign-In/input__txtPassword'

2021-09-06 13:07:24 - [MESSAGE][PASSED] - Text ****** has been set on object 'Object Repository/Page_Sign-In/input__txtPassword'

2021-09-06 13:07:24 - [TEST_STEP][PASSED] - click(findTestObject("Object Repository/Page_Sign-In/button_Sign-In")): Object: 'Object Repository/Page_Sign-In/button_Sign-In' is clicked on

2021-09-06 13:07:25 - [MESSAGE][PASSED] - Object: 'Object Repository/Page_Sign-In/button_Sign-In' is clicked on

2021-09-06 13:07:25 - [TEST_STEP][PASSED] - click(findTestObject("Object Repository/Page_Home/a_Portal")): Object: 'Object Repository/Page_Home/a_Portal' is clicked on

2021-09-06 13:07:26 - [MESSAGE][PASSED] - Object: 'Object Repository/Page_Home/a_Portal' is clicked on

2021-09-06 13:07:26 - [TEST_STEP][PASSED] - click(findTestObject("Object Repository/Page_Tenant Portal/h4_Schedule Walkthrough")): Object: 'Object Repository/Page_Tenant Portal/h4_Schedule Walkthrough' is clicked on

2021-09-06 13:07:30 - [MESSAGE][PASSED] - Object: 'Object Repository/Page_Tenant Portal/h4_Schedule Walkthrough' is clicked on

2021-09-06 13:07:30 - [TEST_STEP][PASSED] - setText(findTestObject("Object Repository/Page_Schedule/input__quantumWizTextinputPaperinputInput e_e1b7c3"), "test123@radford.edu"): Text 'test123@radford.edu' is set on object 'Object Repository/Page_Schedule/input__quantumWizTextinputPaperinputInput e_e1b7c3'

2021-09-06 13:07:30 - [MESSAGE][PASSED] - Text 'test123@radford.edu' is set on object 'Object Repository/Page_Schedule/input__quantumWizTextinputPaperinputInput e_e1b7c3'

2021-09-06 13:07:30 - [TEST_STEP][PASSED] - click(findTestObject("Object Repository/Page_Schedule/div_Choose")): Object: 'Object Repository/Page_Schedule/div_Choose' is clicked on

2021-09-06 13:07:31 - [MESSAGE][PASSED] - Object: 'Object Repository/Page_Schedule/div_Choose' is clicked on

2021-09-06 13:07:31 - [TEST_STEP][PASSED] - setText(findTestObject("Object Repository/Page_Schedule/input__quantumWizTextinputPaperinputInput e_e1b7c3"), "test123@radford.edu"): Text 'test123@radford.edu' is set on object 'Object Repository/Page_Schedule/input__quantumWizTextinputPaperinputInput e_e1b7c3'

2021-09-06 13:07:31 - [MESSAGE][PASSED] - Text 'test123@radford.edu' is set on object 'Object Repository/Page_Schedule/input__quantumWizTextinputPaperinputInput e_e1b7c3'

2021-09-06 13:07:31 - [TEST_STEP][PASSED] - click(findTestObject("Object Repository/Page_Schedule/div_ChooseAll events are bookedChooseAll ev_bd3a84")): Object: 'Object Repository/Page_Schedule/div_ChooseAll events are bookedChooseAll ev_bd3a84' is clicked on

2021-09-06 13:07:32 - [MESSAGE][PASSED] - Object: 'Object Repository/Page_Schedule/div_ChooseAll events are bookedChooseAll ev_bd3a84' is clicked on

2021-09-06 13:07:32 - [TEST_STEP][PASSED] - click(findTestObject("Object Repository/Page_Schedule/span_Submit")): Object: 'Object Repository/Page_Schedule/span_Submit' is clicked on

2021-09-06 13:07:32 - [MESSAGE][PASSED] - Object: 'Object Repository/Page_Schedule/span_Submit' is clicked on

2021-09-06 13:07:32 - [TEST_STEP][PASSED] - click(findTestObject("Object Repository/Page_Schedule/a_Home")): Object: 'Object Repository/Page_Schedule/a_Home' is clicked on

2021-09-06 13:07:32 - [MESSAGE][PASSED] - Object: 'Object Repository/Page_Schedule/a_Home' is clicked on

2021-09-06 13:07:32 - [TEST_STEP][PASSED] - closeBrowser(): Browser is closed

2021-09-06 13:07:33 - [MESSAGE][PASSED] - Browser is closed]]></system-out>
         <system-err><![CDATA[]]></system-err>
      </testcase>
      <testcase name="Test Cases/Tenant/View Tenant Portal (Not Renting)" time="14.289" classname="Test Cases/Tenant/View Tenant Portal (Not Renting)" status="PASSED">
         <system-out><![CDATA[2021-09-06 13:07:33 - [TEST_CASE][PASSED] - Test Cases/Tenant/View Tenant Portal (Not Renting): Test Cases/Tenant/View Tenant Portal (Not Renting)

2021-09-06 13:07:33 - [TEST_STEP][PASSED] - openBrowser(""): Browser is opened with url: ''

2021-09-06 13:07:33 - [MESSAGE][INFO] - Starting 'Chrome' driver

2021-09-06 13:07:33 - [MESSAGE][INFO] - Action delay is set to 0 milliseconds

2021-09-06 13:07:34 - [MESSAGE][PASSED] - Browser is opened with url: ''

2021-09-06 13:07:34 - [TEST_STEP][PASSED] - navigateToUrl("https://managing-made-easier.web.app/"): Navigate to 'https://managing-made-easier.web.app/' successfully

2021-09-06 13:07:41 - [MESSAGE][PASSED] - Navigate to 'https://managing-made-easier.web.app/' successfully

2021-09-06 13:07:41 - [TEST_STEP][PASSED] - click(findTestObject("Object Repository/Page_Home/a_Sign-In"), STOP_ON_FAILURE): Object: 'Object Repository/Page_Home/a_Sign-In' is clicked on

2021-09-06 13:07:42 - [MESSAGE][PASSED] - Object: 'Object Repository/Page_Home/a_Sign-In' is clicked on

2021-09-06 13:07:42 - [TEST_STEP][PASSED] - setText(findTestObject("Object Repository/Page_Sign-In/input__txtEmail"), "test123@radford.edu"): Text 'test123@radford.edu' is set on object 'Object Repository/Page_Sign-In/input__txtEmail'

2021-09-06 13:07:43 - [MESSAGE][PASSED] - Text 'test123@radford.edu' is set on object 'Object Repository/Page_Sign-In/input__txtEmail'

2021-09-06 13:07:43 - [TEST_STEP][PASSED] - setEncryptedText(findTestObject("Object Repository/Page_Sign-In/input__txtPassword"), "8SQVv/p9jVScEs4/2CZsLw=="): Text ****** has been set on object 'Object Repository/Page_Sign-In/input__txtPassword'

2021-09-06 13:07:43 - [MESSAGE][PASSED] - Text ****** has been set on object 'Object Repository/Page_Sign-In/input__txtPassword'

2021-09-06 13:07:43 - [TEST_STEP][PASSED] - click(findTestObject("Object Repository/Page_Sign-In/button_Sign-In")): Object: 'Object Repository/Page_Sign-In/button_Sign-In' is clicked on

2021-09-06 13:07:43 - [MESSAGE][PASSED] - Object: 'Object Repository/Page_Sign-In/button_Sign-In' is clicked on

2021-09-06 13:07:43 - [TEST_STEP][PASSED] - verifyElementPresent(findTestObject("Object Repository/Page_Sign-In/div_Sign-in Successful You will be redirect_b31683"), 0): Object 'Object Repository/Page_Sign-In/div_Sign-in Successful You will be redirect_b31683' is present

2021-09-06 13:07:43 - [MESSAGE][WARNING] - Timeout '0' is invalid. Using default page load timeout: '30'

2021-09-06 13:07:45 - [MESSAGE][PASSED] - Object 'Object Repository/Page_Sign-In/div_Sign-in Successful You will be redirect_b31683' is present

2021-09-06 13:07:45 - [TEST_STEP][PASSED] - click(findTestObject("Object Repository/Page_Home/a_Portal")): Object: 'Object Repository/Page_Home/a_Portal' is clicked on

2021-09-06 13:07:45 - [MESSAGE][PASSED] - Object: 'Object Repository/Page_Home/a_Portal' is clicked on

2021-09-06 13:07:45 - [TEST_STEP][PASSED] - verifyElementPresent(findTestObject("Object Repository/Page_Tenant Portal/div_Announcements"), 0): Object 'Object Repository/Page_Tenant Portal/div_Announcements' is present

2021-09-06 13:07:45 - [MESSAGE][WARNING] - Timeout '0' is invalid. Using default page load timeout: '30'

2021-09-06 13:07:46 - [MESSAGE][PASSED] - Object 'Object Repository/Page_Tenant Portal/div_Announcements' is present

2021-09-06 13:07:46 - [TEST_STEP][PASSED] - verifyElementPresent(findTestObject("Object Repository/Page_Tenant Portal/div_Schedule Walkthrough"), 0): Object 'Object Repository/Page_Tenant Portal/div_Schedule Walkthrough' is present

2021-09-06 13:07:46 - [MESSAGE][WARNING] - Timeout '0' is invalid. Using default page load timeout: '30'

2021-09-06 13:07:46 - [MESSAGE][PASSED] - Object 'Object Repository/Page_Tenant Portal/div_Schedule Walkthrough' is present

2021-09-06 13:07:46 - [TEST_STEP][PASSED] - verifyElementPresent(findTestObject("Object Repository/Page_Tenant Portal/div_Apply to Rent"), 0): Object 'Object Repository/Page_Tenant Portal/div_Apply to Rent' is present

2021-09-06 13:07:46 - [MESSAGE][WARNING] - Timeout '0' is invalid. Using default page load timeout: '30'

2021-09-06 13:07:47 - [MESSAGE][PASSED] - Object 'Object Repository/Page_Tenant Portal/div_Apply to Rent' is present

2021-09-06 13:07:47 - [TEST_STEP][PASSED] - closeBrowser(): Browser is closed

2021-09-06 13:07:47 - [MESSAGE][PASSED] - Browser is closed]]></system-out>
         <system-err><![CDATA[]]></system-err>
      </testcase>
      <testcase name="Test Cases/Tenant/Tenant View Announcements" time="12.821" classname="Test Cases/Tenant/Tenant View Announcements" status="PASSED">
         <system-out><![CDATA[2021-09-06 13:07:47 - [TEST_CASE][PASSED] - Test Cases/Tenant/Tenant View Announcements: Test Cases/Tenant/Tenant View Announcements

2021-09-06 13:07:47 - [TEST_STEP][PASSED] - openBrowser(""): Browser is opened with url: ''

2021-09-06 13:07:47 - [MESSAGE][INFO] - Starting 'Chrome' driver

2021-09-06 13:07:47 - [MESSAGE][INFO] - Action delay is set to 0 milliseconds

2021-09-06 13:07:48 - [MESSAGE][PASSED] - Browser is opened with url: ''

2021-09-06 13:07:48 - [TEST_STEP][PASSED] - navigateToUrl("https://managing-made-easier.web.app/"): Navigate to 'https://managing-made-easier.web.app/' successfully

2021-09-06 13:07:52 - [MESSAGE][PASSED] - Navigate to 'https://managing-made-easier.web.app/' successfully

2021-09-06 13:07:52 - [TEST_STEP][PASSED] - click(findTestObject("Object Repository/Page_Home/a_Sign-In")): Object: 'Object Repository/Page_Home/a_Sign-In' is clicked on

2021-09-06 13:07:53 - [MESSAGE][PASSED] - Object: 'Object Repository/Page_Home/a_Sign-In' is clicked on

2021-09-06 13:07:53 - [TEST_STEP][PASSED] - setText(findTestObject("Object Repository/Page_Sign-In/input__txtEmail"), "test321@gmail.com"): Text 'test321@gmail.com' is set on object 'Object Repository/Page_Sign-In/input__txtEmail'

2021-09-06 13:07:54 - [MESSAGE][PASSED] - Text 'test321@gmail.com' is set on object 'Object Repository/Page_Sign-In/input__txtEmail'

2021-09-06 13:07:54 - [TEST_STEP][PASSED] - setEncryptedText(findTestObject("Object Repository/Page_Sign-In/input__txtPassword"), "8SQVv/p9jVScEs4/2CZsLw=="): Text ****** has been set on object 'Object Repository/Page_Sign-In/input__txtPassword'

2021-09-06 13:07:54 - [MESSAGE][PASSED] - Text ****** has been set on object 'Object Repository/Page_Sign-In/input__txtPassword'

2021-09-06 13:07:54 - [TEST_STEP][PASSED] - click(findTestObject("Object Repository/Page_Sign-In/button_Sign-In")): Object: 'Object Repository/Page_Sign-In/button_Sign-In' is clicked on

2021-09-06 13:07:54 - [MESSAGE][PASSED] - Object: 'Object Repository/Page_Sign-In/button_Sign-In' is clicked on

2021-09-06 13:07:54 - [TEST_STEP][PASSED] - click(findTestObject("Object Repository/Page_Home/a_Portal")): Object: 'Object Repository/Page_Home/a_Portal' is clicked on

2021-09-06 13:07:56 - [MESSAGE][PASSED] - Object: 'Object Repository/Page_Home/a_Portal' is clicked on

2021-09-06 13:07:56 - [TEST_STEP][PASSED] - click(findTestObject("Object Repository/Page_Home/a_Portal")): Object: 'Object Repository/Page_Home/a_Portal' is clicked on

2021-09-06 13:07:57 - [MESSAGE][PASSED] - Object: 'Object Repository/Page_Home/a_Portal' is clicked on

2021-09-06 13:07:57 - [TEST_STEP][PASSED] - click(findTestObject("Page_Tenant Portal/div_Announcements")): Object: 'Object Repository/Page_Tenant Portal/div_Announcements' is clicked on

2021-09-06 13:07:58 - [MESSAGE][PASSED] - Object: 'Object Repository/Page_Tenant Portal/div_Announcements' is clicked on

2021-09-06 13:07:58 - [TEST_STEP][PASSED] - click(findTestObject("Object Repository/Page_Announcements/button_3")): Object: 'Object Repository/Page_Announcements/button_3' is clicked on

2021-09-06 13:07:59 - [MESSAGE][PASSED] - Object: 'Object Repository/Page_Announcements/button_3' is clicked on

2021-09-06 13:07:59 - [TEST_STEP][PASSED] - click(findTestObject("Object Repository/Page_Announcements/button_3")): Object: 'Object Repository/Page_Announcements/button_3' is clicked on

2021-09-06 13:08:00 - [MESSAGE][PASSED] - Object: 'Object Repository/Page_Announcements/button_3' is clicked on

2021-09-06 13:08:00 - [TEST_STEP][PASSED] - closeBrowser(): Browser is closed

2021-09-06 13:08:00 - [MESSAGE][PASSED] - Browser is closed]]></system-out>
         <system-err><![CDATA[]]></system-err>
      </testcase>
      <testcase name="Test Cases/Sign in" time="10.363" classname="Test Cases/Sign in" status="PASSED">
         <system-out><![CDATA[2021-09-06 13:08:00 - [TEST_CASE][PASSED] - Test Cases/Sign in: Test Cases/Sign in

2021-09-06 13:08:00 - [TEST_STEP][PASSED] - openBrowser(""): Browser is opened with url: ''

2021-09-06 13:08:00 - [MESSAGE][INFO] - Starting 'Chrome' driver

2021-09-06 13:08:00 - [MESSAGE][INFO] - Action delay is set to 0 milliseconds

2021-09-06 13:08:01 - [MESSAGE][PASSED] - Browser is opened with url: ''

2021-09-06 13:08:01 - [TEST_STEP][PASSED] - navigateToUrl("https://managing-made-easier.web.app/"): Navigate to 'https://managing-made-easier.web.app/' successfully

2021-09-06 13:08:06 - [MESSAGE][PASSED] - Navigate to 'https://managing-made-easier.web.app/' successfully

2021-09-06 13:08:06 - [TEST_STEP][PASSED] - click(findTestObject("Object Repository/Page_Home/a_Sign-In")): Object: 'Object Repository/Page_Home/a_Sign-In' is clicked on

2021-09-06 13:08:07 - [MESSAGE][PASSED] - Object: 'Object Repository/Page_Home/a_Sign-In' is clicked on

2021-09-06 13:08:07 - [TEST_STEP][PASSED] - setText(findTestObject("Object Repository/Page_Sign-In/input__txtEmail"), "test123@radford.edu"): Text 'test123@radford.edu' is set on object 'Object Repository/Page_Sign-In/input__txtEmail'

2021-09-06 13:08:08 - [MESSAGE][PASSED] - Text 'test123@radford.edu' is set on object 'Object Repository/Page_Sign-In/input__txtEmail'

2021-09-06 13:08:08 - [TEST_STEP][PASSED] - setEncryptedText(findTestObject("Object Repository/Page_Sign-In/input__txtPassword"), "8SQVv/p9jVScEs4/2CZsLw=="): Text ****** has been set on object 'Object Repository/Page_Sign-In/input__txtPassword'

2021-09-06 13:08:08 - [MESSAGE][PASSED] - Text ****** has been set on object 'Object Repository/Page_Sign-In/input__txtPassword'

2021-09-06 13:08:08 - [TEST_STEP][PASSED] - click(findTestObject("Object Repository/Page_Sign-In/button_Sign-In")): Object: 'Object Repository/Page_Sign-In/button_Sign-In' is clicked on

2021-09-06 13:08:09 - [MESSAGE][PASSED] - Object: 'Object Repository/Page_Sign-In/button_Sign-In' is clicked on

2021-09-06 13:08:09 - [TEST_STEP][PASSED] - verifyElementPresent(findTestObject("Object Repository/Page_Sign-In/div_Sign-in Successful You will be redirect_b31683"), 0): Object 'Object Repository/Page_Sign-In/div_Sign-in Successful You will be redirect_b31683' is present

2021-09-06 13:08:09 - [MESSAGE][WARNING] - Timeout '0' is invalid. Using default page load timeout: '30'

2021-09-06 13:08:10 - [MESSAGE][PASSED] - Object 'Object Repository/Page_Sign-In/div_Sign-in Successful You will be redirect_b31683' is present

2021-09-06 13:08:10 - [TEST_STEP][PASSED] - closeBrowser(): Browser is closed

2021-09-06 13:08:10 - [MESSAGE][PASSED] - Browser is closed]]></system-out>
         <system-err><![CDATA[]]></system-err>
      </testcase>
      <testcase name="Test Cases/Tenant/Apply" time="13.211" classname="Test Cases/Tenant/Apply" status="PASSED">
         <system-out><![CDATA[2021-09-06 13:08:10 - [TEST_CASE][PASSED] - Test Cases/Tenant/Apply: Test Cases/Tenant/Apply

2021-09-06 13:08:10 - [TEST_STEP][PASSED] - openBrowser(""): Browser is opened with url: ''

2021-09-06 13:08:10 - [MESSAGE][INFO] - Starting 'Chrome' driver

2021-09-06 13:08:10 - [MESSAGE][INFO] - Action delay is set to 0 milliseconds

2021-09-06 13:08:11 - [MESSAGE][PASSED] - Browser is opened with url: ''

2021-09-06 13:08:11 - [TEST_STEP][PASSED] - navigateToUrl("https://managing-made-easier.web.app/"): Navigate to 'https://managing-made-easier.web.app/' successfully

2021-09-06 13:08:15 - [MESSAGE][PASSED] - Navigate to 'https://managing-made-easier.web.app/' successfully

2021-09-06 13:08:15 - [TEST_STEP][PASSED] - click(findTestObject("Object Repository/Page_Home/a_Sign-In")): Object: 'Object Repository/Page_Home/a_Sign-In' is clicked on

2021-09-06 13:08:16 - [MESSAGE][PASSED] - Object: 'Object Repository/Page_Home/a_Sign-In' is clicked on

2021-09-06 13:08:16 - [TEST_STEP][PASSED] - click(findTestObject("Object Repository/Page_Sign-In/div_Email Password Sign-InForgot password")): Object: 'Object Repository/Page_Sign-In/div_Email Password Sign-InForgot password' is clicked on

2021-09-06 13:08:16 - [MESSAGE][PASSED] - Object: 'Object Repository/Page_Sign-In/div_Email Password Sign-InForgot password' is clicked on

2021-09-06 13:08:16 - [TEST_STEP][PASSED] - setText(findTestObject("Object Repository/Page_Sign-In/input__txtEmail"), "test123@radford.edu"): Text 'test123@radford.edu' is set on object 'Object Repository/Page_Sign-In/input__txtEmail'

2021-09-06 13:08:17 - [MESSAGE][PASSED] - Text 'test123@radford.edu' is set on object 'Object Repository/Page_Sign-In/input__txtEmail'

2021-09-06 13:08:17 - [TEST_STEP][PASSED] - setEncryptedText(findTestObject("Object Repository/Page_Sign-In/input__txtPassword"), "8SQVv/p9jVScEs4/2CZsLw=="): Text ****** has been set on object 'Object Repository/Page_Sign-In/input__txtPassword'

2021-09-06 13:08:17 - [MESSAGE][PASSED] - Text ****** has been set on object 'Object Repository/Page_Sign-In/input__txtPassword'

2021-09-06 13:08:17 - [TEST_STEP][PASSED] - sendKeys(findTestObject("Object Repository/Page_Sign-In/input__txtPassword"), Keys.chord(ENTER)): Keys 'ENTER + ' sent to object: 'Object Repository/Page_Sign-In/input__txtPassword'

2021-09-06 13:08:18 - [MESSAGE][PASSED] - Keys 'ENTER + ' sent to object: 'Object Repository/Page_Sign-In/input__txtPassword'

2021-09-06 13:08:18 - [TEST_STEP][PASSED] - click(findTestObject("Object Repository/Page_Home/a_Portal")): Object: 'Object Repository/Page_Home/a_Portal' is clicked on

2021-09-06 13:08:19 - [MESSAGE][PASSED] - Object: 'Object Repository/Page_Home/a_Portal' is clicked on

2021-09-06 13:08:19 - [TEST_STEP][PASSED] - click(findTestObject("Object Repository/Page_Tenant Portal/h4_Apply to Rent")): Object: 'Object Repository/Page_Tenant Portal/h4_Apply to Rent' is clicked on

2021-09-06 13:08:22 - [MESSAGE][PASSED] - Object: 'Object Repository/Page_Tenant Portal/h4_Apply to Rent' is clicked on

2021-09-06 13:08:22 - [TEST_STEP][PASSED] - click(findTestObject("Object Repository/Page_Apply/p_Please download and fully complete the Re_86c454")): Object: 'Object Repository/Page_Apply/p_Please download and fully complete the Re_86c454' is clicked on

2021-09-06 13:08:22 - [MESSAGE][PASSED] - Object: 'Object Repository/Page_Apply/p_Please download and fully complete the Re_86c454' is clicked on

2021-09-06 13:08:22 - [TEST_STEP][PASSED] - click(findTestObject("Object Repository/Page_Apply/h4_Tips for adding Application to email")): Object: 'Object Repository/Page_Apply/h4_Tips for adding Application to email' is clicked on

2021-09-06 13:08:23 - [MESSAGE][PASSED] - Object: 'Object Repository/Page_Apply/h4_Tips for adding Application to email' is clicked on

2021-09-06 13:08:23 - [TEST_STEP][PASSED] - click(findTestObject("Object Repository/Page_Apply/h3_Once you have completed the application,_820c59")): Object: 'Object Repository/Page_Apply/h3_Once you have completed the application,_820c59' is clicked on

2021-09-06 13:08:23 - [MESSAGE][PASSED] - Object: 'Object Repository/Page_Apply/h3_Once you have completed the application,_820c59' is clicked on

2021-09-06 13:08:23 - [TEST_STEP][PASSED] - closeBrowser(): Browser is closed

2021-09-06 13:08:23 - [MESSAGE][PASSED] - Browser is closed]]></system-out>
         <system-err><![CDATA[]]></system-err>
      </testcase>
      <system-out><![CDATA[2021-09-06 13:07:17 - [TEST_SUITE][PASSED] - Tenant without Property: Test Cases/Tenant/Apply]]></system-out>
      <system-err><![CDATA[]]></system-err>
   </testsuite>
</testsuites>
