<?xml version="1.0" encoding="UTF-8"?>
<testsuites name="Owner" time="142.815" tests="9" failures="0" skips="0" errors="0">
   <testsuite name="Owner" tests="9" failures="0" errors="0" time="142.815" skips="0" timestamp="2021-03-14 12:11:17" hostname="mousejarrett - localhost" id="Test Suites/Owner">
      <properties>
         <property name="deviceName" value=""/>
         <property name="devicePlatform" value=""/>
         <property name="logFolder" value="/Users/mousejarrett/Desktop/SE/Managing/ManagingTests/Reports/20210314_121115/Owner/20210314_121115"/>
         <property name="logFiles" value="/Users/mousejarrett/Desktop/SE/Managing/ManagingTests/Reports/20210314_121115/Owner/20210314_121115/execution0.log"/>
         <property name="attachments" value=""/>
         <property name="hostName" value="mousejarrett - localhost"/>
         <property name="os" value="Mac OS X 64bit"/>
         <property name="katalonVersion" value="7.9.1.208"/>
         <property name="browser" value="Chrome 89.0.4389.82"/>
         <property name="hostAddress" value="127.0.0.1"/>
         <property name="sessionId" value="cd1e5b7ea2b78e4854568b4721c71bc0"/>
         <property name="seleniumVersion" value="3.141.59"/>
         <property name="proxyInformation" value="ProxyInformation { proxyOption=NO_PROXY, proxyServerType=HTTP, username=, password=********, proxyServerAddress=, proxyServerPort=0, executionList=&quot;&quot;, isApplyToDesiredCapabilities=true }"/>
         <property name="platform" value="Mac OS X"/>
      </properties>
      <testcase name="Test Cases/Owner/Owner Portal" time="13.129" classname="Test Cases/Owner/Owner Portal" status="PASSED">
         <system-out><![CDATA[2021-03-14 12:11:18 - [TEST_CASE][PASSED] - Test Cases/Owner/Owner Portal: Test Cases/Owner/Owner Portal

2021-03-14 12:11:18 - [TEST_STEP][PASSED] - openBrowser(""): Browser is opened with url: ''

2021-03-14 12:11:18 - [MESSAGE][INFO] - Starting 'Chrome' driver

2021-03-14 12:11:18 - [MESSAGE][INFO] - Action delay is set to 0 milliseconds

2021-03-14 12:11:20 - [MESSAGE][PASSED] - Browser is opened with url: ''

2021-03-14 12:11:20 - [TEST_STEP][PASSED] - navigateToUrl("https://managing-made-easier.web.app/"): Navigate to 'https://managing-made-easier.web.app/' successfully

2021-03-14 12:11:26 - [MESSAGE][PASSED] - Navigate to 'https://managing-made-easier.web.app/' successfully

2021-03-14 12:11:26 - [TEST_STEP][PASSED] - click(findTestObject("Object Repository/Page_Home/a_Sign-In")): Object: 'Object Repository/Page_Home/a_Sign-In' is clicked on

2021-03-14 12:11:27 - [MESSAGE][PASSED] - Object: 'Object Repository/Page_Home/a_Sign-In' is clicked on

2021-03-14 12:11:27 - [TEST_STEP][PASSED] - setText(findTestObject("Object Repository/Page_Sign-In/input__txtEmail"), "owner@radford.edu"): Text 'owner@radford.edu' is set on object 'Object Repository/Page_Sign-In/input__txtEmail'

2021-03-14 12:11:28 - [MESSAGE][PASSED] - Text 'owner@radford.edu' is set on object 'Object Repository/Page_Sign-In/input__txtEmail'

2021-03-14 12:11:28 - [TEST_STEP][PASSED] - setEncryptedText(findTestObject("Object Repository/Page_Sign-In/input__txtPassword"), "8SQVv/p9jVScEs4/2CZsLw=="): Text ****** has been set on object 'Object Repository/Page_Sign-In/input__txtPassword'

2021-03-14 12:11:29 - [MESSAGE][PASSED] - Text ****** has been set on object 'Object Repository/Page_Sign-In/input__txtPassword'

2021-03-14 12:11:29 - [TEST_STEP][PASSED] - click(findTestObject("Object Repository/Page_Sign-In/button_Sign-In")): Object: 'Object Repository/Page_Sign-In/button_Sign-In' is clicked on

2021-03-14 12:11:29 - [MESSAGE][PASSED] - Object: 'Object Repository/Page_Sign-In/button_Sign-In' is clicked on

2021-03-14 12:11:29 - [TEST_STEP][PASSED] - click(findTestObject("Object Repository/Page_Sign-In/div_Sign-in Successful You will be redirect_b31683")): Object: 'Object Repository/Page_Sign-In/div_Sign-in Successful You will be redirect_b31683' is clicked on

2021-03-14 12:11:30 - [MESSAGE][PASSED] - Object: 'Object Repository/Page_Sign-In/div_Sign-in Successful You will be redirect_b31683' is clicked on

2021-03-14 12:11:30 - [TEST_STEP][PASSED] - click(findTestObject("Object Repository/Page_Home/a_Portal")): Object: 'Object Repository/Page_Home/a_Portal' is clicked on

2021-03-14 12:11:31 - [MESSAGE][PASSED] - Object: 'Object Repository/Page_Home/a_Portal' is clicked on

2021-03-14 12:11:31 - [TEST_STEP][PASSED] - closeBrowser(): Browser is closed

2021-03-14 12:11:31 - [MESSAGE][PASSED] - Browser is closed]]></system-out>
         <system-err><![CDATA[]]></system-err>
      </testcase>
      <testcase name="Test Cases/Owner/Add Announcement" time="16.991" classname="Test Cases/Owner/Add Announcement" status="PASSED">
         <system-out><![CDATA[2021-03-14 12:11:31 - [TEST_CASE][PASSED] - Test Cases/Owner/Add Announcement: Test Cases/Owner/Add Announcement

2021-03-14 12:11:31 - [TEST_STEP][PASSED] - openBrowser(""): Browser is opened with url: ''

2021-03-14 12:11:31 - [MESSAGE][INFO] - Starting 'Chrome' driver

2021-03-14 12:11:31 - [MESSAGE][INFO] - Action delay is set to 0 milliseconds

2021-03-14 12:11:32 - [MESSAGE][PASSED] - Browser is opened with url: ''

2021-03-14 12:11:32 - [TEST_STEP][PASSED] - navigateToUrl("https://managing-made-easier.web.app/"): Navigate to 'https://managing-made-easier.web.app/' successfully

2021-03-14 12:11:38 - [MESSAGE][PASSED] - Navigate to 'https://managing-made-easier.web.app/' successfully

2021-03-14 12:11:38 - [TEST_STEP][PASSED] - click(findTestObject("Object Repository/Page_Home/a_Sign-In")): Object: 'Object Repository/Page_Home/a_Sign-In' is clicked on

2021-03-14 12:11:39 - [MESSAGE][PASSED] - Object: 'Object Repository/Page_Home/a_Sign-In' is clicked on

2021-03-14 12:11:39 - [TEST_STEP][PASSED] - setText(findTestObject("Object Repository/Page_Sign-In/input__txtEmail"), "owner@radford.edu"): Text 'owner@radford.edu' is set on object 'Object Repository/Page_Sign-In/input__txtEmail'

2021-03-14 12:11:40 - [MESSAGE][PASSED] - Text 'owner@radford.edu' is set on object 'Object Repository/Page_Sign-In/input__txtEmail'

2021-03-14 12:11:40 - [TEST_STEP][PASSED] - setEncryptedText(findTestObject("Object Repository/Page_Sign-In/input__txtPassword"), "8SQVv/p9jVScEs4/2CZsLw=="): Text ****** has been set on object 'Object Repository/Page_Sign-In/input__txtPassword'

2021-03-14 12:11:40 - [MESSAGE][PASSED] - Text ****** has been set on object 'Object Repository/Page_Sign-In/input__txtPassword'

2021-03-14 12:11:40 - [TEST_STEP][PASSED] - sendKeys(findTestObject("Object Repository/Page_Sign-In/input__txtPassword"), Keys.chord(ENTER)): Keys 'ENTER + ' sent to object: 'Object Repository/Page_Sign-In/input__txtPassword'

2021-03-14 12:11:41 - [MESSAGE][PASSED] - Keys 'ENTER + ' sent to object: 'Object Repository/Page_Sign-In/input__txtPassword'

2021-03-14 12:11:41 - [TEST_STEP][PASSED] - click(findTestObject("Object Repository/Page_Sign-In/div_Sign-in Successful You will be redirect_b31683")): Object: 'Object Repository/Page_Sign-In/div_Sign-in Successful You will be redirect_b31683' is clicked on

2021-03-14 12:11:42 - [MESSAGE][PASSED] - Object: 'Object Repository/Page_Sign-In/div_Sign-in Successful You will be redirect_b31683' is clicked on

2021-03-14 12:11:42 - [TEST_STEP][PASSED] - click(findTestObject("Object Repository/Page_Home/a_Portal")): Object: 'Object Repository/Page_Home/a_Portal' is clicked on

2021-03-14 12:11:42 - [MESSAGE][PASSED] - Object: 'Object Repository/Page_Home/a_Portal' is clicked on

2021-03-14 12:11:42 - [TEST_STEP][PASSED] - click(findTestObject("Object Repository/Page_Owner Portal/h4_Add an Announcement")): Object: 'Object Repository/Page_Owner Portal/h4_Add an Announcement' is clicked on

2021-03-14 12:11:44 - [MESSAGE][PASSED] - Object: 'Object Repository/Page_Owner Portal/h4_Add an Announcement' is clicked on

2021-03-14 12:11:44 - [TEST_STEP][PASSED] - setText(findTestObject("Object Repository/Page_Add Announcement/input_Add an Announcement_title"), "Katalon Test"): Text 'Katalon Test' is set on object 'Object Repository/Page_Add Announcement/input_Add an Announcement_title'

2021-03-14 12:11:45 - [MESSAGE][PASSED] - Text 'Katalon Test' is set on object 'Object Repository/Page_Add Announcement/input_Add an Announcement_title'

2021-03-14 12:11:45 - [TEST_STEP][PASSED] - setText(findTestObject("Object Repository/Page_Add Announcement/textarea_Add an Announcement_announcement"), "Hello this is a Katalon test"): Text 'Hello this is a Katalon test' is set on object 'Object Repository/Page_Add Announcement/textarea_Add an Announcement_announcement'

2021-03-14 12:11:46 - [MESSAGE][PASSED] - Text 'Hello this is a Katalon test' is set on object 'Object Repository/Page_Add Announcement/textarea_Add an Announcement_announcement'

2021-03-14 12:11:46 - [TEST_STEP][PASSED] - click(findTestObject("Object Repository/Page_Add Announcement/button_Add Announcement")): Object: 'Object Repository/Page_Add Announcement/button_Add Announcement' is clicked on

2021-03-14 12:11:46 - [MESSAGE][PASSED] - Object: 'Object Repository/Page_Add Announcement/button_Add Announcement' is clicked on

2021-03-14 12:11:46 - [TEST_STEP][PASSED] - click(findTestObject("Object Repository/Page_Announcements/button_Katalon Test")): Object: 'Object Repository/Page_Announcements/button_Katalon Test' is clicked on

2021-03-14 12:11:47 - [MESSAGE][PASSED] - Object: 'Object Repository/Page_Announcements/button_Katalon Test' is clicked on

2021-03-14 12:11:47 - [TEST_STEP][PASSED] - click(findTestObject("Object Repository/Page_Announcements/p_Hello this is a Katalon test")): Object: 'Object Repository/Page_Announcements/p_Hello this is a Katalon test' is clicked on

2021-03-14 12:11:47 - [MESSAGE][PASSED] - Object: 'Object Repository/Page_Announcements/p_Hello this is a Katalon test' is clicked on

2021-03-14 12:11:47 - [TEST_STEP][PASSED] - click(findTestObject("Object Repository/Page_Announcements/p_Hello this is a Katalon test")): Object: 'Object Repository/Page_Announcements/p_Hello this is a Katalon test' is clicked on

2021-03-14 12:11:47 - [MESSAGE][PASSED] - Object: 'Object Repository/Page_Announcements/p_Hello this is a Katalon test' is clicked on

2021-03-14 12:11:47 - [TEST_STEP][PASSED] - click(findTestObject("Object Repository/Page_Announcements/p_Hello this is a Katalon test")): Object: 'Object Repository/Page_Announcements/p_Hello this is a Katalon test' is clicked on

2021-03-14 12:11:48 - [MESSAGE][PASSED] - Object: 'Object Repository/Page_Announcements/p_Hello this is a Katalon test' is clicked on

2021-03-14 12:11:48 - [TEST_STEP][PASSED] - closeBrowser(): Browser is closed

2021-03-14 12:11:48 - [MESSAGE][PASSED] - Browser is closed]]></system-out>
         <system-err><![CDATA[]]></system-err>
      </testcase>
      <testcase name="Test Cases/Owner/Edit Announcement" time="14.556" classname="Test Cases/Owner/Edit Announcement" status="PASSED">
         <system-out><![CDATA[2021-03-14 12:11:48 - [TEST_CASE][PASSED] - Test Cases/Owner/Edit Announcement: Test Cases/Owner/Edit Announcement

2021-03-14 12:11:48 - [TEST_STEP][PASSED] - openBrowser(""): Browser is opened with url: ''

2021-03-14 12:11:48 - [MESSAGE][INFO] - Starting 'Chrome' driver

2021-03-14 12:11:48 - [MESSAGE][INFO] - Action delay is set to 0 milliseconds

2021-03-14 12:11:49 - [MESSAGE][PASSED] - Browser is opened with url: ''

2021-03-14 12:11:49 - [TEST_STEP][PASSED] - navigateToUrl("https://managing-made-easier.web.app/"): Navigate to 'https://managing-made-easier.web.app/' successfully

2021-03-14 12:11:54 - [MESSAGE][PASSED] - Navigate to 'https://managing-made-easier.web.app/' successfully

2021-03-14 12:11:54 - [TEST_STEP][PASSED] - click(findTestObject("Object Repository/Page_Home/a_Sign-In")): Object: 'Object Repository/Page_Home/a_Sign-In' is clicked on

2021-03-14 12:11:55 - [MESSAGE][PASSED] - Object: 'Object Repository/Page_Home/a_Sign-In' is clicked on

2021-03-14 12:11:55 - [TEST_STEP][PASSED] - setText(findTestObject("Object Repository/Page_Sign-In/input__txtEmail"), "owner@radford.edu"): Text 'owner@radford.edu' is set on object 'Object Repository/Page_Sign-In/input__txtEmail'

2021-03-14 12:11:55 - [MESSAGE][PASSED] - Text 'owner@radford.edu' is set on object 'Object Repository/Page_Sign-In/input__txtEmail'

2021-03-14 12:11:55 - [TEST_STEP][PASSED] - setEncryptedText(findTestObject("Object Repository/Page_Sign-In/input__txtPassword"), "8SQVv/p9jVScEs4/2CZsLw=="): Text ****** has been set on object 'Object Repository/Page_Sign-In/input__txtPassword'

2021-03-14 12:11:56 - [MESSAGE][PASSED] - Text ****** has been set on object 'Object Repository/Page_Sign-In/input__txtPassword'

2021-03-14 12:11:56 - [TEST_STEP][PASSED] - sendKeys(findTestObject("Object Repository/Page_Sign-In/input__txtPassword"), Keys.chord(ENTER)): Keys 'ENTER + ' sent to object: 'Object Repository/Page_Sign-In/input__txtPassword'

2021-03-14 12:11:56 - [MESSAGE][PASSED] - Keys 'ENTER + ' sent to object: 'Object Repository/Page_Sign-In/input__txtPassword'

2021-03-14 12:11:56 - [TEST_STEP][PASSED] - click(findTestObject("Object Repository/Page_Sign-In/div_Sign-in Successful You will be redirect_b31683")): Object: 'Object Repository/Page_Sign-In/div_Sign-in Successful You will be redirect_b31683' is clicked on

2021-03-14 12:11:57 - [MESSAGE][PASSED] - Object: 'Object Repository/Page_Sign-In/div_Sign-in Successful You will be redirect_b31683' is clicked on

2021-03-14 12:11:57 - [TEST_STEP][PASSED] - click(findTestObject("Object Repository/Page_Home/a_Portal")): Object: 'Object Repository/Page_Home/a_Portal' is clicked on

2021-03-14 12:11:58 - [MESSAGE][PASSED] - Object: 'Object Repository/Page_Home/a_Portal' is clicked on

2021-03-14 12:11:58 - [TEST_STEP][PASSED] - click(findTestObject("Object Repository/Page_Owner Portal/h4_Update an Announcement")): Object: 'Object Repository/Page_Owner Portal/h4_Update an Announcement' is clicked on

2021-03-14 12:11:59 - [MESSAGE][PASSED] - Object: 'Object Repository/Page_Owner Portal/h4_Update an Announcement' is clicked on

2021-03-14 12:11:59 - [TEST_STEP][PASSED] - click(findTestObject("Page_Update Announcements/topAnnouncement")): Object: 'Object Repository/Page_Update Announcements/topAnnouncement' is clicked on

2021-03-14 12:12:00 - [MESSAGE][PASSED] - Object: 'Object Repository/Page_Update Announcements/topAnnouncement' is clicked on

2021-03-14 12:12:00 - [TEST_STEP][PASSED] - setText(findTestObject("Object Repository/Page_Update Announcement/textarea_Update an Announcement_announcement"), "test, this is an updating Katalon test"): Text 'test, this is an updating Katalon test' is set on object 'Object Repository/Page_Update Announcement/textarea_Update an Announcement_announcement'

2021-03-14 12:12:01 - [MESSAGE][PASSED] - Text 'test, this is an updating Katalon test' is set on object 'Object Repository/Page_Update Announcement/textarea_Update an Announcement_announcement'

2021-03-14 12:12:01 - [TEST_STEP][PASSED] - click(findTestObject("Object Repository/Page_Update Announcement/button_Update Announcement")): Object: 'Object Repository/Page_Update Announcement/button_Update Announcement' is clicked on

2021-03-14 12:12:02 - [MESSAGE][PASSED] - Object: 'Object Repository/Page_Update Announcement/button_Update Announcement' is clicked on

2021-03-14 12:12:02 - [TEST_STEP][PASSED] - click(findTestObject("Page_Announcements/button_Katalon Test")): Object: 'Object Repository/Page_Announcements/button_Katalon Test' is clicked on

2021-03-14 12:12:02 - [MESSAGE][PASSED] - Object: 'Object Repository/Page_Announcements/button_Katalon Test' is clicked on

2021-03-14 12:12:02 - [TEST_STEP][PASSED] - closeBrowser(): Browser is closed

2021-03-14 12:12:02 - [MESSAGE][PASSED] - Browser is closed]]></system-out>
         <system-err><![CDATA[]]></system-err>
      </testcase>
      <testcase name="Test Cases/Owner/Delete Announcement" time="11.308" classname="Test Cases/Owner/Delete Announcement" status="PASSED">
         <system-out><![CDATA[2021-03-14 12:12:02 - [TEST_CASE][PASSED] - Test Cases/Owner/Delete Announcement: Test Cases/Owner/Delete Announcement

2021-03-14 12:12:03 - [TEST_STEP][PASSED] - openBrowser(""): Browser is opened with url: ''

2021-03-14 12:12:03 - [MESSAGE][INFO] - Starting 'Chrome' driver

2021-03-14 12:12:03 - [MESSAGE][INFO] - Action delay is set to 0 milliseconds

2021-03-14 12:12:04 - [MESSAGE][PASSED] - Browser is opened with url: ''

2021-03-14 12:12:04 - [TEST_STEP][PASSED] - navigateToUrl("https://managing-made-easier.web.app/"): Navigate to 'https://managing-made-easier.web.app/' successfully

2021-03-14 12:12:08 - [MESSAGE][PASSED] - Navigate to 'https://managing-made-easier.web.app/' successfully

2021-03-14 12:12:08 - [TEST_STEP][PASSED] - click(findTestObject("Object Repository/Page_Home/a_Sign-In")): Object: 'Object Repository/Page_Home/a_Sign-In' is clicked on

2021-03-14 12:12:09 - [MESSAGE][PASSED] - Object: 'Object Repository/Page_Home/a_Sign-In' is clicked on

2021-03-14 12:12:09 - [TEST_STEP][PASSED] - setText(findTestObject("Object Repository/Page_Sign-In/input__txtEmail"), "owner@radford.edu"): Text 'owner@radford.edu' is set on object 'Object Repository/Page_Sign-In/input__txtEmail'

2021-03-14 12:12:10 - [MESSAGE][PASSED] - Text 'owner@radford.edu' is set on object 'Object Repository/Page_Sign-In/input__txtEmail'

2021-03-14 12:12:10 - [TEST_STEP][PASSED] - setEncryptedText(findTestObject("Object Repository/Page_Sign-In/input__txtPassword"), "8SQVv/p9jVScEs4/2CZsLw=="): Text ****** has been set on object 'Object Repository/Page_Sign-In/input__txtPassword'

2021-03-14 12:12:10 - [MESSAGE][PASSED] - Text ****** has been set on object 'Object Repository/Page_Sign-In/input__txtPassword'

2021-03-14 12:12:10 - [TEST_STEP][PASSED] - click(findTestObject("Object Repository/Page_Sign-In/button_Sign-In")): Object: 'Object Repository/Page_Sign-In/button_Sign-In' is clicked on

2021-03-14 12:12:10 - [MESSAGE][PASSED] - Object: 'Object Repository/Page_Sign-In/button_Sign-In' is clicked on

2021-03-14 12:12:10 - [TEST_STEP][PASSED] - click(findTestObject("Object Repository/Page_Home/a_Portal")): Object: 'Object Repository/Page_Home/a_Portal' is clicked on

2021-03-14 12:12:12 - [MESSAGE][PASSED] - Object: 'Object Repository/Page_Home/a_Portal' is clicked on

2021-03-14 12:12:12 - [TEST_STEP][PASSED] - click(findTestObject("Object Repository/Page_Owner Portal/h4_Delete an Announcement")): Object: 'Object Repository/Page_Owner Portal/h4_Delete an Announcement' is clicked on

2021-03-14 12:12:13 - [MESSAGE][PASSED] - Object: 'Object Repository/Page_Owner Portal/h4_Delete an Announcement' is clicked on

2021-03-14 12:12:13 - [TEST_STEP][PASSED] - click(findTestObject("Page_Delete Announcements/DeleteTestElement")): Object: 'Object Repository/Page_Delete Announcements/DeleteTestElement' is clicked on

2021-03-14 12:12:14 - [MESSAGE][PASSED] - Object: 'Object Repository/Page_Delete Announcements/DeleteTestElement' is clicked on

2021-03-14 12:12:14 - [TEST_STEP][PASSED] - acceptAlert(): Alert accepted

2021-03-14 12:12:14 - [MESSAGE][PASSED] - Alert accepted

2021-03-14 12:12:14 - [TEST_STEP][PASSED] - closeBrowser(): Browser is closed

2021-03-14 12:12:14 - [MESSAGE][PASSED] - Browser is closed]]></system-out>
         <system-err><![CDATA[]]></system-err>
      </testcase>
      <testcase name="Test Cases/Owner/Add listing" time="27.729" classname="Test Cases/Owner/Add listing" status="PASSED">
         <system-out><![CDATA[2021-03-14 12:12:14 - [TEST_CASE][PASSED] - Test Cases/Owner/Add listing: Test Cases/Owner/Add listing

2021-03-14 12:12:14 - [TEST_STEP][PASSED] - openBrowser(""): Browser is opened with url: ''

2021-03-14 12:12:14 - [MESSAGE][INFO] - Starting 'Chrome' driver

2021-03-14 12:12:14 - [MESSAGE][INFO] - Action delay is set to 0 milliseconds

2021-03-14 12:12:15 - [MESSAGE][PASSED] - Browser is opened with url: ''

2021-03-14 12:12:15 - [TEST_STEP][PASSED] - navigateToUrl("https://managing-made-easier.web.app/"): Navigate to 'https://managing-made-easier.web.app/' successfully

2021-03-14 12:12:22 - [MESSAGE][PASSED] - Navigate to 'https://managing-made-easier.web.app/' successfully

2021-03-14 12:12:22 - [TEST_STEP][PASSED] - click(findTestObject("Object Repository/Page_Home/a_Sign-In")): Object: 'Object Repository/Page_Home/a_Sign-In' is clicked on

2021-03-14 12:12:23 - [MESSAGE][PASSED] - Object: 'Object Repository/Page_Home/a_Sign-In' is clicked on

2021-03-14 12:12:23 - [TEST_STEP][PASSED] - setText(findTestObject("Object Repository/Page_Sign-In/input__txtEmail"), "owner@radford.edu"): Text 'owner@radford.edu' is set on object 'Object Repository/Page_Sign-In/input__txtEmail'

2021-03-14 12:12:24 - [MESSAGE][PASSED] - Text 'owner@radford.edu' is set on object 'Object Repository/Page_Sign-In/input__txtEmail'

2021-03-14 12:12:24 - [TEST_STEP][PASSED] - setEncryptedText(findTestObject("Object Repository/Page_Sign-In/input__txtPassword"), "p4y+y39Ir5MSxNs1t5lTZQ=="): Text ****** has been set on object 'Object Repository/Page_Sign-In/input__txtPassword'

2021-03-14 12:12:24 - [MESSAGE][PASSED] - Text ****** has been set on object 'Object Repository/Page_Sign-In/input__txtPassword'

2021-03-14 12:12:24 - [TEST_STEP][PASSED] - click(findTestObject("Object Repository/Page_Sign-In/button_Sign-In")): Object: 'Object Repository/Page_Sign-In/button_Sign-In' is clicked on

2021-03-14 12:12:25 - [MESSAGE][PASSED] - Object: 'Object Repository/Page_Sign-In/button_Sign-In' is clicked on

2021-03-14 12:12:25 - [TEST_STEP][PASSED] - click(findTestObject("Object Repository/Page_Sign-In/div_Email Password Sign-In Remember meForgo_94f557")): Object: 'Object Repository/Page_Sign-In/div_Email Password Sign-In Remember meForgo_94f557' is clicked on

2021-03-14 12:12:25 - [MESSAGE][PASSED] - Object: 'Object Repository/Page_Sign-In/div_Email Password Sign-In Remember meForgo_94f557' is clicked on

2021-03-14 12:12:25 - [TEST_STEP][PASSED] - setEncryptedText(findTestObject("Object Repository/Page_Sign-In/input__txtPassword"), "8SQVv/p9jVScEs4/2CZsLw=="): Text ****** has been set on object 'Object Repository/Page_Sign-In/input__txtPassword'

2021-03-14 12:12:26 - [MESSAGE][PASSED] - Text ****** has been set on object 'Object Repository/Page_Sign-In/input__txtPassword'

2021-03-14 12:12:26 - [TEST_STEP][PASSED] - click(findTestObject("Object Repository/Page_Sign-In/button_Sign-In")): Object: 'Object Repository/Page_Sign-In/button_Sign-In' is clicked on

2021-03-14 12:12:26 - [MESSAGE][PASSED] - Object: 'Object Repository/Page_Sign-In/button_Sign-In' is clicked on

2021-03-14 12:12:26 - [TEST_STEP][PASSED] - closeBrowser(): Browser is closed

2021-03-14 12:12:26 - [MESSAGE][PASSED] - Browser is closed

2021-03-14 12:12:26 - [TEST_STEP][PASSED] - openBrowser(""): Browser is opened with url: ''

2021-03-14 12:12:26 - [MESSAGE][INFO] - Starting 'Chrome' driver

2021-03-14 12:12:26 - [MESSAGE][INFO] - Action delay is set to 0 milliseconds

2021-03-14 12:12:27 - [MESSAGE][PASSED] - Browser is opened with url: ''

2021-03-14 12:12:27 - [TEST_STEP][PASSED] - navigateToUrl("https://managing-made-easier.web.app/"): Navigate to 'https://managing-made-easier.web.app/' successfully

2021-03-14 12:12:30 - [MESSAGE][PASSED] - Navigate to 'https://managing-made-easier.web.app/' successfully

2021-03-14 12:12:30 - [TEST_STEP][PASSED] - click(findTestObject("Object Repository/Page_Home/a_Sign-In")): Object: 'Object Repository/Page_Home/a_Sign-In' is clicked on

2021-03-14 12:12:31 - [MESSAGE][PASSED] - Object: 'Object Repository/Page_Home/a_Sign-In' is clicked on

2021-03-14 12:12:31 - [TEST_STEP][PASSED] - setText(findTestObject("Object Repository/Page_Sign-In/input__txtEmail"), "owner@radford.edu"): Text 'owner@radford.edu' is set on object 'Object Repository/Page_Sign-In/input__txtEmail'

2021-03-14 12:12:32 - [MESSAGE][PASSED] - Text 'owner@radford.edu' is set on object 'Object Repository/Page_Sign-In/input__txtEmail'

2021-03-14 12:12:32 - [TEST_STEP][PASSED] - setEncryptedText(findTestObject("Object Repository/Page_Sign-In/input__txtPassword"), "8SQVv/p9jVScEs4/2CZsLw=="): Text ****** has been set on object 'Object Repository/Page_Sign-In/input__txtPassword'

2021-03-14 12:12:33 - [MESSAGE][PASSED] - Text ****** has been set on object 'Object Repository/Page_Sign-In/input__txtPassword'

2021-03-14 12:12:33 - [TEST_STEP][PASSED] - sendKeys(findTestObject("Object Repository/Page_Sign-In/input__txtPassword"), Keys.chord(ENTER)): Keys 'ENTER + ' sent to object: 'Object Repository/Page_Sign-In/input__txtPassword'

2021-03-14 12:12:33 - [MESSAGE][PASSED] - Keys 'ENTER + ' sent to object: 'Object Repository/Page_Sign-In/input__txtPassword'

2021-03-14 12:12:33 - [TEST_STEP][PASSED] - click(findTestObject("Object Repository/Page_Home/a_Portal")): Object: 'Object Repository/Page_Home/a_Portal' is clicked on

2021-03-14 12:12:34 - [MESSAGE][PASSED] - Object: 'Object Repository/Page_Home/a_Portal' is clicked on

2021-03-14 12:12:34 - [TEST_STEP][PASSED] - click(findTestObject("Object Repository/Page_Owner Portal/h4_Add a Listing")): Object: 'Object Repository/Page_Owner Portal/h4_Add a Listing' is clicked on

2021-03-14 12:12:36 - [MESSAGE][PASSED] - Object: 'Object Repository/Page_Owner Portal/h4_Add a Listing' is clicked on

2021-03-14 12:12:36 - [TEST_STEP][PASSED] - setText(findTestObject("Object Repository/Page_Add Listing/input_Add a Listing_address"), "Katalon Test"): Text 'Katalon Test' is set on object 'Object Repository/Page_Add Listing/input_Add a Listing_address'

2021-03-14 12:12:37 - [MESSAGE][PASSED] - Text 'Katalon Test' is set on object 'Object Repository/Page_Add Listing/input_Add a Listing_address'

2021-03-14 12:12:37 - [TEST_STEP][PASSED] - click(findTestObject("Object Repository/Page_Add Listing/input_Add a Listing_type")): Object: 'Object Repository/Page_Add Listing/input_Add a Listing_type' is clicked on

2021-03-14 12:12:37 - [MESSAGE][PASSED] - Object: 'Object Repository/Page_Add Listing/input_Add a Listing_type' is clicked on

2021-03-14 12:12:37 - [TEST_STEP][PASSED] - setText(findTestObject("Object Repository/Page_Add Listing/input_Apartment_rent"), "500"): Text '500' is set on object 'Object Repository/Page_Add Listing/input_Apartment_rent'

2021-03-14 12:12:38 - [MESSAGE][PASSED] - Text '500' is set on object 'Object Repository/Page_Add Listing/input_Apartment_rent'

2021-03-14 12:12:38 - [TEST_STEP][PASSED] - setText(findTestObject("Object Repository/Page_Add Listing/input_Apartment_bedrooms"), "4"): Text '4' is set on object 'Object Repository/Page_Add Listing/input_Apartment_bedrooms'

2021-03-14 12:12:38 - [MESSAGE][PASSED] - Text '4' is set on object 'Object Repository/Page_Add Listing/input_Apartment_bedrooms'

2021-03-14 12:12:38 - [TEST_STEP][PASSED] - setText(findTestObject("Object Repository/Page_Add Listing/input_Apartment_damage"), "300"): Text '300' is set on object 'Object Repository/Page_Add Listing/input_Apartment_damage'

2021-03-14 12:12:39 - [MESSAGE][PASSED] - Text '300' is set on object 'Object Repository/Page_Add Listing/input_Apartment_damage'

2021-03-14 12:12:39 - [TEST_STEP][PASSED] - setText(findTestObject("Object Repository/Page_Add Listing/textarea_Apartment_utilities"), "test"): Text 'test' is set on object 'Object Repository/Page_Add Listing/textarea_Apartment_utilities'

2021-03-14 12:12:39 - [MESSAGE][PASSED] - Text 'test' is set on object 'Object Repository/Page_Add Listing/textarea_Apartment_utilities'

2021-03-14 12:12:39 - [TEST_STEP][PASSED] - setText(findTestObject("Object Repository/Page_Add Listing/textarea_Apartment_parking"), "test"): Text 'test' is set on object 'Object Repository/Page_Add Listing/textarea_Apartment_parking'

2021-03-14 12:12:40 - [MESSAGE][PASSED] - Text 'test' is set on object 'Object Repository/Page_Add Listing/textarea_Apartment_parking'

2021-03-14 12:12:40 - [TEST_STEP][PASSED] - setText(findTestObject("Object Repository/Page_Add Listing/textarea_Apartment_internet"), "test"): Text 'test' is set on object 'Object Repository/Page_Add Listing/textarea_Apartment_internet'

2021-03-14 12:12:41 - [MESSAGE][PASSED] - Text 'test' is set on object 'Object Repository/Page_Add Listing/textarea_Apartment_internet'

2021-03-14 12:12:41 - [TEST_STEP][PASSED] - setText(findTestObject("Object Repository/Page_Add Listing/textarea_Apartment_description"), "This is a katalon test, disregard the listing."): Text 'This is a katalon test, disregard the listing.' is set on object 'Object Repository/Page_Add Listing/textarea_Apartment_description'

2021-03-14 12:12:41 - [MESSAGE][PASSED] - Text 'This is a katalon test, disregard the listing.' is set on object 'Object Repository/Page_Add Listing/textarea_Apartment_description'

2021-03-14 12:12:41 - [TEST_STEP][PASSED] - closeBrowser(): Browser is closed

2021-03-14 12:12:41 - [MESSAGE][PASSED] - Browser is closed]]></system-out>
         <system-err><![CDATA[]]></system-err>
      </testcase>
      <testcase name="Test Cases/Owner/Testing Delete (but not removing)" time="13.086" classname="Test Cases/Owner/Testing Delete (but not removing)" status="PASSED">
         <system-out><![CDATA[2021-03-14 12:12:41 - [TEST_CASE][PASSED] - Test Cases/Owner/Testing Delete (but not removing): Test Cases/Owner/Testing Delete (but not removing)

2021-03-14 12:12:42 - [TEST_STEP][PASSED] - openBrowser(""): Browser is opened with url: ''

2021-03-14 12:12:42 - [MESSAGE][INFO] - Starting 'Chrome' driver

2021-03-14 12:12:42 - [MESSAGE][INFO] - Action delay is set to 0 milliseconds

2021-03-14 12:12:43 - [MESSAGE][PASSED] - Browser is opened with url: ''

2021-03-14 12:12:43 - [TEST_STEP][PASSED] - navigateToUrl("https://managing-made-easier.web.app/"): Navigate to 'https://managing-made-easier.web.app/' successfully

2021-03-14 12:12:48 - [MESSAGE][PASSED] - Navigate to 'https://managing-made-easier.web.app/' successfully

2021-03-14 12:12:48 - [TEST_STEP][PASSED] - click(findTestObject("Object Repository/Page_Home/a_Sign-In")): Object: 'Object Repository/Page_Home/a_Sign-In' is clicked on

2021-03-14 12:12:49 - [MESSAGE][PASSED] - Object: 'Object Repository/Page_Home/a_Sign-In' is clicked on

2021-03-14 12:12:49 - [TEST_STEP][PASSED] - setText(findTestObject("Object Repository/Page_Sign-In/input__txtEmail"), "owner@radford.edu"): Text 'owner@radford.edu' is set on object 'Object Repository/Page_Sign-In/input__txtEmail'

2021-03-14 12:12:50 - [MESSAGE][PASSED] - Text 'owner@radford.edu' is set on object 'Object Repository/Page_Sign-In/input__txtEmail'

2021-03-14 12:12:50 - [TEST_STEP][PASSED] - setEncryptedText(findTestObject("Object Repository/Page_Sign-In/input__txtPassword"), "8SQVv/p9jVScEs4/2CZsLw=="): Text ****** has been set on object 'Object Repository/Page_Sign-In/input__txtPassword'

2021-03-14 12:12:50 - [MESSAGE][PASSED] - Text ****** has been set on object 'Object Repository/Page_Sign-In/input__txtPassword'

2021-03-14 12:12:50 - [TEST_STEP][PASSED] - click(findTestObject("Object Repository/Page_Sign-In/button_Sign-In")): Object: 'Object Repository/Page_Sign-In/button_Sign-In' is clicked on

2021-03-14 12:12:51 - [MESSAGE][PASSED] - Object: 'Object Repository/Page_Sign-In/button_Sign-In' is clicked on

2021-03-14 12:12:51 - [TEST_STEP][PASSED] - click(findTestObject("Object Repository/Page_Sign-In/div_Sign-in Successful You will be redirect_b31683")): Object: 'Object Repository/Page_Sign-In/div_Sign-in Successful You will be redirect_b31683' is clicked on

2021-03-14 12:12:52 - [MESSAGE][PASSED] - Object: 'Object Repository/Page_Sign-In/div_Sign-in Successful You will be redirect_b31683' is clicked on

2021-03-14 12:12:52 - [TEST_STEP][PASSED] - click(findTestObject("Object Repository/Page_Home/a_Portal")): Object: 'Object Repository/Page_Home/a_Portal' is clicked on

2021-03-14 12:12:52 - [MESSAGE][PASSED] - Object: 'Object Repository/Page_Home/a_Portal' is clicked on

2021-03-14 12:12:52 - [TEST_STEP][PASSED] - click(findTestObject("Object Repository/Page_Owner Portal/h4_Delete a Listing")): Object: 'Object Repository/Page_Owner Portal/h4_Delete a Listing' is clicked on

2021-03-14 12:12:53 - [MESSAGE][PASSED] - Object: 'Object Repository/Page_Owner Portal/h4_Delete a Listing' is clicked on

2021-03-14 12:12:53 - [TEST_STEP][PASSED] - click(findTestObject("Object Repository/Page_Delete Listings/div_image container test")): Object: 'Object Repository/Page_Delete Listings/div_image container test' is clicked on

2021-03-14 12:12:54 - [MESSAGE][PASSED] - Object: 'Object Repository/Page_Delete Listings/div_image container test' is clicked on

2021-03-14 12:12:54 - [TEST_STEP][PASSED] - closeBrowser(): Browser is closed

2021-03-14 12:12:55 - [MESSAGE][PASSED] - Browser is closed]]></system-out>
         <system-err><![CDATA[]]></system-err>
      </testcase>
      <testcase name="Test Cases/Owner/View Announcements" time="11.167" classname="Test Cases/Owner/View Announcements" status="PASSED">
         <system-out><![CDATA[2021-03-14 12:12:55 - [TEST_CASE][PASSED] - Test Cases/Owner/View Announcements: Test Cases/Owner/View Announcements

2021-03-14 12:12:55 - [TEST_STEP][PASSED] - openBrowser(""): Browser is opened with url: ''

2021-03-14 12:12:55 - [MESSAGE][INFO] - Starting 'Chrome' driver

2021-03-14 12:12:55 - [MESSAGE][INFO] - Action delay is set to 0 milliseconds

2021-03-14 12:12:56 - [MESSAGE][PASSED] - Browser is opened with url: ''

2021-03-14 12:12:56 - [TEST_STEP][PASSED] - navigateToUrl("https://managing-made-easier.web.app/"): Navigate to 'https://managing-made-easier.web.app/' successfully

2021-03-14 12:12:59 - [MESSAGE][PASSED] - Navigate to 'https://managing-made-easier.web.app/' successfully

2021-03-14 12:12:59 - [TEST_STEP][PASSED] - click(findTestObject("Object Repository/Page_Home/a_Sign-In")): Object: 'Object Repository/Page_Home/a_Sign-In' is clicked on

2021-03-14 12:13:00 - [MESSAGE][PASSED] - Object: 'Object Repository/Page_Home/a_Sign-In' is clicked on

2021-03-14 12:13:00 - [TEST_STEP][PASSED] - setText(findTestObject("Object Repository/Page_Sign-In/input__txtEmail"), "owner@radford.edu"): Text 'owner@radford.edu' is set on object 'Object Repository/Page_Sign-In/input__txtEmail'

2021-03-14 12:13:01 - [MESSAGE][PASSED] - Text 'owner@radford.edu' is set on object 'Object Repository/Page_Sign-In/input__txtEmail'

2021-03-14 12:13:01 - [TEST_STEP][PASSED] - setEncryptedText(findTestObject("Object Repository/Page_Sign-In/input__txtPassword"), "8SQVv/p9jVScEs4/2CZsLw=="): Text ****** has been set on object 'Object Repository/Page_Sign-In/input__txtPassword'

2021-03-14 12:13:01 - [MESSAGE][PASSED] - Text ****** has been set on object 'Object Repository/Page_Sign-In/input__txtPassword'

2021-03-14 12:13:01 - [TEST_STEP][PASSED] - sendKeys(findTestObject("Object Repository/Page_Sign-In/input__txtPassword"), Keys.chord(ENTER)): Keys 'ENTER + ' sent to object: 'Object Repository/Page_Sign-In/input__txtPassword'

2021-03-14 12:13:02 - [MESSAGE][PASSED] - Keys 'ENTER + ' sent to object: 'Object Repository/Page_Sign-In/input__txtPassword'

2021-03-14 12:13:02 - [TEST_STEP][PASSED] - click(findTestObject("Object Repository/Page_Sign-In/div_Sign-in Successful You will be redirect_b31683")): Object: 'Object Repository/Page_Sign-In/div_Sign-in Successful You will be redirect_b31683' is clicked on

2021-03-14 12:13:03 - [MESSAGE][PASSED] - Object: 'Object Repository/Page_Sign-In/div_Sign-in Successful You will be redirect_b31683' is clicked on

2021-03-14 12:13:03 - [TEST_STEP][PASSED] - click(findTestObject("Object Repository/Page_Home/a_Portal")): Object: 'Object Repository/Page_Home/a_Portal' is clicked on

2021-03-14 12:13:04 - [MESSAGE][PASSED] - Object: 'Object Repository/Page_Home/a_Portal' is clicked on

2021-03-14 12:13:04 - [TEST_STEP][PASSED] - click(findTestObject("Object Repository/Page_Owner Portal/h4_View Announcements")): Object: 'Object Repository/Page_Owner Portal/h4_View Announcements' is clicked on

2021-03-14 12:13:04 - [MESSAGE][PASSED] - Object: 'Object Repository/Page_Owner Portal/h4_View Announcements' is clicked on

2021-03-14 12:13:04 - [TEST_STEP][PASSED] - click(findTestObject("Object Repository/Page_Announcements/button_3")): Object: 'Object Repository/Page_Announcements/button_3' is clicked on

2021-03-14 12:13:05 - [MESSAGE][PASSED] - Object: 'Object Repository/Page_Announcements/button_3' is clicked on

2021-03-14 12:13:05 - [TEST_STEP][PASSED] - click(findTestObject("Object Repository/Page_Announcements/button_Katalon Test")): Object: 'Object Repository/Page_Announcements/button_Katalon Test' is clicked on

2021-03-14 12:13:06 - [MESSAGE][PASSED] - Object: 'Object Repository/Page_Announcements/button_Katalon Test' is clicked on

2021-03-14 12:13:06 - [TEST_STEP][PASSED] - closeBrowser(): Browser is closed

2021-03-14 12:13:06 - [MESSAGE][PASSED] - Browser is closed]]></system-out>
         <system-err><![CDATA[]]></system-err>
      </testcase>
      <testcase name="Test Cases/Owner/Activate listing" time="15.724" classname="Test Cases/Owner/Activate listing" status="PASSED">
         <system-out><![CDATA[2021-03-14 12:13:06 - [TEST_CASE][PASSED] - Test Cases/Owner/Activate listing: Test Cases/Owner/Activate listing

2021-03-14 12:13:06 - [TEST_STEP][PASSED] - openBrowser(""): Browser is opened with url: ''

2021-03-14 12:13:06 - [MESSAGE][INFO] - Starting 'Chrome' driver

2021-03-14 12:13:06 - [MESSAGE][INFO] - Action delay is set to 0 milliseconds

2021-03-14 12:13:07 - [MESSAGE][PASSED] - Browser is opened with url: ''

2021-03-14 12:13:07 - [TEST_STEP][PASSED] - navigateToUrl("https://managing-made-easier.web.app/"): Navigate to 'https://managing-made-easier.web.app/' successfully

2021-03-14 12:13:12 - [MESSAGE][PASSED] - Navigate to 'https://managing-made-easier.web.app/' successfully

2021-03-14 12:13:12 - [TEST_STEP][PASSED] - click(findTestObject("Object Repository/Page_Home/a_Sign-In")): Object: 'Object Repository/Page_Home/a_Sign-In' is clicked on

2021-03-14 12:13:13 - [MESSAGE][PASSED] - Object: 'Object Repository/Page_Home/a_Sign-In' is clicked on

2021-03-14 12:13:13 - [TEST_STEP][PASSED] - setText(findTestObject("Object Repository/Page_Sign-In/input__txtEmail"), "owner@radford.edu"): Text 'owner@radford.edu' is set on object 'Object Repository/Page_Sign-In/input__txtEmail'

2021-03-14 12:13:13 - [MESSAGE][PASSED] - Text 'owner@radford.edu' is set on object 'Object Repository/Page_Sign-In/input__txtEmail'

2021-03-14 12:13:13 - [TEST_STEP][PASSED] - setEncryptedText(findTestObject("Object Repository/Page_Sign-In/input__txtPassword"), "8SQVv/p9jVScEs4/2CZsLw=="): Text ****** has been set on object 'Object Repository/Page_Sign-In/input__txtPassword'

2021-03-14 12:13:14 - [MESSAGE][PASSED] - Text ****** has been set on object 'Object Repository/Page_Sign-In/input__txtPassword'

2021-03-14 12:13:14 - [TEST_STEP][PASSED] - click(findTestObject("Object Repository/Page_Sign-In/button_Sign-In")): Object: 'Object Repository/Page_Sign-In/button_Sign-In' is clicked on

2021-03-14 12:13:14 - [MESSAGE][PASSED] - Object: 'Object Repository/Page_Sign-In/button_Sign-In' is clicked on

2021-03-14 12:13:14 - [TEST_STEP][PASSED] - click(findTestObject("Object Repository/Page_Sign-In/div_Sign-in Successful You will be redirect_b31683")): Object: 'Object Repository/Page_Sign-In/div_Sign-in Successful You will be redirect_b31683' is clicked on

2021-03-14 12:13:16 - [MESSAGE][PASSED] - Object: 'Object Repository/Page_Sign-In/div_Sign-in Successful You will be redirect_b31683' is clicked on

2021-03-14 12:13:16 - [TEST_STEP][PASSED] - click(findTestObject("Object Repository/Page_Home/a_Portal")): Object: 'Object Repository/Page_Home/a_Portal' is clicked on

2021-03-14 12:13:16 - [MESSAGE][PASSED] - Object: 'Object Repository/Page_Home/a_Portal' is clicked on

2021-03-14 12:13:16 - [TEST_STEP][PASSED] - click(findTestObject("Object Repository/Page_Owner Portal/h4_ActivateDeactivate a Listing")): Object: 'Object Repository/Page_Owner Portal/h4_ActivateDeactivate a Listing' is clicked on

2021-03-14 12:13:17 - [MESSAGE][PASSED] - Object: 'Object Repository/Page_Owner Portal/h4_ActivateDeactivate a Listing' is clicked on

2021-03-14 12:13:17 - [TEST_STEP][PASSED] - click(findTestObject("Object Repository/Page_ActivateDeactivate Listings/div_Box")): Object: 'Object Repository/Page_ActivateDeactivate Listings/div_Box' is clicked on

2021-03-14 12:13:18 - [MESSAGE][PASSED] - Object: 'Object Repository/Page_ActivateDeactivate Listings/div_Box' is clicked on

2021-03-14 12:13:18 - [TEST_STEP][PASSED] - click(findTestObject("Object Repository/Page_ActivateDeactivate Listing/input_Activated_status")): Object: 'Object Repository/Page_ActivateDeactivate Listing/input_Activated_status' is clicked on

2021-03-14 12:13:19 - [MESSAGE][PASSED] - Object: 'Object Repository/Page_ActivateDeactivate Listing/input_Activated_status' is clicked on

2021-03-14 12:13:19 - [TEST_STEP][PASSED] - click(findTestObject("Object Repository/Page_ActivateDeactivate Listing/input_ActivateDeactivate Box_status")): Object: 'Object Repository/Page_ActivateDeactivate Listing/input_ActivateDeactivate Box_status' is clicked on

2021-03-14 12:13:19 - [MESSAGE][PASSED] - Object: 'Object Repository/Page_ActivateDeactivate Listing/input_ActivateDeactivate Box_status' is clicked on

2021-03-14 12:13:19 - [TEST_STEP][PASSED] - selectOptionByValue(findTestObject("Object Repository/Page_ActivateDeactivate Listing/select_nstoryradford.edujbradley46radford.e_73375e"), "nstory@radford.edu", true): All options with value 'nstory@radford.edu' are selected in object 'Object Repository/Page_ActivateDeactivate Listing/select_nstoryradford.edujbradley46radford.e_73375e'  using regular expression

2021-03-14 12:13:20 - [MESSAGE][PASSED] - All options with value 'nstory@radford.edu' are selected in object 'Object Repository/Page_ActivateDeactivate Listing/select_nstoryradford.edujbradley46radford.e_73375e'  using regular expression

2021-03-14 12:13:20 - [TEST_STEP][PASSED] - selectOptionByValue(findTestObject("Object Repository/Page_ActivateDeactivate Listing/select_nstoryradford.edujbradley46radford.e_73375e"), "", true): All options with value '' are selected in object 'Object Repository/Page_ActivateDeactivate Listing/select_nstoryradford.edujbradley46radford.e_73375e'  using regular expression

2021-03-14 12:13:21 - [MESSAGE][PASSED] - All options with value '' are selected in object 'Object Repository/Page_ActivateDeactivate Listing/select_nstoryradford.edujbradley46radford.e_73375e'  using regular expression

2021-03-14 12:13:21 - [TEST_STEP][PASSED] - closeBrowser(): Browser is closed

2021-03-14 12:13:21 - [MESSAGE][PASSED] - Browser is closed]]></system-out>
         <system-err><![CDATA[]]></system-err>
      </testcase>
      <testcase name="Test Cases/Owner/Update Listing" time="18.314" classname="Test Cases/Owner/Update Listing" status="PASSED">
         <system-out><![CDATA[2021-03-14 12:13:21 - [TEST_CASE][PASSED] - Test Cases/Owner/Update Listing: Test Cases/Owner/Update Listing

2021-03-14 12:13:22 - [TEST_STEP][PASSED] - openBrowser(""): Browser is opened with url: ''

2021-03-14 12:13:22 - [MESSAGE][INFO] - Starting 'Chrome' driver

2021-03-14 12:13:22 - [MESSAGE][INFO] - Action delay is set to 0 milliseconds

2021-03-14 12:13:23 - [MESSAGE][PASSED] - Browser is opened with url: ''

2021-03-14 12:13:23 - [TEST_STEP][PASSED] - navigateToUrl("https://managing-made-easier.web.app/"): Navigate to 'https://managing-made-easier.web.app/' successfully

2021-03-14 12:13:28 - [MESSAGE][PASSED] - Navigate to 'https://managing-made-easier.web.app/' successfully

2021-03-14 12:13:28 - [TEST_STEP][PASSED] - click(findTestObject("Object Repository/Page_Home/a_Sign-In")): Object: 'Object Repository/Page_Home/a_Sign-In' is clicked on

2021-03-14 12:13:29 - [MESSAGE][PASSED] - Object: 'Object Repository/Page_Home/a_Sign-In' is clicked on

2021-03-14 12:13:29 - [TEST_STEP][PASSED] - setText(findTestObject("Object Repository/Page_Sign-In/input__txtEmail"), "owner@radford.edu"): Text 'owner@radford.edu' is set on object 'Object Repository/Page_Sign-In/input__txtEmail'

2021-03-14 12:13:29 - [MESSAGE][PASSED] - Text 'owner@radford.edu' is set on object 'Object Repository/Page_Sign-In/input__txtEmail'

2021-03-14 12:13:29 - [TEST_STEP][PASSED] - setEncryptedText(findTestObject("Object Repository/Page_Sign-In/input__txtPassword"), "8SQVv/p9jVScEs4/2CZsLw=="): Text ****** has been set on object 'Object Repository/Page_Sign-In/input__txtPassword'

2021-03-14 12:13:30 - [MESSAGE][PASSED] - Text ****** has been set on object 'Object Repository/Page_Sign-In/input__txtPassword'

2021-03-14 12:13:30 - [TEST_STEP][PASSED] - click(findTestObject("Object Repository/Page_Sign-In/button_Sign-In")): Object: 'Object Repository/Page_Sign-In/button_Sign-In' is clicked on

2021-03-14 12:13:30 - [MESSAGE][PASSED] - Object: 'Object Repository/Page_Sign-In/button_Sign-In' is clicked on

2021-03-14 12:13:30 - [TEST_STEP][PASSED] - click(findTestObject("Object Repository/Page_Sign-In/div_Sign-in Successful You will be redirect_b31683")): Object: 'Object Repository/Page_Sign-In/div_Sign-in Successful You will be redirect_b31683' is clicked on

2021-03-14 12:13:31 - [MESSAGE][PASSED] - Object: 'Object Repository/Page_Sign-In/div_Sign-in Successful You will be redirect_b31683' is clicked on

2021-03-14 12:13:31 - [TEST_STEP][PASSED] - click(findTestObject("Object Repository/Page_Home/a_Portal")): Object: 'Object Repository/Page_Home/a_Portal' is clicked on

2021-03-14 12:13:32 - [MESSAGE][PASSED] - Object: 'Object Repository/Page_Home/a_Portal' is clicked on

2021-03-14 12:13:32 - [TEST_STEP][PASSED] - click(findTestObject("Object Repository/Page_Owner Portal/h4_Update a Listing")): Object: 'Object Repository/Page_Owner Portal/h4_Update a Listing' is clicked on

2021-03-14 12:13:33 - [MESSAGE][PASSED] - Object: 'Object Repository/Page_Owner Portal/h4_Update a Listing' is clicked on

2021-03-14 12:13:33 - [TEST_STEP][PASSED] - click(findTestObject("Object Repository/Page_Update Listings/div_Katalon Test")): Object: 'Object Repository/Page_Update Listings/div_Katalon Test' is clicked on

2021-03-14 12:13:34 - [MESSAGE][PASSED] - Object: 'Object Repository/Page_Update Listings/div_Katalon Test' is clicked on

2021-03-14 12:13:34 - [TEST_STEP][PASSED] - setText(findTestObject("Object Repository/Page_Update Listing/input_Apartment_rent"), "600"): Text '600' is set on object 'Object Repository/Page_Update Listing/input_Apartment_rent'

2021-03-14 12:13:37 - [MESSAGE][PASSED] - Text '600' is set on object 'Object Repository/Page_Update Listing/input_Apartment_rent'

2021-03-14 12:13:37 - [TEST_STEP][PASSED] - click(findTestObject("Object Repository/Page_Update Listing/button_Update Listing")): Object: 'Object Repository/Page_Update Listing/button_Update Listing' is clicked on

2021-03-14 12:13:39 - [MESSAGE][PASSED] - Object: 'Object Repository/Page_Update Listing/button_Update Listing' is clicked on

2021-03-14 12:13:39 - [TEST_STEP][PASSED] - click(findTestObject("Object Repository/Page_View Listing/h5_600")): Object: 'Object Repository/Page_View Listing/h5_600' is clicked on

2021-03-14 12:13:39 - [MESSAGE][PASSED] - Object: 'Object Repository/Page_View Listing/h5_600' is clicked on

2021-03-14 12:13:39 - [TEST_STEP][PASSED] - click(findTestObject("Object Repository/Page_View Listing/h5_600")): Object: 'Object Repository/Page_View Listing/h5_600' is clicked on

2021-03-14 12:13:39 - [MESSAGE][PASSED] - Object: 'Object Repository/Page_View Listing/h5_600' is clicked on

2021-03-14 12:13:39 - [TEST_STEP][PASSED] - click(findTestObject("Object Repository/Page_View Listing/h5_600")): Object: 'Object Repository/Page_View Listing/h5_600' is clicked on

2021-03-14 12:13:40 - [MESSAGE][PASSED] - Object: 'Object Repository/Page_View Listing/h5_600' is clicked on

2021-03-14 12:13:40 - [TEST_STEP][PASSED] - closeBrowser(): Browser is closed

2021-03-14 12:13:40 - [MESSAGE][PASSED] - Browser is closed]]></system-out>
         <system-err><![CDATA[]]></system-err>
      </testcase>
      <system-out><![CDATA[2021-03-14 12:11:17 - [TEST_SUITE][PASSED] - Owner: Test Cases/Owner/Update Listing]]></system-out>
      <system-err><![CDATA[]]></system-err>
   </testsuite>
</testsuites>
