<?xml version="1.0" encoding="UTF-8"?>
<testsuites name="Owner2" time="85.744" tests="8" failures="0" errors="0">
   <testsuite name="Owner2" tests="8" failures="0" errors="0" time="85.744" skipped="0" timestamp="2021-08-23 15:16:39" hostname="mousejarrett - localhost" id="Test Suites/Owner2">
      <properties>
         <property name="deviceName" value=""/>
         <property name="devicePlatform" value=""/>
         <property name="logFolder" value="/Users/mousejarrett/Desktop/SE 2/Managing/ManagingTests/Reports/20210823_151638/Owner2/20210823_151638"/>
         <property name="logFiles" value="/Users/mousejarrett/Desktop/SE 2/Managing/ManagingTests/Reports/20210823_151638/Owner2/20210823_151638/execution0.log"/>
         <property name="attachments" value=""/>
         <property name="hostName" value="mousejarrett - localhost"/>
         <property name="os" value="Mac OS X 64bit"/>
         <property name="katalonVersion" value="8.1.0.208"/>
         <property name="browser" value="Chrome 92.0.4515.159"/>
         <property name="hostAddress" value="127.0.0.1"/>
         <property name="sessionId" value="d1dd751086ca75d7789d916f22dc9833"/>
         <property name="seleniumVersion" value="3.141.59"/>
         <property name="proxyInformation" value="ProxyInformation { proxyOption=NO_PROXY, proxyServerType=HTTP, username=, password=********, proxyServerAddress=, proxyServerPort=0, executionList=&quot;&quot;, isApplyToDesiredCapabilities=true }"/>
         <property name="platform" value="Mac OS X"/>
      </properties>
      <testcase name="Test Cases/Owner/Mark Rent as Paid" time="10.689" classname="Test Cases/Owner/Mark Rent as Paid" status="PASSED">
         <system-out><![CDATA[2021-08-23 15:16:40 - [TEST_CASE][PASSED] - Test Cases/Owner/Mark Rent as Paid: Test Cases/Owner/Mark Rent as Paid

2021-08-23 15:16:40 - [TEST_STEP][PASSED] - openBrowser(""): Browser is opened with url: ''

2021-08-23 15:16:40 - [MESSAGE][INFO] - Starting 'Chrome' driver

2021-08-23 15:16:40 - [MESSAGE][INFO] - Action delay is set to 0 milliseconds

2021-08-23 15:16:42 - [MESSAGE][PASSED] - Browser is opened with url: ''

2021-08-23 15:16:42 - [TEST_STEP][PASSED] - navigateToUrl("https://managing-made-easier.web.app/"): Navigate to 'https://managing-made-easier.web.app/' successfully

2021-08-23 15:16:43 - [MESSAGE][PASSED] - Navigate to 'https://managing-made-easier.web.app/' successfully

2021-08-23 15:16:43 - [TEST_STEP][PASSED] - click(findTestObject("Object Repository/Page_Home/a_Sign-In")): Object: 'Object Repository/Page_Home/a_Sign-In' is clicked on

2021-08-23 15:16:44 - [MESSAGE][PASSED] - Object: 'Object Repository/Page_Home/a_Sign-In' is clicked on

2021-08-23 15:16:44 - [TEST_STEP][PASSED] - setText(findTestObject("Object Repository/Page_Sign-In/input__txtEmail"), "owner@radford.edu"): Text 'owner@radford.edu' is set on object 'Object Repository/Page_Sign-In/input__txtEmail'

2021-08-23 15:16:45 - [MESSAGE][PASSED] - Text 'owner@radford.edu' is set on object 'Object Repository/Page_Sign-In/input__txtEmail'

2021-08-23 15:16:45 - [TEST_STEP][PASSED] - setEncryptedText(findTestObject("Object Repository/Page_Sign-In/input__txtPassword"), "8SQVv/p9jVScEs4/2CZsLw=="): Text ****** has been set on object 'Object Repository/Page_Sign-In/input__txtPassword'

2021-08-23 15:16:46 - [MESSAGE][PASSED] - Text ****** has been set on object 'Object Repository/Page_Sign-In/input__txtPassword'

2021-08-23 15:16:46 - [TEST_STEP][PASSED] - click(findTestObject("Object Repository/Page_Sign-In/button_Sign-In")): Object: 'Object Repository/Page_Sign-In/button_Sign-In' is clicked on

2021-08-23 15:16:46 - [MESSAGE][PASSED] - Object: 'Object Repository/Page_Sign-In/button_Sign-In' is clicked on

2021-08-23 15:16:46 - [TEST_STEP][PASSED] - click(findTestObject("Object Repository/Page_Home/a_Portal")): Object: 'Object Repository/Page_Home/a_Portal' is clicked on

2021-08-23 15:16:47 - [MESSAGE][PASSED] - Object: 'Object Repository/Page_Home/a_Portal' is clicked on

2021-08-23 15:16:47 - [TEST_STEP][PASSED] - click(findTestObject("Object Repository/Page_Owner Portal/h4_Mark Rent as Paid")): Object: 'Object Repository/Page_Owner Portal/h4_Mark Rent as Paid' is clicked on

2021-08-23 15:16:49 - [MESSAGE][PASSED] - Object: 'Object Repository/Page_Owner Portal/h4_Mark Rent as Paid' is clicked on

2021-08-23 15:16:49 - [TEST_STEP][PASSED] - click(findTestObject("Object Repository/Page_Mark Rent as Paid/input_Mark Rent as Paid_fees")): Object: 'Object Repository/Page_Mark Rent as Paid/input_Mark Rent as Paid_fees' is clicked on

2021-08-23 15:16:50 - [MESSAGE][PASSED] - Object: 'Object Repository/Page_Mark Rent as Paid/input_Mark Rent as Paid_fees' is clicked on

2021-08-23 15:16:50 - [TEST_STEP][PASSED] - click(findTestObject("Object Repository/Page_Mark Rent as Paid/input_Mark Rent as Paid_fees")): Object: 'Object Repository/Page_Mark Rent as Paid/input_Mark Rent as Paid_fees' is clicked on

2021-08-23 15:16:50 - [MESSAGE][PASSED] - Object: 'Object Repository/Page_Mark Rent as Paid/input_Mark Rent as Paid_fees' is clicked on

2021-08-23 15:16:50 - [TEST_STEP][PASSED] - click(findTestObject("Object Repository/Page_Mark Rent as Paid/button_Mark Rent as Paid")): Object: 'Object Repository/Page_Mark Rent as Paid/button_Mark Rent as Paid' is clicked on

2021-08-23 15:16:50 - [MESSAGE][PASSED] - Object: 'Object Repository/Page_Mark Rent as Paid/button_Mark Rent as Paid' is clicked on

2021-08-23 15:16:50 - [TEST_STEP][PASSED] - closeBrowser(): Browser is closed

2021-08-23 15:16:50 - [MESSAGE][PASSED] - Browser is closed]]></system-out>
         <system-err><![CDATA[]]></system-err>
      </testcase>
      <testcase name="Test Cases/Owner/Owner Portal" time="7.301" classname="Test Cases/Owner/Owner Portal" status="PASSED">
         <system-out><![CDATA[2021-08-23 15:16:50 - [TEST_CASE][PASSED] - Test Cases/Owner/Owner Portal: Test Cases/Owner/Owner Portal

2021-08-23 15:16:51 - [TEST_STEP][PASSED] - openBrowser(""): Browser is opened with url: ''

2021-08-23 15:16:51 - [MESSAGE][INFO] - Starting 'Chrome' driver

2021-08-23 15:16:51 - [MESSAGE][INFO] - Action delay is set to 0 milliseconds

2021-08-23 15:16:52 - [MESSAGE][PASSED] - Browser is opened with url: ''

2021-08-23 15:16:52 - [TEST_STEP][PASSED] - navigateToUrl("https://managing-made-easier.web.app/"): Navigate to 'https://managing-made-easier.web.app/' successfully

2021-08-23 15:16:53 - [MESSAGE][PASSED] - Navigate to 'https://managing-made-easier.web.app/' successfully

2021-08-23 15:16:53 - [TEST_STEP][PASSED] - click(findTestObject("Object Repository/Page_Home/a_Sign-In")): Object: 'Object Repository/Page_Home/a_Sign-In' is clicked on

2021-08-23 15:16:54 - [MESSAGE][PASSED] - Object: 'Object Repository/Page_Home/a_Sign-In' is clicked on

2021-08-23 15:16:54 - [TEST_STEP][PASSED] - setText(findTestObject("Object Repository/Page_Sign-In/input__txtEmail"), "owner@radford.edu"): Text 'owner@radford.edu' is set on object 'Object Repository/Page_Sign-In/input__txtEmail'

2021-08-23 15:16:55 - [MESSAGE][PASSED] - Text 'owner@radford.edu' is set on object 'Object Repository/Page_Sign-In/input__txtEmail'

2021-08-23 15:16:55 - [TEST_STEP][PASSED] - setEncryptedText(findTestObject("Object Repository/Page_Sign-In/input__txtPassword"), "8SQVv/p9jVScEs4/2CZsLw=="): Text ****** has been set on object 'Object Repository/Page_Sign-In/input__txtPassword'

2021-08-23 15:16:56 - [MESSAGE][PASSED] - Text ****** has been set on object 'Object Repository/Page_Sign-In/input__txtPassword'

2021-08-23 15:16:56 - [TEST_STEP][PASSED] - click(findTestObject("Object Repository/Page_Sign-In/button_Sign-In")): Object: 'Object Repository/Page_Sign-In/button_Sign-In' is clicked on

2021-08-23 15:16:56 - [MESSAGE][PASSED] - Object: 'Object Repository/Page_Sign-In/button_Sign-In' is clicked on

2021-08-23 15:16:56 - [TEST_STEP][PASSED] - click(findTestObject("Object Repository/Page_Sign-In/div_Sign-in Successful You will be redirect_b31683")): Object: 'Object Repository/Page_Sign-In/div_Sign-in Successful You will be redirect_b31683' is clicked on

2021-08-23 15:16:57 - [MESSAGE][PASSED] - Object: 'Object Repository/Page_Sign-In/div_Sign-in Successful You will be redirect_b31683' is clicked on

2021-08-23 15:16:57 - [TEST_STEP][PASSED] - click(findTestObject("Object Repository/Page_Home/a_Portal")): Object: 'Object Repository/Page_Home/a_Portal' is clicked on

2021-08-23 15:16:58 - [MESSAGE][PASSED] - Object: 'Object Repository/Page_Home/a_Portal' is clicked on

2021-08-23 15:16:58 - [TEST_STEP][PASSED] - closeBrowser(): Browser is closed

2021-08-23 15:16:58 - [MESSAGE][PASSED] - Browser is closed]]></system-out>
         <system-err><![CDATA[]]></system-err>
      </testcase>
      <testcase name="Test Cases/Owner/Rent log" time="10.289" classname="Test Cases/Owner/Rent log" status="PASSED">
         <system-out><![CDATA[2021-08-23 15:16:58 - [TEST_CASE][PASSED] - Test Cases/Owner/Rent log: Test Cases/Owner/Rent log

2021-08-23 15:16:58 - [TEST_STEP][PASSED] - openBrowser(""): Browser is opened with url: ''

2021-08-23 15:16:58 - [MESSAGE][INFO] - Starting 'Chrome' driver

2021-08-23 15:16:58 - [MESSAGE][INFO] - Action delay is set to 0 milliseconds

2021-08-23 15:16:59 - [MESSAGE][PASSED] - Browser is opened with url: ''

2021-08-23 15:16:59 - [TEST_STEP][PASSED] - navigateToUrl("https://managing-made-easier.web.app/"): Navigate to 'https://managing-made-easier.web.app/' successfully

2021-08-23 15:17:00 - [MESSAGE][PASSED] - Navigate to 'https://managing-made-easier.web.app/' successfully

2021-08-23 15:17:00 - [TEST_STEP][PASSED] - click(findTestObject("Object Repository/Page_Home/a_Sign-In")): Object: 'Object Repository/Page_Home/a_Sign-In' is clicked on

2021-08-23 15:17:01 - [MESSAGE][PASSED] - Object: 'Object Repository/Page_Home/a_Sign-In' is clicked on

2021-08-23 15:17:01 - [TEST_STEP][PASSED] - setText(findTestObject("Object Repository/Page_Sign-In/input__txtEmail"), "owner@radford.edu"): Text 'owner@radford.edu' is set on object 'Object Repository/Page_Sign-In/input__txtEmail'

2021-08-23 15:17:02 - [MESSAGE][PASSED] - Text 'owner@radford.edu' is set on object 'Object Repository/Page_Sign-In/input__txtEmail'

2021-08-23 15:17:02 - [TEST_STEP][PASSED] - setEncryptedText(findTestObject("Object Repository/Page_Sign-In/input__txtPassword"), "8SQVv/p9jVScEs4/2CZsLw=="): Text ****** has been set on object 'Object Repository/Page_Sign-In/input__txtPassword'

2021-08-23 15:17:03 - [MESSAGE][PASSED] - Text ****** has been set on object 'Object Repository/Page_Sign-In/input__txtPassword'

2021-08-23 15:17:03 - [TEST_STEP][PASSED] - sendKeys(findTestObject("Object Repository/Page_Sign-In/input__txtPassword"), Keys.chord(ENTER)): Keys 'ENTER + ' sent to object: 'Object Repository/Page_Sign-In/input__txtPassword'

2021-08-23 15:17:03 - [MESSAGE][PASSED] - Keys 'ENTER + ' sent to object: 'Object Repository/Page_Sign-In/input__txtPassword'

2021-08-23 15:17:03 - [TEST_STEP][PASSED] - click(findTestObject("Object Repository/Page_Home/a_Portal")): Object: 'Object Repository/Page_Home/a_Portal' is clicked on

2021-08-23 15:17:05 - [MESSAGE][PASSED] - Object: 'Object Repository/Page_Home/a_Portal' is clicked on

2021-08-23 15:17:05 - [TEST_STEP][PASSED] - click(findTestObject("Object Repository/Page_Owner Portal/h4_Rent Log")): Object: 'Object Repository/Page_Owner Portal/h4_Rent Log' is clicked on

2021-08-23 15:17:06 - [MESSAGE][PASSED] - Object: 'Object Repository/Page_Owner Portal/h4_Rent Log' is clicked on

2021-08-23 15:17:06 - [TEST_STEP][PASSED] - click(findTestObject("Object Repository/Page_Payment History/div_Payment History")): Object: 'Object Repository/Page_Payment History/div_Payment History' is clicked on

2021-08-23 15:17:07 - [MESSAGE][PASSED] - Object: 'Object Repository/Page_Payment History/div_Payment History' is clicked on

2021-08-23 15:17:07 - [TEST_STEP][PASSED] - click(findTestObject("Object Repository/Page_Payment History/h2_nstoryradford.edu")): Object: 'Object Repository/Page_Payment History/h2_nstoryradford.edu' is clicked on

2021-08-23 15:17:07 - [MESSAGE][PASSED] - Object: 'Object Repository/Page_Payment History/h2_nstoryradford.edu' is clicked on

2021-08-23 15:17:07 - [TEST_STEP][PASSED] - click(findTestObject("Object Repository/Page_Payment History/div_nstoryradford.eduThu Mar 18 2021Method _7d05a2")): Object: 'Object Repository/Page_Payment History/div_nstoryradford.eduThu Mar 18 2021Method _7d05a2' is clicked on

2021-08-23 15:17:08 - [MESSAGE][PASSED] - Object: 'Object Repository/Page_Payment History/div_nstoryradford.eduThu Mar 18 2021Method _7d05a2' is clicked on

2021-08-23 15:17:08 - [TEST_STEP][PASSED] - click(findTestObject("Object Repository/Page_Payment History/button_Thu Mar 18 2021")): Object: 'Object Repository/Page_Payment History/button_Thu Mar 18 2021' is clicked on

2021-08-23 15:17:08 - [MESSAGE][PASSED] - Object: 'Object Repository/Page_Payment History/button_Thu Mar 18 2021' is clicked on

2021-08-23 15:17:08 - [TEST_STEP][PASSED] - closeBrowser(): Browser is closed

2021-08-23 15:17:08 - [MESSAGE][PASSED] - Browser is closed]]></system-out>
         <system-err><![CDATA[]]></system-err>
      </testcase>
      <testcase name="Test Cases/Owner/Testing Delete (but not removing)" time="11.147" classname="Test Cases/Owner/Testing Delete (but not removing)" status="PASSED">
         <system-out><![CDATA[2021-08-23 15:17:08 - [TEST_CASE][PASSED] - Test Cases/Owner/Testing Delete (but not removing): Test Cases/Owner/Testing Delete (but not removing)

2021-08-23 15:17:08 - [TEST_STEP][PASSED] - openBrowser(""): Browser is opened with url: ''

2021-08-23 15:17:08 - [MESSAGE][INFO] - Starting 'Chrome' driver

2021-08-23 15:17:08 - [MESSAGE][INFO] - Action delay is set to 0 milliseconds

2021-08-23 15:17:09 - [MESSAGE][PASSED] - Browser is opened with url: ''

2021-08-23 15:17:09 - [TEST_STEP][PASSED] - navigateToUrl("https://managing-made-easier.web.app/"): Navigate to 'https://managing-made-easier.web.app/' successfully

2021-08-23 15:17:11 - [MESSAGE][PASSED] - Navigate to 'https://managing-made-easier.web.app/' successfully

2021-08-23 15:17:11 - [TEST_STEP][PASSED] - click(findTestObject("Object Repository/Page_Home/a_Sign-In")): Object: 'Object Repository/Page_Home/a_Sign-In' is clicked on

2021-08-23 15:17:13 - [MESSAGE][PASSED] - Object: 'Object Repository/Page_Home/a_Sign-In' is clicked on

2021-08-23 15:17:13 - [TEST_STEP][PASSED] - setText(findTestObject("Object Repository/Page_Sign-In/input__txtEmail"), "owner@radford.edu"): Text 'owner@radford.edu' is set on object 'Object Repository/Page_Sign-In/input__txtEmail'

2021-08-23 15:17:14 - [MESSAGE][PASSED] - Text 'owner@radford.edu' is set on object 'Object Repository/Page_Sign-In/input__txtEmail'

2021-08-23 15:17:14 - [TEST_STEP][PASSED] - setEncryptedText(findTestObject("Object Repository/Page_Sign-In/input__txtPassword"), "8SQVv/p9jVScEs4/2CZsLw=="): Text ****** has been set on object 'Object Repository/Page_Sign-In/input__txtPassword'

2021-08-23 15:17:14 - [MESSAGE][PASSED] - Text ****** has been set on object 'Object Repository/Page_Sign-In/input__txtPassword'

2021-08-23 15:17:14 - [TEST_STEP][PASSED] - click(findTestObject("Object Repository/Page_Sign-In/button_Sign-In")): Object: 'Object Repository/Page_Sign-In/button_Sign-In' is clicked on

2021-08-23 15:17:15 - [MESSAGE][PASSED] - Object: 'Object Repository/Page_Sign-In/button_Sign-In' is clicked on

2021-08-23 15:17:15 - [TEST_STEP][PASSED] - click(findTestObject("Object Repository/Page_Sign-In/div_Sign-in Successful You will be redirect_b31683")): Object: 'Object Repository/Page_Sign-In/div_Sign-in Successful You will be redirect_b31683' is clicked on

2021-08-23 15:17:16 - [MESSAGE][PASSED] - Object: 'Object Repository/Page_Sign-In/div_Sign-in Successful You will be redirect_b31683' is clicked on

2021-08-23 15:17:16 - [TEST_STEP][PASSED] - click(findTestObject("Object Repository/Page_Home/a_Portal")): Object: 'Object Repository/Page_Home/a_Portal' is clicked on

2021-08-23 15:17:17 - [MESSAGE][PASSED] - Object: 'Object Repository/Page_Home/a_Portal' is clicked on

2021-08-23 15:17:17 - [TEST_STEP][PASSED] - click(findTestObject("Object Repository/Page_Owner Portal/h4_Delete a Listing")): Object: 'Object Repository/Page_Owner Portal/h4_Delete a Listing' is clicked on

2021-08-23 15:17:18 - [MESSAGE][PASSED] - Object: 'Object Repository/Page_Owner Portal/h4_Delete a Listing' is clicked on

2021-08-23 15:17:18 - [TEST_STEP][PASSED] - click(findTestObject("Object Repository/Page_Delete Listings/div_image container test")): Object: 'Object Repository/Page_Delete Listings/div_image container test' is clicked on

2021-08-23 15:17:19 - [MESSAGE][PASSED] - Object: 'Object Repository/Page_Delete Listings/div_image container test' is clicked on

2021-08-23 15:17:19 - [TEST_STEP][PASSED] - closeBrowser(): Browser is closed

2021-08-23 15:17:19 - [MESSAGE][PASSED] - Browser is closed]]></system-out>
         <system-err><![CDATA[]]></system-err>
      </testcase>
      <testcase name="Test Cases/Owner/Update Listing" time="14.986" classname="Test Cases/Owner/Update Listing" status="PASSED">
         <system-out><![CDATA[2021-08-23 15:17:19 - [TEST_CASE][PASSED] - Test Cases/Owner/Update Listing: Test Cases/Owner/Update Listing

2021-08-23 15:17:19 - [TEST_STEP][PASSED] - openBrowser(""): Browser is opened with url: ''

2021-08-23 15:17:19 - [MESSAGE][INFO] - Starting 'Chrome' driver

2021-08-23 15:17:19 - [MESSAGE][INFO] - Action delay is set to 0 milliseconds

2021-08-23 15:17:20 - [MESSAGE][PASSED] - Browser is opened with url: ''

2021-08-23 15:17:20 - [TEST_STEP][PASSED] - navigateToUrl("https://managing-made-easier.web.app/"): Navigate to 'https://managing-made-easier.web.app/' successfully

2021-08-23 15:17:22 - [MESSAGE][PASSED] - Navigate to 'https://managing-made-easier.web.app/' successfully

2021-08-23 15:17:22 - [TEST_STEP][PASSED] - click(findTestObject("Object Repository/Page_Home/a_Sign-In")): Object: 'Object Repository/Page_Home/a_Sign-In' is clicked on

2021-08-23 15:17:23 - [MESSAGE][PASSED] - Object: 'Object Repository/Page_Home/a_Sign-In' is clicked on

2021-08-23 15:17:23 - [TEST_STEP][PASSED] - setText(findTestObject("Object Repository/Page_Sign-In/input__txtEmail"), "owner@radford.edu"): Text 'owner@radford.edu' is set on object 'Object Repository/Page_Sign-In/input__txtEmail'

2021-08-23 15:17:24 - [MESSAGE][PASSED] - Text 'owner@radford.edu' is set on object 'Object Repository/Page_Sign-In/input__txtEmail'

2021-08-23 15:17:24 - [TEST_STEP][PASSED] - setEncryptedText(findTestObject("Object Repository/Page_Sign-In/input__txtPassword"), "8SQVv/p9jVScEs4/2CZsLw=="): Text ****** has been set on object 'Object Repository/Page_Sign-In/input__txtPassword'

2021-08-23 15:17:24 - [MESSAGE][PASSED] - Text ****** has been set on object 'Object Repository/Page_Sign-In/input__txtPassword'

2021-08-23 15:17:24 - [TEST_STEP][PASSED] - click(findTestObject("Object Repository/Page_Sign-In/button_Sign-In")): Object: 'Object Repository/Page_Sign-In/button_Sign-In' is clicked on

2021-08-23 15:17:24 - [MESSAGE][PASSED] - Object: 'Object Repository/Page_Sign-In/button_Sign-In' is clicked on

2021-08-23 15:17:24 - [TEST_STEP][PASSED] - click(findTestObject("Object Repository/Page_Sign-In/div_Sign-in Successful You will be redirect_b31683")): Object: 'Object Repository/Page_Sign-In/div_Sign-in Successful You will be redirect_b31683' is clicked on

2021-08-23 15:17:26 - [MESSAGE][PASSED] - Object: 'Object Repository/Page_Sign-In/div_Sign-in Successful You will be redirect_b31683' is clicked on

2021-08-23 15:17:26 - [TEST_STEP][PASSED] - click(findTestObject("Object Repository/Page_Home/a_Portal")): Object: 'Object Repository/Page_Home/a_Portal' is clicked on

2021-08-23 15:17:26 - [MESSAGE][PASSED] - Object: 'Object Repository/Page_Home/a_Portal' is clicked on

2021-08-23 15:17:26 - [TEST_STEP][PASSED] - click(findTestObject("Object Repository/Page_Owner Portal/h4_Update a Listing")): Object: 'Object Repository/Page_Owner Portal/h4_Update a Listing' is clicked on

2021-08-23 15:17:27 - [MESSAGE][PASSED] - Object: 'Object Repository/Page_Owner Portal/h4_Update a Listing' is clicked on

2021-08-23 15:17:27 - [TEST_STEP][PASSED] - click(findTestObject("Object Repository/Page_Update Listings/div_Katalon Test")): Object: 'Object Repository/Page_Update Listings/div_Katalon Test' is clicked on

2021-08-23 15:17:29 - [MESSAGE][PASSED] - Object: 'Object Repository/Page_Update Listings/div_Katalon Test' is clicked on

2021-08-23 15:17:29 - [TEST_STEP][PASSED] - setText(findTestObject("Object Repository/Page_Update Listing/input_Apartment_rent"), "600"): Text '600' is set on object 'Object Repository/Page_Update Listing/input_Apartment_rent'

2021-08-23 15:17:31 - [MESSAGE][PASSED] - Text '600' is set on object 'Object Repository/Page_Update Listing/input_Apartment_rent'

2021-08-23 15:17:31 - [TEST_STEP][PASSED] - click(findTestObject("Object Repository/Page_Update Listing/button_Update Listing")): Object: 'Object Repository/Page_Update Listing/button_Update Listing' is clicked on

2021-08-23 15:17:31 - [MESSAGE][PASSED] - Object: 'Object Repository/Page_Update Listing/button_Update Listing' is clicked on

2021-08-23 15:17:31 - [TEST_STEP][PASSED] - click(findTestObject("Object Repository/Page_View Listing/h5_600")): Object: 'Object Repository/Page_View Listing/h5_600' is clicked on

2021-08-23 15:17:33 - [MESSAGE][PASSED] - Object: 'Object Repository/Page_View Listing/h5_600' is clicked on

2021-08-23 15:17:33 - [TEST_STEP][PASSED] - click(findTestObject("Object Repository/Page_View Listing/h5_600")): Object: 'Object Repository/Page_View Listing/h5_600' is clicked on

2021-08-23 15:17:34 - [MESSAGE][PASSED] - Object: 'Object Repository/Page_View Listing/h5_600' is clicked on

2021-08-23 15:17:34 - [TEST_STEP][PASSED] - click(findTestObject("Object Repository/Page_View Listing/h5_600")): Object: 'Object Repository/Page_View Listing/h5_600' is clicked on

2021-08-23 15:17:34 - [MESSAGE][PASSED] - Object: 'Object Repository/Page_View Listing/h5_600' is clicked on

2021-08-23 15:17:34 - [TEST_STEP][PASSED] - closeBrowser(): Browser is closed

2021-08-23 15:17:34 - [MESSAGE][PASSED] - Browser is closed]]></system-out>
         <system-err><![CDATA[]]></system-err>
      </testcase>
      <testcase name="Test Cases/Owner/View Announcements" time="10.049" classname="Test Cases/Owner/View Announcements" status="PASSED">
         <system-out><![CDATA[2021-08-23 15:17:34 - [TEST_CASE][PASSED] - Test Cases/Owner/View Announcements: Test Cases/Owner/View Announcements

2021-08-23 15:17:34 - [TEST_STEP][PASSED] - openBrowser(""): Browser is opened with url: ''

2021-08-23 15:17:34 - [MESSAGE][INFO] - Starting 'Chrome' driver

2021-08-23 15:17:34 - [MESSAGE][INFO] - Action delay is set to 0 milliseconds

2021-08-23 15:17:35 - [MESSAGE][PASSED] - Browser is opened with url: ''

2021-08-23 15:17:35 - [TEST_STEP][PASSED] - navigateToUrl("https://managing-made-easier.web.app/"): Navigate to 'https://managing-made-easier.web.app/' successfully

2021-08-23 15:17:37 - [MESSAGE][PASSED] - Navigate to 'https://managing-made-easier.web.app/' successfully

2021-08-23 15:17:37 - [TEST_STEP][PASSED] - click(findTestObject("Object Repository/Page_Home/a_Sign-In")): Object: 'Object Repository/Page_Home/a_Sign-In' is clicked on

2021-08-23 15:17:39 - [MESSAGE][PASSED] - Object: 'Object Repository/Page_Home/a_Sign-In' is clicked on

2021-08-23 15:17:39 - [TEST_STEP][PASSED] - setText(findTestObject("Object Repository/Page_Sign-In/input__txtEmail"), "owner@radford.edu"): Text 'owner@radford.edu' is set on object 'Object Repository/Page_Sign-In/input__txtEmail'

2021-08-23 15:17:40 - [MESSAGE][PASSED] - Text 'owner@radford.edu' is set on object 'Object Repository/Page_Sign-In/input__txtEmail'

2021-08-23 15:17:40 - [TEST_STEP][PASSED] - setEncryptedText(findTestObject("Object Repository/Page_Sign-In/input__txtPassword"), "8SQVv/p9jVScEs4/2CZsLw=="): Text ****** has been set on object 'Object Repository/Page_Sign-In/input__txtPassword'

2021-08-23 15:17:40 - [MESSAGE][PASSED] - Text ****** has been set on object 'Object Repository/Page_Sign-In/input__txtPassword'

2021-08-23 15:17:40 - [TEST_STEP][PASSED] - sendKeys(findTestObject("Object Repository/Page_Sign-In/input__txtPassword"), Keys.chord(ENTER)): Keys 'ENTER + ' sent to object: 'Object Repository/Page_Sign-In/input__txtPassword'

2021-08-23 15:17:40 - [MESSAGE][PASSED] - Keys 'ENTER + ' sent to object: 'Object Repository/Page_Sign-In/input__txtPassword'

2021-08-23 15:17:40 - [TEST_STEP][PASSED] - click(findTestObject("Object Repository/Page_Sign-In/div_Sign-in Successful You will be redirect_b31683")): Object: 'Object Repository/Page_Sign-In/div_Sign-in Successful You will be redirect_b31683' is clicked on

2021-08-23 15:17:42 - [MESSAGE][PASSED] - Object: 'Object Repository/Page_Sign-In/div_Sign-in Successful You will be redirect_b31683' is clicked on

2021-08-23 15:17:42 - [TEST_STEP][PASSED] - click(findTestObject("Object Repository/Page_Home/a_Portal")): Object: 'Object Repository/Page_Home/a_Portal' is clicked on

2021-08-23 15:17:42 - [MESSAGE][PASSED] - Object: 'Object Repository/Page_Home/a_Portal' is clicked on

2021-08-23 15:17:42 - [TEST_STEP][PASSED] - click(findTestObject("Object Repository/Page_Owner Portal/h4_View Announcements")): Object: 'Object Repository/Page_Owner Portal/h4_View Announcements' is clicked on

2021-08-23 15:17:43 - [MESSAGE][PASSED] - Object: 'Object Repository/Page_Owner Portal/h4_View Announcements' is clicked on

2021-08-23 15:17:43 - [TEST_STEP][PASSED] - click(findTestObject("Object Repository/Page_Announcements/button_3")): Object: 'Object Repository/Page_Announcements/button_3' is clicked on

2021-08-23 15:17:44 - [MESSAGE][PASSED] - Object: 'Object Repository/Page_Announcements/button_3' is clicked on

2021-08-23 15:17:44 - [TEST_STEP][PASSED] - click(findTestObject("Object Repository/Page_Announcements/button_Katalon Test")): Object: 'Object Repository/Page_Announcements/button_Katalon Test' is clicked on

2021-08-23 15:17:44 - [MESSAGE][PASSED] - Object: 'Object Repository/Page_Announcements/button_Katalon Test' is clicked on

2021-08-23 15:17:44 - [TEST_STEP][PASSED] - closeBrowser(): Browser is closed

2021-08-23 15:17:44 - [MESSAGE][PASSED] - Browser is closed]]></system-out>
         <system-err><![CDATA[]]></system-err>
      </testcase>
      <testcase name="Test Cases/Owner/View Fees" time="10.817" classname="Test Cases/Owner/View Fees" status="PASSED">
         <system-out><![CDATA[2021-08-23 15:17:44 - [TEST_CASE][PASSED] - Test Cases/Owner/View Fees: Test Cases/Owner/View Fees

2021-08-23 15:17:44 - [TEST_STEP][PASSED] - openBrowser(""): Browser is opened with url: ''

2021-08-23 15:17:44 - [MESSAGE][INFO] - Starting 'Chrome' driver

2021-08-23 15:17:44 - [MESSAGE][INFO] - Action delay is set to 0 milliseconds

2021-08-23 15:17:45 - [MESSAGE][PASSED] - Browser is opened with url: ''

2021-08-23 15:17:45 - [TEST_STEP][PASSED] - navigateToUrl("https://managing-made-easier.web.app/"): Navigate to 'https://managing-made-easier.web.app/' successfully

2021-08-23 15:17:47 - [MESSAGE][PASSED] - Navigate to 'https://managing-made-easier.web.app/' successfully

2021-08-23 15:17:47 - [TEST_STEP][PASSED] - click(findTestObject("Object Repository/Page_Home/a_Sign-In")): Object: 'Object Repository/Page_Home/a_Sign-In' is clicked on

2021-08-23 15:17:49 - [MESSAGE][PASSED] - Object: 'Object Repository/Page_Home/a_Sign-In' is clicked on

2021-08-23 15:17:49 - [TEST_STEP][PASSED] - setText(findTestObject("Object Repository/Page_Sign-In/input__txtEmail"), "owner@radford.edu"): Text 'owner@radford.edu' is set on object 'Object Repository/Page_Sign-In/input__txtEmail'

2021-08-23 15:17:50 - [MESSAGE][PASSED] - Text 'owner@radford.edu' is set on object 'Object Repository/Page_Sign-In/input__txtEmail'

2021-08-23 15:17:50 - [TEST_STEP][PASSED] - setEncryptedText(findTestObject("Object Repository/Page_Sign-In/input__txtPassword"), "8SQVv/p9jVScEs4/2CZsLw=="): Text ****** has been set on object 'Object Repository/Page_Sign-In/input__txtPassword'

2021-08-23 15:17:50 - [MESSAGE][PASSED] - Text ****** has been set on object 'Object Repository/Page_Sign-In/input__txtPassword'

2021-08-23 15:17:50 - [TEST_STEP][PASSED] - click(findTestObject("Object Repository/Page_Sign-In/button_Sign-In")): Object: 'Object Repository/Page_Sign-In/button_Sign-In' is clicked on

2021-08-23 15:17:50 - [MESSAGE][PASSED] - Object: 'Object Repository/Page_Sign-In/button_Sign-In' is clicked on

2021-08-23 15:17:50 - [TEST_STEP][PASSED] - click(findTestObject("Object Repository/Page_Home/a_Portal")): Object: 'Object Repository/Page_Home/a_Portal' is clicked on

2021-08-23 15:17:52 - [MESSAGE][PASSED] - Object: 'Object Repository/Page_Home/a_Portal' is clicked on

2021-08-23 15:17:52 - [TEST_STEP][PASSED] - click(findTestObject("Object Repository/Page_Owner Portal/h4_ViewDelete Fees")): Object: 'Object Repository/Page_Owner Portal/h4_ViewDelete Fees' is clicked on

2021-08-23 15:17:53 - [MESSAGE][PASSED] - Object: 'Object Repository/Page_Owner Portal/h4_ViewDelete Fees' is clicked on

2021-08-23 15:17:53 - [TEST_STEP][PASSED] - click(findTestObject("Object Repository/Page_ViewDelete Fees/h2_nstoryradford.edu")): Object: 'Object Repository/Page_ViewDelete Fees/h2_nstoryradford.edu' is clicked on

2021-08-23 15:17:54 - [MESSAGE][PASSED] - Object: 'Object Repository/Page_ViewDelete Fees/h2_nstoryradford.edu' is clicked on

2021-08-23 15:17:54 - [TEST_STEP][PASSED] - click(findTestObject("Object Repository/Page_ViewDelete Fees/div_nstoryradford.edu100  DamageDate Added _76da0f")): Object: 'Object Repository/Page_ViewDelete Fees/div_nstoryradford.edu100  DamageDate Added _76da0f' is clicked on

2021-08-23 15:17:54 - [MESSAGE][PASSED] - Object: 'Object Repository/Page_ViewDelete Fees/div_nstoryradford.edu100  DamageDate Added _76da0f' is clicked on

2021-08-23 15:17:54 - [TEST_STEP][PASSED] - click(findTestObject("Object Repository/Page_ViewDelete Fees/button_100  Damage")): Object: 'Object Repository/Page_ViewDelete Fees/button_100  Damage' is clicked on

2021-08-23 15:17:55 - [MESSAGE][PASSED] - Object: 'Object Repository/Page_ViewDelete Fees/button_100  Damage' is clicked on

2021-08-23 15:17:55 - [TEST_STEP][PASSED] - click(findTestObject("Object Repository/Page_ViewDelete Fees/div_Date Added Thu Mar 18 2021Date Paid Thu_83a304")): Object: 'Object Repository/Page_ViewDelete Fees/div_Date Added Thu Mar 18 2021Date Paid Thu_83a304' is clicked on

2021-08-23 15:17:55 - [MESSAGE][PASSED] - Object: 'Object Repository/Page_ViewDelete Fees/div_Date Added Thu Mar 18 2021Date Paid Thu_83a304' is clicked on

2021-08-23 15:17:55 - [TEST_STEP][PASSED] - closeBrowser(): Browser is closed

2021-08-23 15:17:55 - [MESSAGE][PASSED] - Browser is closed]]></system-out>
         <system-err><![CDATA[]]></system-err>
      </testcase>
      <testcase name="Test Cases/Owner/View Walkthrough Calendar" time="9.857" classname="Test Cases/Owner/View Walkthrough Calendar" status="PASSED">
         <system-out><![CDATA[2021-08-23 15:17:55 - [TEST_CASE][PASSED] - Test Cases/Owner/View Walkthrough Calendar: Test Cases/Owner/View Walkthrough Calendar

2021-08-23 15:17:55 - [TEST_STEP][PASSED] - openBrowser(""): Browser is opened with url: ''

2021-08-23 15:17:55 - [MESSAGE][INFO] - Starting 'Chrome' driver

2021-08-23 15:17:55 - [MESSAGE][INFO] - Action delay is set to 0 milliseconds

2021-08-23 15:17:56 - [MESSAGE][PASSED] - Browser is opened with url: ''

2021-08-23 15:17:56 - [TEST_STEP][PASSED] - navigateToUrl("https://managing-made-easier.web.app/"): Navigate to 'https://managing-made-easier.web.app/' successfully

2021-08-23 15:17:57 - [MESSAGE][PASSED] - Navigate to 'https://managing-made-easier.web.app/' successfully

2021-08-23 15:17:57 - [TEST_STEP][PASSED] - click(findTestObject("Object Repository/Page_Home/a_Sign-In")): Object: 'Object Repository/Page_Home/a_Sign-In' is clicked on

2021-08-23 15:17:58 - [MESSAGE][PASSED] - Object: 'Object Repository/Page_Home/a_Sign-In' is clicked on

2021-08-23 15:17:58 - [TEST_STEP][PASSED] - setText(findTestObject("Object Repository/Page_Sign-In/input__txtEmail"), "owner@radford.edu"): Text 'owner@radford.edu' is set on object 'Object Repository/Page_Sign-In/input__txtEmail'

2021-08-23 15:17:59 - [MESSAGE][PASSED] - Text 'owner@radford.edu' is set on object 'Object Repository/Page_Sign-In/input__txtEmail'

2021-08-23 15:17:59 - [TEST_STEP][PASSED] - setEncryptedText(findTestObject("Object Repository/Page_Sign-In/input__txtPassword"), "8SQVv/p9jVScEs4/2CZsLw=="): Text ****** has been set on object 'Object Repository/Page_Sign-In/input__txtPassword'

2021-08-23 15:18:00 - [MESSAGE][PASSED] - Text ****** has been set on object 'Object Repository/Page_Sign-In/input__txtPassword'

2021-08-23 15:18:00 - [TEST_STEP][PASSED] - click(findTestObject("Object Repository/Page_Sign-In/button_Sign-In")): Object: 'Object Repository/Page_Sign-In/button_Sign-In' is clicked on

2021-08-23 15:18:00 - [MESSAGE][PASSED] - Object: 'Object Repository/Page_Sign-In/button_Sign-In' is clicked on

2021-08-23 15:18:00 - [TEST_STEP][PASSED] - click(findTestObject("Object Repository/Page_Home/a_Portal")): Object: 'Object Repository/Page_Home/a_Portal' is clicked on

2021-08-23 15:18:01 - [MESSAGE][PASSED] - Object: 'Object Repository/Page_Home/a_Portal' is clicked on

2021-08-23 15:18:01 - [TEST_STEP][PASSED] - click(findTestObject("Object Repository/Page_Owner Portal/h4_View Walkthrough Calendar")): Object: 'Object Repository/Page_Owner Portal/h4_View Walkthrough Calendar' is clicked on

2021-08-23 15:18:04 - [MESSAGE][PASSED] - Object: 'Object Repository/Page_Owner Portal/h4_View Walkthrough Calendar' is clicked on

2021-08-23 15:18:04 - [TEST_STEP][PASSED] - click(findTestObject("Object Repository/Page_Calendar/h1_Calendar")): Object: 'Object Repository/Page_Calendar/h1_Calendar' is clicked on

2021-08-23 15:18:04 - [MESSAGE][PASSED] - Object: 'Object Repository/Page_Calendar/h1_Calendar' is clicked on

2021-08-23 15:18:04 - [TEST_STEP][PASSED] - click(findTestObject("Object Repository/Page_Calendar/td_")): Object: 'Object Repository/Page_Calendar/td_' is clicked on

2021-08-23 15:18:05 - [MESSAGE][PASSED] - Object: 'Object Repository/Page_Calendar/td_' is clicked on

2021-08-23 15:18:05 - [TEST_STEP][PASSED] - closeBrowser(): Browser is closed

2021-08-23 15:18:05 - [MESSAGE][PASSED] - Browser is closed]]></system-out>
         <system-err><![CDATA[]]></system-err>
      </testcase>
      <system-out><![CDATA[2021-08-23 15:16:39 - [TEST_SUITE][PASSED] - Owner2: Test Cases/Owner/View Walkthrough Calendar]]></system-out>
      <system-err><![CDATA[]]></system-err>
   </testsuite>
</testsuites>
